running develop
/usr/lib/python3/dist-packages/setuptools/command/easy_install.py:158: EasyInstallDeprecationWarning: easy_install command is deprecated. Use build and pip and other standards-based tools.
  warnings.warn(
running egg_info
creating game_controller.egg-info
writing game_controller.egg-info/PKG-INFO
writing dependency_links to game_controller.egg-info/dependency_links.txt
writing entry points to game_controller.egg-info/entry_points.txt
writing requirements to game_controller.egg-info/requires.txt
writing top-level names to game_controller.egg-info/top_level.txt
writing manifest file 'game_controller.egg-info/SOURCES.txt'
reading manifest file 'game_controller.egg-info/SOURCES.txt'
writing manifest file 'game_controller.egg-info/SOURCES.txt'
running build_ext
Creating /home/robo/RoboFEI-HT_2023_SOFTWARE/install/game_controller/lib/python3.10/site-packages/game-controller.egg-link (link to .)
Installing connect script to /home/robo/RoboFEI-HT_2023_SOFTWARE/install/game_controller/lib/game_controller

Installed /home/robo/RoboFEI-HT_2023_SOFTWARE/build/game_controller
running symlink_data
creating /home/robo/RoboFEI-HT_2023_SOFTWARE/install/game_controller/share/ament_index
creating /home/robo/RoboFEI-HT_2023_SOFTWARE/install/game_controller/share/ament_index/resource_index
creating /home/robo/RoboFEI-HT_2023_SOFTWARE/install/game_controller/share/ament_index/resource_index/packages
symbolically linking /home/robo/RoboFEI-HT_2023_SOFTWARE/build/game_controller/resource/game_controller -> /home/robo/RoboFEI-HT_2023_SOFTWARE/install/game_controller/share/ament_index/resource_index/packages
symbolically linking /home/robo/RoboFEI-HT_2023_SOFTWARE/build/game_controller/package.xml -> /home/robo/RoboFEI-HT_2023_SOFTWARE/install/game_controller/share/game_controller
