[0.020s] Invoking command in '/home/robo/RoboFEI-HT_2023_SOFTWARE/build/custom_interfaces': CMAKE_PREFIX_PATH=/opt/ros/humble /usr/bin/cmake --build /home/robo/RoboFEI-HT_2023_SOFTWARE/build/custom_interfaces -- -j8 -l8
[0.561s] [  0%] Built target custom_interfaces__cpp
[0.561s] [  0%] Built target ament_cmake_python_symlink_custom_interfaces
[0.561s] [ 12%] Built target custom_interfaces__rosidl_generator_c
[0.561s] [ 48%] Built target custom_interfaces__rosidl_typesupport_introspection_cpp
[0.561s] [ 48%] Built target custom_interfaces__rosidl_typesupport_cpp
[0.561s] [ 48%] Built target custom_interfaces__rosidl_typesupport_fastrtps_cpp
[0.561s] [ 60%] Built target custom_interfaces__rosidl_typesupport_c
[0.561s] [ 72%] Built target custom_interfaces__rosidl_typesupport_introspection_c
[0.561s] [ 84%] Built target custom_interfaces__rosidl_typesupport_fastrtps_c
[0.562s] [ 84%] Built target custom_interfaces
[0.562s] [ 85%] Built target custom_interfaces__py
[0.562s] [ 96%] Built target custom_interfaces__rosidl_generator_py
[0.562s] [ 98%] Built target custom_interfaces__rosidl_typesupport_introspection_c__pyext
[0.562s] [ 99%] Built target custom_interfaces__rosidl_typesupport_c__pyext
[0.562s] [100%] Built target custom_interfaces__rosidl_typesupport_fastrtps_c__pyext
[0.562s] running egg_info
[0.562s] writing custom_interfaces.egg-info/PKG-INFO
[0.562s] writing dependency_links to custom_interfaces.egg-info/dependency_links.txt
[0.562s] writing top-level names to custom_interfaces.egg-info/top_level.txt
[0.562s] reading manifest file 'custom_interfaces.egg-info/SOURCES.txt'
[0.562s] writing manifest file 'custom_interfaces.egg-info/SOURCES.txt'
[0.562s] [100%] Built target ament_cmake_python_build_custom_interfaces_egg
[0.726s] Invoked command in '/home/robo/RoboFEI-HT_2023_SOFTWARE/build/custom_interfaces' returned '0': CMAKE_PREFIX_PATH=/opt/ros/humble /usr/bin/cmake --build /home/robo/RoboFEI-HT_2023_SOFTWARE/build/custom_interfaces -- -j8 -l8
[0.909s] Invoking command in '/home/robo/RoboFEI-HT_2023_SOFTWARE/build/custom_interfaces': CMAKE_PREFIX_PATH=/opt/ros/humble /usr/bin/cmake --install /home/robo/RoboFEI-HT_2023_SOFTWARE/build/custom_interfaces
[0.915s] -- Install configuration: ""
[0.915s] -- Up-to-date: /home/robo/RoboFEI-HT_2023_SOFTWARE/install/custom_interfaces/lib/libcustom_interfaces__rosidl_generator_c.so
[0.915s] -- Up-to-date: /home/robo/RoboFEI-HT_2023_SOFTWARE/install/custom_interfaces/lib/libcustom_interfaces__rosidl_typesupport_fastrtps_c.so
[0.915s] -- Up-to-date: /home/robo/RoboFEI-HT_2023_SOFTWARE/install/custom_interfaces/lib/libcustom_interfaces__rosidl_typesupport_fastrtps_cpp.so
[0.915s] -- Up-to-date: /home/robo/RoboFEI-HT_2023_SOFTWARE/install/custom_interfaces/lib/libcustom_interfaces__rosidl_typesupport_introspection_c.so
[0.916s] -- Up-to-date: /home/robo/RoboFEI-HT_2023_SOFTWARE/install/custom_interfaces/lib/libcustom_interfaces__rosidl_typesupport_c.so
[0.916s] -- Up-to-date: /home/robo/RoboFEI-HT_2023_SOFTWARE/install/custom_interfaces/lib/libcustom_interfaces__rosidl_typesupport_introspection_cpp.so
[0.916s] -- Up-to-date: /home/robo/RoboFEI-HT_2023_SOFTWARE/install/custom_interfaces/lib/libcustom_interfaces__rosidl_typesupport_cpp.so
[0.939s] Listing '/home/robo/RoboFEI-HT_2023_SOFTWARE/install/custom_interfaces/local/lib/python3.10/dist-packages/custom_interfaces'...
[0.939s] Listing '/home/robo/RoboFEI-HT_2023_SOFTWARE/install/custom_interfaces/local/lib/python3.10/dist-packages/custom_interfaces/action'...
[0.939s] Listing '/home/robo/RoboFEI-HT_2023_SOFTWARE/install/custom_interfaces/local/lib/python3.10/dist-packages/custom_interfaces/msg'...
[0.940s] Listing '/home/robo/RoboFEI-HT_2023_SOFTWARE/install/custom_interfaces/local/lib/python3.10/dist-packages/custom_interfaces/srv'...
[0.943s] -- Up-to-date: /home/robo/RoboFEI-HT_2023_SOFTWARE/install/custom_interfaces/lib/libcustom_interfaces__rosidl_generator_py.so
[0.943s] -- Up-to-date: /home/robo/RoboFEI-HT_2023_SOFTWARE/install/custom_interfaces/share/custom_interfaces/cmake/export_custom_interfaces__rosidl_generator_cExport.cmake
[0.943s] -- Up-to-date: /home/robo/RoboFEI-HT_2023_SOFTWARE/install/custom_interfaces/share/custom_interfaces/cmake/export_custom_interfaces__rosidl_generator_cExport-noconfig.cmake
[0.943s] -- Up-to-date: /home/robo/RoboFEI-HT_2023_SOFTWARE/install/custom_interfaces/share/custom_interfaces/cmake/export_custom_interfaces__rosidl_typesupport_fastrtps_cExport.cmake
[0.943s] -- Up-to-date: /home/robo/RoboFEI-HT_2023_SOFTWARE/install/custom_interfaces/share/custom_interfaces/cmake/export_custom_interfaces__rosidl_typesupport_fastrtps_cExport-noconfig.cmake
[0.944s] -- Up-to-date: /home/robo/RoboFEI-HT_2023_SOFTWARE/install/custom_interfaces/share/custom_interfaces/cmake/export_custom_interfaces__rosidl_generator_cppExport.cmake
[0.944s] -- Up-to-date: /home/robo/RoboFEI-HT_2023_SOFTWARE/install/custom_interfaces/share/custom_interfaces/cmake/export_custom_interfaces__rosidl_typesupport_fastrtps_cppExport.cmake
[0.944s] -- Up-to-date: /home/robo/RoboFEI-HT_2023_SOFTWARE/install/custom_interfaces/share/custom_interfaces/cmake/export_custom_interfaces__rosidl_typesupport_fastrtps_cppExport-noconfig.cmake
[0.944s] -- Up-to-date: /home/robo/RoboFEI-HT_2023_SOFTWARE/install/custom_interfaces/share/custom_interfaces/cmake/custom_interfaces__rosidl_typesupport_introspection_cExport.cmake
[0.944s] -- Up-to-date: /home/robo/RoboFEI-HT_2023_SOFTWARE/install/custom_interfaces/share/custom_interfaces/cmake/custom_interfaces__rosidl_typesupport_introspection_cExport-noconfig.cmake
[0.944s] -- Up-to-date: /home/robo/RoboFEI-HT_2023_SOFTWARE/install/custom_interfaces/share/custom_interfaces/cmake/custom_interfaces__rosidl_typesupport_cExport.cmake
[0.944s] -- Up-to-date: /home/robo/RoboFEI-HT_2023_SOFTWARE/install/custom_interfaces/share/custom_interfaces/cmake/custom_interfaces__rosidl_typesupport_cExport-noconfig.cmake
[0.944s] -- Up-to-date: /home/robo/RoboFEI-HT_2023_SOFTWARE/install/custom_interfaces/share/custom_interfaces/cmake/custom_interfaces__rosidl_typesupport_introspection_cppExport.cmake
[0.944s] -- Up-to-date: /home/robo/RoboFEI-HT_2023_SOFTWARE/install/custom_interfaces/share/custom_interfaces/cmake/custom_interfaces__rosidl_typesupport_introspection_cppExport-noconfig.cmake
[0.944s] -- Up-to-date: /home/robo/RoboFEI-HT_2023_SOFTWARE/install/custom_interfaces/share/custom_interfaces/cmake/custom_interfaces__rosidl_typesupport_cppExport.cmake
[0.944s] -- Up-to-date: /home/robo/RoboFEI-HT_2023_SOFTWARE/install/custom_interfaces/share/custom_interfaces/cmake/custom_interfaces__rosidl_typesupport_cppExport-noconfig.cmake
[0.944s] -- Up-to-date: /home/robo/RoboFEI-HT_2023_SOFTWARE/install/custom_interfaces/share/custom_interfaces/cmake/export_custom_interfaces__rosidl_generator_pyExport.cmake
[0.944s] -- Up-to-date: /home/robo/RoboFEI-HT_2023_SOFTWARE/install/custom_interfaces/share/custom_interfaces/cmake/export_custom_interfaces__rosidl_generator_pyExport-noconfig.cmake
[0.946s] Invoked command in '/home/robo/RoboFEI-HT_2023_SOFTWARE/build/custom_interfaces' returned '0': CMAKE_PREFIX_PATH=/opt/ros/humble /usr/bin/cmake --install /home/robo/RoboFEI-HT_2023_SOFTWARE/build/custom_interfaces
