[1.233s] Invoking command in '/home/robo/RoboFEI-HT_2023_SOFTWARE/build/localization_pkg': BYOBU_DATE=%Y-%m-%d PYTHONPATH=/home/robo/RoboFEI-HT_2023_SOFTWARE/build/localization_pkg/prefix_override:/usr/lib/python3/dist-packages/colcon_core/task/python/colcon_distutils_commands:/home/robo/RoboFEI-HT_2023_SOFTWARE/install/localization_pkg/lib/python3.10/site-packages:${PYTHONPATH} /usr/bin/python3 -W ignore:setup.py install is deprecated setup.py develop --editable --build-directory /home/robo/RoboFEI-HT_2023_SOFTWARE/build/localization_pkg/build --no-deps symlink_data
[1.455s] /usr/lib/python3/dist-packages/setuptools/dist.py:723: UserWarning: Usage of dash-separated 'script-dir' will not be supported in future versions. Please use the underscore name 'script_dir' instead
[1.455s]   warnings.warn(
[1.483s] running develop
[1.483s] /usr/lib/python3/dist-packages/setuptools/command/easy_install.py:158: EasyInstallDeprecationWarning: easy_install command is deprecated. Use build and pip and other standards-based tools.
[1.483s]   warnings.warn(
[1.655s] running egg_info
[1.655s] writing localization_pkg.egg-info/PKG-INFO
[1.655s] writing dependency_links to localization_pkg.egg-info/dependency_links.txt
[1.655s] writing entry points to localization_pkg.egg-info/entry_points.txt
[1.655s] writing requirements to localization_pkg.egg-info/requires.txt
[1.655s] writing top-level names to localization_pkg.egg-info/top_level.txt
[1.657s] reading manifest file 'localization_pkg.egg-info/SOURCES.txt'
[1.658s] writing manifest file 'localization_pkg.egg-info/SOURCES.txt'
[1.659s] running build_ext
[1.659s] Creating /home/robo/RoboFEI-HT_2023_SOFTWARE/install/localization_pkg/lib/python3.10/site-packages/localization-pkg.egg-link (link to .)
[1.659s] Installing localization_node script to /home/robo/RoboFEI-HT_2023_SOFTWARE/install/localization_pkg/lib/localization_pkg
[1.660s] 
[1.660s] Installed /home/robo/RoboFEI-HT_2023_SOFTWARE/build/localization_pkg
[1.661s] running symlink_data
[1.756s] Invoked command in '/home/robo/RoboFEI-HT_2023_SOFTWARE/build/localization_pkg' returned '0': BYOBU_DATE=%Y-%m-%d PYTHONPATH=/home/robo/RoboFEI-HT_2023_SOFTWARE/build/localization_pkg/prefix_override:/usr/lib/python3/dist-packages/colcon_core/task/python/colcon_distutils_commands:/home/robo/RoboFEI-HT_2023_SOFTWARE/install/localization_pkg/lib/python3.10/site-packages:${PYTHONPATH} /usr/bin/python3 -W ignore:setup.py install is deprecated setup.py develop --editable --build-directory /home/robo/RoboFEI-HT_2023_SOFTWARE/build/localization_pkg/build --no-deps symlink_data
