[0.031s] Invoking command in '/home/robo/RoboFEI-HT_2023_SOFTWARE/build/motors_pkg': AMENT_PREFIX_PATH=/home/robo/RoboFEI-HT_2023_SOFTWARE/install/custom_interfaces:${AMENT_PREFIX_PATH} CMAKE_PREFIX_PATH=/home/robo/RoboFEI-HT_2023_SOFTWARE/install/custom_interfaces:/opt/ros/humble LD_LIBRARY_PATH=/home/robo/RoboFEI-HT_2023_SOFTWARE/install/custom_interfaces/lib:${LD_LIBRARY_PATH} PYTHONPATH=/home/robo/RoboFEI-HT_2023_SOFTWARE/install/custom_interfaces/local/lib/python3.10/dist-packages:${PYTHONPATH} /usr/bin/cmake --build /home/robo/RoboFEI-HT_2023_SOFTWARE/build/motors_pkg -- -j8 -l8
[0.105s] [ 50%] [32mBuilding CXX object CMakeFiles/motors_communication.dir/src/motors_communication.cpp.o[0m
[6.127s] [100%] [32m[1mLinking CXX executable motors_communication[0m
[6.447s] [100%] Built target motors_communication
[6.456s] Invoked command in '/home/robo/RoboFEI-HT_2023_SOFTWARE/build/motors_pkg' returned '0': AMENT_PREFIX_PATH=/home/robo/RoboFEI-HT_2023_SOFTWARE/install/custom_interfaces:${AMENT_PREFIX_PATH} CMAKE_PREFIX_PATH=/home/robo/RoboFEI-HT_2023_SOFTWARE/install/custom_interfaces:/opt/ros/humble LD_LIBRARY_PATH=/home/robo/RoboFEI-HT_2023_SOFTWARE/install/custom_interfaces/lib:${LD_LIBRARY_PATH} PYTHONPATH=/home/robo/RoboFEI-HT_2023_SOFTWARE/install/custom_interfaces/local/lib/python3.10/dist-packages:${PYTHONPATH} /usr/bin/cmake --build /home/robo/RoboFEI-HT_2023_SOFTWARE/build/motors_pkg -- -j8 -l8
[6.473s] Invoking command in '/home/robo/RoboFEI-HT_2023_SOFTWARE/build/motors_pkg': AMENT_PREFIX_PATH=/home/robo/RoboFEI-HT_2023_SOFTWARE/install/custom_interfaces:${AMENT_PREFIX_PATH} CMAKE_PREFIX_PATH=/home/robo/RoboFEI-HT_2023_SOFTWARE/install/custom_interfaces:/opt/ros/humble LD_LIBRARY_PATH=/home/robo/RoboFEI-HT_2023_SOFTWARE/install/custom_interfaces/lib:${LD_LIBRARY_PATH} PYTHONPATH=/home/robo/RoboFEI-HT_2023_SOFTWARE/install/custom_interfaces/local/lib/python3.10/dist-packages:${PYTHONPATH} /usr/bin/cmake --install /home/robo/RoboFEI-HT_2023_SOFTWARE/build/motors_pkg
[6.478s] -- Install configuration: ""
[6.478s] -- Execute custom install script
[6.479s] -- Up-to-date symlink: /home/robo/RoboFEI-HT_2023_SOFTWARE/install/motors_pkg/lib/motors_pkg/motors_communication
[6.479s] -- Up-to-date symlink: /home/robo/RoboFEI-HT_2023_SOFTWARE/install/motors_pkg/share/ament_index/resource_index/package_run_dependencies/motors_pkg
[6.479s] -- Up-to-date symlink: /home/robo/RoboFEI-HT_2023_SOFTWARE/install/motors_pkg/share/ament_index/resource_index/parent_prefix_path/motors_pkg
[6.479s] -- Up-to-date symlink: /home/robo/RoboFEI-HT_2023_SOFTWARE/install/motors_pkg/share/motors_pkg/environment/ament_prefix_path.sh
[6.479s] -- Up-to-date symlink: /home/robo/RoboFEI-HT_2023_SOFTWARE/install/motors_pkg/share/motors_pkg/environment/ament_prefix_path.dsv
[6.479s] -- Up-to-date symlink: /home/robo/RoboFEI-HT_2023_SOFTWARE/install/motors_pkg/share/motors_pkg/environment/path.sh
[6.479s] -- Up-to-date symlink: /home/robo/RoboFEI-HT_2023_SOFTWARE/install/motors_pkg/share/motors_pkg/environment/path.dsv
[6.480s] -- Up-to-date symlink: /home/robo/RoboFEI-HT_2023_SOFTWARE/install/motors_pkg/share/motors_pkg/local_setup.bash
[6.480s] -- Up-to-date symlink: /home/robo/RoboFEI-HT_2023_SOFTWARE/install/motors_pkg/share/motors_pkg/local_setup.sh
[6.480s] -- Up-to-date symlink: /home/robo/RoboFEI-HT_2023_SOFTWARE/install/motors_pkg/share/motors_pkg/local_setup.zsh
[6.480s] -- Up-to-date symlink: /home/robo/RoboFEI-HT_2023_SOFTWARE/install/motors_pkg/share/motors_pkg/local_setup.dsv
[6.480s] -- Symlinking: /home/robo/RoboFEI-HT_2023_SOFTWARE/install/motors_pkg/share/motors_pkg/package.dsv
[6.486s] -- Up-to-date symlink: /home/robo/RoboFEI-HT_2023_SOFTWARE/install/motors_pkg/share/ament_index/resource_index/packages/motors_pkg
[6.486s] -- Up-to-date symlink: /home/robo/RoboFEI-HT_2023_SOFTWARE/install/motors_pkg/share/motors_pkg/cmake/motors_pkgConfig.cmake
[6.486s] -- Up-to-date symlink: /home/robo/RoboFEI-HT_2023_SOFTWARE/install/motors_pkg/share/motors_pkg/cmake/motors_pkgConfig-version.cmake
[6.487s] -- Up-to-date symlink: /home/robo/RoboFEI-HT_2023_SOFTWARE/install/motors_pkg/share/motors_pkg/package.xml
[6.488s] Invoked command in '/home/robo/RoboFEI-HT_2023_SOFTWARE/build/motors_pkg' returned '0': AMENT_PREFIX_PATH=/home/robo/RoboFEI-HT_2023_SOFTWARE/install/custom_interfaces:${AMENT_PREFIX_PATH} CMAKE_PREFIX_PATH=/home/robo/RoboFEI-HT_2023_SOFTWARE/install/custom_interfaces:/opt/ros/humble LD_LIBRARY_PATH=/home/robo/RoboFEI-HT_2023_SOFTWARE/install/custom_interfaces/lib:${LD_LIBRARY_PATH} PYTHONPATH=/home/robo/RoboFEI-HT_2023_SOFTWARE/install/custom_interfaces/local/lib/python3.10/dist-packages:${PYTHONPATH} /usr/bin/cmake --install /home/robo/RoboFEI-HT_2023_SOFTWARE/build/motors_pkg
