[ 16%] [34m[1mAutomatic MOC and UIC for target robot_gui[0m
[ 16%] Built target robot_gui_autogen
[ 33%] [32mBuilding CXX object CMakeFiles/robot_gui.dir/src/main.cpp.o[0m
[ 50%] [32mBuilding CXX object CMakeFiles/robot_gui.dir/robot_gui_autogen/mocs_compilation.cpp.o[0m
[ 66%] [32mBuilding CXX object CMakeFiles/robot_gui.dir/src/main_window.cpp.o[0m
[01m[K/home/robo/RoboFEI-HT_2023_SOFTWARE/src/gui/src/main_window.cpp:[m[K In member function ‘[01m[Kvoid MainWindow::on_nextStep_button_clicked()[m[K’:
[01m[K/home/robo/RoboFEI-HT_2023_SOFTWARE/src/gui/src/main_window.cpp:317:16:[m[K [01;35m[Kwarning: [m[Kcomparison of integer expressions of different signedness: ‘[01m[Kint[m[K’ and ‘[01m[Kstd::vector<std::vector<std::vector<int, std::allocator<int> > > >::size_type[m[K’ {aka ‘[01m[Klong unsigned int[m[K’} [[01;35m[K]8;;https://gcc.gnu.org/onlinedocs/gcc/Warning-Options.html#index-Wsign-compare-Wsign-compare]8;;[m[K]
  317 |   if([01;35m[KatualStep < atualMovesList.size()[m[K)
      |      [01;35m[K~~~~~~~~~~^~~~~~~~~~~~~~~~~~~~~~~[m[K
[01m[K/home/robo/RoboFEI-HT_2023_SOFTWARE/src/gui/src/main_window.cpp:[m[K In member function ‘[01m[Kvoid MainWindow::sendJointVel(std::vector<int, std::allocator<int> >)[m[K’:
[01m[K/home/robo/RoboFEI-HT_2023_SOFTWARE/src/gui/src/main_window.cpp:337:62:[m[K [01;35m[Kwarning: [m[Kcomparison of integer expressions of different signedness: ‘[01m[Kstd::__iterator_traits<__gnu_cxx::__normal_iterator<int*, std::vector<int, std::allocator<int> > >, void>::difference_type[m[K’ {aka ‘[01m[Klong int[m[K’} and ‘[01m[Kstd::vector<int, std::allocator<int> >::size_type[m[K’ {aka ‘[01m[Klong unsigned int[m[K’} [[01;35m[K]8;;https://gcc.gnu.org/onlinedocs/gcc/Warning-Options.html#index-Wsign-compare-Wsign-compare]8;;[m[K]
  337 |   if([01;35m[Kcount(jointsVel.begin(), jointsVel.end(), jointsVel[0]) == jointsVel.size()[m[K)
      |      [01;35m[K~~~~~~~~~~~~~~~~~~~~~~~~~~~~~~~~~~~~~~~~~~~~~~~~~~~~~~~~^~~~~~~~~~~~~~~~~~~[m[K
[ 83%] [32m[1mLinking CXX executable robot_gui[0m
[100%] Built target robot_gui
-- Install configuration: ""
-- Execute custom install script
-- Up-to-date symlink: /home/robo/RoboFEI-HT_2023_SOFTWARE/install/gui/lib/gui/robot_gui
-- Up-to-date symlink: /home/robo/RoboFEI-HT_2023_SOFTWARE/install/gui/share/ament_index/resource_index/package_run_dependencies/gui
-- Up-to-date symlink: /home/robo/RoboFEI-HT_2023_SOFTWARE/install/gui/share/ament_index/resource_index/parent_prefix_path/gui
-- Up-to-date symlink: /home/robo/RoboFEI-HT_2023_SOFTWARE/install/gui/share/gui/environment/ament_prefix_path.sh
-- Up-to-date symlink: /home/robo/RoboFEI-HT_2023_SOFTWARE/install/gui/share/gui/environment/ament_prefix_path.dsv
-- Up-to-date symlink: /home/robo/RoboFEI-HT_2023_SOFTWARE/install/gui/share/gui/environment/path.sh
-- Up-to-date symlink: /home/robo/RoboFEI-HT_2023_SOFTWARE/install/gui/share/gui/environment/path.dsv
-- Up-to-date symlink: /home/robo/RoboFEI-HT_2023_SOFTWARE/install/gui/share/gui/local_setup.bash
-- Up-to-date symlink: /home/robo/RoboFEI-HT_2023_SOFTWARE/install/gui/share/gui/local_setup.sh
-- Up-to-date symlink: /home/robo/RoboFEI-HT_2023_SOFTWARE/install/gui/share/gui/local_setup.zsh
-- Up-to-date symlink: /home/robo/RoboFEI-HT_2023_SOFTWARE/install/gui/share/gui/local_setup.dsv
-- Symlinking: /home/robo/RoboFEI-HT_2023_SOFTWARE/install/gui/share/gui/package.dsv
-- Up-to-date symlink: /home/robo/RoboFEI-HT_2023_SOFTWARE/install/gui/share/ament_index/resource_index/packages/gui
-- Up-to-date symlink: /home/robo/RoboFEI-HT_2023_SOFTWARE/install/gui/share/gui/cmake/guiConfig.cmake
-- Up-to-date symlink: /home/robo/RoboFEI-HT_2023_SOFTWARE/install/gui/share/gui/cmake/guiConfig-version.cmake
-- Up-to-date symlink: /home/robo/RoboFEI-HT_2023_SOFTWARE/install/gui/share/gui/package.xml
