[0.008s] Invoking command in '/home/robo/RoboFEI-HT_2023_SOFTWARE/build/robot_bringup': AMENT_PREFIX_PATH=/home/robo/RoboFEI-HT_2023_SOFTWARE/install/control:/home/robo/RoboFEI-HT_2023_SOFTWARE/install/serial:/home/robo/RoboFEI-HT_2023_SOFTWARE/install/custom_interfaces:${AMENT_PREFIX_PATH} CMAKE_PREFIX_PATH=/home/robo/RoboFEI-HT_2023_SOFTWARE/install/control:/home/robo/RoboFEI-HT_2023_SOFTWARE/install/serial:/home/robo/RoboFEI-HT_2023_SOFTWARE/install/custom_interfaces:/opt/ros/humble LD_LIBRARY_PATH=/home/robo/RoboFEI-HT_2023_SOFTWARE/install/control/lib:/home/robo/RoboFEI-HT_2023_SOFTWARE/install/serial/lib:/home/robo/RoboFEI-HT_2023_SOFTWARE/install/custom_interfaces/lib:${LD_LIBRARY_PATH} PYTHONPATH=/home/robo/RoboFEI-HT_2023_SOFTWARE/install/custom_interfaces/local/lib/python3.10/dist-packages:${PYTHONPATH} /usr/bin/cmake --build /home/robo/RoboFEI-HT_2023_SOFTWARE/build/robot_bringup -- -j8 -l8
[0.039s] Invoked command in '/home/robo/RoboFEI-HT_2023_SOFTWARE/build/robot_bringup' returned '0': AMENT_PREFIX_PATH=/home/robo/RoboFEI-HT_2023_SOFTWARE/install/control:/home/robo/RoboFEI-HT_2023_SOFTWARE/install/serial:/home/robo/RoboFEI-HT_2023_SOFTWARE/install/custom_interfaces:${AMENT_PREFIX_PATH} CMAKE_PREFIX_PATH=/home/robo/RoboFEI-HT_2023_SOFTWARE/install/control:/home/robo/RoboFEI-HT_2023_SOFTWARE/install/serial:/home/robo/RoboFEI-HT_2023_SOFTWARE/install/custom_interfaces:/opt/ros/humble LD_LIBRARY_PATH=/home/robo/RoboFEI-HT_2023_SOFTWARE/install/control/lib:/home/robo/RoboFEI-HT_2023_SOFTWARE/install/serial/lib:/home/robo/RoboFEI-HT_2023_SOFTWARE/install/custom_interfaces/lib:${LD_LIBRARY_PATH} PYTHONPATH=/home/robo/RoboFEI-HT_2023_SOFTWARE/install/custom_interfaces/local/lib/python3.10/dist-packages:${PYTHONPATH} /usr/bin/cmake --build /home/robo/RoboFEI-HT_2023_SOFTWARE/build/robot_bringup -- -j8 -l8
[0.054s] Invoking command in '/home/robo/RoboFEI-HT_2023_SOFTWARE/build/robot_bringup': AMENT_PREFIX_PATH=/home/robo/RoboFEI-HT_2023_SOFTWARE/install/control:/home/robo/RoboFEI-HT_2023_SOFTWARE/install/serial:/home/robo/RoboFEI-HT_2023_SOFTWARE/install/custom_interfaces:${AMENT_PREFIX_PATH} CMAKE_PREFIX_PATH=/home/robo/RoboFEI-HT_2023_SOFTWARE/install/control:/home/robo/RoboFEI-HT_2023_SOFTWARE/install/serial:/home/robo/RoboFEI-HT_2023_SOFTWARE/install/custom_interfaces:/opt/ros/humble LD_LIBRARY_PATH=/home/robo/RoboFEI-HT_2023_SOFTWARE/install/control/lib:/home/robo/RoboFEI-HT_2023_SOFTWARE/install/serial/lib:/home/robo/RoboFEI-HT_2023_SOFTWARE/install/custom_interfaces/lib:${LD_LIBRARY_PATH} PYTHONPATH=/home/robo/RoboFEI-HT_2023_SOFTWARE/install/custom_interfaces/local/lib/python3.10/dist-packages:${PYTHONPATH} /usr/bin/cmake --install /home/robo/RoboFEI-HT_2023_SOFTWARE/build/robot_bringup
[0.060s] -- Install configuration: ""
[0.060s] -- Execute custom install script
[0.061s] -- Up-to-date symlink: /home/robo/RoboFEI-HT_2023_SOFTWARE/install/robot_bringup/share/robot_bringup/launch/control_bringup.launch.py
[0.061s] -- Up-to-date symlink: /home/robo/RoboFEI-HT_2023_SOFTWARE/install/robot_bringup/share/robot_bringup/launch/decision_bringup.launch.py
[0.061s] -- Up-to-date symlink: /home/robo/RoboFEI-HT_2023_SOFTWARE/install/robot_bringup/share/robot_bringup/launch/gamecontroller_bringup.launch.py
[0.062s] -- Up-to-date symlink: /home/robo/RoboFEI-HT_2023_SOFTWARE/install/robot_bringup/share/robot_bringup/launch/gui_bringup.launch.py
[0.062s] -- Up-to-date symlink: /home/robo/RoboFEI-HT_2023_SOFTWARE/install/robot_bringup/share/robot_bringup/launch/motors_bringup.launch.py
[0.062s] -- Up-to-date symlink: /home/robo/RoboFEI-HT_2023_SOFTWARE/install/robot_bringup/share/robot_bringup/launch/robot_bringup.launch.py
[0.062s] -- Up-to-date symlink: /home/robo/RoboFEI-HT_2023_SOFTWARE/install/robot_bringup/share/robot_bringup/launch/vision_bringup.launch.py
[0.063s] -- Up-to-date symlink: /home/robo/RoboFEI-HT_2023_SOFTWARE/install/robot_bringup/share/robot_bringup/config/robot_config1.yaml
[0.063s] -- Up-to-date symlink: /home/robo/RoboFEI-HT_2023_SOFTWARE/install/robot_bringup/share/robot_bringup/config/robot_config2.yaml
[0.063s] -- Up-to-date symlink: /home/robo/RoboFEI-HT_2023_SOFTWARE/install/robot_bringup/share/robot_bringup/config/robot_config3.yaml
[0.063s] -- Up-to-date symlink: /home/robo/RoboFEI-HT_2023_SOFTWARE/install/robot_bringup/share/robot_bringup/config/robot_config4.yaml
[0.063s] -- Up-to-date symlink: /home/robo/RoboFEI-HT_2023_SOFTWARE/install/robot_bringup/share/ament_index/resource_index/package_run_dependencies/robot_bringup
[0.063s] -- Up-to-date symlink: /home/robo/RoboFEI-HT_2023_SOFTWARE/install/robot_bringup/share/ament_index/resource_index/parent_prefix_path/robot_bringup
[0.064s] -- Up-to-date symlink: /home/robo/RoboFEI-HT_2023_SOFTWARE/install/robot_bringup/share/robot_bringup/environment/ament_prefix_path.sh
[0.064s] -- Up-to-date symlink: /home/robo/RoboFEI-HT_2023_SOFTWARE/install/robot_bringup/share/robot_bringup/environment/ament_prefix_path.dsv
[0.064s] -- Up-to-date symlink: /home/robo/RoboFEI-HT_2023_SOFTWARE/install/robot_bringup/share/robot_bringup/environment/path.sh
[0.064s] -- Up-to-date symlink: /home/robo/RoboFEI-HT_2023_SOFTWARE/install/robot_bringup/share/robot_bringup/environment/path.dsv
[0.064s] -- Up-to-date symlink: /home/robo/RoboFEI-HT_2023_SOFTWARE/install/robot_bringup/share/robot_bringup/local_setup.bash
[0.064s] -- Up-to-date symlink: /home/robo/RoboFEI-HT_2023_SOFTWARE/install/robot_bringup/share/robot_bringup/local_setup.sh
[0.064s] -- Up-to-date symlink: /home/robo/RoboFEI-HT_2023_SOFTWARE/install/robot_bringup/share/robot_bringup/local_setup.zsh
[0.064s] -- Up-to-date symlink: /home/robo/RoboFEI-HT_2023_SOFTWARE/install/robot_bringup/share/robot_bringup/local_setup.dsv
[0.064s] -- Symlinking: /home/robo/RoboFEI-HT_2023_SOFTWARE/install/robot_bringup/share/robot_bringup/package.dsv
[0.071s] -- Up-to-date symlink: /home/robo/RoboFEI-HT_2023_SOFTWARE/install/robot_bringup/share/ament_index/resource_index/packages/robot_bringup
[0.071s] -- Up-to-date symlink: /home/robo/RoboFEI-HT_2023_SOFTWARE/install/robot_bringup/share/robot_bringup/cmake/robot_bringupConfig.cmake
[0.071s] -- Up-to-date symlink: /home/robo/RoboFEI-HT_2023_SOFTWARE/install/robot_bringup/share/robot_bringup/cmake/robot_bringupConfig-version.cmake
[0.071s] -- Up-to-date symlink: /home/robo/RoboFEI-HT_2023_SOFTWARE/install/robot_bringup/share/robot_bringup/package.xml
[0.073s] Invoked command in '/home/robo/RoboFEI-HT_2023_SOFTWARE/build/robot_bringup' returned '0': AMENT_PREFIX_PATH=/home/robo/RoboFEI-HT_2023_SOFTWARE/install/control:/home/robo/RoboFEI-HT_2023_SOFTWARE/install/serial:/home/robo/RoboFEI-HT_2023_SOFTWARE/install/custom_interfaces:${AMENT_PREFIX_PATH} CMAKE_PREFIX_PATH=/home/robo/RoboFEI-HT_2023_SOFTWARE/install/control:/home/robo/RoboFEI-HT_2023_SOFTWARE/install/serial:/home/robo/RoboFEI-HT_2023_SOFTWARE/install/custom_interfaces:/opt/ros/humble LD_LIBRARY_PATH=/home/robo/RoboFEI-HT_2023_SOFTWARE/install/control/lib:/home/robo/RoboFEI-HT_2023_SOFTWARE/install/serial/lib:/home/robo/RoboFEI-HT_2023_SOFTWARE/install/custom_interfaces/lib:${LD_LIBRARY_PATH} PYTHONPATH=/home/robo/RoboFEI-HT_2023_SOFTWARE/install/custom_interfaces/local/lib/python3.10/dist-packages:${PYTHONPATH} /usr/bin/cmake --install /home/robo/RoboFEI-HT_2023_SOFTWARE/build/robot_bringup
