[0.363s] Invoking command in '/home/robo/RoboFEI-HT_2023_SOFTWARE/build/gui': AMENT_PREFIX_PATH=/home/robo/RoboFEI-HT_2023_SOFTWARE/install/custom_interfaces:${AMENT_PREFIX_PATH} BYOBU_DATE=%Y-%m-%d CMAKE_PREFIX_PATH=/home/robo/RoboFEI-HT_2023_SOFTWARE/install/custom_interfaces:/opt/ros/humble LD_LIBRARY_PATH=/home/robo/RoboFEI-HT_2023_SOFTWARE/install/custom_interfaces/lib:${LD_LIBRARY_PATH} PYTHONPATH=/home/robo/RoboFEI-HT_2023_SOFTWARE/install/custom_interfaces/local/lib/python3.10/dist-packages:${PYTHONPATH} /usr/bin/cmake --build /home/robo/RoboFEI-HT_2023_SOFTWARE/build/gui -- -j8 -l8
[0.432s] [ 16%] [34m[1mAutomatic MOC and UIC for target robot_gui[0m
[0.454s] [ 16%] Built target robot_gui_autogen
[0.497s] [100%] Built target robot_gui
[0.509s] Invoked command in '/home/robo/RoboFEI-HT_2023_SOFTWARE/build/gui' returned '0': AMENT_PREFIX_PATH=/home/robo/RoboFEI-HT_2023_SOFTWARE/install/custom_interfaces:${AMENT_PREFIX_PATH} BYOBU_DATE=%Y-%m-%d CMAKE_PREFIX_PATH=/home/robo/RoboFEI-HT_2023_SOFTWARE/install/custom_interfaces:/opt/ros/humble LD_LIBRARY_PATH=/home/robo/RoboFEI-HT_2023_SOFTWARE/install/custom_interfaces/lib:${LD_LIBRARY_PATH} PYTHONPATH=/home/robo/RoboFEI-HT_2023_SOFTWARE/install/custom_interfaces/local/lib/python3.10/dist-packages:${PYTHONPATH} /usr/bin/cmake --build /home/robo/RoboFEI-HT_2023_SOFTWARE/build/gui -- -j8 -l8
[0.545s] Invoking command in '/home/robo/RoboFEI-HT_2023_SOFTWARE/build/gui': AMENT_PREFIX_PATH=/home/robo/RoboFEI-HT_2023_SOFTWARE/install/custom_interfaces:${AMENT_PREFIX_PATH} BYOBU_DATE=%Y-%m-%d CMAKE_PREFIX_PATH=/home/robo/RoboFEI-HT_2023_SOFTWARE/install/custom_interfaces:/opt/ros/humble LD_LIBRARY_PATH=/home/robo/RoboFEI-HT_2023_SOFTWARE/install/custom_interfaces/lib:${LD_LIBRARY_PATH} PYTHONPATH=/home/robo/RoboFEI-HT_2023_SOFTWARE/install/custom_interfaces/local/lib/python3.10/dist-packages:${PYTHONPATH} /usr/bin/cmake --install /home/robo/RoboFEI-HT_2023_SOFTWARE/build/gui
[0.553s] -- Install configuration: ""
[0.554s] -- Execute custom install script
[0.554s] -- Up-to-date symlink: /home/robo/RoboFEI-HT_2023_SOFTWARE/install/gui/lib/gui/robot_gui
[0.554s] -- Up-to-date symlink: /home/robo/RoboFEI-HT_2023_SOFTWARE/install/gui/share/ament_index/resource_index/package_run_dependencies/gui
[0.555s] -- Up-to-date symlink: /home/robo/RoboFEI-HT_2023_SOFTWARE/install/gui/share/ament_index/resource_index/parent_prefix_path/gui
[0.555s] -- Up-to-date symlink: /home/robo/RoboFEI-HT_2023_SOFTWARE/install/gui/share/gui/environment/ament_prefix_path.sh
[0.555s] -- Up-to-date symlink: /home/robo/RoboFEI-HT_2023_SOFTWARE/install/gui/share/gui/environment/ament_prefix_path.dsv
[0.555s] -- Up-to-date symlink: /home/robo/RoboFEI-HT_2023_SOFTWARE/install/gui/share/gui/environment/path.sh
[0.556s] -- Up-to-date symlink: /home/robo/RoboFEI-HT_2023_SOFTWARE/install/gui/share/gui/environment/path.dsv
[0.557s] -- Up-to-date symlink: /home/robo/RoboFEI-HT_2023_SOFTWARE/install/gui/share/gui/local_setup.bash
[0.557s] -- Up-to-date symlink: /home/robo/RoboFEI-HT_2023_SOFTWARE/install/gui/share/gui/local_setup.sh
[0.557s] -- Up-to-date symlink: /home/robo/RoboFEI-HT_2023_SOFTWARE/install/gui/share/gui/local_setup.zsh
[0.557s] -- Up-to-date symlink: /home/robo/RoboFEI-HT_2023_SOFTWARE/install/gui/share/gui/local_setup.dsv
[0.558s] -- Symlinking: /home/robo/RoboFEI-HT_2023_SOFTWARE/install/gui/share/gui/package.dsv
[0.567s] -- Up-to-date symlink: /home/robo/RoboFEI-HT_2023_SOFTWARE/install/gui/share/ament_index/resource_index/packages/gui
[0.567s] -- Up-to-date symlink: /home/robo/RoboFEI-HT_2023_SOFTWARE/install/gui/share/gui/cmake/guiConfig.cmake
[0.568s] -- Up-to-date symlink: /home/robo/RoboFEI-HT_2023_SOFTWARE/install/gui/share/gui/cmake/guiConfig-version.cmake
[0.568s] -- Up-to-date symlink: /home/robo/RoboFEI-HT_2023_SOFTWARE/install/gui/share/gui/package.xml
[0.571s] Invoked command in '/home/robo/RoboFEI-HT_2023_SOFTWARE/build/gui' returned '0': AMENT_PREFIX_PATH=/home/robo/RoboFEI-HT_2023_SOFTWARE/install/custom_interfaces:${AMENT_PREFIX_PATH} BYOBU_DATE=%Y-%m-%d CMAKE_PREFIX_PATH=/home/robo/RoboFEI-HT_2023_SOFTWARE/install/custom_interfaces:/opt/ros/humble LD_LIBRARY_PATH=/home/robo/RoboFEI-HT_2023_SOFTWARE/install/custom_interfaces/lib:${LD_LIBRARY_PATH} PYTHONPATH=/home/robo/RoboFEI-HT_2023_SOFTWARE/install/custom_interfaces/local/lib/python3.10/dist-packages:${PYTHONPATH} /usr/bin/cmake --install /home/robo/RoboFEI-HT_2023_SOFTWARE/build/gui
