[0.351s] Invoking command in '/home/robo/RoboFEI-HT_2023_SOFTWARE/build/decision_pkg_cpp': AMENT_PREFIX_PATH=/home/robo/RoboFEI-HT_2023_SOFTWARE/install/custom_interfaces:${AMENT_PREFIX_PATH} CMAKE_PREFIX_PATH=/home/robo/RoboFEI-HT_2023_SOFTWARE/install/custom_interfaces:/opt/ros/humble LD_LIBRARY_PATH=/home/robo/RoboFEI-HT_2023_SOFTWARE/install/custom_interfaces/lib:${LD_LIBRARY_PATH} PYTHONPATH=/home/robo/RoboFEI-HT_2023_SOFTWARE/install/custom_interfaces/local/lib/python3.10/dist-packages:${PYTHONPATH} /usr/bin/cmake --build /home/robo/RoboFEI-HT_2023_SOFTWARE/build/decision_pkg_cpp -- -j8 -l8
[0.430s] [ 50%] Built target robot_behavior
[0.433s] [100%] Built target decision
[0.463s] Invoked command in '/home/robo/RoboFEI-HT_2023_SOFTWARE/build/decision_pkg_cpp' returned '0': AMENT_PREFIX_PATH=/home/robo/RoboFEI-HT_2023_SOFTWARE/install/custom_interfaces:${AMENT_PREFIX_PATH} CMAKE_PREFIX_PATH=/home/robo/RoboFEI-HT_2023_SOFTWARE/install/custom_interfaces:/opt/ros/humble LD_LIBRARY_PATH=/home/robo/RoboFEI-HT_2023_SOFTWARE/install/custom_interfaces/lib:${LD_LIBRARY_PATH} PYTHONPATH=/home/robo/RoboFEI-HT_2023_SOFTWARE/install/custom_interfaces/local/lib/python3.10/dist-packages:${PYTHONPATH} /usr/bin/cmake --build /home/robo/RoboFEI-HT_2023_SOFTWARE/build/decision_pkg_cpp -- -j8 -l8
[0.492s] Invoking command in '/home/robo/RoboFEI-HT_2023_SOFTWARE/build/decision_pkg_cpp': AMENT_PREFIX_PATH=/home/robo/RoboFEI-HT_2023_SOFTWARE/install/custom_interfaces:${AMENT_PREFIX_PATH} CMAKE_PREFIX_PATH=/home/robo/RoboFEI-HT_2023_SOFTWARE/install/custom_interfaces:/opt/ros/humble LD_LIBRARY_PATH=/home/robo/RoboFEI-HT_2023_SOFTWARE/install/custom_interfaces/lib:${LD_LIBRARY_PATH} PYTHONPATH=/home/robo/RoboFEI-HT_2023_SOFTWARE/install/custom_interfaces/local/lib/python3.10/dist-packages:${PYTHONPATH} /usr/bin/cmake --install /home/robo/RoboFEI-HT_2023_SOFTWARE/build/decision_pkg_cpp
[0.502s] -- Install configuration: ""
[0.504s] -- Execute custom install script
[0.504s] -- Up-to-date symlink: /home/robo/RoboFEI-HT_2023_SOFTWARE/install/decision_pkg_cpp/lib/decision_pkg_cpp/robot_behavior
[0.504s] -- Up-to-date symlink: /home/robo/RoboFEI-HT_2023_SOFTWARE/install/decision_pkg_cpp/share/ament_index/resource_index/package_run_dependencies/decision_pkg_cpp
[0.505s] -- Up-to-date symlink: /home/robo/RoboFEI-HT_2023_SOFTWARE/install/decision_pkg_cpp/share/ament_index/resource_index/parent_prefix_path/decision_pkg_cpp
[0.509s] -- Up-to-date symlink: /home/robo/RoboFEI-HT_2023_SOFTWARE/install/decision_pkg_cpp/share/decision_pkg_cpp/environment/ament_prefix_path.sh
[0.509s] -- Up-to-date symlink: /home/robo/RoboFEI-HT_2023_SOFTWARE/install/decision_pkg_cpp/share/decision_pkg_cpp/environment/ament_prefix_path.dsv
[0.510s] -- Up-to-date symlink: /home/robo/RoboFEI-HT_2023_SOFTWARE/install/decision_pkg_cpp/share/decision_pkg_cpp/environment/path.sh
[0.510s] -- Up-to-date symlink: /home/robo/RoboFEI-HT_2023_SOFTWARE/install/decision_pkg_cpp/share/decision_pkg_cpp/environment/path.dsv
[0.511s] -- Up-to-date symlink: /home/robo/RoboFEI-HT_2023_SOFTWARE/install/decision_pkg_cpp/share/decision_pkg_cpp/local_setup.bash
[0.512s] -- Up-to-date symlink: /home/robo/RoboFEI-HT_2023_SOFTWARE/install/decision_pkg_cpp/share/decision_pkg_cpp/local_setup.sh
[0.512s] -- Up-to-date symlink: /home/robo/RoboFEI-HT_2023_SOFTWARE/install/decision_pkg_cpp/share/decision_pkg_cpp/local_setup.zsh
[0.512s] -- Up-to-date symlink: /home/robo/RoboFEI-HT_2023_SOFTWARE/install/decision_pkg_cpp/share/decision_pkg_cpp/local_setup.dsv
[0.514s] -- Symlinking: /home/robo/RoboFEI-HT_2023_SOFTWARE/install/decision_pkg_cpp/share/decision_pkg_cpp/package.dsv
[0.524s] -- Up-to-date symlink: /home/robo/RoboFEI-HT_2023_SOFTWARE/install/decision_pkg_cpp/share/ament_index/resource_index/packages/decision_pkg_cpp
[0.526s] -- Up-to-date symlink: /home/robo/RoboFEI-HT_2023_SOFTWARE/install/decision_pkg_cpp/share/decision_pkg_cpp/cmake/decision_pkg_cppConfig.cmake
[0.526s] -- Up-to-date symlink: /home/robo/RoboFEI-HT_2023_SOFTWARE/install/decision_pkg_cpp/share/decision_pkg_cpp/cmake/decision_pkg_cppConfig-version.cmake
[0.527s] -- Up-to-date symlink: /home/robo/RoboFEI-HT_2023_SOFTWARE/install/decision_pkg_cpp/share/decision_pkg_cpp/package.xml
[0.554s] Invoked command in '/home/robo/RoboFEI-HT_2023_SOFTWARE/build/decision_pkg_cpp' returned '0': AMENT_PREFIX_PATH=/home/robo/RoboFEI-HT_2023_SOFTWARE/install/custom_interfaces:${AMENT_PREFIX_PATH} CMAKE_PREFIX_PATH=/home/robo/RoboFEI-HT_2023_SOFTWARE/install/custom_interfaces:/opt/ros/humble LD_LIBRARY_PATH=/home/robo/RoboFEI-HT_2023_SOFTWARE/install/custom_interfaces/lib:${LD_LIBRARY_PATH} PYTHONPATH=/home/robo/RoboFEI-HT_2023_SOFTWARE/install/custom_interfaces/local/lib/python3.10/dist-packages:${PYTHONPATH} /usr/bin/cmake --install /home/robo/RoboFEI-HT_2023_SOFTWARE/build/decision_pkg_cpp
