[0.386s] Invoking command in '/home/robo/RoboFEI-HT_2023_SOFTWARE/build/motors_pkg': AMENT_PREFIX_PATH=/home/robo/RoboFEI-HT_2023_SOFTWARE/install/custom_interfaces:${AMENT_PREFIX_PATH} CMAKE_PREFIX_PATH=/home/robo/RoboFEI-HT_2023_SOFTWARE/install/custom_interfaces:/opt/ros/humble LD_LIBRARY_PATH=/home/robo/RoboFEI-HT_2023_SOFTWARE/install/custom_interfaces/lib:${LD_LIBRARY_PATH} PYTHONPATH=/home/robo/RoboFEI-HT_2023_SOFTWARE/install/custom_interfaces/local/lib/python3.10/dist-packages:${PYTHONPATH} /usr/bin/cmake --build /home/robo/RoboFEI-HT_2023_SOFTWARE/build/motors_pkg -- -j8 -l8
[0.540s] [ 50%] [32mBuilding CXX object CMakeFiles/motors_communication.dir/src/motors_communication.cpp.o[0m
[16.637s] [100%] [32m[1mLinking CXX executable motors_communication[0m
[17.392s] [100%] Built target motors_communication
[17.406s] Invoked command in '/home/robo/RoboFEI-HT_2023_SOFTWARE/build/motors_pkg' returned '0': AMENT_PREFIX_PATH=/home/robo/RoboFEI-HT_2023_SOFTWARE/install/custom_interfaces:${AMENT_PREFIX_PATH} CMAKE_PREFIX_PATH=/home/robo/RoboFEI-HT_2023_SOFTWARE/install/custom_interfaces:/opt/ros/humble LD_LIBRARY_PATH=/home/robo/RoboFEI-HT_2023_SOFTWARE/install/custom_interfaces/lib:${LD_LIBRARY_PATH} PYTHONPATH=/home/robo/RoboFEI-HT_2023_SOFTWARE/install/custom_interfaces/local/lib/python3.10/dist-packages:${PYTHONPATH} /usr/bin/cmake --build /home/robo/RoboFEI-HT_2023_SOFTWARE/build/motors_pkg -- -j8 -l8
[17.431s] Invoking command in '/home/robo/RoboFEI-HT_2023_SOFTWARE/build/motors_pkg': AMENT_PREFIX_PATH=/home/robo/RoboFEI-HT_2023_SOFTWARE/install/custom_interfaces:${AMENT_PREFIX_PATH} CMAKE_PREFIX_PATH=/home/robo/RoboFEI-HT_2023_SOFTWARE/install/custom_interfaces:/opt/ros/humble LD_LIBRARY_PATH=/home/robo/RoboFEI-HT_2023_SOFTWARE/install/custom_interfaces/lib:${LD_LIBRARY_PATH} PYTHONPATH=/home/robo/RoboFEI-HT_2023_SOFTWARE/install/custom_interfaces/local/lib/python3.10/dist-packages:${PYTHONPATH} /usr/bin/cmake --install /home/robo/RoboFEI-HT_2023_SOFTWARE/build/motors_pkg
[17.439s] -- Install configuration: ""
[17.439s] -- Execute custom install script
[17.440s] -- Up-to-date symlink: /home/robo/RoboFEI-HT_2023_SOFTWARE/install/motors_pkg/lib/motors_pkg/motors_communication
[17.440s] -- Up-to-date symlink: /home/robo/RoboFEI-HT_2023_SOFTWARE/install/motors_pkg/share/ament_index/resource_index/package_run_dependencies/motors_pkg
[17.440s] -- Up-to-date symlink: /home/robo/RoboFEI-HT_2023_SOFTWARE/install/motors_pkg/share/ament_index/resource_index/parent_prefix_path/motors_pkg
[17.441s] -- Up-to-date symlink: /home/robo/RoboFEI-HT_2023_SOFTWARE/install/motors_pkg/share/motors_pkg/environment/ament_prefix_path.sh
[17.441s] -- Up-to-date symlink: /home/robo/RoboFEI-HT_2023_SOFTWARE/install/motors_pkg/share/motors_pkg/environment/ament_prefix_path.dsv
[17.442s] -- Up-to-date symlink: /home/robo/RoboFEI-HT_2023_SOFTWARE/install/motors_pkg/share/motors_pkg/environment/path.sh
[17.442s] -- Up-to-date symlink: /home/robo/RoboFEI-HT_2023_SOFTWARE/install/motors_pkg/share/motors_pkg/environment/path.dsv
[17.442s] -- Up-to-date symlink: /home/robo/RoboFEI-HT_2023_SOFTWARE/install/motors_pkg/share/motors_pkg/local_setup.bash
[17.443s] -- Up-to-date symlink: /home/robo/RoboFEI-HT_2023_SOFTWARE/install/motors_pkg/share/motors_pkg/local_setup.sh
[17.443s] -- Up-to-date symlink: /home/robo/RoboFEI-HT_2023_SOFTWARE/install/motors_pkg/share/motors_pkg/local_setup.zsh
[17.443s] -- Up-to-date symlink: /home/robo/RoboFEI-HT_2023_SOFTWARE/install/motors_pkg/share/motors_pkg/local_setup.dsv
[17.443s] -- Symlinking: /home/robo/RoboFEI-HT_2023_SOFTWARE/install/motors_pkg/share/motors_pkg/package.dsv
[17.454s] -- Up-to-date symlink: /home/robo/RoboFEI-HT_2023_SOFTWARE/install/motors_pkg/share/ament_index/resource_index/packages/motors_pkg
[17.455s] -- Up-to-date symlink: /home/robo/RoboFEI-HT_2023_SOFTWARE/install/motors_pkg/share/motors_pkg/cmake/motors_pkgConfig.cmake
[17.455s] -- Up-to-date symlink: /home/robo/RoboFEI-HT_2023_SOFTWARE/install/motors_pkg/share/motors_pkg/cmake/motors_pkgConfig-version.cmake
[17.455s] -- Up-to-date symlink: /home/robo/RoboFEI-HT_2023_SOFTWARE/install/motors_pkg/share/motors_pkg/package.xml
[17.458s] Invoked command in '/home/robo/RoboFEI-HT_2023_SOFTWARE/build/motors_pkg' returned '0': AMENT_PREFIX_PATH=/home/robo/RoboFEI-HT_2023_SOFTWARE/install/custom_interfaces:${AMENT_PREFIX_PATH} CMAKE_PREFIX_PATH=/home/robo/RoboFEI-HT_2023_SOFTWARE/install/custom_interfaces:/opt/ros/humble LD_LIBRARY_PATH=/home/robo/RoboFEI-HT_2023_SOFTWARE/install/custom_interfaces/lib:${LD_LIBRARY_PATH} PYTHONPATH=/home/robo/RoboFEI-HT_2023_SOFTWARE/install/custom_interfaces/local/lib/python3.10/dist-packages:${PYTHONPATH} /usr/bin/cmake --install /home/robo/RoboFEI-HT_2023_SOFTWARE/build/motors_pkg
