[0.025s] Invoking command in '/home/robo/RoboFEI-HT_2023_SOFTWARE/build/serial': CMAKE_PREFIX_PATH=/opt/ros/humble /usr/bin/cmake --build /home/robo/RoboFEI-HT_2023_SOFTWARE/build/serial -- -j8 -l8
[0.783s] [100%] Built target serial
[0.986s] Invoked command in '/home/robo/RoboFEI-HT_2023_SOFTWARE/build/serial' returned '0': CMAKE_PREFIX_PATH=/opt/ros/humble /usr/bin/cmake --build /home/robo/RoboFEI-HT_2023_SOFTWARE/build/serial -- -j8 -l8
[1.036s] Invoking command in '/home/robo/RoboFEI-HT_2023_SOFTWARE/build/serial': CMAKE_PREFIX_PATH=/opt/ros/humble /usr/bin/cmake --install /home/robo/RoboFEI-HT_2023_SOFTWARE/build/serial
[1.047s] -- Install configuration: ""
[1.048s] -- Execute custom install script
[1.048s] -- Up-to-date symlink: /home/robo/RoboFEI-HT_2023_SOFTWARE/install/serial/share/serial/environment/library_path.sh
[1.048s] -- Up-to-date symlink: /home/robo/RoboFEI-HT_2023_SOFTWARE/install/serial/share/serial/environment/library_path.dsv
[1.048s] -- Up-to-date symlink: /home/robo/RoboFEI-HT_2023_SOFTWARE/install/serial/lib/libserial.a
[1.048s] -- Up-to-date symlink: /home/robo/RoboFEI-HT_2023_SOFTWARE/install/serial/include/serial/serial.h
[1.048s] -- Up-to-date symlink: /home/robo/RoboFEI-HT_2023_SOFTWARE/install/serial/include/serial/v8stdint.h
[1.048s] -- Up-to-date symlink: /home/robo/RoboFEI-HT_2023_SOFTWARE/install/serial/share/ament_index/resource_index/package_run_dependencies/serial
[1.050s] -- Up-to-date symlink: /home/robo/RoboFEI-HT_2023_SOFTWARE/install/serial/share/ament_index/resource_index/parent_prefix_path/serial
[1.050s] -- Up-to-date symlink: /home/robo/RoboFEI-HT_2023_SOFTWARE/install/serial/share/serial/environment/ament_prefix_path.sh
[1.050s] -- Up-to-date symlink: /home/robo/RoboFEI-HT_2023_SOFTWARE/install/serial/share/serial/environment/ament_prefix_path.dsv
[1.050s] -- Up-to-date symlink: /home/robo/RoboFEI-HT_2023_SOFTWARE/install/serial/share/serial/environment/path.sh
[1.050s] -- Up-to-date symlink: /home/robo/RoboFEI-HT_2023_SOFTWARE/install/serial/share/serial/environment/path.dsv
[1.050s] -- Up-to-date symlink: /home/robo/RoboFEI-HT_2023_SOFTWARE/install/serial/share/serial/local_setup.bash
[1.051s] -- Up-to-date symlink: /home/robo/RoboFEI-HT_2023_SOFTWARE/install/serial/share/serial/local_setup.sh
[1.051s] -- Up-to-date symlink: /home/robo/RoboFEI-HT_2023_SOFTWARE/install/serial/share/serial/local_setup.zsh
[1.051s] -- Up-to-date symlink: /home/robo/RoboFEI-HT_2023_SOFTWARE/install/serial/share/serial/local_setup.dsv
[1.051s] -- Symlinking: /home/robo/RoboFEI-HT_2023_SOFTWARE/install/serial/share/serial/package.dsv
[1.063s] -- Up-to-date symlink: /home/robo/RoboFEI-HT_2023_SOFTWARE/install/serial/share/ament_index/resource_index/packages/serial
[1.064s] -- Up-to-date symlink: /home/robo/RoboFEI-HT_2023_SOFTWARE/install/serial/share/serial/cmake/ament_cmake_export_include_directories-extras.cmake
[1.066s] -- Up-to-date symlink: /home/robo/RoboFEI-HT_2023_SOFTWARE/install/serial/share/serial/cmake/ament_cmake_export_libraries-extras.cmake
[1.068s] -- Up-to-date symlink: /home/robo/RoboFEI-HT_2023_SOFTWARE/install/serial/share/serial/cmake/serialConfig.cmake
[1.069s] -- Up-to-date symlink: /home/robo/RoboFEI-HT_2023_SOFTWARE/install/serial/share/serial/cmake/serialConfig-version.cmake
[1.070s] -- Up-to-date symlink: /home/robo/RoboFEI-HT_2023_SOFTWARE/install/serial/share/serial/package.xml
[1.071s] Invoked command in '/home/robo/RoboFEI-HT_2023_SOFTWARE/build/serial' returned '0': CMAKE_PREFIX_PATH=/opt/ros/humble /usr/bin/cmake --install /home/robo/RoboFEI-HT_2023_SOFTWARE/build/serial
