[0.374s] Invoking command in '/home/robo/RoboFEI-HT_2023_SOFTWARE/build/decision_pkg_cpp': AMENT_PREFIX_PATH=/home/robo/RoboFEI-HT_2023_SOFTWARE/install/custom_interfaces:${AMENT_PREFIX_PATH} CMAKE_PREFIX_PATH=/home/robo/RoboFEI-HT_2023_SOFTWARE/install/custom_interfaces:/opt/ros/humble LD_LIBRARY_PATH=/home/robo/RoboFEI-HT_2023_SOFTWARE/install/custom_interfaces/lib:${LD_LIBRARY_PATH} PYTHONPATH=/home/robo/RoboFEI-HT_2023_SOFTWARE/install/custom_interfaces/local/lib/python3.10/dist-packages:${PYTHONPATH} /usr/bin/cmake --build /home/robo/RoboFEI-HT_2023_SOFTWARE/build/decision_pkg_cpp -- -j8 -l8
[0.415s] [35m[1mConsolidate compiler generated dependencies of target robot_behavior[0m
[0.428s] [ 50%] Built target decision
[0.433s] [ 75%] [32mBuilding CXX object CMakeFiles/robot_behavior.dir/src/robot_behavior.cpp.o[0m
[2.761s] In file included from [01m[K/home/robo/RoboFEI-HT_2023_SOFTWARE/src/decision_pkg_cpp/src/robot_behavior.cpp:4[m[K:
[2.761s] [01m[K/home/robo/RoboFEI-HT_2023_SOFTWARE/src/decision_pkg_cpp/src/decision_node.cpp:[m[K In member function ‘[01m[Kvoid DecisionNode::feedback_callback(rclcpp_action::ClientGoalHandle<custom_interfaces::action::Control>::SharedPtr, std::shared_ptr<const custom_interfaces::action::Control_Feedback_<std::allocator<void> > >)[m[K’:
[2.761s] [01m[K/home/robo/RoboFEI-HT_2023_SOFTWARE/src/decision_pkg_cpp/src/decision_node.cpp:253:59:[m[K [01;35m[Kwarning: [m[Kunused parameter ‘[01m[Kfeedback[m[K’ [[01;35m[K]8;;https://gcc.gnu.org/onlinedocs/gcc/Warning-Options.html#index-Wunused-parameter-Wunused-parameter]8;;[m[K]
[2.761s]   253 |   [01;35m[Kconst std::shared_ptr<const ControlActionMsg::Feedback> feedback[m[K)
[2.761s]       |   [01;35m[K~~~~~~~~~~~~~~~~~~~~~~~~~~~~~~~~~~~~~~~~~~~~~~~~~~~~~~~~^~~~~~~~[m[K
[8.788s] [01m[K/home/robo/RoboFEI-HT_2023_SOFTWARE/src/decision_pkg_cpp/src/robot_behavior.cpp:[m[K In member function ‘[01m[Kbool RobotBehavior::robot_align_with_the_ball()[m[K’:
[8.788s] [01m[K/home/robo/RoboFEI-HT_2023_SOFTWARE/src/decision_pkg_cpp/src/robot_behavior.cpp:273:1:[m[K [01;35m[Kwarning: [m[Kcontrol reaches end of non-void function [[01;35m[K]8;;https://gcc.gnu.org/onlinedocs/gcc/Warning-Options.html#index-Wreturn-type-Wreturn-type]8;;[m[K]
[8.789s]   273 | [01;35m[K}[m[K
[8.789s]       | [01;35m[K^[m[K
[18.522s] [100%] [32m[1mLinking CXX executable robot_behavior[0m
[19.910s] [100%] Built target robot_behavior
[19.919s] Invoked command in '/home/robo/RoboFEI-HT_2023_SOFTWARE/build/decision_pkg_cpp' returned '0': AMENT_PREFIX_PATH=/home/robo/RoboFEI-HT_2023_SOFTWARE/install/custom_interfaces:${AMENT_PREFIX_PATH} CMAKE_PREFIX_PATH=/home/robo/RoboFEI-HT_2023_SOFTWARE/install/custom_interfaces:/opt/ros/humble LD_LIBRARY_PATH=/home/robo/RoboFEI-HT_2023_SOFTWARE/install/custom_interfaces/lib:${LD_LIBRARY_PATH} PYTHONPATH=/home/robo/RoboFEI-HT_2023_SOFTWARE/install/custom_interfaces/local/lib/python3.10/dist-packages:${PYTHONPATH} /usr/bin/cmake --build /home/robo/RoboFEI-HT_2023_SOFTWARE/build/decision_pkg_cpp -- -j8 -l8
[19.938s] Invoking command in '/home/robo/RoboFEI-HT_2023_SOFTWARE/build/decision_pkg_cpp': AMENT_PREFIX_PATH=/home/robo/RoboFEI-HT_2023_SOFTWARE/install/custom_interfaces:${AMENT_PREFIX_PATH} CMAKE_PREFIX_PATH=/home/robo/RoboFEI-HT_2023_SOFTWARE/install/custom_interfaces:/opt/ros/humble LD_LIBRARY_PATH=/home/robo/RoboFEI-HT_2023_SOFTWARE/install/custom_interfaces/lib:${LD_LIBRARY_PATH} PYTHONPATH=/home/robo/RoboFEI-HT_2023_SOFTWARE/install/custom_interfaces/local/lib/python3.10/dist-packages:${PYTHONPATH} /usr/bin/cmake --install /home/robo/RoboFEI-HT_2023_SOFTWARE/build/decision_pkg_cpp
[19.944s] -- Install configuration: ""
[19.944s] -- Execute custom install script
[19.944s] -- Up-to-date symlink: /home/robo/RoboFEI-HT_2023_SOFTWARE/install/decision_pkg_cpp/lib/decision_pkg_cpp/robot_behavior
[19.944s] -- Up-to-date symlink: /home/robo/RoboFEI-HT_2023_SOFTWARE/install/decision_pkg_cpp/share/ament_index/resource_index/package_run_dependencies/decision_pkg_cpp
[19.944s] -- Up-to-date symlink: /home/robo/RoboFEI-HT_2023_SOFTWARE/install/decision_pkg_cpp/share/ament_index/resource_index/parent_prefix_path/decision_pkg_cpp
[19.944s] -- Up-to-date symlink: /home/robo/RoboFEI-HT_2023_SOFTWARE/install/decision_pkg_cpp/share/decision_pkg_cpp/environment/ament_prefix_path.sh
[19.945s] -- Up-to-date symlink: /home/robo/RoboFEI-HT_2023_SOFTWARE/install/decision_pkg_cpp/share/decision_pkg_cpp/environment/ament_prefix_path.dsv
[19.945s] -- Up-to-date symlink: /home/robo/RoboFEI-HT_2023_SOFTWARE/install/decision_pkg_cpp/share/decision_pkg_cpp/environment/path.sh
[19.945s] -- Up-to-date symlink: /home/robo/RoboFEI-HT_2023_SOFTWARE/install/decision_pkg_cpp/share/decision_pkg_cpp/environment/path.dsv
[19.945s] -- Up-to-date symlink: /home/robo/RoboFEI-HT_2023_SOFTWARE/install/decision_pkg_cpp/share/decision_pkg_cpp/local_setup.bash
[19.945s] -- Up-to-date symlink: /home/robo/RoboFEI-HT_2023_SOFTWARE/install/decision_pkg_cpp/share/decision_pkg_cpp/local_setup.sh
[19.945s] -- Up-to-date symlink: /home/robo/RoboFEI-HT_2023_SOFTWARE/install/decision_pkg_cpp/share/decision_pkg_cpp/local_setup.zsh
[19.945s] -- Up-to-date symlink: /home/robo/RoboFEI-HT_2023_SOFTWARE/install/decision_pkg_cpp/share/decision_pkg_cpp/local_setup.dsv
[19.945s] -- Symlinking: /home/robo/RoboFEI-HT_2023_SOFTWARE/install/decision_pkg_cpp/share/decision_pkg_cpp/package.dsv
[19.952s] -- Up-to-date symlink: /home/robo/RoboFEI-HT_2023_SOFTWARE/install/decision_pkg_cpp/share/ament_index/resource_index/packages/decision_pkg_cpp
[19.952s] -- Up-to-date symlink: /home/robo/RoboFEI-HT_2023_SOFTWARE/install/decision_pkg_cpp/share/decision_pkg_cpp/cmake/decision_pkg_cppConfig.cmake
[19.952s] -- Up-to-date symlink: /home/robo/RoboFEI-HT_2023_SOFTWARE/install/decision_pkg_cpp/share/decision_pkg_cpp/cmake/decision_pkg_cppConfig-version.cmake
[19.952s] -- Up-to-date symlink: /home/robo/RoboFEI-HT_2023_SOFTWARE/install/decision_pkg_cpp/share/decision_pkg_cpp/package.xml
[19.954s] Invoked command in '/home/robo/RoboFEI-HT_2023_SOFTWARE/build/decision_pkg_cpp' returned '0': AMENT_PREFIX_PATH=/home/robo/RoboFEI-HT_2023_SOFTWARE/install/custom_interfaces:${AMENT_PREFIX_PATH} CMAKE_PREFIX_PATH=/home/robo/RoboFEI-HT_2023_SOFTWARE/install/custom_interfaces:/opt/ros/humble LD_LIBRARY_PATH=/home/robo/RoboFEI-HT_2023_SOFTWARE/install/custom_interfaces/lib:${LD_LIBRARY_PATH} PYTHONPATH=/home/robo/RoboFEI-HT_2023_SOFTWARE/install/custom_interfaces/local/lib/python3.10/dist-packages:${PYTHONPATH} /usr/bin/cmake --install /home/robo/RoboFEI-HT_2023_SOFTWARE/build/decision_pkg_cpp
