[1.150s] Invoking command in '/home/robo/RoboFEI-HT_2023_SOFTWARE/build/localization_pkg': BYOBU_DATE=%Y-%m-%d PYTHONPATH=/home/robo/RoboFEI-HT_2023_SOFTWARE/build/localization_pkg/prefix_override:/usr/lib/python3/dist-packages/colcon_core/task/python/colcon_distutils_commands:/home/robo/RoboFEI-HT_2023_SOFTWARE/install/localization_pkg/lib/python3.10/site-packages:${PYTHONPATH} /usr/bin/python3 -W ignore:setup.py install is deprecated setup.py develop --editable --build-directory /home/robo/RoboFEI-HT_2023_SOFTWARE/build/localization_pkg/build --no-deps symlink_data
[1.418s] /usr/lib/python3/dist-packages/setuptools/dist.py:723: UserWarning: Usage of dash-separated 'script-dir' will not be supported in future versions. Please use the underscore name 'script_dir' instead
[1.418s]   warnings.warn(
[1.454s] running develop
[1.454s] /usr/lib/python3/dist-packages/setuptools/command/easy_install.py:158: EasyInstallDeprecationWarning: easy_install command is deprecated. Use build and pip and other standards-based tools.
[1.454s]   warnings.warn(
[1.640s] running egg_info
[1.641s] writing localization_pkg.egg-info/PKG-INFO
[1.641s] writing dependency_links to localization_pkg.egg-info/dependency_links.txt
[1.641s] writing entry points to localization_pkg.egg-info/entry_points.txt
[1.641s] writing requirements to localization_pkg.egg-info/requires.txt
[1.641s] writing top-level names to localization_pkg.egg-info/top_level.txt
[1.644s] reading manifest file 'localization_pkg.egg-info/SOURCES.txt'
[1.645s] writing manifest file 'localization_pkg.egg-info/SOURCES.txt'
[1.647s] running build_ext
[1.647s] Creating /home/robo/RoboFEI-HT_2023_SOFTWARE/install/localization_pkg/lib/python3.10/site-packages/localization-pkg.egg-link (link to .)
[1.648s] Installing localization_node script to /home/robo/RoboFEI-HT_2023_SOFTWARE/install/localization_pkg/lib/localization_pkg
[1.649s] 
[1.649s] Installed /home/robo/RoboFEI-HT_2023_SOFTWARE/build/localization_pkg
[1.649s] running symlink_data
[1.735s] Invoked command in '/home/robo/RoboFEI-HT_2023_SOFTWARE/build/localization_pkg' returned '0': BYOBU_DATE=%Y-%m-%d PYTHONPATH=/home/robo/RoboFEI-HT_2023_SOFTWARE/build/localization_pkg/prefix_override:/usr/lib/python3/dist-packages/colcon_core/task/python/colcon_distutils_commands:/home/robo/RoboFEI-HT_2023_SOFTWARE/install/localization_pkg/lib/python3.10/site-packages:${PYTHONPATH} /usr/bin/python3 -W ignore:setup.py install is deprecated setup.py develop --editable --build-directory /home/robo/RoboFEI-HT_2023_SOFTWARE/build/localization_pkg/build --no-deps symlink_data
