[0.021s] Invoking command in '/home/robo/RoboFEI-HT_2023_SOFTWARE/build/custom_interfaces': CMAKE_PREFIX_PATH=/opt/ros/humble /usr/bin/cmake /home/robo/RoboFEI-HT_2023_SOFTWARE/src/custom_interfaces -DAMENT_CMAKE_SYMLINK_INSTALL=1 -DCMAKE_INSTALL_PREFIX=/home/robo/RoboFEI-HT_2023_SOFTWARE/install/custom_interfaces
[0.613s] -- The C compiler identification is GNU 11.4.0
[0.613s] -- The CXX compiler identification is GNU 11.4.0
[0.613s] -- Detecting C compiler ABI info
[0.613s] -- Detecting C compiler ABI info - done
[0.613s] -- Check for working C compiler: /usr/bin/cc - skipped
[0.613s] -- Detecting C compile features
[0.613s] -- Detecting C compile features - done
[0.613s] -- Detecting CXX compiler ABI info
[0.613s] -- Detecting CXX compiler ABI info - done
[0.613s] -- Check for working CXX compiler: /usr/bin/c++ - skipped
[0.613s] -- Detecting CXX compile features
[0.613s] -- Detecting CXX compile features - done
[0.613s] -- Found ament_cmake: 1.3.9 (/opt/ros/humble/share/ament_cmake/cmake)
[0.613s] -- Found Python3: /usr/bin/python3 (found version "3.10.12") found components: Interpreter 
[0.613s] -- Override CMake install command with custom implementation using symlinks instead of copying resources
[0.613s] -- Found builtin_interfaces: 1.2.1 (/opt/ros/humble/share/builtin_interfaces/cmake)
[0.614s] -- Found rosidl_generator_c: 3.1.5 (/opt/ros/humble/share/rosidl_generator_c/cmake)
[0.614s] -- Found rosidl_adapter: 3.1.5 (/opt/ros/humble/share/rosidl_adapter/cmake)
[0.614s] -- Found rosidl_generator_cpp: 3.1.5 (/opt/ros/humble/share/rosidl_generator_cpp/cmake)
[0.614s] -- Using all available rosidl_typesupport_c: rosidl_typesupport_fastrtps_c;rosidl_typesupport_introspection_c
[0.614s] -- Using all available rosidl_typesupport_cpp: rosidl_typesupport_fastrtps_cpp;rosidl_typesupport_introspection_cpp
[0.614s] -- Found rosidl_default_generators: 1.2.0 (/opt/ros/humble/share/rosidl_default_generators/cmake)
[0.614s] -- Found std_msgs: 4.2.4 (/opt/ros/humble/share/std_msgs/cmake)
[0.992s] -- Found ament_cmake_ros: 0.10.0 (/opt/ros/humble/share/ament_cmake_ros/cmake)
[1.451s] -- Using all available rosidl_typesupport_c: rosidl_typesupport_fastrtps_c;rosidl_typesupport_introspection_c
[1.567s] -- Using all available rosidl_typesupport_cpp: rosidl_typesupport_fastrtps_cpp;rosidl_typesupport_introspection_cpp
[1.594s] -- Found PythonInterp: /usr/bin/python3 (found suitable version "3.10.12", minimum required is "3.6") 
[1.596s] -- Found python_cmake_module: 0.10.0 (/opt/ros/humble/share/python_cmake_module/cmake)
[1.623s] -- Found PythonLibs: /usr/lib/x86_64-linux-gnu/libpython3.10.so (found suitable version "3.10.12", minimum required is "3.5") 
[1.623s] -- Using PYTHON_EXECUTABLE: /usr/bin/python3
[1.623s] -- Using PYTHON_INCLUDE_DIRS: /usr/include/python3.10
[1.623s] -- Using PYTHON_LIBRARIES: /usr/lib/x86_64-linux-gnu/libpython3.10.so
[1.641s] -- Found PythonExtra: .so  
[1.710s] -- Configuring done
[1.760s] -- Generating done
[1.762s] -- Build files have been written to: /home/robo/RoboFEI-HT_2023_SOFTWARE/build/custom_interfaces
[1.770s] Invoked command in '/home/robo/RoboFEI-HT_2023_SOFTWARE/build/custom_interfaces' returned '0': CMAKE_PREFIX_PATH=/opt/ros/humble /usr/bin/cmake /home/robo/RoboFEI-HT_2023_SOFTWARE/src/custom_interfaces -DAMENT_CMAKE_SYMLINK_INSTALL=1 -DCMAKE_INSTALL_PREFIX=/home/robo/RoboFEI-HT_2023_SOFTWARE/install/custom_interfaces
[1.771s] Invoking command in '/home/robo/RoboFEI-HT_2023_SOFTWARE/build/custom_interfaces': CMAKE_PREFIX_PATH=/opt/ros/humble /usr/bin/cmake --build /home/robo/RoboFEI-HT_2023_SOFTWARE/build/custom_interfaces -- -j8 -l8
[1.805s] [  1%] [34m[1mGenerating C code for ROS interfaces[0m
[1.814s] [  1%] [34m[1mGenerating C++ code for ROS interfaces[0m
[1.827s] [  1%] Built target ament_cmake_python_symlink_custom_interfaces
[2.022s] running egg_info
[2.023s] creating custom_interfaces.egg-info
[2.023s] writing custom_interfaces.egg-info/PKG-INFO
[2.023s] writing dependency_links to custom_interfaces.egg-info/dependency_links.txt
[2.023s] writing top-level names to custom_interfaces.egg-info/top_level.txt
[2.023s] writing manifest file 'custom_interfaces.egg-info/SOURCES.txt'
[2.025s] reading manifest file 'custom_interfaces.egg-info/SOURCES.txt'
[2.025s] writing manifest file 'custom_interfaces.egg-info/SOURCES.txt'
[2.046s] [  1%] Built target ament_cmake_python_build_custom_interfaces_egg
[2.892s] [  1%] Built target custom_interfaces__cpp
[2.902s] [  3%] [34m[1mGenerating C++ introspection for ROS interfaces[0m
[2.903s] [  3%] [34m[1mGenerating C++ type support for eProsima Fast-RTPS[0m
[2.903s] [  3%] [34m[1mGenerating C++ type support dispatch for ROS interfaces[0m
[2.967s] [  6%] [32mBuilding C object CMakeFiles/custom_interfaces__rosidl_generator_c.dir/rosidl_generator_c/custom_interfaces/msg/detail/set_position__functions.c.o[0m
[2.967s] [  6%] [32mBuilding C object CMakeFiles/custom_interfaces__rosidl_generator_c.dir/rosidl_generator_c/custom_interfaces/msg/detail/vision_robot__functions.c.o[0m
[2.967s] [  6%] [32mBuilding C object CMakeFiles/custom_interfaces__rosidl_generator_c.dir/rosidl_generator_c/custom_interfaces/msg/detail/localization__functions.c.o[0m
[2.967s] [  6%] [32mBuilding C object CMakeFiles/custom_interfaces__rosidl_generator_c.dir/rosidl_generator_c/custom_interfaces/msg/detail/humanoid_league_msgs__functions.c.o[0m
[2.967s] [  6%] [32mBuilding C object CMakeFiles/custom_interfaces__rosidl_generator_c.dir/rosidl_generator_c/custom_interfaces/msg/detail/vision__functions.c.o[0m
[3.023s] [  7%] [32mBuilding C object CMakeFiles/custom_interfaces__rosidl_generator_c.dir/rosidl_generator_c/custom_interfaces/msg/detail/walk__functions.c.o[0m
[3.023s] [  8%] [32mBuilding C object CMakeFiles/custom_interfaces__rosidl_generator_c.dir/rosidl_generator_c/custom_interfaces/msg/detail/set_position_original__functions.c.o[0m
[3.023s] [  9%] [32mBuilding C object CMakeFiles/custom_interfaces__rosidl_generator_c.dir/rosidl_generator_c/custom_interfaces/msg/detail/decision__functions.c.o[0m
[3.028s] [  9%] [32mBuilding C object CMakeFiles/custom_interfaces__rosidl_generator_c.dir/rosidl_generator_c/custom_interfaces/msg/detail/neck_position__functions.c.o[0m
[3.035s] [ 10%] [32mBuilding C object CMakeFiles/custom_interfaces__rosidl_generator_c.dir/rosidl_generator_c/custom_interfaces/msg/detail/joint_state__functions.c.o[0m
[3.074s] [ 11%] [32mBuilding C object CMakeFiles/custom_interfaces__rosidl_generator_c.dir/rosidl_generator_c/custom_interfaces/msg/detail/robot_state__functions.c.o[0m
[3.076s] [ 12%] [32mBuilding C object CMakeFiles/custom_interfaces__rosidl_generator_c.dir/rosidl_generator_c/custom_interfaces/srv/detail/get_position__functions.c.o[0m
[3.077s] [ 12%] [32mBuilding C object CMakeFiles/custom_interfaces__rosidl_generator_c.dir/rosidl_generator_c/custom_interfaces/srv/detail/reset__functions.c.o[0m
[3.081s] [ 13%] [32mBuilding C object CMakeFiles/custom_interfaces__rosidl_generator_c.dir/rosidl_generator_c/custom_interfaces/action/detail/control__functions.c.o[0m
[3.174s] [ 14%] [32m[1mLinking C shared library libcustom_interfaces__rosidl_generator_c.so[0m
[3.204s] [ 14%] Built target custom_interfaces__rosidl_generator_c
[3.214s] [ 15%] [34m[1mGenerating C type support for eProsima Fast-RTPS[0m
[3.214s] [ 16%] [34m[1mGenerating C introspection for ROS interfaces[0m
[3.214s] [ 17%] [34m[1mGenerating C type support dispatch for ROS interfaces[0m
[3.921s] [ 20%] [32mBuilding CXX object CMakeFiles/custom_interfaces__rosidl_typesupport_introspection_cpp.dir/rosidl_typesupport_introspection_cpp/custom_interfaces/msg/detail/vision__type_support.cpp.o[0m
[3.921s] [ 20%] [32mBuilding CXX object CMakeFiles/custom_interfaces__rosidl_typesupport_introspection_cpp.dir/rosidl_typesupport_introspection_cpp/custom_interfaces/msg/detail/set_position__type_support.cpp.o[0m
[3.921s] [ 20%] [32mBuilding CXX object CMakeFiles/custom_interfaces__rosidl_typesupport_introspection_cpp.dir/rosidl_typesupport_introspection_cpp/custom_interfaces/msg/detail/vision_robot__type_support.cpp.o[0m
[4.275s] [ 21%] [32mBuilding CXX object CMakeFiles/custom_interfaces__rosidl_typesupport_cpp.dir/rosidl_typesupport_cpp/custom_interfaces/msg/set_position__type_support.cpp.o[0m
[4.345s] [ 22%] [32mBuilding CXX object CMakeFiles/custom_interfaces__rosidl_typesupport_fastrtps_cpp.dir/rosidl_typesupport_fastrtps_cpp/custom_interfaces/msg/detail/dds_fastrtps/set_position__type_support.cpp.o[0m
[4.360s] [ 22%] [32mBuilding CXX object CMakeFiles/custom_interfaces__rosidl_typesupport_introspection_cpp.dir/rosidl_typesupport_introspection_cpp/custom_interfaces/msg/detail/humanoid_league_msgs__type_support.cpp.o[0m
[4.369s] [ 23%] [32mBuilding CXX object CMakeFiles/custom_interfaces__rosidl_typesupport_introspection_cpp.dir/rosidl_typesupport_introspection_cpp/custom_interfaces/msg/detail/localization__type_support.cpp.o[0m
[4.440s] [ 24%] [32mBuilding CXX object CMakeFiles/custom_interfaces__rosidl_typesupport_introspection_cpp.dir/rosidl_typesupport_introspection_cpp/custom_interfaces/msg/detail/set_position_original__type_support.cpp.o[0m
[4.583s] [ 25%] [32mBuilding CXX object CMakeFiles/custom_interfaces__rosidl_typesupport_cpp.dir/rosidl_typesupport_cpp/custom_interfaces/msg/vision__type_support.cpp.o[0m
[4.671s] [ 25%] [32mBuilding CXX object CMakeFiles/custom_interfaces__rosidl_typesupport_c.dir/rosidl_typesupport_c/custom_interfaces/msg/set_position__type_support.cpp.o[0m
[4.708s] [ 26%] [32mBuilding CXX object CMakeFiles/custom_interfaces__rosidl_typesupport_c.dir/rosidl_typesupport_c/custom_interfaces/msg/vision__type_support.cpp.o[0m
[4.743s] [ 27%] [32mBuilding CXX object CMakeFiles/custom_interfaces__rosidl_typesupport_c.dir/rosidl_typesupport_c/custom_interfaces/msg/vision_robot__type_support.cpp.o[0m
[4.777s] [ 28%] [32mBuilding CXX object CMakeFiles/custom_interfaces__rosidl_typesupport_c.dir/rosidl_typesupport_c/custom_interfaces/msg/humanoid_league_msgs__type_support.cpp.o[0m
[4.813s] [ 28%] [32mBuilding CXX object CMakeFiles/custom_interfaces__rosidl_typesupport_c.dir/rosidl_typesupport_c/custom_interfaces/msg/localization__type_support.cpp.o[0m
[4.818s] [ 29%] [32mBuilding CXX object CMakeFiles/custom_interfaces__rosidl_typesupport_introspection_cpp.dir/rosidl_typesupport_introspection_cpp/custom_interfaces/msg/detail/decision__type_support.cpp.o[0m
[4.846s] [ 30%] [32mBuilding CXX object CMakeFiles/custom_interfaces__rosidl_typesupport_c.dir/rosidl_typesupport_c/custom_interfaces/msg/set_position_original__type_support.cpp.o[0m
[4.881s] [ 31%] [32mBuilding CXX object CMakeFiles/custom_interfaces__rosidl_typesupport_c.dir/rosidl_typesupport_c/custom_interfaces/msg/decision__type_support.cpp.o[0m
[4.888s] [ 31%] [32mBuilding CXX object CMakeFiles/custom_interfaces__rosidl_typesupport_introspection_cpp.dir/rosidl_typesupport_introspection_cpp/custom_interfaces/msg/detail/walk__type_support.cpp.o[0m
[4.903s] [ 31%] [32mBuilding CXX object CMakeFiles/custom_interfaces__rosidl_typesupport_cpp.dir/rosidl_typesupport_cpp/custom_interfaces/msg/vision_robot__type_support.cpp.o[0m
[4.903s] [ 32%] [32mBuilding CXX object CMakeFiles/custom_interfaces__rosidl_typesupport_introspection_cpp.dir/rosidl_typesupport_introspection_cpp/custom_interfaces/msg/detail/neck_position__type_support.cpp.o[0m
[4.916s] [ 33%] [32mBuilding CXX object CMakeFiles/custom_interfaces__rosidl_typesupport_c.dir/rosidl_typesupport_c/custom_interfaces/msg/walk__type_support.cpp.o[0m
[4.931s] [ 34%] [32mBuilding CXX object CMakeFiles/custom_interfaces__rosidl_typesupport_fastrtps_cpp.dir/rosidl_typesupport_fastrtps_cpp/custom_interfaces/msg/detail/dds_fastrtps/vision__type_support.cpp.o[0m
[4.948s] [ 34%] [32mBuilding CXX object CMakeFiles/custom_interfaces__rosidl_typesupport_c.dir/rosidl_typesupport_c/custom_interfaces/msg/neck_position__type_support.cpp.o[0m
[4.983s] [ 35%] [32mBuilding CXX object CMakeFiles/custom_interfaces__rosidl_typesupport_c.dir/rosidl_typesupport_c/custom_interfaces/msg/joint_state__type_support.cpp.o[0m
[5.023s] [ 36%] [32mBuilding CXX object CMakeFiles/custom_interfaces__rosidl_typesupport_c.dir/rosidl_typesupport_c/custom_interfaces/msg/robot_state__type_support.cpp.o[0m
[5.058s] [ 37%] [32mBuilding CXX object CMakeFiles/custom_interfaces__rosidl_typesupport_c.dir/rosidl_typesupport_c/custom_interfaces/srv/get_position__type_support.cpp.o[0m
[5.097s] [ 37%] [32mBuilding CXX object CMakeFiles/custom_interfaces__rosidl_typesupport_c.dir/rosidl_typesupport_c/custom_interfaces/srv/reset__type_support.cpp.o[0m
[5.135s] [ 38%] [32mBuilding CXX object CMakeFiles/custom_interfaces__rosidl_typesupport_c.dir/rosidl_typesupport_c/custom_interfaces/action/control__type_support.cpp.o[0m
[5.158s] [ 39%] [32mBuilding C object CMakeFiles/custom_interfaces__rosidl_typesupport_introspection_c.dir/rosidl_typesupport_introspection_c/custom_interfaces/msg/detail/set_position__type_support.c.o[0m
[5.198s] [ 40%] [32m[1mLinking CXX shared library libcustom_interfaces__rosidl_typesupport_c.so[0m
[5.213s] [ 41%] [32mBuilding C object CMakeFiles/custom_interfaces__rosidl_typesupport_introspection_c.dir/rosidl_typesupport_introspection_c/custom_interfaces/msg/detail/vision__type_support.c.o[0m
[5.235s] [ 42%] [32mBuilding CXX object CMakeFiles/custom_interfaces__rosidl_typesupport_cpp.dir/rosidl_typesupport_cpp/custom_interfaces/msg/humanoid_league_msgs__type_support.cpp.o[0m
[5.252s] [ 42%] [32mBuilding C object CMakeFiles/custom_interfaces__rosidl_typesupport_introspection_c.dir/rosidl_typesupport_introspection_c/custom_interfaces/msg/detail/vision_robot__type_support.c.o[0m
[5.256s] [ 42%] Built target custom_interfaces__rosidl_typesupport_c
[5.261s] [ 43%] [32mBuilding CXX object CMakeFiles/custom_interfaces__rosidl_typesupport_introspection_cpp.dir/rosidl_typesupport_introspection_cpp/custom_interfaces/msg/detail/joint_state__type_support.cpp.o[0m
[5.265s] [ 44%] [32mBuilding C object CMakeFiles/custom_interfaces__rosidl_typesupport_introspection_c.dir/rosidl_typesupport_introspection_c/custom_interfaces/msg/detail/humanoid_league_msgs__type_support.c.o[0m
[5.276s] [ 45%] [32mBuilding CXX object CMakeFiles/custom_interfaces__rosidl_typesupport_fastrtps_c.dir/rosidl_typesupport_fastrtps_c/custom_interfaces/msg/detail/set_position__type_support_c.cpp.o[0m
[5.310s] [ 46%] [32mBuilding C object CMakeFiles/custom_interfaces__rosidl_typesupport_introspection_c.dir/rosidl_typesupport_introspection_c/custom_interfaces/msg/detail/localization__type_support.c.o[0m
[5.315s] [ 47%] [32mBuilding CXX object CMakeFiles/custom_interfaces__rosidl_typesupport_introspection_cpp.dir/rosidl_typesupport_introspection_cpp/custom_interfaces/msg/detail/robot_state__type_support.cpp.o[0m
[5.321s] [ 47%] [32mBuilding CXX object CMakeFiles/custom_interfaces__rosidl_typesupport_fastrtps_cpp.dir/rosidl_typesupport_fastrtps_cpp/custom_interfaces/msg/detail/dds_fastrtps/vision_robot__type_support.cpp.o[0m
[5.347s] [ 48%] [32mBuilding C object CMakeFiles/custom_interfaces__rosidl_typesupport_introspection_c.dir/rosidl_typesupport_introspection_c/custom_interfaces/msg/detail/set_position_original__type_support.c.o[0m
[5.360s] [ 48%] [32mBuilding CXX object CMakeFiles/custom_interfaces__rosidl_typesupport_introspection_cpp.dir/rosidl_typesupport_introspection_cpp/custom_interfaces/srv/detail/get_position__type_support.cpp.o[0m
[5.385s] [ 48%] [32mBuilding C object CMakeFiles/custom_interfaces__rosidl_typesupport_introspection_c.dir/rosidl_typesupport_introspection_c/custom_interfaces/msg/detail/decision__type_support.c.o[0m
[5.405s] [ 49%] [32mBuilding CXX object CMakeFiles/custom_interfaces__rosidl_typesupport_fastrtps_cpp.dir/rosidl_typesupport_fastrtps_cpp/custom_interfaces/msg/detail/dds_fastrtps/humanoid_league_msgs__type_support.cpp.o[0m
[5.424s] [ 50%] [32mBuilding C object CMakeFiles/custom_interfaces__rosidl_typesupport_introspection_c.dir/rosidl_typesupport_introspection_c/custom_interfaces/msg/detail/walk__type_support.c.o[0m
[5.464s] [ 51%] [32mBuilding C object CMakeFiles/custom_interfaces__rosidl_typesupport_introspection_c.dir/rosidl_typesupport_introspection_c/custom_interfaces/msg/detail/neck_position__type_support.c.o[0m
[5.504s] [ 51%] [32mBuilding C object CMakeFiles/custom_interfaces__rosidl_typesupport_introspection_c.dir/rosidl_typesupport_introspection_c/custom_interfaces/msg/detail/joint_state__type_support.c.o[0m
[5.555s] [ 52%] [32mBuilding C object CMakeFiles/custom_interfaces__rosidl_typesupport_introspection_c.dir/rosidl_typesupport_introspection_c/custom_interfaces/msg/detail/robot_state__type_support.c.o[0m
[5.558s] [ 53%] [32mBuilding CXX object CMakeFiles/custom_interfaces__rosidl_typesupport_cpp.dir/rosidl_typesupport_cpp/custom_interfaces/msg/localization__type_support.cpp.o[0m
[5.594s] [ 54%] [32mBuilding C object CMakeFiles/custom_interfaces__rosidl_typesupport_introspection_c.dir/rosidl_typesupport_introspection_c/custom_interfaces/srv/detail/get_position__type_support.c.o[0m
[5.639s] [ 55%] [32mBuilding C object CMakeFiles/custom_interfaces__rosidl_typesupport_introspection_c.dir/rosidl_typesupport_introspection_c/custom_interfaces/srv/detail/reset__type_support.c.o[0m
[5.683s] [ 55%] [32mBuilding C object CMakeFiles/custom_interfaces__rosidl_typesupport_introspection_c.dir/rosidl_typesupport_introspection_c/custom_interfaces/action/detail/control__type_support.c.o[0m
[5.687s] [ 55%] [32mBuilding CXX object CMakeFiles/custom_interfaces__rosidl_typesupport_fastrtps_c.dir/rosidl_typesupport_fastrtps_c/custom_interfaces/msg/detail/vision__type_support_c.cpp.o[0m
[5.739s] [ 56%] [32m[1mLinking C shared library libcustom_interfaces__rosidl_typesupport_introspection_c.so[0m
[5.775s] [ 57%] [32mBuilding CXX object CMakeFiles/custom_interfaces__rosidl_typesupport_introspection_cpp.dir/rosidl_typesupport_introspection_cpp/custom_interfaces/srv/detail/reset__type_support.cpp.o[0m
[5.782s] [ 57%] Built target custom_interfaces__rosidl_typesupport_introspection_c
[5.786s] [ 58%] [32mBuilding CXX object CMakeFiles/custom_interfaces__rosidl_typesupport_fastrtps_cpp.dir/rosidl_typesupport_fastrtps_cpp/custom_interfaces/msg/detail/dds_fastrtps/localization__type_support.cpp.o[0m
[5.792s] [ 60%] [32mBuilding CXX object CMakeFiles/custom_interfaces__rosidl_typesupport_fastrtps_cpp.dir/rosidl_typesupport_fastrtps_cpp/custom_interfaces/msg/detail/dds_fastrtps/set_position_original__type_support.cpp.o[0m
[5.792s] [ 60%] [32mBuilding CXX object CMakeFiles/custom_interfaces__rosidl_typesupport_introspection_cpp.dir/rosidl_typesupport_introspection_cpp/custom_interfaces/action/detail/control__type_support.cpp.o[0m
[5.822s] [ 60%] [32mBuilding CXX object CMakeFiles/custom_interfaces__rosidl_typesupport_fastrtps_cpp.dir/rosidl_typesupport_fastrtps_cpp/custom_interfaces/msg/detail/dds_fastrtps/decision__type_support.cpp.o[0m
[5.880s] [ 60%] [32mBuilding CXX object CMakeFiles/custom_interfaces__rosidl_typesupport_cpp.dir/rosidl_typesupport_cpp/custom_interfaces/msg/set_position_original__type_support.cpp.o[0m
[5.919s] [ 61%] [32mBuilding CXX object CMakeFiles/custom_interfaces__rosidl_typesupport_fastrtps_cpp.dir/rosidl_typesupport_fastrtps_cpp/custom_interfaces/msg/detail/dds_fastrtps/walk__type_support.cpp.o[0m
[6.079s] [ 62%] [32mBuilding CXX object CMakeFiles/custom_interfaces__rosidl_typesupport_fastrtps_c.dir/rosidl_typesupport_fastrtps_c/custom_interfaces/msg/detail/vision_robot__type_support_c.cpp.o[0m
[6.200s] [ 63%] [32mBuilding CXX object CMakeFiles/custom_interfaces__rosidl_typesupport_cpp.dir/rosidl_typesupport_cpp/custom_interfaces/msg/decision__type_support.cpp.o[0m
[6.230s] [ 64%] [32mBuilding CXX object CMakeFiles/custom_interfaces__rosidl_typesupport_cpp.dir/rosidl_typesupport_cpp/custom_interfaces/msg/walk__type_support.cpp.o[0m
[6.247s] [ 65%] [32mBuilding CXX object CMakeFiles/custom_interfaces__rosidl_typesupport_fastrtps_cpp.dir/rosidl_typesupport_fastrtps_cpp/custom_interfaces/msg/detail/dds_fastrtps/neck_position__type_support.cpp.o[0m
[6.266s] [ 66%] [32mBuilding CXX object CMakeFiles/custom_interfaces__rosidl_typesupport_fastrtps_cpp.dir/rosidl_typesupport_fastrtps_cpp/custom_interfaces/msg/detail/dds_fastrtps/joint_state__type_support.cpp.o[0m
[6.289s] [ 66%] [32mBuilding CXX object CMakeFiles/custom_interfaces__rosidl_typesupport_fastrtps_cpp.dir/rosidl_typesupport_fastrtps_cpp/custom_interfaces/msg/detail/dds_fastrtps/robot_state__type_support.cpp.o[0m
[6.392s] [ 67%] [32mBuilding CXX object CMakeFiles/custom_interfaces__rosidl_typesupport_fastrtps_cpp.dir/rosidl_typesupport_fastrtps_cpp/custom_interfaces/srv/detail/dds_fastrtps/get_position__type_support.cpp.o[0m
[6.478s] [ 68%] [32mBuilding CXX object CMakeFiles/custom_interfaces__rosidl_typesupport_fastrtps_c.dir/rosidl_typesupport_fastrtps_c/custom_interfaces/msg/detail/humanoid_league_msgs__type_support_c.cpp.o[0m
[6.510s] [ 69%] [32m[1mLinking CXX shared library libcustom_interfaces__rosidl_typesupport_introspection_cpp.so[0m
[6.514s] [ 70%] [32mBuilding CXX object CMakeFiles/custom_interfaces__rosidl_typesupport_cpp.dir/rosidl_typesupport_cpp/custom_interfaces/msg/neck_position__type_support.cpp.o[0m
[6.549s] [ 70%] [32mBuilding CXX object CMakeFiles/custom_interfaces__rosidl_typesupport_cpp.dir/rosidl_typesupport_cpp/custom_interfaces/msg/joint_state__type_support.cpp.o[0m
[6.644s] [ 70%] Built target custom_interfaces__rosidl_typesupport_introspection_cpp
[6.654s] [ 71%] [32mBuilding CXX object CMakeFiles/custom_interfaces__rosidl_typesupport_cpp.dir/rosidl_typesupport_cpp/custom_interfaces/msg/robot_state__type_support.cpp.o[0m
[6.720s] [ 72%] [32mBuilding CXX object CMakeFiles/custom_interfaces__rosidl_typesupport_fastrtps_cpp.dir/rosidl_typesupport_fastrtps_cpp/custom_interfaces/srv/detail/dds_fastrtps/reset__type_support.cpp.o[0m
[6.762s] [ 73%] [32mBuilding CXX object CMakeFiles/custom_interfaces__rosidl_typesupport_fastrtps_cpp.dir/rosidl_typesupport_fastrtps_cpp/custom_interfaces/action/detail/dds_fastrtps/control__type_support.cpp.o[0m
[6.838s] [ 74%] [32mBuilding CXX object CMakeFiles/custom_interfaces__rosidl_typesupport_cpp.dir/rosidl_typesupport_cpp/custom_interfaces/srv/get_position__type_support.cpp.o[0m
[6.841s] [ 75%] [32mBuilding CXX object CMakeFiles/custom_interfaces__rosidl_typesupport_cpp.dir/rosidl_typesupport_cpp/custom_interfaces/srv/reset__type_support.cpp.o[0m
[6.876s] [ 75%] [32mBuilding CXX object CMakeFiles/custom_interfaces__rosidl_typesupport_cpp.dir/rosidl_typesupport_cpp/custom_interfaces/action/control__type_support.cpp.o[0m
[6.885s] [ 76%] [32mBuilding CXX object CMakeFiles/custom_interfaces__rosidl_typesupport_fastrtps_c.dir/rosidl_typesupport_fastrtps_c/custom_interfaces/msg/detail/localization__type_support_c.cpp.o[0m
[6.913s] [ 76%] [32mBuilding CXX object CMakeFiles/custom_interfaces__rosidl_typesupport_fastrtps_c.dir/rosidl_typesupport_fastrtps_c/custom_interfaces/msg/detail/set_position_original__type_support_c.cpp.o[0m
[6.973s] [ 77%] [32mBuilding CXX object CMakeFiles/custom_interfaces__rosidl_typesupport_fastrtps_c.dir/rosidl_typesupport_fastrtps_c/custom_interfaces/msg/detail/decision__type_support_c.cpp.o[0m
[7.157s] [ 79%] [32mBuilding CXX object CMakeFiles/custom_interfaces__rosidl_typesupport_fastrtps_c.dir/rosidl_typesupport_fastrtps_c/custom_interfaces/msg/detail/walk__type_support_c.cpp.o[0m
[7.157s] [ 79%] [32mBuilding CXX object CMakeFiles/custom_interfaces__rosidl_typesupport_fastrtps_c.dir/rosidl_typesupport_fastrtps_c/custom_interfaces/msg/detail/neck_position__type_support_c.cpp.o[0m
[7.198s] [ 79%] [32mBuilding CXX object CMakeFiles/custom_interfaces__rosidl_typesupport_fastrtps_c.dir/rosidl_typesupport_fastrtps_c/custom_interfaces/msg/detail/joint_state__type_support_c.cpp.o[0m
[7.284s] [ 80%] [32mBuilding CXX object CMakeFiles/custom_interfaces__rosidl_typesupport_fastrtps_c.dir/rosidl_typesupport_fastrtps_c/custom_interfaces/msg/detail/robot_state__type_support_c.cpp.o[0m
[7.317s] [ 81%] [32mBuilding CXX object CMakeFiles/custom_interfaces__rosidl_typesupport_fastrtps_c.dir/rosidl_typesupport_fastrtps_c/custom_interfaces/srv/detail/get_position__type_support_c.cpp.o[0m
[7.373s] [ 82%] [32mBuilding CXX object CMakeFiles/custom_interfaces__rosidl_typesupport_fastrtps_c.dir/rosidl_typesupport_fastrtps_c/custom_interfaces/srv/detail/reset__type_support_c.cpp.o[0m
[7.415s] [ 83%] [32m[1mLinking CXX shared library libcustom_interfaces__rosidl_typesupport_cpp.so[0m
[7.428s] [ 83%] [32m[1mLinking CXX shared library libcustom_interfaces__rosidl_typesupport_fastrtps_cpp.so[0m
[7.471s] [ 83%] Built target custom_interfaces__rosidl_typesupport_cpp
[7.484s] [ 83%] [32mBuilding CXX object CMakeFiles/custom_interfaces__rosidl_typesupport_fastrtps_c.dir/rosidl_typesupport_fastrtps_c/custom_interfaces/action/detail/control__type_support_c.cpp.o[0m
[7.559s] [ 83%] Built target custom_interfaces__rosidl_typesupport_fastrtps_cpp
[7.809s] [ 84%] [32m[1mLinking CXX shared library libcustom_interfaces__rosidl_typesupport_fastrtps_c.so[0m
[7.865s] [ 84%] Built target custom_interfaces__rosidl_typesupport_fastrtps_c
[7.879s] [ 84%] Built target custom_interfaces
[7.893s] [ 85%] [34m[1mGenerating Python code for ROS interfaces[0m
[9.686s] [ 85%] Built target custom_interfaces__py
[9.704s] [ 90%] [32mBuilding C object CMakeFiles/custom_interfaces__rosidl_generator_py.dir/rosidl_generator_py/custom_interfaces/msg/_set_position_original_s.c.o[0m
[9.704s] [ 90%] [32mBuilding C object CMakeFiles/custom_interfaces__rosidl_generator_py.dir/rosidl_generator_py/custom_interfaces/msg/_decision_s.c.o[0m
[9.704s] [ 90%] [32mBuilding C object CMakeFiles/custom_interfaces__rosidl_generator_py.dir/rosidl_generator_py/custom_interfaces/msg/_walk_s.c.o[0m
[9.704s] [ 90%] [32mBuilding C object CMakeFiles/custom_interfaces__rosidl_generator_py.dir/rosidl_generator_py/custom_interfaces/msg/_set_position_s.c.o[0m
[9.704s] [ 90%] [32mBuilding C object CMakeFiles/custom_interfaces__rosidl_generator_py.dir/rosidl_generator_py/custom_interfaces/msg/_localization_s.c.o[0m
[9.704s] [ 90%] [32mBuilding C object CMakeFiles/custom_interfaces__rosidl_generator_py.dir/rosidl_generator_py/custom_interfaces/msg/_humanoid_league_msgs_s.c.o[0m
[9.704s] [ 90%] [32mBuilding C object CMakeFiles/custom_interfaces__rosidl_generator_py.dir/rosidl_generator_py/custom_interfaces/msg/_vision_s.c.o[0m
[9.706s] [ 91%] [32mBuilding C object CMakeFiles/custom_interfaces__rosidl_generator_py.dir/rosidl_generator_py/custom_interfaces/msg/_vision_robot_s.c.o[0m
[9.844s] [ 93%] [32mBuilding C object CMakeFiles/custom_interfaces__rosidl_generator_py.dir/rosidl_generator_py/custom_interfaces/msg/_joint_state_s.c.o[0m
[9.844s] [ 93%] [32mBuilding C object CMakeFiles/custom_interfaces__rosidl_generator_py.dir/rosidl_generator_py/custom_interfaces/msg/_robot_state_s.c.o[0m
[9.844s] [ 93%] [32mBuilding C object CMakeFiles/custom_interfaces__rosidl_generator_py.dir/rosidl_generator_py/custom_interfaces/msg/_neck_position_s.c.o[0m
[9.846s] [ 94%] [32mBuilding C object CMakeFiles/custom_interfaces__rosidl_generator_py.dir/rosidl_generator_py/custom_interfaces/srv/_get_position_s.c.o[0m
[9.848s] [ 95%] [32mBuilding C object CMakeFiles/custom_interfaces__rosidl_generator_py.dir/rosidl_generator_py/custom_interfaces/srv/_reset_s.c.o[0m
[9.848s] [ 95%] [32mBuilding C object CMakeFiles/custom_interfaces__rosidl_generator_py.dir/rosidl_generator_py/custom_interfaces/action/_control_s.c.o[0m
[9.991s] [ 96%] [32m[1mLinking C shared library rosidl_generator_py/custom_interfaces/libcustom_interfaces__rosidl_generator_py.so[0m
[10.038s] [ 96%] Built target custom_interfaces__rosidl_generator_py
[10.053s] [ 99%] [32mBuilding C object CMakeFiles/custom_interfaces__rosidl_typesupport_c__pyext.dir/rosidl_generator_py/custom_interfaces/_custom_interfaces_s.ep.rosidl_typesupport_c.c.o[0m
[10.053s] [ 99%] [32mBuilding C object CMakeFiles/custom_interfaces__rosidl_typesupport_introspection_c__pyext.dir/rosidl_generator_py/custom_interfaces/_custom_interfaces_s.ep.rosidl_typesupport_introspection_c.c.o[0m
[10.053s] [ 99%] [32mBuilding C object CMakeFiles/custom_interfaces__rosidl_typesupport_fastrtps_c__pyext.dir/rosidl_generator_py/custom_interfaces/_custom_interfaces_s.ep.rosidl_typesupport_fastrtps_c.c.o[0m
[10.174s] [100%] [32m[1mLinking C shared library rosidl_generator_py/custom_interfaces/custom_interfaces_s__rosidl_typesupport_fastrtps_c.cpython-310-x86_64-linux-gnu.so[0m
[10.174s] [100%] [32m[1mLinking C shared library rosidl_generator_py/custom_interfaces/custom_interfaces_s__rosidl_typesupport_c.cpython-310-x86_64-linux-gnu.so[0m
[10.174s] [100%] [32m[1mLinking C shared library rosidl_generator_py/custom_interfaces/custom_interfaces_s__rosidl_typesupport_introspection_c.cpython-310-x86_64-linux-gnu.so[0m
[10.206s] [100%] Built target custom_interfaces__rosidl_typesupport_fastrtps_c__pyext
[10.206s] [100%] Built target custom_interfaces__rosidl_typesupport_c__pyext
[10.206s] [100%] Built target custom_interfaces__rosidl_typesupport_introspection_c__pyext
[10.216s] Invoked command in '/home/robo/RoboFEI-HT_2023_SOFTWARE/build/custom_interfaces' returned '0': CMAKE_PREFIX_PATH=/opt/ros/humble /usr/bin/cmake --build /home/robo/RoboFEI-HT_2023_SOFTWARE/build/custom_interfaces -- -j8 -l8
[10.394s] Invoking command in '/home/robo/RoboFEI-HT_2023_SOFTWARE/build/custom_interfaces': CMAKE_PREFIX_PATH=/opt/ros/humble /usr/bin/cmake --install /home/robo/RoboFEI-HT_2023_SOFTWARE/build/custom_interfaces
[10.399s] -- Install configuration: ""
[10.400s] -- Execute custom install script
[10.400s] -- Symlinking: /home/robo/RoboFEI-HT_2023_SOFTWARE/install/custom_interfaces/share/ament_index/resource_index/rosidl_interfaces/custom_interfaces
[10.408s] -- Symlinking: /home/robo/RoboFEI-HT_2023_SOFTWARE/install/custom_interfaces/include/custom_interfaces/custom_interfaces/action/control.h
[10.417s] -- Symlinking: /home/robo/RoboFEI-HT_2023_SOFTWARE/install/custom_interfaces/include/custom_interfaces/custom_interfaces/action/detail/control__functions.h
[10.426s] -- Symlinking: /home/robo/RoboFEI-HT_2023_SOFTWARE/install/custom_interfaces/include/custom_interfaces/custom_interfaces/action/detail/control__struct.h
[10.438s] -- Symlinking: /home/robo/RoboFEI-HT_2023_SOFTWARE/install/custom_interfaces/include/custom_interfaces/custom_interfaces/action/detail/control__type_support.h
[10.445s] -- Symlinking: /home/robo/RoboFEI-HT_2023_SOFTWARE/install/custom_interfaces/include/custom_interfaces/custom_interfaces/msg/decision.h
[10.451s] -- Symlinking: /home/robo/RoboFEI-HT_2023_SOFTWARE/install/custom_interfaces/include/custom_interfaces/custom_interfaces/msg/detail/decision__functions.h
[10.459s] -- Symlinking: /home/robo/RoboFEI-HT_2023_SOFTWARE/install/custom_interfaces/include/custom_interfaces/custom_interfaces/msg/detail/decision__struct.h
[10.470s] -- Symlinking: /home/robo/RoboFEI-HT_2023_SOFTWARE/install/custom_interfaces/include/custom_interfaces/custom_interfaces/msg/detail/decision__type_support.h
[10.478s] -- Symlinking: /home/robo/RoboFEI-HT_2023_SOFTWARE/install/custom_interfaces/include/custom_interfaces/custom_interfaces/msg/detail/humanoid_league_msgs__functions.h
[10.483s] -- Symlinking: /home/robo/RoboFEI-HT_2023_SOFTWARE/install/custom_interfaces/include/custom_interfaces/custom_interfaces/msg/detail/humanoid_league_msgs__struct.h
[10.490s] -- Symlinking: /home/robo/RoboFEI-HT_2023_SOFTWARE/install/custom_interfaces/include/custom_interfaces/custom_interfaces/msg/detail/humanoid_league_msgs__type_support.h
[10.496s] -- Symlinking: /home/robo/RoboFEI-HT_2023_SOFTWARE/install/custom_interfaces/include/custom_interfaces/custom_interfaces/msg/detail/joint_state__functions.h
[10.501s] -- Symlinking: /home/robo/RoboFEI-HT_2023_SOFTWARE/install/custom_interfaces/include/custom_interfaces/custom_interfaces/msg/detail/joint_state__struct.h
[10.507s] -- Symlinking: /home/robo/RoboFEI-HT_2023_SOFTWARE/install/custom_interfaces/include/custom_interfaces/custom_interfaces/msg/detail/joint_state__type_support.h
[10.513s] -- Symlinking: /home/robo/RoboFEI-HT_2023_SOFTWARE/install/custom_interfaces/include/custom_interfaces/custom_interfaces/msg/detail/localization__functions.h
[10.519s] -- Symlinking: /home/robo/RoboFEI-HT_2023_SOFTWARE/install/custom_interfaces/include/custom_interfaces/custom_interfaces/msg/detail/localization__struct.h
[10.525s] -- Symlinking: /home/robo/RoboFEI-HT_2023_SOFTWARE/install/custom_interfaces/include/custom_interfaces/custom_interfaces/msg/detail/localization__type_support.h
[10.531s] -- Symlinking: /home/robo/RoboFEI-HT_2023_SOFTWARE/install/custom_interfaces/include/custom_interfaces/custom_interfaces/msg/detail/neck_position__functions.h
[10.537s] -- Symlinking: /home/robo/RoboFEI-HT_2023_SOFTWARE/install/custom_interfaces/include/custom_interfaces/custom_interfaces/msg/detail/neck_position__struct.h
[10.543s] -- Symlinking: /home/robo/RoboFEI-HT_2023_SOFTWARE/install/custom_interfaces/include/custom_interfaces/custom_interfaces/msg/detail/neck_position__type_support.h
[10.549s] -- Symlinking: /home/robo/RoboFEI-HT_2023_SOFTWARE/install/custom_interfaces/include/custom_interfaces/custom_interfaces/msg/detail/robot_state__functions.h
[10.555s] -- Symlinking: /home/robo/RoboFEI-HT_2023_SOFTWARE/install/custom_interfaces/include/custom_interfaces/custom_interfaces/msg/detail/robot_state__struct.h
[10.561s] -- Symlinking: /home/robo/RoboFEI-HT_2023_SOFTWARE/install/custom_interfaces/include/custom_interfaces/custom_interfaces/msg/detail/robot_state__type_support.h
[10.566s] -- Symlinking: /home/robo/RoboFEI-HT_2023_SOFTWARE/install/custom_interfaces/include/custom_interfaces/custom_interfaces/msg/detail/set_position__functions.h
[10.572s] -- Symlinking: /home/robo/RoboFEI-HT_2023_SOFTWARE/install/custom_interfaces/include/custom_interfaces/custom_interfaces/msg/detail/set_position__struct.h
[10.578s] -- Symlinking: /home/robo/RoboFEI-HT_2023_SOFTWARE/install/custom_interfaces/include/custom_interfaces/custom_interfaces/msg/detail/set_position__type_support.h
[10.584s] -- Symlinking: /home/robo/RoboFEI-HT_2023_SOFTWARE/install/custom_interfaces/include/custom_interfaces/custom_interfaces/msg/detail/set_position_original__functions.h
[10.590s] -- Symlinking: /home/robo/RoboFEI-HT_2023_SOFTWARE/install/custom_interfaces/include/custom_interfaces/custom_interfaces/msg/detail/set_position_original__struct.h
[10.596s] -- Symlinking: /home/robo/RoboFEI-HT_2023_SOFTWARE/install/custom_interfaces/include/custom_interfaces/custom_interfaces/msg/detail/set_position_original__type_support.h
[10.601s] -- Symlinking: /home/robo/RoboFEI-HT_2023_SOFTWARE/install/custom_interfaces/include/custom_interfaces/custom_interfaces/msg/detail/vision__functions.h
[10.607s] -- Symlinking: /home/robo/RoboFEI-HT_2023_SOFTWARE/install/custom_interfaces/include/custom_interfaces/custom_interfaces/msg/detail/vision__struct.h
[10.613s] -- Symlinking: /home/robo/RoboFEI-HT_2023_SOFTWARE/install/custom_interfaces/include/custom_interfaces/custom_interfaces/msg/detail/vision__type_support.h
[10.619s] -- Symlinking: /home/robo/RoboFEI-HT_2023_SOFTWARE/install/custom_interfaces/include/custom_interfaces/custom_interfaces/msg/detail/vision_robot__functions.h
[10.625s] -- Symlinking: /home/robo/RoboFEI-HT_2023_SOFTWARE/install/custom_interfaces/include/custom_interfaces/custom_interfaces/msg/detail/vision_robot__struct.h
[10.632s] -- Symlinking: /home/robo/RoboFEI-HT_2023_SOFTWARE/install/custom_interfaces/include/custom_interfaces/custom_interfaces/msg/detail/vision_robot__type_support.h
[10.637s] -- Symlinking: /home/robo/RoboFEI-HT_2023_SOFTWARE/install/custom_interfaces/include/custom_interfaces/custom_interfaces/msg/detail/walk__functions.h
[10.644s] -- Symlinking: /home/robo/RoboFEI-HT_2023_SOFTWARE/install/custom_interfaces/include/custom_interfaces/custom_interfaces/msg/detail/walk__struct.h
[10.649s] -- Symlinking: /home/robo/RoboFEI-HT_2023_SOFTWARE/install/custom_interfaces/include/custom_interfaces/custom_interfaces/msg/detail/walk__type_support.h
[10.655s] -- Symlinking: /home/robo/RoboFEI-HT_2023_SOFTWARE/install/custom_interfaces/include/custom_interfaces/custom_interfaces/msg/humanoid_league_msgs.h
[10.661s] -- Symlinking: /home/robo/RoboFEI-HT_2023_SOFTWARE/install/custom_interfaces/include/custom_interfaces/custom_interfaces/msg/joint_state.h
[10.667s] -- Symlinking: /home/robo/RoboFEI-HT_2023_SOFTWARE/install/custom_interfaces/include/custom_interfaces/custom_interfaces/msg/localization.h
[10.673s] -- Symlinking: /home/robo/RoboFEI-HT_2023_SOFTWARE/install/custom_interfaces/include/custom_interfaces/custom_interfaces/msg/neck_position.h
[10.679s] -- Symlinking: /home/robo/RoboFEI-HT_2023_SOFTWARE/install/custom_interfaces/include/custom_interfaces/custom_interfaces/msg/robot_state.h
[10.685s] -- Symlinking: /home/robo/RoboFEI-HT_2023_SOFTWARE/install/custom_interfaces/include/custom_interfaces/custom_interfaces/msg/rosidl_generator_c__visibility_control.h
[10.691s] -- Symlinking: /home/robo/RoboFEI-HT_2023_SOFTWARE/install/custom_interfaces/include/custom_interfaces/custom_interfaces/msg/set_position.h
[10.696s] -- Symlinking: /home/robo/RoboFEI-HT_2023_SOFTWARE/install/custom_interfaces/include/custom_interfaces/custom_interfaces/msg/set_position_original.h
[10.703s] -- Symlinking: /home/robo/RoboFEI-HT_2023_SOFTWARE/install/custom_interfaces/include/custom_interfaces/custom_interfaces/msg/vision.h
[10.709s] -- Symlinking: /home/robo/RoboFEI-HT_2023_SOFTWARE/install/custom_interfaces/include/custom_interfaces/custom_interfaces/msg/vision_robot.h
[10.714s] -- Symlinking: /home/robo/RoboFEI-HT_2023_SOFTWARE/install/custom_interfaces/include/custom_interfaces/custom_interfaces/msg/walk.h
[10.721s] -- Symlinking: /home/robo/RoboFEI-HT_2023_SOFTWARE/install/custom_interfaces/include/custom_interfaces/custom_interfaces/srv/detail/get_position__functions.h
[10.727s] -- Symlinking: /home/robo/RoboFEI-HT_2023_SOFTWARE/install/custom_interfaces/include/custom_interfaces/custom_interfaces/srv/detail/get_position__struct.h
[10.733s] -- Symlinking: /home/robo/RoboFEI-HT_2023_SOFTWARE/install/custom_interfaces/include/custom_interfaces/custom_interfaces/srv/detail/get_position__type_support.h
[10.739s] -- Symlinking: /home/robo/RoboFEI-HT_2023_SOFTWARE/install/custom_interfaces/include/custom_interfaces/custom_interfaces/srv/detail/reset__functions.h
[10.745s] -- Symlinking: /home/robo/RoboFEI-HT_2023_SOFTWARE/install/custom_interfaces/include/custom_interfaces/custom_interfaces/srv/detail/reset__struct.h
[10.750s] -- Symlinking: /home/robo/RoboFEI-HT_2023_SOFTWARE/install/custom_interfaces/include/custom_interfaces/custom_interfaces/srv/detail/reset__type_support.h
[10.756s] -- Symlinking: /home/robo/RoboFEI-HT_2023_SOFTWARE/install/custom_interfaces/include/custom_interfaces/custom_interfaces/srv/get_position.h
[10.762s] -- Symlinking: /home/robo/RoboFEI-HT_2023_SOFTWARE/install/custom_interfaces/include/custom_interfaces/custom_interfaces/srv/reset.h
[10.768s] -- Symlinking: /home/robo/RoboFEI-HT_2023_SOFTWARE/install/custom_interfaces/share/custom_interfaces/environment/library_path.sh
[10.774s] -- Symlinking: /home/robo/RoboFEI-HT_2023_SOFTWARE/install/custom_interfaces/share/custom_interfaces/environment/library_path.dsv
[10.780s] -- Symlinking: /home/robo/RoboFEI-HT_2023_SOFTWARE/install/custom_interfaces/include/custom_interfaces/custom_interfaces/action/detail/control__rosidl_typesupport_fastrtps_c.h
[10.786s] -- Symlinking: /home/robo/RoboFEI-HT_2023_SOFTWARE/install/custom_interfaces/include/custom_interfaces/custom_interfaces/msg/detail/decision__rosidl_typesupport_fastrtps_c.h
[10.791s] -- Symlinking: /home/robo/RoboFEI-HT_2023_SOFTWARE/install/custom_interfaces/include/custom_interfaces/custom_interfaces/msg/detail/humanoid_league_msgs__rosidl_typesupport_fastrtps_c.h
[10.797s] -- Symlinking: /home/robo/RoboFEI-HT_2023_SOFTWARE/install/custom_interfaces/include/custom_interfaces/custom_interfaces/msg/detail/joint_state__rosidl_typesupport_fastrtps_c.h
[10.803s] -- Symlinking: /home/robo/RoboFEI-HT_2023_SOFTWARE/install/custom_interfaces/include/custom_interfaces/custom_interfaces/msg/detail/localization__rosidl_typesupport_fastrtps_c.h
[10.809s] -- Symlinking: /home/robo/RoboFEI-HT_2023_SOFTWARE/install/custom_interfaces/include/custom_interfaces/custom_interfaces/msg/detail/neck_position__rosidl_typesupport_fastrtps_c.h
[10.815s] -- Symlinking: /home/robo/RoboFEI-HT_2023_SOFTWARE/install/custom_interfaces/include/custom_interfaces/custom_interfaces/msg/detail/robot_state__rosidl_typesupport_fastrtps_c.h
[10.820s] -- Symlinking: /home/robo/RoboFEI-HT_2023_SOFTWARE/install/custom_interfaces/include/custom_interfaces/custom_interfaces/msg/detail/set_position__rosidl_typesupport_fastrtps_c.h
[10.826s] -- Symlinking: /home/robo/RoboFEI-HT_2023_SOFTWARE/install/custom_interfaces/include/custom_interfaces/custom_interfaces/msg/detail/set_position_original__rosidl_typesupport_fastrtps_c.h
[10.832s] -- Symlinking: /home/robo/RoboFEI-HT_2023_SOFTWARE/install/custom_interfaces/include/custom_interfaces/custom_interfaces/msg/detail/vision__rosidl_typesupport_fastrtps_c.h
[10.838s] -- Symlinking: /home/robo/RoboFEI-HT_2023_SOFTWARE/install/custom_interfaces/include/custom_interfaces/custom_interfaces/msg/detail/vision_robot__rosidl_typesupport_fastrtps_c.h
[10.844s] -- Symlinking: /home/robo/RoboFEI-HT_2023_SOFTWARE/install/custom_interfaces/include/custom_interfaces/custom_interfaces/msg/detail/walk__rosidl_typesupport_fastrtps_c.h
[10.849s] -- Symlinking: /home/robo/RoboFEI-HT_2023_SOFTWARE/install/custom_interfaces/include/custom_interfaces/custom_interfaces/msg/rosidl_typesupport_fastrtps_c__visibility_control.h
[10.855s] -- Symlinking: /home/robo/RoboFEI-HT_2023_SOFTWARE/install/custom_interfaces/include/custom_interfaces/custom_interfaces/srv/detail/get_position__rosidl_typesupport_fastrtps_c.h
[10.861s] -- Symlinking: /home/robo/RoboFEI-HT_2023_SOFTWARE/install/custom_interfaces/include/custom_interfaces/custom_interfaces/srv/detail/reset__rosidl_typesupport_fastrtps_c.h
[10.867s] -- Symlinking: /home/robo/RoboFEI-HT_2023_SOFTWARE/install/custom_interfaces/include/custom_interfaces/custom_interfaces/action/control.hpp
[10.873s] -- Symlinking: /home/robo/RoboFEI-HT_2023_SOFTWARE/install/custom_interfaces/include/custom_interfaces/custom_interfaces/action/detail/control__builder.hpp
[10.879s] -- Symlinking: /home/robo/RoboFEI-HT_2023_SOFTWARE/install/custom_interfaces/include/custom_interfaces/custom_interfaces/action/detail/control__struct.hpp
[10.885s] -- Symlinking: /home/robo/RoboFEI-HT_2023_SOFTWARE/install/custom_interfaces/include/custom_interfaces/custom_interfaces/action/detail/control__traits.hpp
[10.891s] -- Symlinking: /home/robo/RoboFEI-HT_2023_SOFTWARE/install/custom_interfaces/include/custom_interfaces/custom_interfaces/msg/decision.hpp
[10.896s] -- Symlinking: /home/robo/RoboFEI-HT_2023_SOFTWARE/install/custom_interfaces/include/custom_interfaces/custom_interfaces/msg/detail/decision__builder.hpp
[10.902s] -- Symlinking: /home/robo/RoboFEI-HT_2023_SOFTWARE/install/custom_interfaces/include/custom_interfaces/custom_interfaces/msg/detail/decision__struct.hpp
[10.908s] -- Symlinking: /home/robo/RoboFEI-HT_2023_SOFTWARE/install/custom_interfaces/include/custom_interfaces/custom_interfaces/msg/detail/decision__traits.hpp
[10.914s] -- Symlinking: /home/robo/RoboFEI-HT_2023_SOFTWARE/install/custom_interfaces/include/custom_interfaces/custom_interfaces/msg/detail/humanoid_league_msgs__builder.hpp
[10.920s] -- Symlinking: /home/robo/RoboFEI-HT_2023_SOFTWARE/install/custom_interfaces/include/custom_interfaces/custom_interfaces/msg/detail/humanoid_league_msgs__struct.hpp
[10.927s] -- Symlinking: /home/robo/RoboFEI-HT_2023_SOFTWARE/install/custom_interfaces/include/custom_interfaces/custom_interfaces/msg/detail/humanoid_league_msgs__traits.hpp
[10.934s] -- Symlinking: /home/robo/RoboFEI-HT_2023_SOFTWARE/install/custom_interfaces/include/custom_interfaces/custom_interfaces/msg/detail/joint_state__builder.hpp
[10.940s] -- Symlinking: /home/robo/RoboFEI-HT_2023_SOFTWARE/install/custom_interfaces/include/custom_interfaces/custom_interfaces/msg/detail/joint_state__struct.hpp
[10.947s] -- Symlinking: /home/robo/RoboFEI-HT_2023_SOFTWARE/install/custom_interfaces/include/custom_interfaces/custom_interfaces/msg/detail/joint_state__traits.hpp
[10.953s] -- Symlinking: /home/robo/RoboFEI-HT_2023_SOFTWARE/install/custom_interfaces/include/custom_interfaces/custom_interfaces/msg/detail/localization__builder.hpp
[10.960s] -- Symlinking: /home/robo/RoboFEI-HT_2023_SOFTWARE/install/custom_interfaces/include/custom_interfaces/custom_interfaces/msg/detail/localization__struct.hpp
[10.968s] -- Symlinking: /home/robo/RoboFEI-HT_2023_SOFTWARE/install/custom_interfaces/include/custom_interfaces/custom_interfaces/msg/detail/localization__traits.hpp
[10.974s] -- Symlinking: /home/robo/RoboFEI-HT_2023_SOFTWARE/install/custom_interfaces/include/custom_interfaces/custom_interfaces/msg/detail/neck_position__builder.hpp
[10.982s] -- Symlinking: /home/robo/RoboFEI-HT_2023_SOFTWARE/install/custom_interfaces/include/custom_interfaces/custom_interfaces/msg/detail/neck_position__struct.hpp
[10.988s] -- Symlinking: /home/robo/RoboFEI-HT_2023_SOFTWARE/install/custom_interfaces/include/custom_interfaces/custom_interfaces/msg/detail/neck_position__traits.hpp
[10.995s] -- Symlinking: /home/robo/RoboFEI-HT_2023_SOFTWARE/install/custom_interfaces/include/custom_interfaces/custom_interfaces/msg/detail/robot_state__builder.hpp
[11.001s] -- Symlinking: /home/robo/RoboFEI-HT_2023_SOFTWARE/install/custom_interfaces/include/custom_interfaces/custom_interfaces/msg/detail/robot_state__struct.hpp
[11.007s] -- Symlinking: /home/robo/RoboFEI-HT_2023_SOFTWARE/install/custom_interfaces/include/custom_interfaces/custom_interfaces/msg/detail/robot_state__traits.hpp
[11.013s] -- Symlinking: /home/robo/RoboFEI-HT_2023_SOFTWARE/install/custom_interfaces/include/custom_interfaces/custom_interfaces/msg/detail/set_position__builder.hpp
[11.020s] -- Symlinking: /home/robo/RoboFEI-HT_2023_SOFTWARE/install/custom_interfaces/include/custom_interfaces/custom_interfaces/msg/detail/set_position__struct.hpp
[11.025s] -- Symlinking: /home/robo/RoboFEI-HT_2023_SOFTWARE/install/custom_interfaces/include/custom_interfaces/custom_interfaces/msg/detail/set_position__traits.hpp
[11.031s] -- Symlinking: /home/robo/RoboFEI-HT_2023_SOFTWARE/install/custom_interfaces/include/custom_interfaces/custom_interfaces/msg/detail/set_position_original__builder.hpp
[11.037s] -- Symlinking: /home/robo/RoboFEI-HT_2023_SOFTWARE/install/custom_interfaces/include/custom_interfaces/custom_interfaces/msg/detail/set_position_original__struct.hpp
[11.043s] -- Symlinking: /home/robo/RoboFEI-HT_2023_SOFTWARE/install/custom_interfaces/include/custom_interfaces/custom_interfaces/msg/detail/set_position_original__traits.hpp
[11.049s] -- Symlinking: /home/robo/RoboFEI-HT_2023_SOFTWARE/install/custom_interfaces/include/custom_interfaces/custom_interfaces/msg/detail/vision__builder.hpp
[11.055s] -- Symlinking: /home/robo/RoboFEI-HT_2023_SOFTWARE/install/custom_interfaces/include/custom_interfaces/custom_interfaces/msg/detail/vision__struct.hpp
[11.061s] -- Symlinking: /home/robo/RoboFEI-HT_2023_SOFTWARE/install/custom_interfaces/include/custom_interfaces/custom_interfaces/msg/detail/vision__traits.hpp
[11.066s] -- Symlinking: /home/robo/RoboFEI-HT_2023_SOFTWARE/install/custom_interfaces/include/custom_interfaces/custom_interfaces/msg/detail/vision_robot__builder.hpp
[11.072s] -- Symlinking: /home/robo/RoboFEI-HT_2023_SOFTWARE/install/custom_interfaces/include/custom_interfaces/custom_interfaces/msg/detail/vision_robot__struct.hpp
[11.078s] -- Symlinking: /home/robo/RoboFEI-HT_2023_SOFTWARE/install/custom_interfaces/include/custom_interfaces/custom_interfaces/msg/detail/vision_robot__traits.hpp
[11.084s] -- Symlinking: /home/robo/RoboFEI-HT_2023_SOFTWARE/install/custom_interfaces/include/custom_interfaces/custom_interfaces/msg/detail/walk__builder.hpp
[11.090s] -- Symlinking: /home/robo/RoboFEI-HT_2023_SOFTWARE/install/custom_interfaces/include/custom_interfaces/custom_interfaces/msg/detail/walk__struct.hpp
[11.096s] -- Symlinking: /home/robo/RoboFEI-HT_2023_SOFTWARE/install/custom_interfaces/include/custom_interfaces/custom_interfaces/msg/detail/walk__traits.hpp
[11.101s] -- Symlinking: /home/robo/RoboFEI-HT_2023_SOFTWARE/install/custom_interfaces/include/custom_interfaces/custom_interfaces/msg/humanoid_league_msgs.hpp
[11.108s] -- Symlinking: /home/robo/RoboFEI-HT_2023_SOFTWARE/install/custom_interfaces/include/custom_interfaces/custom_interfaces/msg/joint_state.hpp
[11.114s] -- Symlinking: /home/robo/RoboFEI-HT_2023_SOFTWARE/install/custom_interfaces/include/custom_interfaces/custom_interfaces/msg/localization.hpp
[11.120s] -- Symlinking: /home/robo/RoboFEI-HT_2023_SOFTWARE/install/custom_interfaces/include/custom_interfaces/custom_interfaces/msg/neck_position.hpp
[11.125s] -- Symlinking: /home/robo/RoboFEI-HT_2023_SOFTWARE/install/custom_interfaces/include/custom_interfaces/custom_interfaces/msg/robot_state.hpp
[11.131s] -- Symlinking: /home/robo/RoboFEI-HT_2023_SOFTWARE/install/custom_interfaces/include/custom_interfaces/custom_interfaces/msg/set_position.hpp
[11.137s] -- Symlinking: /home/robo/RoboFEI-HT_2023_SOFTWARE/install/custom_interfaces/include/custom_interfaces/custom_interfaces/msg/set_position_original.hpp
[11.143s] -- Symlinking: /home/robo/RoboFEI-HT_2023_SOFTWARE/install/custom_interfaces/include/custom_interfaces/custom_interfaces/msg/vision.hpp
[11.149s] -- Symlinking: /home/robo/RoboFEI-HT_2023_SOFTWARE/install/custom_interfaces/include/custom_interfaces/custom_interfaces/msg/vision_robot.hpp
[11.155s] -- Symlinking: /home/robo/RoboFEI-HT_2023_SOFTWARE/install/custom_interfaces/include/custom_interfaces/custom_interfaces/msg/walk.hpp
[11.160s] -- Symlinking: /home/robo/RoboFEI-HT_2023_SOFTWARE/install/custom_interfaces/include/custom_interfaces/custom_interfaces/srv/detail/get_position__builder.hpp
[11.166s] -- Symlinking: /home/robo/RoboFEI-HT_2023_SOFTWARE/install/custom_interfaces/include/custom_interfaces/custom_interfaces/srv/detail/get_position__struct.hpp
[11.172s] -- Symlinking: /home/robo/RoboFEI-HT_2023_SOFTWARE/install/custom_interfaces/include/custom_interfaces/custom_interfaces/srv/detail/get_position__traits.hpp
[11.177s] -- Symlinking: /home/robo/RoboFEI-HT_2023_SOFTWARE/install/custom_interfaces/include/custom_interfaces/custom_interfaces/srv/detail/reset__builder.hpp
[11.183s] -- Symlinking: /home/robo/RoboFEI-HT_2023_SOFTWARE/install/custom_interfaces/include/custom_interfaces/custom_interfaces/srv/detail/reset__struct.hpp
[11.189s] -- Symlinking: /home/robo/RoboFEI-HT_2023_SOFTWARE/install/custom_interfaces/include/custom_interfaces/custom_interfaces/srv/detail/reset__traits.hpp
[11.195s] -- Symlinking: /home/robo/RoboFEI-HT_2023_SOFTWARE/install/custom_interfaces/include/custom_interfaces/custom_interfaces/srv/get_position.hpp
[11.200s] -- Symlinking: /home/robo/RoboFEI-HT_2023_SOFTWARE/install/custom_interfaces/include/custom_interfaces/custom_interfaces/srv/reset.hpp
[11.207s] -- Symlinking: /home/robo/RoboFEI-HT_2023_SOFTWARE/install/custom_interfaces/include/custom_interfaces/custom_interfaces/action/detail/control__rosidl_typesupport_fastrtps_cpp.hpp
[11.213s] -- Symlinking: /home/robo/RoboFEI-HT_2023_SOFTWARE/install/custom_interfaces/include/custom_interfaces/custom_interfaces/msg/detail/decision__rosidl_typesupport_fastrtps_cpp.hpp
[11.219s] -- Symlinking: /home/robo/RoboFEI-HT_2023_SOFTWARE/install/custom_interfaces/include/custom_interfaces/custom_interfaces/msg/detail/humanoid_league_msgs__rosidl_typesupport_fastrtps_cpp.hpp
[11.225s] -- Symlinking: /home/robo/RoboFEI-HT_2023_SOFTWARE/install/custom_interfaces/include/custom_interfaces/custom_interfaces/msg/detail/joint_state__rosidl_typesupport_fastrtps_cpp.hpp
[11.231s] -- Symlinking: /home/robo/RoboFEI-HT_2023_SOFTWARE/install/custom_interfaces/include/custom_interfaces/custom_interfaces/msg/detail/localization__rosidl_typesupport_fastrtps_cpp.hpp
[11.236s] -- Symlinking: /home/robo/RoboFEI-HT_2023_SOFTWARE/install/custom_interfaces/include/custom_interfaces/custom_interfaces/msg/detail/neck_position__rosidl_typesupport_fastrtps_cpp.hpp
[11.242s] -- Symlinking: /home/robo/RoboFEI-HT_2023_SOFTWARE/install/custom_interfaces/include/custom_interfaces/custom_interfaces/msg/detail/robot_state__rosidl_typesupport_fastrtps_cpp.hpp
[11.248s] -- Symlinking: /home/robo/RoboFEI-HT_2023_SOFTWARE/install/custom_interfaces/include/custom_interfaces/custom_interfaces/msg/detail/set_position__rosidl_typesupport_fastrtps_cpp.hpp
[11.254s] -- Symlinking: /home/robo/RoboFEI-HT_2023_SOFTWARE/install/custom_interfaces/include/custom_interfaces/custom_interfaces/msg/detail/set_position_original__rosidl_typesupport_fastrtps_cpp.hpp
[11.260s] -- Symlinking: /home/robo/RoboFEI-HT_2023_SOFTWARE/install/custom_interfaces/include/custom_interfaces/custom_interfaces/msg/detail/vision__rosidl_typesupport_fastrtps_cpp.hpp
[11.267s] -- Symlinking: /home/robo/RoboFEI-HT_2023_SOFTWARE/install/custom_interfaces/include/custom_interfaces/custom_interfaces/msg/detail/vision_robot__rosidl_typesupport_fastrtps_cpp.hpp
[11.273s] -- Symlinking: /home/robo/RoboFEI-HT_2023_SOFTWARE/install/custom_interfaces/include/custom_interfaces/custom_interfaces/msg/detail/walk__rosidl_typesupport_fastrtps_cpp.hpp
[11.279s] -- Symlinking: /home/robo/RoboFEI-HT_2023_SOFTWARE/install/custom_interfaces/include/custom_interfaces/custom_interfaces/msg/rosidl_typesupport_fastrtps_cpp__visibility_control.h
[11.285s] -- Symlinking: /home/robo/RoboFEI-HT_2023_SOFTWARE/install/custom_interfaces/include/custom_interfaces/custom_interfaces/srv/detail/get_position__rosidl_typesupport_fastrtps_cpp.hpp
[11.291s] -- Symlinking: /home/robo/RoboFEI-HT_2023_SOFTWARE/install/custom_interfaces/include/custom_interfaces/custom_interfaces/srv/detail/reset__rosidl_typesupport_fastrtps_cpp.hpp
[11.297s] -- Symlinking: /home/robo/RoboFEI-HT_2023_SOFTWARE/install/custom_interfaces/include/custom_interfaces/custom_interfaces/action/detail/control__rosidl_typesupport_introspection_c.h
[11.303s] -- Symlinking: /home/robo/RoboFEI-HT_2023_SOFTWARE/install/custom_interfaces/include/custom_interfaces/custom_interfaces/msg/detail/decision__rosidl_typesupport_introspection_c.h
[11.309s] -- Symlinking: /home/robo/RoboFEI-HT_2023_SOFTWARE/install/custom_interfaces/include/custom_interfaces/custom_interfaces/msg/detail/humanoid_league_msgs__rosidl_typesupport_introspection_c.h
[11.315s] -- Symlinking: /home/robo/RoboFEI-HT_2023_SOFTWARE/install/custom_interfaces/include/custom_interfaces/custom_interfaces/msg/detail/joint_state__rosidl_typesupport_introspection_c.h
[11.321s] -- Symlinking: /home/robo/RoboFEI-HT_2023_SOFTWARE/install/custom_interfaces/include/custom_interfaces/custom_interfaces/msg/detail/localization__rosidl_typesupport_introspection_c.h
[11.327s] -- Symlinking: /home/robo/RoboFEI-HT_2023_SOFTWARE/install/custom_interfaces/include/custom_interfaces/custom_interfaces/msg/detail/neck_position__rosidl_typesupport_introspection_c.h
[11.333s] -- Symlinking: /home/robo/RoboFEI-HT_2023_SOFTWARE/install/custom_interfaces/include/custom_interfaces/custom_interfaces/msg/detail/robot_state__rosidl_typesupport_introspection_c.h
[11.339s] -- Symlinking: /home/robo/RoboFEI-HT_2023_SOFTWARE/install/custom_interfaces/include/custom_interfaces/custom_interfaces/msg/detail/set_position__rosidl_typesupport_introspection_c.h
[11.344s] -- Symlinking: /home/robo/RoboFEI-HT_2023_SOFTWARE/install/custom_interfaces/include/custom_interfaces/custom_interfaces/msg/detail/set_position_original__rosidl_typesupport_introspection_c.h
[11.350s] -- Symlinking: /home/robo/RoboFEI-HT_2023_SOFTWARE/install/custom_interfaces/include/custom_interfaces/custom_interfaces/msg/detail/vision__rosidl_typesupport_introspection_c.h
[11.356s] -- Symlinking: /home/robo/RoboFEI-HT_2023_SOFTWARE/install/custom_interfaces/include/custom_interfaces/custom_interfaces/msg/detail/vision_robot__rosidl_typesupport_introspection_c.h
[11.362s] -- Symlinking: /home/robo/RoboFEI-HT_2023_SOFTWARE/install/custom_interfaces/include/custom_interfaces/custom_interfaces/msg/detail/walk__rosidl_typesupport_introspection_c.h
[11.368s] -- Symlinking: /home/robo/RoboFEI-HT_2023_SOFTWARE/install/custom_interfaces/include/custom_interfaces/custom_interfaces/msg/rosidl_typesupport_introspection_c__visibility_control.h
[11.373s] -- Symlinking: /home/robo/RoboFEI-HT_2023_SOFTWARE/install/custom_interfaces/include/custom_interfaces/custom_interfaces/srv/detail/get_position__rosidl_typesupport_introspection_c.h
[11.379s] -- Symlinking: /home/robo/RoboFEI-HT_2023_SOFTWARE/install/custom_interfaces/include/custom_interfaces/custom_interfaces/srv/detail/reset__rosidl_typesupport_introspection_c.h
[11.385s] -- Symlinking: /home/robo/RoboFEI-HT_2023_SOFTWARE/install/custom_interfaces/include/custom_interfaces/custom_interfaces/action/detail/control__rosidl_typesupport_introspection_cpp.hpp
[11.391s] -- Symlinking: /home/robo/RoboFEI-HT_2023_SOFTWARE/install/custom_interfaces/include/custom_interfaces/custom_interfaces/msg/detail/decision__rosidl_typesupport_introspection_cpp.hpp
[11.397s] -- Symlinking: /home/robo/RoboFEI-HT_2023_SOFTWARE/install/custom_interfaces/include/custom_interfaces/custom_interfaces/msg/detail/humanoid_league_msgs__rosidl_typesupport_introspection_cpp.hpp
[11.402s] -- Symlinking: /home/robo/RoboFEI-HT_2023_SOFTWARE/install/custom_interfaces/include/custom_interfaces/custom_interfaces/msg/detail/joint_state__rosidl_typesupport_introspection_cpp.hpp
[11.408s] -- Symlinking: /home/robo/RoboFEI-HT_2023_SOFTWARE/install/custom_interfaces/include/custom_interfaces/custom_interfaces/msg/detail/localization__rosidl_typesupport_introspection_cpp.hpp
[11.414s] -- Symlinking: /home/robo/RoboFEI-HT_2023_SOFTWARE/install/custom_interfaces/include/custom_interfaces/custom_interfaces/msg/detail/neck_position__rosidl_typesupport_introspection_cpp.hpp
[11.419s] -- Symlinking: /home/robo/RoboFEI-HT_2023_SOFTWARE/install/custom_interfaces/include/custom_interfaces/custom_interfaces/msg/detail/robot_state__rosidl_typesupport_introspection_cpp.hpp
[11.425s] -- Symlinking: /home/robo/RoboFEI-HT_2023_SOFTWARE/install/custom_interfaces/include/custom_interfaces/custom_interfaces/msg/detail/set_position__rosidl_typesupport_introspection_cpp.hpp
[11.431s] -- Symlinking: /home/robo/RoboFEI-HT_2023_SOFTWARE/install/custom_interfaces/include/custom_interfaces/custom_interfaces/msg/detail/set_position_original__rosidl_typesupport_introspection_cpp.hpp
[11.437s] -- Symlinking: /home/robo/RoboFEI-HT_2023_SOFTWARE/install/custom_interfaces/include/custom_interfaces/custom_interfaces/msg/detail/vision__rosidl_typesupport_introspection_cpp.hpp
[11.443s] -- Symlinking: /home/robo/RoboFEI-HT_2023_SOFTWARE/install/custom_interfaces/include/custom_interfaces/custom_interfaces/msg/detail/vision_robot__rosidl_typesupport_introspection_cpp.hpp
[11.448s] -- Symlinking: /home/robo/RoboFEI-HT_2023_SOFTWARE/install/custom_interfaces/include/custom_interfaces/custom_interfaces/msg/detail/walk__rosidl_typesupport_introspection_cpp.hpp
[11.454s] -- Symlinking: /home/robo/RoboFEI-HT_2023_SOFTWARE/install/custom_interfaces/include/custom_interfaces/custom_interfaces/srv/detail/get_position__rosidl_typesupport_introspection_cpp.hpp
[11.460s] -- Symlinking: /home/robo/RoboFEI-HT_2023_SOFTWARE/install/custom_interfaces/include/custom_interfaces/custom_interfaces/srv/detail/reset__rosidl_typesupport_introspection_cpp.hpp
[11.465s] -- Symlinking: /home/robo/RoboFEI-HT_2023_SOFTWARE/install/custom_interfaces/share/custom_interfaces/environment/pythonpath.sh
[11.471s] -- Symlinking: /home/robo/RoboFEI-HT_2023_SOFTWARE/install/custom_interfaces/share/custom_interfaces/environment/pythonpath.dsv
[11.477s] -- Symlinking: /home/robo/RoboFEI-HT_2023_SOFTWARE/install/custom_interfaces/local/lib/python3.10/dist-packages/custom_interfaces-3.7.40-py3.10.egg-info/PKG-INFO
[11.483s] -- Symlinking: /home/robo/RoboFEI-HT_2023_SOFTWARE/install/custom_interfaces/local/lib/python3.10/dist-packages/custom_interfaces-3.7.40-py3.10.egg-info/SOURCES.txt
[11.489s] -- Symlinking: /home/robo/RoboFEI-HT_2023_SOFTWARE/install/custom_interfaces/local/lib/python3.10/dist-packages/custom_interfaces-3.7.40-py3.10.egg-info/dependency_links.txt
[11.495s] -- Symlinking: /home/robo/RoboFEI-HT_2023_SOFTWARE/install/custom_interfaces/local/lib/python3.10/dist-packages/custom_interfaces-3.7.40-py3.10.egg-info/top_level.txt
[11.501s] -- Symlinking: /home/robo/RoboFEI-HT_2023_SOFTWARE/install/custom_interfaces/local/lib/python3.10/dist-packages/custom_interfaces/__init__.py
[11.507s] -- Symlinking: /home/robo/RoboFEI-HT_2023_SOFTWARE/install/custom_interfaces/local/lib/python3.10/dist-packages/custom_interfaces/_custom_interfaces_s.ep.rosidl_typesupport_c.c
[11.513s] -- Symlinking: /home/robo/RoboFEI-HT_2023_SOFTWARE/install/custom_interfaces/local/lib/python3.10/dist-packages/custom_interfaces/_custom_interfaces_s.ep.rosidl_typesupport_fastrtps_c.c
[11.519s] -- Symlinking: /home/robo/RoboFEI-HT_2023_SOFTWARE/install/custom_interfaces/local/lib/python3.10/dist-packages/custom_interfaces/_custom_interfaces_s.ep.rosidl_typesupport_introspection_c.c
[11.524s] -- Symlinking: /home/robo/RoboFEI-HT_2023_SOFTWARE/install/custom_interfaces/local/lib/python3.10/dist-packages/custom_interfaces/action/__init__.py
[11.530s] -- Symlinking: /home/robo/RoboFEI-HT_2023_SOFTWARE/install/custom_interfaces/local/lib/python3.10/dist-packages/custom_interfaces/action/_control.py
[11.536s] -- Symlinking: /home/robo/RoboFEI-HT_2023_SOFTWARE/install/custom_interfaces/local/lib/python3.10/dist-packages/custom_interfaces/action/_control_s.c
[11.541s] -- Symlinking: /home/robo/RoboFEI-HT_2023_SOFTWARE/install/custom_interfaces/local/lib/python3.10/dist-packages/custom_interfaces/custom_interfaces_s__rosidl_typesupport_c.cpython-310-x86_64-linux-gnu.so
[11.547s] -- Symlinking: /home/robo/RoboFEI-HT_2023_SOFTWARE/install/custom_interfaces/local/lib/python3.10/dist-packages/custom_interfaces/custom_interfaces_s__rosidl_typesupport_fastrtps_c.cpython-310-x86_64-linux-gnu.so
[11.553s] -- Symlinking: /home/robo/RoboFEI-HT_2023_SOFTWARE/install/custom_interfaces/local/lib/python3.10/dist-packages/custom_interfaces/custom_interfaces_s__rosidl_typesupport_introspection_c.cpython-310-x86_64-linux-gnu.so
[11.558s] -- Symlinking: /home/robo/RoboFEI-HT_2023_SOFTWARE/install/custom_interfaces/local/lib/python3.10/dist-packages/custom_interfaces/libcustom_interfaces__rosidl_generator_py.so
[11.564s] -- Symlinking: /home/robo/RoboFEI-HT_2023_SOFTWARE/install/custom_interfaces/local/lib/python3.10/dist-packages/custom_interfaces/msg/__init__.py
[11.569s] -- Symlinking: /home/robo/RoboFEI-HT_2023_SOFTWARE/install/custom_interfaces/local/lib/python3.10/dist-packages/custom_interfaces/msg/_decision.py
[11.575s] -- Symlinking: /home/robo/RoboFEI-HT_2023_SOFTWARE/install/custom_interfaces/local/lib/python3.10/dist-packages/custom_interfaces/msg/_decision_s.c
[11.581s] -- Symlinking: /home/robo/RoboFEI-HT_2023_SOFTWARE/install/custom_interfaces/local/lib/python3.10/dist-packages/custom_interfaces/msg/_humanoid_league_msgs.py
[11.587s] -- Symlinking: /home/robo/RoboFEI-HT_2023_SOFTWARE/install/custom_interfaces/local/lib/python3.10/dist-packages/custom_interfaces/msg/_humanoid_league_msgs_s.c
[11.592s] -- Symlinking: /home/robo/RoboFEI-HT_2023_SOFTWARE/install/custom_interfaces/local/lib/python3.10/dist-packages/custom_interfaces/msg/_joint_state.py
[11.598s] -- Symlinking: /home/robo/RoboFEI-HT_2023_SOFTWARE/install/custom_interfaces/local/lib/python3.10/dist-packages/custom_interfaces/msg/_joint_state_s.c
[11.604s] -- Symlinking: /home/robo/RoboFEI-HT_2023_SOFTWARE/install/custom_interfaces/local/lib/python3.10/dist-packages/custom_interfaces/msg/_localization.py
[11.610s] -- Symlinking: /home/robo/RoboFEI-HT_2023_SOFTWARE/install/custom_interfaces/local/lib/python3.10/dist-packages/custom_interfaces/msg/_localization_s.c
[11.616s] -- Symlinking: /home/robo/RoboFEI-HT_2023_SOFTWARE/install/custom_interfaces/local/lib/python3.10/dist-packages/custom_interfaces/msg/_neck_position.py
[11.623s] -- Symlinking: /home/robo/RoboFEI-HT_2023_SOFTWARE/install/custom_interfaces/local/lib/python3.10/dist-packages/custom_interfaces/msg/_neck_position_s.c
[11.630s] -- Symlinking: /home/robo/RoboFEI-HT_2023_SOFTWARE/install/custom_interfaces/local/lib/python3.10/dist-packages/custom_interfaces/msg/_robot_state.py
[11.636s] -- Symlinking: /home/robo/RoboFEI-HT_2023_SOFTWARE/install/custom_interfaces/local/lib/python3.10/dist-packages/custom_interfaces/msg/_robot_state_s.c
[11.642s] -- Symlinking: /home/robo/RoboFEI-HT_2023_SOFTWARE/install/custom_interfaces/local/lib/python3.10/dist-packages/custom_interfaces/msg/_set_position.py
[11.649s] -- Symlinking: /home/robo/RoboFEI-HT_2023_SOFTWARE/install/custom_interfaces/local/lib/python3.10/dist-packages/custom_interfaces/msg/_set_position_original.py
[11.654s] -- Symlinking: /home/robo/RoboFEI-HT_2023_SOFTWARE/install/custom_interfaces/local/lib/python3.10/dist-packages/custom_interfaces/msg/_set_position_original_s.c
[11.661s] -- Symlinking: /home/robo/RoboFEI-HT_2023_SOFTWARE/install/custom_interfaces/local/lib/python3.10/dist-packages/custom_interfaces/msg/_set_position_s.c
[11.667s] -- Symlinking: /home/robo/RoboFEI-HT_2023_SOFTWARE/install/custom_interfaces/local/lib/python3.10/dist-packages/custom_interfaces/msg/_vision.py
[11.672s] -- Symlinking: /home/robo/RoboFEI-HT_2023_SOFTWARE/install/custom_interfaces/local/lib/python3.10/dist-packages/custom_interfaces/msg/_vision_robot.py
[11.678s] -- Symlinking: /home/robo/RoboFEI-HT_2023_SOFTWARE/install/custom_interfaces/local/lib/python3.10/dist-packages/custom_interfaces/msg/_vision_robot_s.c
[11.684s] -- Symlinking: /home/robo/RoboFEI-HT_2023_SOFTWARE/install/custom_interfaces/local/lib/python3.10/dist-packages/custom_interfaces/msg/_vision_s.c
[11.690s] -- Symlinking: /home/robo/RoboFEI-HT_2023_SOFTWARE/install/custom_interfaces/local/lib/python3.10/dist-packages/custom_interfaces/msg/_walk.py
[11.696s] -- Symlinking: /home/robo/RoboFEI-HT_2023_SOFTWARE/install/custom_interfaces/local/lib/python3.10/dist-packages/custom_interfaces/msg/_walk_s.c
[11.702s] -- Symlinking: /home/robo/RoboFEI-HT_2023_SOFTWARE/install/custom_interfaces/local/lib/python3.10/dist-packages/custom_interfaces/srv/__init__.py
[11.707s] -- Symlinking: /home/robo/RoboFEI-HT_2023_SOFTWARE/install/custom_interfaces/local/lib/python3.10/dist-packages/custom_interfaces/srv/_get_position.py
[11.713s] -- Symlinking: /home/robo/RoboFEI-HT_2023_SOFTWARE/install/custom_interfaces/local/lib/python3.10/dist-packages/custom_interfaces/srv/_get_position_s.c
[11.719s] -- Symlinking: /home/robo/RoboFEI-HT_2023_SOFTWARE/install/custom_interfaces/local/lib/python3.10/dist-packages/custom_interfaces/srv/_reset.py
[11.725s] -- Symlinking: /home/robo/RoboFEI-HT_2023_SOFTWARE/install/custom_interfaces/local/lib/python3.10/dist-packages/custom_interfaces/srv/_reset_s.c
[11.731s] -- Up-to-date symlink: /home/robo/RoboFEI-HT_2023_SOFTWARE/install/custom_interfaces/local/lib/python3.10/dist-packages/custom_interfaces/custom_interfaces_s__rosidl_typesupport_fastrtps_c.cpython-310-x86_64-linux-gnu.so
[11.731s] -- Up-to-date symlink: /home/robo/RoboFEI-HT_2023_SOFTWARE/install/custom_interfaces/local/lib/python3.10/dist-packages/custom_interfaces/custom_interfaces_s__rosidl_typesupport_introspection_c.cpython-310-x86_64-linux-gnu.so
[11.731s] -- Up-to-date symlink: /home/robo/RoboFEI-HT_2023_SOFTWARE/install/custom_interfaces/local/lib/python3.10/dist-packages/custom_interfaces/custom_interfaces_s__rosidl_typesupport_c.cpython-310-x86_64-linux-gnu.so
[11.731s] -- Symlinking: /home/robo/RoboFEI-HT_2023_SOFTWARE/install/custom_interfaces/share/custom_interfaces/msg/SetPosition.idl
[11.737s] -- Symlinking: /home/robo/RoboFEI-HT_2023_SOFTWARE/install/custom_interfaces/share/custom_interfaces/msg/Vision.idl
[11.743s] -- Symlinking: /home/robo/RoboFEI-HT_2023_SOFTWARE/install/custom_interfaces/share/custom_interfaces/msg/VisionRobot.idl
[11.749s] -- Symlinking: /home/robo/RoboFEI-HT_2023_SOFTWARE/install/custom_interfaces/share/custom_interfaces/msg/HumanoidLeagueMsgs.idl
[11.755s] -- Symlinking: /home/robo/RoboFEI-HT_2023_SOFTWARE/install/custom_interfaces/share/custom_interfaces/msg/Localization.idl
[11.761s] -- Symlinking: /home/robo/RoboFEI-HT_2023_SOFTWARE/install/custom_interfaces/share/custom_interfaces/msg/SetPositionOriginal.idl
[11.767s] -- Symlinking: /home/robo/RoboFEI-HT_2023_SOFTWARE/install/custom_interfaces/share/custom_interfaces/msg/Decision.idl
[11.773s] -- Symlinking: /home/robo/RoboFEI-HT_2023_SOFTWARE/install/custom_interfaces/share/custom_interfaces/msg/Walk.idl
[11.779s] -- Symlinking: /home/robo/RoboFEI-HT_2023_SOFTWARE/install/custom_interfaces/share/custom_interfaces/msg/NeckPosition.idl
[11.784s] -- Symlinking: /home/robo/RoboFEI-HT_2023_SOFTWARE/install/custom_interfaces/share/custom_interfaces/msg/JointState.idl
[11.790s] -- Symlinking: /home/robo/RoboFEI-HT_2023_SOFTWARE/install/custom_interfaces/share/custom_interfaces/msg/RobotState.idl
[11.796s] -- Symlinking: /home/robo/RoboFEI-HT_2023_SOFTWARE/install/custom_interfaces/share/custom_interfaces/srv/GetPosition.idl
[11.802s] -- Symlinking: /home/robo/RoboFEI-HT_2023_SOFTWARE/install/custom_interfaces/share/custom_interfaces/srv/Reset.idl
[11.808s] -- Symlinking: /home/robo/RoboFEI-HT_2023_SOFTWARE/install/custom_interfaces/share/custom_interfaces/action/Control.idl
[11.814s] -- Symlinking: /home/robo/RoboFEI-HT_2023_SOFTWARE/install/custom_interfaces/share/custom_interfaces/msg/SetPosition.msg
[11.820s] -- Symlinking: /home/robo/RoboFEI-HT_2023_SOFTWARE/install/custom_interfaces/share/custom_interfaces/msg/Vision.msg
[11.826s] -- Symlinking: /home/robo/RoboFEI-HT_2023_SOFTWARE/install/custom_interfaces/share/custom_interfaces/msg/VisionRobot.msg
[11.832s] -- Symlinking: /home/robo/RoboFEI-HT_2023_SOFTWARE/install/custom_interfaces/share/custom_interfaces/msg/HumanoidLeagueMsgs.msg
[11.838s] -- Symlinking: /home/robo/RoboFEI-HT_2023_SOFTWARE/install/custom_interfaces/share/custom_interfaces/msg/Localization.msg
[11.844s] -- Symlinking: /home/robo/RoboFEI-HT_2023_SOFTWARE/install/custom_interfaces/share/custom_interfaces/msg/SetPositionOriginal.msg
[11.850s] -- Symlinking: /home/robo/RoboFEI-HT_2023_SOFTWARE/install/custom_interfaces/share/custom_interfaces/msg/Decision.msg
[11.856s] -- Symlinking: /home/robo/RoboFEI-HT_2023_SOFTWARE/install/custom_interfaces/share/custom_interfaces/msg/Walk.msg
[11.863s] -- Symlinking: /home/robo/RoboFEI-HT_2023_SOFTWARE/install/custom_interfaces/share/custom_interfaces/msg/NeckPosition.msg
[11.869s] -- Symlinking: /home/robo/RoboFEI-HT_2023_SOFTWARE/install/custom_interfaces/share/custom_interfaces/msg/JointState.msg
[11.875s] -- Symlinking: /home/robo/RoboFEI-HT_2023_SOFTWARE/install/custom_interfaces/share/custom_interfaces/msg/RobotState.msg
[11.883s] -- Symlinking: /home/robo/RoboFEI-HT_2023_SOFTWARE/install/custom_interfaces/share/custom_interfaces/srv/GetPosition.srv
[11.890s] -- Symlinking: /home/robo/RoboFEI-HT_2023_SOFTWARE/install/custom_interfaces/share/custom_interfaces/srv/GetPosition_Request.msg
[11.900s] -- Symlinking: /home/robo/RoboFEI-HT_2023_SOFTWARE/install/custom_interfaces/share/custom_interfaces/srv/GetPosition_Response.msg
[11.910s] -- Symlinking: /home/robo/RoboFEI-HT_2023_SOFTWARE/install/custom_interfaces/share/custom_interfaces/srv/Reset.srv
[11.917s] -- Symlinking: /home/robo/RoboFEI-HT_2023_SOFTWARE/install/custom_interfaces/share/custom_interfaces/srv/Reset_Request.msg
[11.923s] -- Symlinking: /home/robo/RoboFEI-HT_2023_SOFTWARE/install/custom_interfaces/share/custom_interfaces/srv/Reset_Response.msg
[11.930s] -- Symlinking: /home/robo/RoboFEI-HT_2023_SOFTWARE/install/custom_interfaces/share/custom_interfaces/action/Control.action
[11.936s] -- Symlinking: /home/robo/RoboFEI-HT_2023_SOFTWARE/install/custom_interfaces/share/ament_index/resource_index/package_run_dependencies/custom_interfaces
[11.943s] -- Symlinking: /home/robo/RoboFEI-HT_2023_SOFTWARE/install/custom_interfaces/share/ament_index/resource_index/parent_prefix_path/custom_interfaces
[11.949s] -- Symlinking: /home/robo/RoboFEI-HT_2023_SOFTWARE/install/custom_interfaces/share/custom_interfaces/environment/ament_prefix_path.sh
[11.956s] -- Symlinking: /home/robo/RoboFEI-HT_2023_SOFTWARE/install/custom_interfaces/share/custom_interfaces/environment/ament_prefix_path.dsv
[11.962s] -- Symlinking: /home/robo/RoboFEI-HT_2023_SOFTWARE/install/custom_interfaces/share/custom_interfaces/environment/path.sh
[11.968s] -- Symlinking: /home/robo/RoboFEI-HT_2023_SOFTWARE/install/custom_interfaces/share/custom_interfaces/environment/path.dsv
[11.974s] -- Symlinking: /home/robo/RoboFEI-HT_2023_SOFTWARE/install/custom_interfaces/share/custom_interfaces/local_setup.bash
[11.981s] -- Symlinking: /home/robo/RoboFEI-HT_2023_SOFTWARE/install/custom_interfaces/share/custom_interfaces/local_setup.sh
[11.987s] -- Symlinking: /home/robo/RoboFEI-HT_2023_SOFTWARE/install/custom_interfaces/share/custom_interfaces/local_setup.zsh
[11.993s] -- Symlinking: /home/robo/RoboFEI-HT_2023_SOFTWARE/install/custom_interfaces/share/custom_interfaces/local_setup.dsv
[11.999s] -- Symlinking: /home/robo/RoboFEI-HT_2023_SOFTWARE/install/custom_interfaces/share/custom_interfaces/package.dsv
[12.005s] -- Symlinking: /home/robo/RoboFEI-HT_2023_SOFTWARE/install/custom_interfaces/share/ament_index/resource_index/packages/custom_interfaces
[12.011s] -- Symlinking: /home/robo/RoboFEI-HT_2023_SOFTWARE/install/custom_interfaces/share/custom_interfaces/cmake/rosidl_cmake-extras.cmake
[12.017s] -- Symlinking: /home/robo/RoboFEI-HT_2023_SOFTWARE/install/custom_interfaces/share/custom_interfaces/cmake/ament_cmake_export_dependencies-extras.cmake
[12.022s] -- Symlinking: /home/robo/RoboFEI-HT_2023_SOFTWARE/install/custom_interfaces/share/custom_interfaces/cmake/ament_cmake_export_include_directories-extras.cmake
[12.028s] -- Symlinking: /home/robo/RoboFEI-HT_2023_SOFTWARE/install/custom_interfaces/share/custom_interfaces/cmake/ament_cmake_export_libraries-extras.cmake
[12.034s] -- Symlinking: /home/robo/RoboFEI-HT_2023_SOFTWARE/install/custom_interfaces/share/custom_interfaces/cmake/ament_cmake_export_targets-extras.cmake
[12.040s] -- Symlinking: /home/robo/RoboFEI-HT_2023_SOFTWARE/install/custom_interfaces/share/custom_interfaces/cmake/rosidl_cmake_export_typesupport_targets-extras.cmake
[12.045s] -- Symlinking: /home/robo/RoboFEI-HT_2023_SOFTWARE/install/custom_interfaces/share/custom_interfaces/cmake/rosidl_cmake_export_typesupport_libraries-extras.cmake
[12.051s] -- Symlinking: /home/robo/RoboFEI-HT_2023_SOFTWARE/install/custom_interfaces/share/custom_interfaces/cmake/custom_interfacesConfig.cmake
[12.057s] -- Symlinking: /home/robo/RoboFEI-HT_2023_SOFTWARE/install/custom_interfaces/share/custom_interfaces/cmake/custom_interfacesConfig-version.cmake
[12.063s] -- Symlinking: /home/robo/RoboFEI-HT_2023_SOFTWARE/install/custom_interfaces/share/custom_interfaces/package.xml
[12.069s] -- Installing: /home/robo/RoboFEI-HT_2023_SOFTWARE/install/custom_interfaces/lib/libcustom_interfaces__rosidl_generator_c.so
[12.069s] -- Set runtime path of "/home/robo/RoboFEI-HT_2023_SOFTWARE/install/custom_interfaces/lib/libcustom_interfaces__rosidl_generator_c.so" to ""
[12.069s] -- Installing: /home/robo/RoboFEI-HT_2023_SOFTWARE/install/custom_interfaces/lib/libcustom_interfaces__rosidl_typesupport_fastrtps_c.so
[12.069s] -- Set runtime path of "/home/robo/RoboFEI-HT_2023_SOFTWARE/install/custom_interfaces/lib/libcustom_interfaces__rosidl_typesupport_fastrtps_c.so" to ""
[12.069s] -- Installing: /home/robo/RoboFEI-HT_2023_SOFTWARE/install/custom_interfaces/lib/libcustom_interfaces__rosidl_typesupport_fastrtps_cpp.so
[12.070s] -- Set runtime path of "/home/robo/RoboFEI-HT_2023_SOFTWARE/install/custom_interfaces/lib/libcustom_interfaces__rosidl_typesupport_fastrtps_cpp.so" to ""
[12.070s] -- Installing: /home/robo/RoboFEI-HT_2023_SOFTWARE/install/custom_interfaces/lib/libcustom_interfaces__rosidl_typesupport_introspection_c.so
[12.070s] -- Set runtime path of "/home/robo/RoboFEI-HT_2023_SOFTWARE/install/custom_interfaces/lib/libcustom_interfaces__rosidl_typesupport_introspection_c.so" to ""
[12.070s] -- Installing: /home/robo/RoboFEI-HT_2023_SOFTWARE/install/custom_interfaces/lib/libcustom_interfaces__rosidl_typesupport_c.so
[12.070s] -- Set runtime path of "/home/robo/RoboFEI-HT_2023_SOFTWARE/install/custom_interfaces/lib/libcustom_interfaces__rosidl_typesupport_c.so" to ""
[12.070s] -- Installing: /home/robo/RoboFEI-HT_2023_SOFTWARE/install/custom_interfaces/lib/libcustom_interfaces__rosidl_typesupport_introspection_cpp.so
[12.071s] -- Set runtime path of "/home/robo/RoboFEI-HT_2023_SOFTWARE/install/custom_interfaces/lib/libcustom_interfaces__rosidl_typesupport_introspection_cpp.so" to ""
[12.071s] -- Installing: /home/robo/RoboFEI-HT_2023_SOFTWARE/install/custom_interfaces/lib/libcustom_interfaces__rosidl_typesupport_cpp.so
[12.071s] -- Set runtime path of "/home/robo/RoboFEI-HT_2023_SOFTWARE/install/custom_interfaces/lib/libcustom_interfaces__rosidl_typesupport_cpp.so" to ""
[12.116s] Listing '/home/robo/RoboFEI-HT_2023_SOFTWARE/install/custom_interfaces/local/lib/python3.10/dist-packages/custom_interfaces'...
[12.116s] Compiling '/home/robo/RoboFEI-HT_2023_SOFTWARE/install/custom_interfaces/local/lib/python3.10/dist-packages/custom_interfaces/__init__.py'...
[12.116s] Listing '/home/robo/RoboFEI-HT_2023_SOFTWARE/install/custom_interfaces/local/lib/python3.10/dist-packages/custom_interfaces/action'...
[12.116s] Compiling '/home/robo/RoboFEI-HT_2023_SOFTWARE/install/custom_interfaces/local/lib/python3.10/dist-packages/custom_interfaces/action/__init__.py'...
[12.116s] Compiling '/home/robo/RoboFEI-HT_2023_SOFTWARE/install/custom_interfaces/local/lib/python3.10/dist-packages/custom_interfaces/action/_control.py'...
[12.116s] Listing '/home/robo/RoboFEI-HT_2023_SOFTWARE/install/custom_interfaces/local/lib/python3.10/dist-packages/custom_interfaces/msg'...
[12.116s] Compiling '/home/robo/RoboFEI-HT_2023_SOFTWARE/install/custom_interfaces/local/lib/python3.10/dist-packages/custom_interfaces/msg/__init__.py'...
[12.116s] Compiling '/home/robo/RoboFEI-HT_2023_SOFTWARE/install/custom_interfaces/local/lib/python3.10/dist-packages/custom_interfaces/msg/_decision.py'...
[12.116s] Compiling '/home/robo/RoboFEI-HT_2023_SOFTWARE/install/custom_interfaces/local/lib/python3.10/dist-packages/custom_interfaces/msg/_humanoid_league_msgs.py'...
[12.116s] Compiling '/home/robo/RoboFEI-HT_2023_SOFTWARE/install/custom_interfaces/local/lib/python3.10/dist-packages/custom_interfaces/msg/_joint_state.py'...
[12.116s] Compiling '/home/robo/RoboFEI-HT_2023_SOFTWARE/install/custom_interfaces/local/lib/python3.10/dist-packages/custom_interfaces/msg/_localization.py'...
[12.116s] Compiling '/home/robo/RoboFEI-HT_2023_SOFTWARE/install/custom_interfaces/local/lib/python3.10/dist-packages/custom_interfaces/msg/_neck_position.py'...
[12.116s] Compiling '/home/robo/RoboFEI-HT_2023_SOFTWARE/install/custom_interfaces/local/lib/python3.10/dist-packages/custom_interfaces/msg/_robot_state.py'...
[12.116s] Compiling '/home/robo/RoboFEI-HT_2023_SOFTWARE/install/custom_interfaces/local/lib/python3.10/dist-packages/custom_interfaces/msg/_set_position.py'...
[12.116s] Compiling '/home/robo/RoboFEI-HT_2023_SOFTWARE/install/custom_interfaces/local/lib/python3.10/dist-packages/custom_interfaces/msg/_set_position_original.py'...
[12.116s] Compiling '/home/robo/RoboFEI-HT_2023_SOFTWARE/install/custom_interfaces/local/lib/python3.10/dist-packages/custom_interfaces/msg/_vision.py'...
[12.116s] Compiling '/home/robo/RoboFEI-HT_2023_SOFTWARE/install/custom_interfaces/local/lib/python3.10/dist-packages/custom_interfaces/msg/_vision_robot.py'...
[12.116s] Compiling '/home/robo/RoboFEI-HT_2023_SOFTWARE/install/custom_interfaces/local/lib/python3.10/dist-packages/custom_interfaces/msg/_walk.py'...
[12.116s] Listing '/home/robo/RoboFEI-HT_2023_SOFTWARE/install/custom_interfaces/local/lib/python3.10/dist-packages/custom_interfaces/srv'...
[12.116s] Compiling '/home/robo/RoboFEI-HT_2023_SOFTWARE/install/custom_interfaces/local/lib/python3.10/dist-packages/custom_interfaces/srv/__init__.py'...
[12.117s] Compiling '/home/robo/RoboFEI-HT_2023_SOFTWARE/install/custom_interfaces/local/lib/python3.10/dist-packages/custom_interfaces/srv/_get_position.py'...
[12.117s] Compiling '/home/robo/RoboFEI-HT_2023_SOFTWARE/install/custom_interfaces/local/lib/python3.10/dist-packages/custom_interfaces/srv/_reset.py'...
[12.119s] -- Installing: /home/robo/RoboFEI-HT_2023_SOFTWARE/install/custom_interfaces/lib/libcustom_interfaces__rosidl_generator_py.so
[12.120s] -- Set runtime path of "/home/robo/RoboFEI-HT_2023_SOFTWARE/install/custom_interfaces/lib/libcustom_interfaces__rosidl_generator_py.so" to ""
[12.120s] -- Installing: /home/robo/RoboFEI-HT_2023_SOFTWARE/install/custom_interfaces/share/custom_interfaces/cmake/export_custom_interfaces__rosidl_generator_cExport.cmake
[12.120s] -- Installing: /home/robo/RoboFEI-HT_2023_SOFTWARE/install/custom_interfaces/share/custom_interfaces/cmake/export_custom_interfaces__rosidl_generator_cExport-noconfig.cmake
[12.120s] -- Installing: /home/robo/RoboFEI-HT_2023_SOFTWARE/install/custom_interfaces/share/custom_interfaces/cmake/export_custom_interfaces__rosidl_typesupport_fastrtps_cExport.cmake
[12.120s] -- Installing: /home/robo/RoboFEI-HT_2023_SOFTWARE/install/custom_interfaces/share/custom_interfaces/cmake/export_custom_interfaces__rosidl_typesupport_fastrtps_cExport-noconfig.cmake
[12.120s] -- Installing: /home/robo/RoboFEI-HT_2023_SOFTWARE/install/custom_interfaces/share/custom_interfaces/cmake/export_custom_interfaces__rosidl_generator_cppExport.cmake
[12.120s] -- Installing: /home/robo/RoboFEI-HT_2023_SOFTWARE/install/custom_interfaces/share/custom_interfaces/cmake/export_custom_interfaces__rosidl_typesupport_fastrtps_cppExport.cmake
[12.120s] -- Installing: /home/robo/RoboFEI-HT_2023_SOFTWARE/install/custom_interfaces/share/custom_interfaces/cmake/export_custom_interfaces__rosidl_typesupport_fastrtps_cppExport-noconfig.cmake
[12.120s] -- Installing: /home/robo/RoboFEI-HT_2023_SOFTWARE/install/custom_interfaces/share/custom_interfaces/cmake/custom_interfaces__rosidl_typesupport_introspection_cExport.cmake
[12.120s] -- Installing: /home/robo/RoboFEI-HT_2023_SOFTWARE/install/custom_interfaces/share/custom_interfaces/cmake/custom_interfaces__rosidl_typesupport_introspection_cExport-noconfig.cmake
[12.120s] -- Installing: /home/robo/RoboFEI-HT_2023_SOFTWARE/install/custom_interfaces/share/custom_interfaces/cmake/custom_interfaces__rosidl_typesupport_cExport.cmake
[12.120s] -- Installing: /home/robo/RoboFEI-HT_2023_SOFTWARE/install/custom_interfaces/share/custom_interfaces/cmake/custom_interfaces__rosidl_typesupport_cExport-noconfig.cmake
[12.120s] -- Installing: /home/robo/RoboFEI-HT_2023_SOFTWARE/install/custom_interfaces/share/custom_interfaces/cmake/custom_interfaces__rosidl_typesupport_introspection_cppExport.cmake
[12.121s] -- Installing: /home/robo/RoboFEI-HT_2023_SOFTWARE/install/custom_interfaces/share/custom_interfaces/cmake/custom_interfaces__rosidl_typesupport_introspection_cppExport-noconfig.cmake
[12.121s] -- Installing: /home/robo/RoboFEI-HT_2023_SOFTWARE/install/custom_interfaces/share/custom_interfaces/cmake/custom_interfaces__rosidl_typesupport_cppExport.cmake
[12.121s] -- Installing: /home/robo/RoboFEI-HT_2023_SOFTWARE/install/custom_interfaces/share/custom_interfaces/cmake/custom_interfaces__rosidl_typesupport_cppExport-noconfig.cmake
[12.121s] -- Installing: /home/robo/RoboFEI-HT_2023_SOFTWARE/install/custom_interfaces/share/custom_interfaces/cmake/export_custom_interfaces__rosidl_generator_pyExport.cmake
[12.121s] -- Installing: /home/robo/RoboFEI-HT_2023_SOFTWARE/install/custom_interfaces/share/custom_interfaces/cmake/export_custom_interfaces__rosidl_generator_pyExport-noconfig.cmake
[12.123s] Invoked command in '/home/robo/RoboFEI-HT_2023_SOFTWARE/build/custom_interfaces' returned '0': CMAKE_PREFIX_PATH=/opt/ros/humble /usr/bin/cmake --install /home/robo/RoboFEI-HT_2023_SOFTWARE/build/custom_interfaces
