[0.338s] Invoking command in '/home/robo/RoboFEI-HT_2023_SOFTWARE/build/gui': CMAKE_PREFIX_PATH=/home/robo/RoboFEI-HT_2023_SOFTWARE/install/custom_interfaces:/home/robo/RoboFEI-HT_2023_SOFTWARE/install/um7:/home/robo/RoboFEI-HT_2023_SOFTWARE/install/robot_bringup:/home/robo/RoboFEI-HT_2023_SOFTWARE/install/control:/home/robo/RoboFEI-HT_2023_SOFTWARE/install/serial:/home/robo/RoboFEI-HT_2023_SOFTWARE/install/motors_pkg:/home/robo/RoboFEI-HT_2023_SOFTWARE/install/gui:/home/robo/RoboFEI-HT_2023_SOFTWARE/install/decision_pkg_cpp:/home/robo/RoboFEI-HT_2023_SOFTWARE/install/vision_pkg:/home/robo/RoboFEI-HT_2023_SOFTWARE/install/localization_pkg:/home/robo/RoboFEI-HT_2023_SOFTWARE/install/imu:/home/robo/RoboFEI-HT_2023_SOFTWARE/install/game_controller:/home/robo/RoboFEI-HT_2023_SOFTWARE/install/decision_pkg:/opt/ros/humble LD_LIBRARY_PATH=/home/robo/RoboFEI-HT_2023_SOFTWARE/install/custom_interfaces/lib:/home/robo/RoboFEI-HT_2023_SOFTWARE/install/um7/lib:/home/robo/RoboFEI-HT_2023_SOFTWARE/install/control/lib:/home/robo/RoboFEI-HT_2023_SOFTWARE/install/serial/lib:/opt/ros/humble/opt/rviz_ogre_vendor/lib:/opt/ros/humble/lib/x86_64-linux-gnu:/opt/ros/humble/lib /usr/bin/cmake --build /home/robo/RoboFEI-HT_2023_SOFTWARE/build/gui -- -j8 -l8
[0.451s] [ 16%] [34m[1mAutomatic MOC and UIC for target robot_gui[0m
[2.032s] [ 16%] Built target robot_gui_autogen
[2.089s] [35m[1mConsolidate compiler generated dependencies of target robot_gui[0m
[2.173s] [ 33%] [32mBuilding CXX object CMakeFiles/robot_gui.dir/robot_gui_autogen/mocs_compilation.cpp.o[0m
[2.180s] [ 50%] [32mBuilding CXX object CMakeFiles/robot_gui.dir/src/main.cpp.o[0m
[2.181s] [ 66%] [32mBuilding CXX object CMakeFiles/robot_gui.dir/src/main_window.cpp.o[0m
[14.899s] [01m[K/home/robo/RoboFEI-HT_2023_SOFTWARE/src/gui/src/main_window.cpp:[m[K In member function ‘[01m[Kvoid MainWindow::on_nextStep_button_clicked()[m[K’:
[14.899s] [01m[K/home/robo/RoboFEI-HT_2023_SOFTWARE/src/gui/src/main_window.cpp:317:16:[m[K [01;35m[Kwarning: [m[Kcomparison of integer expressions of different signedness: ‘[01m[Kint[m[K’ and ‘[01m[Kstd::vector<std::vector<std::vector<int, std::allocator<int> > > >::size_type[m[K’ {aka ‘[01m[Klong unsigned int[m[K’} [[01;35m[K]8;;https://gcc.gnu.org/onlinedocs/gcc/Warning-Options.html#index-Wsign-compare-Wsign-compare]8;;[m[K]
[14.900s]   317 |   if([01;35m[KatualStep < atualMovesList.size()[m[K)
[14.900s]       |      [01;35m[K~~~~~~~~~~^~~~~~~~~~~~~~~~~~~~~~~[m[K
[14.901s] [01m[K/home/robo/RoboFEI-HT_2023_SOFTWARE/src/gui/src/main_window.cpp:[m[K In member function ‘[01m[Kvoid MainWindow::sendJointVel(std::vector<int, std::allocator<int> >)[m[K’:
[14.902s] [01m[K/home/robo/RoboFEI-HT_2023_SOFTWARE/src/gui/src/main_window.cpp:337:62:[m[K [01;35m[Kwarning: [m[Kcomparison of integer expressions of different signedness: ‘[01m[Kstd::__iterator_traits<__gnu_cxx::__normal_iterator<int*, std::vector<int, std::allocator<int> > >, void>::difference_type[m[K’ {aka ‘[01m[Klong int[m[K’} and ‘[01m[Kstd::vector<int, std::allocator<int> >::size_type[m[K’ {aka ‘[01m[Klong unsigned int[m[K’} [[01;35m[K]8;;https://gcc.gnu.org/onlinedocs/gcc/Warning-Options.html#index-Wsign-compare-Wsign-compare]8;;[m[K]
[14.903s]   337 |   if([01;35m[Kcount(jointsVel.begin(), jointsVel.end(), jointsVel[0]) == jointsVel.size()[m[K)
[14.904s]       |      [01;35m[K~~~~~~~~~~~~~~~~~~~~~~~~~~~~~~~~~~~~~~~~~~~~~~~~~~~~~~~~^~~~~~~~~~~~~~~~~~~[m[K
[26.529s] [ 83%] [32m[1mLinking CXX executable robot_gui[0m
[28.148s] [100%] Built target robot_gui
[28.171s] Invoked command in '/home/robo/RoboFEI-HT_2023_SOFTWARE/build/gui' returned '0': CMAKE_PREFIX_PATH=/home/robo/RoboFEI-HT_2023_SOFTWARE/install/custom_interfaces:/home/robo/RoboFEI-HT_2023_SOFTWARE/install/um7:/home/robo/RoboFEI-HT_2023_SOFTWARE/install/robot_bringup:/home/robo/RoboFEI-HT_2023_SOFTWARE/install/control:/home/robo/RoboFEI-HT_2023_SOFTWARE/install/serial:/home/robo/RoboFEI-HT_2023_SOFTWARE/install/motors_pkg:/home/robo/RoboFEI-HT_2023_SOFTWARE/install/gui:/home/robo/RoboFEI-HT_2023_SOFTWARE/install/decision_pkg_cpp:/home/robo/RoboFEI-HT_2023_SOFTWARE/install/vision_pkg:/home/robo/RoboFEI-HT_2023_SOFTWARE/install/localization_pkg:/home/robo/RoboFEI-HT_2023_SOFTWARE/install/imu:/home/robo/RoboFEI-HT_2023_SOFTWARE/install/game_controller:/home/robo/RoboFEI-HT_2023_SOFTWARE/install/decision_pkg:/opt/ros/humble LD_LIBRARY_PATH=/home/robo/RoboFEI-HT_2023_SOFTWARE/install/custom_interfaces/lib:/home/robo/RoboFEI-HT_2023_SOFTWARE/install/um7/lib:/home/robo/RoboFEI-HT_2023_SOFTWARE/install/control/lib:/home/robo/RoboFEI-HT_2023_SOFTWARE/install/serial/lib:/opt/ros/humble/opt/rviz_ogre_vendor/lib:/opt/ros/humble/lib/x86_64-linux-gnu:/opt/ros/humble/lib /usr/bin/cmake --build /home/robo/RoboFEI-HT_2023_SOFTWARE/build/gui -- -j8 -l8
[28.199s] Invoking command in '/home/robo/RoboFEI-HT_2023_SOFTWARE/build/gui': CMAKE_PREFIX_PATH=/home/robo/RoboFEI-HT_2023_SOFTWARE/install/custom_interfaces:/home/robo/RoboFEI-HT_2023_SOFTWARE/install/um7:/home/robo/RoboFEI-HT_2023_SOFTWARE/install/robot_bringup:/home/robo/RoboFEI-HT_2023_SOFTWARE/install/control:/home/robo/RoboFEI-HT_2023_SOFTWARE/install/serial:/home/robo/RoboFEI-HT_2023_SOFTWARE/install/motors_pkg:/home/robo/RoboFEI-HT_2023_SOFTWARE/install/gui:/home/robo/RoboFEI-HT_2023_SOFTWARE/install/decision_pkg_cpp:/home/robo/RoboFEI-HT_2023_SOFTWARE/install/vision_pkg:/home/robo/RoboFEI-HT_2023_SOFTWARE/install/localization_pkg:/home/robo/RoboFEI-HT_2023_SOFTWARE/install/imu:/home/robo/RoboFEI-HT_2023_SOFTWARE/install/game_controller:/home/robo/RoboFEI-HT_2023_SOFTWARE/install/decision_pkg:/opt/ros/humble LD_LIBRARY_PATH=/home/robo/RoboFEI-HT_2023_SOFTWARE/install/custom_interfaces/lib:/home/robo/RoboFEI-HT_2023_SOFTWARE/install/um7/lib:/home/robo/RoboFEI-HT_2023_SOFTWARE/install/control/lib:/home/robo/RoboFEI-HT_2023_SOFTWARE/install/serial/lib:/opt/ros/humble/opt/rviz_ogre_vendor/lib:/opt/ros/humble/lib/x86_64-linux-gnu:/opt/ros/humble/lib /usr/bin/cmake --install /home/robo/RoboFEI-HT_2023_SOFTWARE/build/gui
[28.206s] -- Install configuration: ""
[28.206s] -- Execute custom install script
[28.207s] -- Up-to-date symlink: /home/robo/RoboFEI-HT_2023_SOFTWARE/install/gui/lib/gui/robot_gui
[28.208s] -- Up-to-date symlink: /home/robo/RoboFEI-HT_2023_SOFTWARE/install/gui/share/ament_index/resource_index/package_run_dependencies/gui
[28.209s] -- Up-to-date symlink: /home/robo/RoboFEI-HT_2023_SOFTWARE/install/gui/share/ament_index/resource_index/parent_prefix_path/gui
[28.209s] -- Up-to-date symlink: /home/robo/RoboFEI-HT_2023_SOFTWARE/install/gui/share/gui/environment/ament_prefix_path.sh
[28.209s] -- Up-to-date symlink: /home/robo/RoboFEI-HT_2023_SOFTWARE/install/gui/share/gui/environment/ament_prefix_path.dsv
[28.209s] -- Up-to-date symlink: /home/robo/RoboFEI-HT_2023_SOFTWARE/install/gui/share/gui/environment/path.sh
[28.209s] -- Up-to-date symlink: /home/robo/RoboFEI-HT_2023_SOFTWARE/install/gui/share/gui/environment/path.dsv
[28.210s] -- Up-to-date symlink: /home/robo/RoboFEI-HT_2023_SOFTWARE/install/gui/share/gui/local_setup.bash
[28.210s] -- Up-to-date symlink: /home/robo/RoboFEI-HT_2023_SOFTWARE/install/gui/share/gui/local_setup.sh
[28.210s] -- Up-to-date symlink: /home/robo/RoboFEI-HT_2023_SOFTWARE/install/gui/share/gui/local_setup.zsh
[28.210s] -- Up-to-date symlink: /home/robo/RoboFEI-HT_2023_SOFTWARE/install/gui/share/gui/local_setup.dsv
[28.210s] -- Symlinking: /home/robo/RoboFEI-HT_2023_SOFTWARE/install/gui/share/gui/package.dsv
[28.220s] -- Up-to-date symlink: /home/robo/RoboFEI-HT_2023_SOFTWARE/install/gui/share/ament_index/resource_index/packages/gui
[28.220s] -- Up-to-date symlink: /home/robo/RoboFEI-HT_2023_SOFTWARE/install/gui/share/gui/cmake/guiConfig.cmake
[28.220s] -- Up-to-date symlink: /home/robo/RoboFEI-HT_2023_SOFTWARE/install/gui/share/gui/cmake/guiConfig-version.cmake
[28.220s] -- Up-to-date symlink: /home/robo/RoboFEI-HT_2023_SOFTWARE/install/gui/share/gui/package.xml
[28.223s] Invoked command in '/home/robo/RoboFEI-HT_2023_SOFTWARE/build/gui' returned '0': CMAKE_PREFIX_PATH=/home/robo/RoboFEI-HT_2023_SOFTWARE/install/custom_interfaces:/home/robo/RoboFEI-HT_2023_SOFTWARE/install/um7:/home/robo/RoboFEI-HT_2023_SOFTWARE/install/robot_bringup:/home/robo/RoboFEI-HT_2023_SOFTWARE/install/control:/home/robo/RoboFEI-HT_2023_SOFTWARE/install/serial:/home/robo/RoboFEI-HT_2023_SOFTWARE/install/motors_pkg:/home/robo/RoboFEI-HT_2023_SOFTWARE/install/gui:/home/robo/RoboFEI-HT_2023_SOFTWARE/install/decision_pkg_cpp:/home/robo/RoboFEI-HT_2023_SOFTWARE/install/vision_pkg:/home/robo/RoboFEI-HT_2023_SOFTWARE/install/localization_pkg:/home/robo/RoboFEI-HT_2023_SOFTWARE/install/imu:/home/robo/RoboFEI-HT_2023_SOFTWARE/install/game_controller:/home/robo/RoboFEI-HT_2023_SOFTWARE/install/decision_pkg:/opt/ros/humble LD_LIBRARY_PATH=/home/robo/RoboFEI-HT_2023_SOFTWARE/install/custom_interfaces/lib:/home/robo/RoboFEI-HT_2023_SOFTWARE/install/um7/lib:/home/robo/RoboFEI-HT_2023_SOFTWARE/install/control/lib:/home/robo/RoboFEI-HT_2023_SOFTWARE/install/serial/lib:/opt/ros/humble/opt/rviz_ogre_vendor/lib:/opt/ros/humble/lib/x86_64-linux-gnu:/opt/ros/humble/lib /usr/bin/cmake --install /home/robo/RoboFEI-HT_2023_SOFTWARE/build/gui
