[35m[1mConsolidate compiler generated dependencies of target neck_control[0m
[  3%] [32mBuilding CXX object CMakeFiles/neck_control.dir/src/neck_control.cpp.o[0m
[ 11%] Built target robot_joy_control
[ 18%] Built target decision
[ 25%] Built target gait_publisher
[ 88%] Built target motion
[ 96%] Built target control
In file included from [01m[K/opt/ros/humble/include/rclcpp/rclcpp/logging.hpp:24[m[K,
                 from [01m[K/opt/ros/humble/include/rclcpp/rclcpp/client.hpp:40[m[K,
                 from [01m[K/opt/ros/humble/include/rclcpp/rclcpp/callback_group.hpp:24[m[K,
                 from [01m[K/opt/ros/humble/include/rclcpp/rclcpp/any_executable.hpp:20[m[K,
                 from [01m[K/opt/ros/humble/include/rclcpp/rclcpp/memory_strategy.hpp:25[m[K,
                 from [01m[K/opt/ros/humble/include/rclcpp/rclcpp/memory_strategies.hpp:18[m[K,
                 from [01m[K/opt/ros/humble/include/rclcpp/rclcpp/executor_options.hpp:20[m[K,
                 from [01m[K/opt/ros/humble/include/rclcpp/rclcpp/executor.hpp:37[m[K,
                 from [01m[K/opt/ros/humble/include/rclcpp/rclcpp/executors/multi_threaded_executor.hpp:25[m[K,
                 from [01m[K/opt/ros/humble/include/rclcpp/rclcpp/executors.hpp:21[m[K,
                 from [01m[K/opt/ros/humble/include/rclcpp/rclcpp/rclcpp.hpp:155[m[K,
                 from [01m[K/home/robo/RoboFEI-HT_2023_SOFTWARE/src/control/include/neck_control/neck_control.hpp:9[m[K,
                 from [01m[K/home/robo/RoboFEI-HT_2023_SOFTWARE/src/control/src/neck_control.cpp:3[m[K:
[01m[K/home/robo/RoboFEI-HT_2023_SOFTWARE/src/control/src/neck_control.cpp:[m[K In member function ‘[01m[Kvoid NeckNode::listener_callback_vision_px(vision_msgs::msg::Point2D_<std::allocator<void> >::SharedPtr)[m[K’:
[01m[K/home/robo/RoboFEI-HT_2023_SOFTWARE/src/control/src/neck_control.cpp:85:108:[m[K [01;31m[Kerror: [m[Kno match for ‘[01m[Koperator[][m[K’ (operand types are ‘[01m[Kcustom_interfaces::msg::JointState_<std::allocator<void> >[m[K’ and ‘[01m[Kint[m[K’)
   85 |       RCLCPP_INFO(this->get_logger(), "Debug 1: 19 %d, 20 %d", new_neck_position.info[0], new_neck_position[01;31m[K[[m[K1]);
      |                                                                                                            [01;31m[K^[m[K
[01m[K/home/robo/RoboFEI-HT_2023_SOFTWARE/src/control/src/neck_control.cpp:[m[K In member function ‘[01m[Kvoid NeckNode::main_callback()[m[K’:
[01m[K/home/robo/RoboFEI-HT_2023_SOFTWARE/src/control/src/neck_control.cpp:150:10:[m[K [01;35m[Kwarning: [m[Kenumeration value ‘[01m[Kfollow_ball[m[K’ not handled in switch [[01;35m[K]8;;https://gcc.gnu.org/onlinedocs/gcc/Warning-Options.html#index-Wswitch-Wswitch]8;;[m[K]
  150 |   switch [01;35m[K([m[Kthis->robot_state)
      |          [01;35m[K^[m[K
gmake[2]: *** [CMakeFiles/neck_control.dir/build.make:76: CMakeFiles/neck_control.dir/src/neck_control.cpp.o] Error 1
gmake[1]: *** [CMakeFiles/Makefile2:199: CMakeFiles/neck_control.dir/all] Error 2
gmake: *** [Makefile:146: all] Error 2
