[0.023s] Invoking command in '/home/robo/RoboFEI-HT_2023_SOFTWARE/build/control': AMENT_PREFIX_PATH=/home/robo/RoboFEI-HT_2023_SOFTWARE/install/serial:/home/robo/RoboFEI-HT_2023_SOFTWARE/install/custom_interfaces:${AMENT_PREFIX_PATH} BYOBU_DATE=%Y-%m-%d CMAKE_PREFIX_PATH=/home/robo/RoboFEI-HT_2023_SOFTWARE/install/serial:/home/robo/RoboFEI-HT_2023_SOFTWARE/install/custom_interfaces:/opt/ros/humble LD_LIBRARY_PATH=/home/robo/RoboFEI-HT_2023_SOFTWARE/install/serial/lib:/home/robo/RoboFEI-HT_2023_SOFTWARE/install/custom_interfaces/lib:${LD_LIBRARY_PATH} PYTHONPATH=/home/robo/RoboFEI-HT_2023_SOFTWARE/install/custom_interfaces/local/lib/python3.10/dist-packages:${PYTHONPATH} /usr/bin/cmake --build /home/robo/RoboFEI-HT_2023_SOFTWARE/build/control -- -j8 -l8
[0.355s] [35m[1mConsolidate compiler generated dependencies of target neck_control[0m
[0.355s] [  3%] [32mBuilding CXX object CMakeFiles/neck_control.dir/src/neck_control.cpp.o[0m
[0.355s] [ 11%] Built target robot_joy_control
[0.355s] [ 18%] Built target decision
[0.355s] [ 25%] Built target gait_publisher
[0.355s] [ 88%] Built target motion
[0.356s] [ 96%] Built target control
[2.167s] In file included from [01m[K/opt/ros/humble/include/rclcpp/rclcpp/logging.hpp:24[m[K,
[2.167s]                  from [01m[K/opt/ros/humble/include/rclcpp/rclcpp/client.hpp:40[m[K,
[2.167s]                  from [01m[K/opt/ros/humble/include/rclcpp/rclcpp/callback_group.hpp:24[m[K,
[2.167s]                  from [01m[K/opt/ros/humble/include/rclcpp/rclcpp/any_executable.hpp:20[m[K,
[2.167s]                  from [01m[K/opt/ros/humble/include/rclcpp/rclcpp/memory_strategy.hpp:25[m[K,
[2.167s]                  from [01m[K/opt/ros/humble/include/rclcpp/rclcpp/memory_strategies.hpp:18[m[K,
[2.167s]                  from [01m[K/opt/ros/humble/include/rclcpp/rclcpp/executor_options.hpp:20[m[K,
[2.167s]                  from [01m[K/opt/ros/humble/include/rclcpp/rclcpp/executor.hpp:37[m[K,
[2.167s]                  from [01m[K/opt/ros/humble/include/rclcpp/rclcpp/executors/multi_threaded_executor.hpp:25[m[K,
[2.167s]                  from [01m[K/opt/ros/humble/include/rclcpp/rclcpp/executors.hpp:21[m[K,
[2.167s]                  from [01m[K/opt/ros/humble/include/rclcpp/rclcpp/rclcpp.hpp:155[m[K,
[2.167s]                  from [01m[K/home/robo/RoboFEI-HT_2023_SOFTWARE/src/control/include/neck_control/neck_control.hpp:9[m[K,
[2.167s]                  from [01m[K/home/robo/RoboFEI-HT_2023_SOFTWARE/src/control/src/neck_control.cpp:3[m[K:
[2.167s] [01m[K/home/robo/RoboFEI-HT_2023_SOFTWARE/src/control/src/neck_control.cpp:[m[K In member function ‘[01m[Kvoid NeckNode::listener_callback_vision_px(vision_msgs::msg::Point2D_<std::allocator<void> >::SharedPtr)[m[K’:
[2.167s] [01m[K/home/robo/RoboFEI-HT_2023_SOFTWARE/src/control/src/neck_control.cpp:85:108:[m[K [01;31m[Kerror: [m[Kno match for ‘[01m[Koperator[][m[K’ (operand types are ‘[01m[Kcustom_interfaces::msg::JointState_<std::allocator<void> >[m[K’ and ‘[01m[Kint[m[K’)
[2.167s]    85 |       RCLCPP_INFO(this->get_logger(), "Debug 1: 19 %d, 20 %d", new_neck_position.info[0], new_neck_position[01;31m[K[[m[K1]);
[2.167s]       |                                                                                                            [01;31m[K^[m[K
[2.171s] [01m[K/home/robo/RoboFEI-HT_2023_SOFTWARE/src/control/src/neck_control.cpp:[m[K In member function ‘[01m[Kvoid NeckNode::main_callback()[m[K’:
[2.171s] [01m[K/home/robo/RoboFEI-HT_2023_SOFTWARE/src/control/src/neck_control.cpp:150:10:[m[K [01;35m[Kwarning: [m[Kenumeration value ‘[01m[Kfollow_ball[m[K’ not handled in switch [[01;35m[K]8;;https://gcc.gnu.org/onlinedocs/gcc/Warning-Options.html#index-Wswitch-Wswitch]8;;[m[K]
[2.171s]   150 |   switch [01;35m[K([m[Kthis->robot_state)
[2.171s]       |          [01;35m[K^[m[K
[5.266s] gmake[2]: *** [CMakeFiles/neck_control.dir/build.make:76: CMakeFiles/neck_control.dir/src/neck_control.cpp.o] Error 1
[5.266s] gmake[1]: *** [CMakeFiles/Makefile2:199: CMakeFiles/neck_control.dir/all] Error 2
[5.267s] gmake: *** [Makefile:146: all] Error 2
[5.269s] Invoked command in '/home/robo/RoboFEI-HT_2023_SOFTWARE/build/control' returned '2': AMENT_PREFIX_PATH=/home/robo/RoboFEI-HT_2023_SOFTWARE/install/serial:/home/robo/RoboFEI-HT_2023_SOFTWARE/install/custom_interfaces:${AMENT_PREFIX_PATH} BYOBU_DATE=%Y-%m-%d CMAKE_PREFIX_PATH=/home/robo/RoboFEI-HT_2023_SOFTWARE/install/serial:/home/robo/RoboFEI-HT_2023_SOFTWARE/install/custom_interfaces:/opt/ros/humble LD_LIBRARY_PATH=/home/robo/RoboFEI-HT_2023_SOFTWARE/install/serial/lib:/home/robo/RoboFEI-HT_2023_SOFTWARE/install/custom_interfaces/lib:${LD_LIBRARY_PATH} PYTHONPATH=/home/robo/RoboFEI-HT_2023_SOFTWARE/install/custom_interfaces/local/lib/python3.10/dist-packages:${PYTHONPATH} /usr/bin/cmake --build /home/robo/RoboFEI-HT_2023_SOFTWARE/build/control -- -j8 -l8
