[1.455s] Invoking command in '/home/robo/RoboFEI-HT_2023_SOFTWARE/build/localization_pkg': PYTHONPATH=/home/robo/RoboFEI-HT_2023_SOFTWARE/build/localization_pkg/prefix_override:/usr/lib/python3/dist-packages/colcon_core/task/python/colcon_distutils_commands:/home/robo/RoboFEI-HT_2023_SOFTWARE/install/localization_pkg/lib/python3.10/site-packages:${PYTHONPATH} /usr/bin/python3 -W ignore:setup.py install is deprecated setup.py develop --editable --build-directory /home/robo/RoboFEI-HT_2023_SOFTWARE/build/localization_pkg/build --no-deps symlink_data
[1.786s] /usr/lib/python3/dist-packages/setuptools/dist.py:723: UserWarning: Usage of dash-separated 'script-dir' will not be supported in future versions. Please use the underscore name 'script_dir' instead
[1.786s]   warnings.warn(
[1.830s] running develop
[1.830s] /usr/lib/python3/dist-packages/setuptools/command/easy_install.py:158: EasyInstallDeprecationWarning: easy_install command is deprecated. Use build and pip and other standards-based tools.
[1.830s]   warnings.warn(
[2.150s] running egg_info
[2.151s] writing localization_pkg.egg-info/PKG-INFO
[2.151s] writing dependency_links to localization_pkg.egg-info/dependency_links.txt
[2.151s] writing entry points to localization_pkg.egg-info/entry_points.txt
[2.152s] writing requirements to localization_pkg.egg-info/requires.txt
[2.152s] writing top-level names to localization_pkg.egg-info/top_level.txt
[2.159s] reading manifest file 'localization_pkg.egg-info/SOURCES.txt'
[2.160s] writing manifest file 'localization_pkg.egg-info/SOURCES.txt'
[2.173s] running build_ext
[2.173s] Creating /home/robo/RoboFEI-HT_2023_SOFTWARE/install/localization_pkg/lib/python3.10/site-packages/localization-pkg.egg-link (link to .)
[2.173s] Installing localization_node script to /home/robo/RoboFEI-HT_2023_SOFTWARE/install/localization_pkg/lib/localization_pkg
[2.173s] 
[2.173s] Installed /home/robo/RoboFEI-HT_2023_SOFTWARE/build/localization_pkg
[2.173s] running symlink_data
[2.258s] Invoked command in '/home/robo/RoboFEI-HT_2023_SOFTWARE/build/localization_pkg' returned '0': PYTHONPATH=/home/robo/RoboFEI-HT_2023_SOFTWARE/build/localization_pkg/prefix_override:/usr/lib/python3/dist-packages/colcon_core/task/python/colcon_distutils_commands:/home/robo/RoboFEI-HT_2023_SOFTWARE/install/localization_pkg/lib/python3.10/site-packages:${PYTHONPATH} /usr/bin/python3 -W ignore:setup.py install is deprecated setup.py develop --editable --build-directory /home/robo/RoboFEI-HT_2023_SOFTWARE/build/localization_pkg/build --no-deps symlink_data
