[0.020s] Invoking command in '/home/robo/RoboFEI-HT_2023_SOFTWARE/build/custom_interfaces': CMAKE_PREFIX_PATH=/opt/ros/humble /usr/bin/cmake --build /home/robo/RoboFEI-HT_2023_SOFTWARE/build/custom_interfaces -- -j8 -l8
[0.567s] [  0%] Built target custom_interfaces__cpp
[0.568s] [ 12%] Built target custom_interfaces__rosidl_generator_c
[0.568s] [ 12%] Built target ament_cmake_python_symlink_custom_interfaces
[0.568s] [ 74%] Built target custom_interfaces__rosidl_typesupport_fastrtps_c
[0.568s] [ 75%] Built target custom_interfaces__rosidl_typesupport_fastrtps_cpp
[0.568s] [ 75%] Built target custom_interfaces__rosidl_typesupport_c
[0.568s] [ 75%] Built target custom_interfaces__rosidl_typesupport_introspection_c
[0.568s] [ 77%] Built target custom_interfaces__rosidl_typesupport_cpp
[0.568s] [ 84%] Built target custom_interfaces__rosidl_typesupport_introspection_cpp
[0.568s] [ 84%] Built target custom_interfaces
[0.568s] [ 85%] Built target custom_interfaces__py
[0.568s] [ 96%] Built target custom_interfaces__rosidl_generator_py
[0.568s] [ 97%] Built target custom_interfaces__rosidl_typesupport_fastrtps_c__pyext
[0.568s] [ 98%] Built target custom_interfaces__rosidl_typesupport_c__pyext
[0.569s] [100%] Built target custom_interfaces__rosidl_typesupport_introspection_c__pyext
[0.569s] running egg_info
[0.569s] writing custom_interfaces.egg-info/PKG-INFO
[0.569s] writing dependency_links to custom_interfaces.egg-info/dependency_links.txt
[0.569s] writing top-level names to custom_interfaces.egg-info/top_level.txt
[0.569s] reading manifest file 'custom_interfaces.egg-info/SOURCES.txt'
[0.569s] writing manifest file 'custom_interfaces.egg-info/SOURCES.txt'
[0.569s] [100%] Built target ament_cmake_python_build_custom_interfaces_egg
[0.736s] Invoked command in '/home/robo/RoboFEI-HT_2023_SOFTWARE/build/custom_interfaces' returned '0': CMAKE_PREFIX_PATH=/opt/ros/humble /usr/bin/cmake --build /home/robo/RoboFEI-HT_2023_SOFTWARE/build/custom_interfaces -- -j8 -l8
[1.003s] Invoking command in '/home/robo/RoboFEI-HT_2023_SOFTWARE/build/custom_interfaces': CMAKE_PREFIX_PATH=/opt/ros/humble /usr/bin/cmake --install /home/robo/RoboFEI-HT_2023_SOFTWARE/build/custom_interfaces
[1.017s] -- Install configuration: ""
[1.018s] -- Execute custom install script
[1.018s] -- Up-to-date symlink: /home/robo/RoboFEI-HT_2023_SOFTWARE/install/custom_interfaces/share/ament_index/resource_index/rosidl_interfaces/custom_interfaces
[1.020s] -- Up-to-date symlink: /home/robo/RoboFEI-HT_2023_SOFTWARE/install/custom_interfaces/include/custom_interfaces/custom_interfaces/action/control.h
[1.020s] -- Up-to-date symlink: /home/robo/RoboFEI-HT_2023_SOFTWARE/install/custom_interfaces/include/custom_interfaces/custom_interfaces/action/detail/control__functions.h
[1.020s] -- Up-to-date symlink: /home/robo/RoboFEI-HT_2023_SOFTWARE/install/custom_interfaces/include/custom_interfaces/custom_interfaces/action/detail/control__struct.h
[1.020s] -- Up-to-date symlink: /home/robo/RoboFEI-HT_2023_SOFTWARE/install/custom_interfaces/include/custom_interfaces/custom_interfaces/action/detail/control__type_support.h
[1.020s] -- Up-to-date symlink: /home/robo/RoboFEI-HT_2023_SOFTWARE/install/custom_interfaces/include/custom_interfaces/custom_interfaces/msg/decision.h
[1.020s] -- Up-to-date symlink: /home/robo/RoboFEI-HT_2023_SOFTWARE/install/custom_interfaces/include/custom_interfaces/custom_interfaces/msg/detail/decision__functions.h
[1.021s] -- Up-to-date symlink: /home/robo/RoboFEI-HT_2023_SOFTWARE/install/custom_interfaces/include/custom_interfaces/custom_interfaces/msg/detail/decision__struct.h
[1.021s] -- Up-to-date symlink: /home/robo/RoboFEI-HT_2023_SOFTWARE/install/custom_interfaces/include/custom_interfaces/custom_interfaces/msg/detail/decision__type_support.h
[1.021s] -- Up-to-date symlink: /home/robo/RoboFEI-HT_2023_SOFTWARE/install/custom_interfaces/include/custom_interfaces/custom_interfaces/msg/detail/humanoid_league_msgs__functions.h
[1.021s] -- Up-to-date symlink: /home/robo/RoboFEI-HT_2023_SOFTWARE/install/custom_interfaces/include/custom_interfaces/custom_interfaces/msg/detail/humanoid_league_msgs__struct.h
[1.021s] -- Up-to-date symlink: /home/robo/RoboFEI-HT_2023_SOFTWARE/install/custom_interfaces/include/custom_interfaces/custom_interfaces/msg/detail/humanoid_league_msgs__type_support.h
[1.021s] -- Up-to-date symlink: /home/robo/RoboFEI-HT_2023_SOFTWARE/install/custom_interfaces/include/custom_interfaces/custom_interfaces/msg/detail/joint_state__functions.h
[1.021s] -- Up-to-date symlink: /home/robo/RoboFEI-HT_2023_SOFTWARE/install/custom_interfaces/include/custom_interfaces/custom_interfaces/msg/detail/joint_state__struct.h
[1.021s] -- Up-to-date symlink: /home/robo/RoboFEI-HT_2023_SOFTWARE/install/custom_interfaces/include/custom_interfaces/custom_interfaces/msg/detail/joint_state__type_support.h
[1.021s] -- Up-to-date symlink: /home/robo/RoboFEI-HT_2023_SOFTWARE/install/custom_interfaces/include/custom_interfaces/custom_interfaces/msg/detail/localization__functions.h
[1.022s] -- Up-to-date symlink: /home/robo/RoboFEI-HT_2023_SOFTWARE/install/custom_interfaces/include/custom_interfaces/custom_interfaces/msg/detail/localization__struct.h
[1.022s] -- Up-to-date symlink: /home/robo/RoboFEI-HT_2023_SOFTWARE/install/custom_interfaces/include/custom_interfaces/custom_interfaces/msg/detail/localization__type_support.h
[1.022s] -- Up-to-date symlink: /home/robo/RoboFEI-HT_2023_SOFTWARE/install/custom_interfaces/include/custom_interfaces/custom_interfaces/msg/detail/neck_position__functions.h
[1.022s] -- Up-to-date symlink: /home/robo/RoboFEI-HT_2023_SOFTWARE/install/custom_interfaces/include/custom_interfaces/custom_interfaces/msg/detail/neck_position__struct.h
[1.022s] -- Up-to-date symlink: /home/robo/RoboFEI-HT_2023_SOFTWARE/install/custom_interfaces/include/custom_interfaces/custom_interfaces/msg/detail/neck_position__type_support.h
[1.022s] -- Up-to-date symlink: /home/robo/RoboFEI-HT_2023_SOFTWARE/install/custom_interfaces/include/custom_interfaces/custom_interfaces/msg/detail/robot_state__functions.h
[1.022s] -- Up-to-date symlink: /home/robo/RoboFEI-HT_2023_SOFTWARE/install/custom_interfaces/include/custom_interfaces/custom_interfaces/msg/detail/robot_state__struct.h
[1.022s] -- Up-to-date symlink: /home/robo/RoboFEI-HT_2023_SOFTWARE/install/custom_interfaces/include/custom_interfaces/custom_interfaces/msg/detail/robot_state__type_support.h
[1.023s] -- Up-to-date symlink: /home/robo/RoboFEI-HT_2023_SOFTWARE/install/custom_interfaces/include/custom_interfaces/custom_interfaces/msg/detail/set_position__functions.h
[1.023s] -- Up-to-date symlink: /home/robo/RoboFEI-HT_2023_SOFTWARE/install/custom_interfaces/include/custom_interfaces/custom_interfaces/msg/detail/set_position__struct.h
[1.023s] -- Up-to-date symlink: /home/robo/RoboFEI-HT_2023_SOFTWARE/install/custom_interfaces/include/custom_interfaces/custom_interfaces/msg/detail/set_position__type_support.h
[1.023s] -- Up-to-date symlink: /home/robo/RoboFEI-HT_2023_SOFTWARE/install/custom_interfaces/include/custom_interfaces/custom_interfaces/msg/detail/set_position_original__functions.h
[1.023s] -- Up-to-date symlink: /home/robo/RoboFEI-HT_2023_SOFTWARE/install/custom_interfaces/include/custom_interfaces/custom_interfaces/msg/detail/set_position_original__struct.h
[1.023s] -- Up-to-date symlink: /home/robo/RoboFEI-HT_2023_SOFTWARE/install/custom_interfaces/include/custom_interfaces/custom_interfaces/msg/detail/set_position_original__type_support.h
[1.023s] -- Up-to-date symlink: /home/robo/RoboFEI-HT_2023_SOFTWARE/install/custom_interfaces/include/custom_interfaces/custom_interfaces/msg/detail/vision__functions.h
[1.023s] -- Up-to-date symlink: /home/robo/RoboFEI-HT_2023_SOFTWARE/install/custom_interfaces/include/custom_interfaces/custom_interfaces/msg/detail/vision__struct.h
[1.024s] -- Up-to-date symlink: /home/robo/RoboFEI-HT_2023_SOFTWARE/install/custom_interfaces/include/custom_interfaces/custom_interfaces/msg/detail/vision__type_support.h
[1.024s] -- Up-to-date symlink: /home/robo/RoboFEI-HT_2023_SOFTWARE/install/custom_interfaces/include/custom_interfaces/custom_interfaces/msg/detail/vision_robot__functions.h
[1.024s] -- Up-to-date symlink: /home/robo/RoboFEI-HT_2023_SOFTWARE/install/custom_interfaces/include/custom_interfaces/custom_interfaces/msg/detail/vision_robot__struct.h
[1.024s] -- Up-to-date symlink: /home/robo/RoboFEI-HT_2023_SOFTWARE/install/custom_interfaces/include/custom_interfaces/custom_interfaces/msg/detail/vision_robot__type_support.h
[1.024s] -- Up-to-date symlink: /home/robo/RoboFEI-HT_2023_SOFTWARE/install/custom_interfaces/include/custom_interfaces/custom_interfaces/msg/detail/walk__functions.h
[1.024s] -- Up-to-date symlink: /home/robo/RoboFEI-HT_2023_SOFTWARE/install/custom_interfaces/include/custom_interfaces/custom_interfaces/msg/detail/walk__struct.h
[1.025s] -- Up-to-date symlink: /home/robo/RoboFEI-HT_2023_SOFTWARE/install/custom_interfaces/include/custom_interfaces/custom_interfaces/msg/detail/walk__type_support.h
[1.025s] -- Up-to-date symlink: /home/robo/RoboFEI-HT_2023_SOFTWARE/install/custom_interfaces/include/custom_interfaces/custom_interfaces/msg/humanoid_league_msgs.h
[1.025s] -- Up-to-date symlink: /home/robo/RoboFEI-HT_2023_SOFTWARE/install/custom_interfaces/include/custom_interfaces/custom_interfaces/msg/joint_state.h
[1.025s] -- Up-to-date symlink: /home/robo/RoboFEI-HT_2023_SOFTWARE/install/custom_interfaces/include/custom_interfaces/custom_interfaces/msg/localization.h
[1.025s] -- Up-to-date symlink: /home/robo/RoboFEI-HT_2023_SOFTWARE/install/custom_interfaces/include/custom_interfaces/custom_interfaces/msg/neck_position.h
[1.025s] -- Up-to-date symlink: /home/robo/RoboFEI-HT_2023_SOFTWARE/install/custom_interfaces/include/custom_interfaces/custom_interfaces/msg/robot_state.h
[1.025s] -- Up-to-date symlink: /home/robo/RoboFEI-HT_2023_SOFTWARE/install/custom_interfaces/include/custom_interfaces/custom_interfaces/msg/rosidl_generator_c__visibility_control.h
[1.026s] -- Up-to-date symlink: /home/robo/RoboFEI-HT_2023_SOFTWARE/install/custom_interfaces/include/custom_interfaces/custom_interfaces/msg/set_position.h
[1.026s] -- Up-to-date symlink: /home/robo/RoboFEI-HT_2023_SOFTWARE/install/custom_interfaces/include/custom_interfaces/custom_interfaces/msg/set_position_original.h
[1.026s] -- Up-to-date symlink: /home/robo/RoboFEI-HT_2023_SOFTWARE/install/custom_interfaces/include/custom_interfaces/custom_interfaces/msg/vision.h
[1.026s] -- Up-to-date symlink: /home/robo/RoboFEI-HT_2023_SOFTWARE/install/custom_interfaces/include/custom_interfaces/custom_interfaces/msg/vision_robot.h
[1.026s] -- Up-to-date symlink: /home/robo/RoboFEI-HT_2023_SOFTWARE/install/custom_interfaces/include/custom_interfaces/custom_interfaces/msg/walk.h
[1.026s] -- Up-to-date symlink: /home/robo/RoboFEI-HT_2023_SOFTWARE/install/custom_interfaces/include/custom_interfaces/custom_interfaces/srv/detail/get_position__functions.h
[1.026s] -- Up-to-date symlink: /home/robo/RoboFEI-HT_2023_SOFTWARE/install/custom_interfaces/include/custom_interfaces/custom_interfaces/srv/detail/get_position__struct.h
[1.026s] -- Up-to-date symlink: /home/robo/RoboFEI-HT_2023_SOFTWARE/install/custom_interfaces/include/custom_interfaces/custom_interfaces/srv/detail/get_position__type_support.h
[1.027s] -- Up-to-date symlink: /home/robo/RoboFEI-HT_2023_SOFTWARE/install/custom_interfaces/include/custom_interfaces/custom_interfaces/srv/detail/reset__functions.h
[1.027s] -- Up-to-date symlink: /home/robo/RoboFEI-HT_2023_SOFTWARE/install/custom_interfaces/include/custom_interfaces/custom_interfaces/srv/detail/reset__struct.h
[1.027s] -- Up-to-date symlink: /home/robo/RoboFEI-HT_2023_SOFTWARE/install/custom_interfaces/include/custom_interfaces/custom_interfaces/srv/detail/reset__type_support.h
[1.027s] -- Up-to-date symlink: /home/robo/RoboFEI-HT_2023_SOFTWARE/install/custom_interfaces/include/custom_interfaces/custom_interfaces/srv/get_position.h
[1.027s] -- Up-to-date symlink: /home/robo/RoboFEI-HT_2023_SOFTWARE/install/custom_interfaces/include/custom_interfaces/custom_interfaces/srv/reset.h
[1.027s] -- Up-to-date symlink: /home/robo/RoboFEI-HT_2023_SOFTWARE/install/custom_interfaces/share/custom_interfaces/environment/library_path.sh
[1.027s] -- Up-to-date symlink: /home/robo/RoboFEI-HT_2023_SOFTWARE/install/custom_interfaces/share/custom_interfaces/environment/library_path.dsv
[1.028s] -- Up-to-date symlink: /home/robo/RoboFEI-HT_2023_SOFTWARE/install/custom_interfaces/include/custom_interfaces/custom_interfaces/action/detail/control__rosidl_typesupport_fastrtps_c.h
[1.028s] -- Up-to-date symlink: /home/robo/RoboFEI-HT_2023_SOFTWARE/install/custom_interfaces/include/custom_interfaces/custom_interfaces/msg/detail/decision__rosidl_typesupport_fastrtps_c.h
[1.029s] -- Up-to-date symlink: /home/robo/RoboFEI-HT_2023_SOFTWARE/install/custom_interfaces/include/custom_interfaces/custom_interfaces/msg/detail/humanoid_league_msgs__rosidl_typesupport_fastrtps_c.h
[1.029s] -- Up-to-date symlink: /home/robo/RoboFEI-HT_2023_SOFTWARE/install/custom_interfaces/include/custom_interfaces/custom_interfaces/msg/detail/joint_state__rosidl_typesupport_fastrtps_c.h
[1.029s] -- Up-to-date symlink: /home/robo/RoboFEI-HT_2023_SOFTWARE/install/custom_interfaces/include/custom_interfaces/custom_interfaces/msg/detail/localization__rosidl_typesupport_fastrtps_c.h
[1.029s] -- Up-to-date symlink: /home/robo/RoboFEI-HT_2023_SOFTWARE/install/custom_interfaces/include/custom_interfaces/custom_interfaces/msg/detail/neck_position__rosidl_typesupport_fastrtps_c.h
[1.029s] -- Up-to-date symlink: /home/robo/RoboFEI-HT_2023_SOFTWARE/install/custom_interfaces/include/custom_interfaces/custom_interfaces/msg/detail/robot_state__rosidl_typesupport_fastrtps_c.h
[1.029s] -- Up-to-date symlink: /home/robo/RoboFEI-HT_2023_SOFTWARE/install/custom_interfaces/include/custom_interfaces/custom_interfaces/msg/detail/set_position__rosidl_typesupport_fastrtps_c.h
[1.029s] -- Up-to-date symlink: /home/robo/RoboFEI-HT_2023_SOFTWARE/install/custom_interfaces/include/custom_interfaces/custom_interfaces/msg/detail/set_position_original__rosidl_typesupport_fastrtps_c.h
[1.030s] -- Up-to-date symlink: /home/robo/RoboFEI-HT_2023_SOFTWARE/install/custom_interfaces/include/custom_interfaces/custom_interfaces/msg/detail/vision__rosidl_typesupport_fastrtps_c.h
[1.030s] -- Up-to-date symlink: /home/robo/RoboFEI-HT_2023_SOFTWARE/install/custom_interfaces/include/custom_interfaces/custom_interfaces/msg/detail/vision_robot__rosidl_typesupport_fastrtps_c.h
[1.030s] -- Up-to-date symlink: /home/robo/RoboFEI-HT_2023_SOFTWARE/install/custom_interfaces/include/custom_interfaces/custom_interfaces/msg/detail/walk__rosidl_typesupport_fastrtps_c.h
[1.030s] -- Up-to-date symlink: /home/robo/RoboFEI-HT_2023_SOFTWARE/install/custom_interfaces/include/custom_interfaces/custom_interfaces/msg/rosidl_typesupport_fastrtps_c__visibility_control.h
[1.030s] -- Up-to-date symlink: /home/robo/RoboFEI-HT_2023_SOFTWARE/install/custom_interfaces/include/custom_interfaces/custom_interfaces/srv/detail/get_position__rosidl_typesupport_fastrtps_c.h
[1.030s] -- Up-to-date symlink: /home/robo/RoboFEI-HT_2023_SOFTWARE/install/custom_interfaces/include/custom_interfaces/custom_interfaces/srv/detail/reset__rosidl_typesupport_fastrtps_c.h
[1.031s] -- Up-to-date symlink: /home/robo/RoboFEI-HT_2023_SOFTWARE/install/custom_interfaces/include/custom_interfaces/custom_interfaces/action/control.hpp
[1.031s] -- Up-to-date symlink: /home/robo/RoboFEI-HT_2023_SOFTWARE/install/custom_interfaces/include/custom_interfaces/custom_interfaces/action/detail/control__builder.hpp
[1.031s] -- Up-to-date symlink: /home/robo/RoboFEI-HT_2023_SOFTWARE/install/custom_interfaces/include/custom_interfaces/custom_interfaces/action/detail/control__struct.hpp
[1.031s] -- Up-to-date symlink: /home/robo/RoboFEI-HT_2023_SOFTWARE/install/custom_interfaces/include/custom_interfaces/custom_interfaces/action/detail/control__traits.hpp
[1.031s] -- Up-to-date symlink: /home/robo/RoboFEI-HT_2023_SOFTWARE/install/custom_interfaces/include/custom_interfaces/custom_interfaces/msg/decision.hpp
[1.031s] -- Up-to-date symlink: /home/robo/RoboFEI-HT_2023_SOFTWARE/install/custom_interfaces/include/custom_interfaces/custom_interfaces/msg/detail/decision__builder.hpp
[1.031s] -- Up-to-date symlink: /home/robo/RoboFEI-HT_2023_SOFTWARE/install/custom_interfaces/include/custom_interfaces/custom_interfaces/msg/detail/decision__struct.hpp
[1.031s] -- Up-to-date symlink: /home/robo/RoboFEI-HT_2023_SOFTWARE/install/custom_interfaces/include/custom_interfaces/custom_interfaces/msg/detail/decision__traits.hpp
[1.032s] -- Up-to-date symlink: /home/robo/RoboFEI-HT_2023_SOFTWARE/install/custom_interfaces/include/custom_interfaces/custom_interfaces/msg/detail/humanoid_league_msgs__builder.hpp
[1.032s] -- Up-to-date symlink: /home/robo/RoboFEI-HT_2023_SOFTWARE/install/custom_interfaces/include/custom_interfaces/custom_interfaces/msg/detail/humanoid_league_msgs__struct.hpp
[1.032s] -- Up-to-date symlink: /home/robo/RoboFEI-HT_2023_SOFTWARE/install/custom_interfaces/include/custom_interfaces/custom_interfaces/msg/detail/humanoid_league_msgs__traits.hpp
[1.032s] -- Up-to-date symlink: /home/robo/RoboFEI-HT_2023_SOFTWARE/install/custom_interfaces/include/custom_interfaces/custom_interfaces/msg/detail/joint_state__builder.hpp
[1.032s] -- Up-to-date symlink: /home/robo/RoboFEI-HT_2023_SOFTWARE/install/custom_interfaces/include/custom_interfaces/custom_interfaces/msg/detail/joint_state__struct.hpp
[1.032s] -- Up-to-date symlink: /home/robo/RoboFEI-HT_2023_SOFTWARE/install/custom_interfaces/include/custom_interfaces/custom_interfaces/msg/detail/joint_state__traits.hpp
[1.032s] -- Up-to-date symlink: /home/robo/RoboFEI-HT_2023_SOFTWARE/install/custom_interfaces/include/custom_interfaces/custom_interfaces/msg/detail/localization__builder.hpp
[1.032s] -- Up-to-date symlink: /home/robo/RoboFEI-HT_2023_SOFTWARE/install/custom_interfaces/include/custom_interfaces/custom_interfaces/msg/detail/localization__struct.hpp
[1.032s] -- Up-to-date symlink: /home/robo/RoboFEI-HT_2023_SOFTWARE/install/custom_interfaces/include/custom_interfaces/custom_interfaces/msg/detail/localization__traits.hpp
[1.032s] -- Up-to-date symlink: /home/robo/RoboFEI-HT_2023_SOFTWARE/install/custom_interfaces/include/custom_interfaces/custom_interfaces/msg/detail/neck_position__builder.hpp
[1.032s] -- Up-to-date symlink: /home/robo/RoboFEI-HT_2023_SOFTWARE/install/custom_interfaces/include/custom_interfaces/custom_interfaces/msg/detail/neck_position__struct.hpp
[1.033s] -- Up-to-date symlink: /home/robo/RoboFEI-HT_2023_SOFTWARE/install/custom_interfaces/include/custom_interfaces/custom_interfaces/msg/detail/neck_position__traits.hpp
[1.033s] -- Up-to-date symlink: /home/robo/RoboFEI-HT_2023_SOFTWARE/install/custom_interfaces/include/custom_interfaces/custom_interfaces/msg/detail/robot_state__builder.hpp
[1.033s] -- Up-to-date symlink: /home/robo/RoboFEI-HT_2023_SOFTWARE/install/custom_interfaces/include/custom_interfaces/custom_interfaces/msg/detail/robot_state__struct.hpp
[1.033s] -- Up-to-date symlink: /home/robo/RoboFEI-HT_2023_SOFTWARE/install/custom_interfaces/include/custom_interfaces/custom_interfaces/msg/detail/robot_state__traits.hpp
[1.033s] -- Up-to-date symlink: /home/robo/RoboFEI-HT_2023_SOFTWARE/install/custom_interfaces/include/custom_interfaces/custom_interfaces/msg/detail/set_position__builder.hpp
[1.033s] -- Up-to-date symlink: /home/robo/RoboFEI-HT_2023_SOFTWARE/install/custom_interfaces/include/custom_interfaces/custom_interfaces/msg/detail/set_position__struct.hpp
[1.033s] -- Up-to-date symlink: /home/robo/RoboFEI-HT_2023_SOFTWARE/install/custom_interfaces/include/custom_interfaces/custom_interfaces/msg/detail/set_position__traits.hpp
[1.033s] -- Up-to-date symlink: /home/robo/RoboFEI-HT_2023_SOFTWARE/install/custom_interfaces/include/custom_interfaces/custom_interfaces/msg/detail/set_position_original__builder.hpp
[1.033s] -- Up-to-date symlink: /home/robo/RoboFEI-HT_2023_SOFTWARE/install/custom_interfaces/include/custom_interfaces/custom_interfaces/msg/detail/set_position_original__struct.hpp
[1.033s] -- Up-to-date symlink: /home/robo/RoboFEI-HT_2023_SOFTWARE/install/custom_interfaces/include/custom_interfaces/custom_interfaces/msg/detail/set_position_original__traits.hpp
[1.033s] -- Up-to-date symlink: /home/robo/RoboFEI-HT_2023_SOFTWARE/install/custom_interfaces/include/custom_interfaces/custom_interfaces/msg/detail/vision__builder.hpp
[1.034s] -- Up-to-date symlink: /home/robo/RoboFEI-HT_2023_SOFTWARE/install/custom_interfaces/include/custom_interfaces/custom_interfaces/msg/detail/vision__struct.hpp
[1.034s] -- Up-to-date symlink: /home/robo/RoboFEI-HT_2023_SOFTWARE/install/custom_interfaces/include/custom_interfaces/custom_interfaces/msg/detail/vision__traits.hpp
[1.034s] -- Up-to-date symlink: /home/robo/RoboFEI-HT_2023_SOFTWARE/install/custom_interfaces/include/custom_interfaces/custom_interfaces/msg/detail/vision_robot__builder.hpp
[1.034s] -- Up-to-date symlink: /home/robo/RoboFEI-HT_2023_SOFTWARE/install/custom_interfaces/include/custom_interfaces/custom_interfaces/msg/detail/vision_robot__struct.hpp
[1.034s] -- Up-to-date symlink: /home/robo/RoboFEI-HT_2023_SOFTWARE/install/custom_interfaces/include/custom_interfaces/custom_interfaces/msg/detail/vision_robot__traits.hpp
[1.034s] -- Up-to-date symlink: /home/robo/RoboFEI-HT_2023_SOFTWARE/install/custom_interfaces/include/custom_interfaces/custom_interfaces/msg/detail/walk__builder.hpp
[1.034s] -- Up-to-date symlink: /home/robo/RoboFEI-HT_2023_SOFTWARE/install/custom_interfaces/include/custom_interfaces/custom_interfaces/msg/detail/walk__struct.hpp
[1.034s] -- Up-to-date symlink: /home/robo/RoboFEI-HT_2023_SOFTWARE/install/custom_interfaces/include/custom_interfaces/custom_interfaces/msg/detail/walk__traits.hpp
[1.034s] -- Up-to-date symlink: /home/robo/RoboFEI-HT_2023_SOFTWARE/install/custom_interfaces/include/custom_interfaces/custom_interfaces/msg/humanoid_league_msgs.hpp
[1.034s] -- Up-to-date symlink: /home/robo/RoboFEI-HT_2023_SOFTWARE/install/custom_interfaces/include/custom_interfaces/custom_interfaces/msg/joint_state.hpp
[1.035s] -- Up-to-date symlink: /home/robo/RoboFEI-HT_2023_SOFTWARE/install/custom_interfaces/include/custom_interfaces/custom_interfaces/msg/localization.hpp
[1.035s] -- Up-to-date symlink: /home/robo/RoboFEI-HT_2023_SOFTWARE/install/custom_interfaces/include/custom_interfaces/custom_interfaces/msg/neck_position.hpp
[1.035s] -- Up-to-date symlink: /home/robo/RoboFEI-HT_2023_SOFTWARE/install/custom_interfaces/include/custom_interfaces/custom_interfaces/msg/robot_state.hpp
[1.035s] -- Up-to-date symlink: /home/robo/RoboFEI-HT_2023_SOFTWARE/install/custom_interfaces/include/custom_interfaces/custom_interfaces/msg/set_position.hpp
[1.035s] -- Up-to-date symlink: /home/robo/RoboFEI-HT_2023_SOFTWARE/install/custom_interfaces/include/custom_interfaces/custom_interfaces/msg/set_position_original.hpp
[1.035s] -- Up-to-date symlink: /home/robo/RoboFEI-HT_2023_SOFTWARE/install/custom_interfaces/include/custom_interfaces/custom_interfaces/msg/vision.hpp
[1.035s] -- Up-to-date symlink: /home/robo/RoboFEI-HT_2023_SOFTWARE/install/custom_interfaces/include/custom_interfaces/custom_interfaces/msg/vision_robot.hpp
[1.035s] -- Up-to-date symlink: /home/robo/RoboFEI-HT_2023_SOFTWARE/install/custom_interfaces/include/custom_interfaces/custom_interfaces/msg/walk.hpp
[1.036s] -- Up-to-date symlink: /home/robo/RoboFEI-HT_2023_SOFTWARE/install/custom_interfaces/include/custom_interfaces/custom_interfaces/srv/detail/get_position__builder.hpp
[1.036s] -- Up-to-date symlink: /home/robo/RoboFEI-HT_2023_SOFTWARE/install/custom_interfaces/include/custom_interfaces/custom_interfaces/srv/detail/get_position__struct.hpp
[1.036s] -- Up-to-date symlink: /home/robo/RoboFEI-HT_2023_SOFTWARE/install/custom_interfaces/include/custom_interfaces/custom_interfaces/srv/detail/get_position__traits.hpp
[1.036s] -- Up-to-date symlink: /home/robo/RoboFEI-HT_2023_SOFTWARE/install/custom_interfaces/include/custom_interfaces/custom_interfaces/srv/detail/reset__builder.hpp
[1.036s] -- Up-to-date symlink: /home/robo/RoboFEI-HT_2023_SOFTWARE/install/custom_interfaces/include/custom_interfaces/custom_interfaces/srv/detail/reset__struct.hpp
[1.036s] -- Up-to-date symlink: /home/robo/RoboFEI-HT_2023_SOFTWARE/install/custom_interfaces/include/custom_interfaces/custom_interfaces/srv/detail/reset__traits.hpp
[1.036s] -- Up-to-date symlink: /home/robo/RoboFEI-HT_2023_SOFTWARE/install/custom_interfaces/include/custom_interfaces/custom_interfaces/srv/get_position.hpp
[1.036s] -- Up-to-date symlink: /home/robo/RoboFEI-HT_2023_SOFTWARE/install/custom_interfaces/include/custom_interfaces/custom_interfaces/srv/reset.hpp
[1.038s] -- Up-to-date symlink: /home/robo/RoboFEI-HT_2023_SOFTWARE/install/custom_interfaces/include/custom_interfaces/custom_interfaces/action/detail/control__rosidl_typesupport_fastrtps_cpp.hpp
[1.039s] -- Up-to-date symlink: /home/robo/RoboFEI-HT_2023_SOFTWARE/install/custom_interfaces/include/custom_interfaces/custom_interfaces/msg/detail/decision__rosidl_typesupport_fastrtps_cpp.hpp
[1.039s] -- Up-to-date symlink: /home/robo/RoboFEI-HT_2023_SOFTWARE/install/custom_interfaces/include/custom_interfaces/custom_interfaces/msg/detail/humanoid_league_msgs__rosidl_typesupport_fastrtps_cpp.hpp
[1.039s] -- Up-to-date symlink: /home/robo/RoboFEI-HT_2023_SOFTWARE/install/custom_interfaces/include/custom_interfaces/custom_interfaces/msg/detail/joint_state__rosidl_typesupport_fastrtps_cpp.hpp
[1.039s] -- Up-to-date symlink: /home/robo/RoboFEI-HT_2023_SOFTWARE/install/custom_interfaces/include/custom_interfaces/custom_interfaces/msg/detail/localization__rosidl_typesupport_fastrtps_cpp.hpp
[1.039s] -- Up-to-date symlink: /home/robo/RoboFEI-HT_2023_SOFTWARE/install/custom_interfaces/include/custom_interfaces/custom_interfaces/msg/detail/neck_position__rosidl_typesupport_fastrtps_cpp.hpp
[1.039s] -- Up-to-date symlink: /home/robo/RoboFEI-HT_2023_SOFTWARE/install/custom_interfaces/include/custom_interfaces/custom_interfaces/msg/detail/robot_state__rosidl_typesupport_fastrtps_cpp.hpp
[1.039s] -- Up-to-date symlink: /home/robo/RoboFEI-HT_2023_SOFTWARE/install/custom_interfaces/include/custom_interfaces/custom_interfaces/msg/detail/set_position__rosidl_typesupport_fastrtps_cpp.hpp
[1.040s] -- Up-to-date symlink: /home/robo/RoboFEI-HT_2023_SOFTWARE/install/custom_interfaces/include/custom_interfaces/custom_interfaces/msg/detail/set_position_original__rosidl_typesupport_fastrtps_cpp.hpp
[1.040s] -- Up-to-date symlink: /home/robo/RoboFEI-HT_2023_SOFTWARE/install/custom_interfaces/include/custom_interfaces/custom_interfaces/msg/detail/vision__rosidl_typesupport_fastrtps_cpp.hpp
[1.040s] -- Up-to-date symlink: /home/robo/RoboFEI-HT_2023_SOFTWARE/install/custom_interfaces/include/custom_interfaces/custom_interfaces/msg/detail/vision_robot__rosidl_typesupport_fastrtps_cpp.hpp
[1.040s] -- Up-to-date symlink: /home/robo/RoboFEI-HT_2023_SOFTWARE/install/custom_interfaces/include/custom_interfaces/custom_interfaces/msg/detail/walk__rosidl_typesupport_fastrtps_cpp.hpp
[1.040s] -- Up-to-date symlink: /home/robo/RoboFEI-HT_2023_SOFTWARE/install/custom_interfaces/include/custom_interfaces/custom_interfaces/msg/rosidl_typesupport_fastrtps_cpp__visibility_control.h
[1.040s] -- Up-to-date symlink: /home/robo/RoboFEI-HT_2023_SOFTWARE/install/custom_interfaces/include/custom_interfaces/custom_interfaces/srv/detail/get_position__rosidl_typesupport_fastrtps_cpp.hpp
[1.040s] -- Up-to-date symlink: /home/robo/RoboFEI-HT_2023_SOFTWARE/install/custom_interfaces/include/custom_interfaces/custom_interfaces/srv/detail/reset__rosidl_typesupport_fastrtps_cpp.hpp
[1.041s] -- Up-to-date symlink: /home/robo/RoboFEI-HT_2023_SOFTWARE/install/custom_interfaces/include/custom_interfaces/custom_interfaces/action/detail/control__rosidl_typesupport_introspection_c.h
[1.041s] -- Up-to-date symlink: /home/robo/RoboFEI-HT_2023_SOFTWARE/install/custom_interfaces/include/custom_interfaces/custom_interfaces/msg/detail/decision__rosidl_typesupport_introspection_c.h
[1.041s] -- Up-to-date symlink: /home/robo/RoboFEI-HT_2023_SOFTWARE/install/custom_interfaces/include/custom_interfaces/custom_interfaces/msg/detail/humanoid_league_msgs__rosidl_typesupport_introspection_c.h
[1.041s] -- Up-to-date symlink: /home/robo/RoboFEI-HT_2023_SOFTWARE/install/custom_interfaces/include/custom_interfaces/custom_interfaces/msg/detail/joint_state__rosidl_typesupport_introspection_c.h
[1.041s] -- Up-to-date symlink: /home/robo/RoboFEI-HT_2023_SOFTWARE/install/custom_interfaces/include/custom_interfaces/custom_interfaces/msg/detail/localization__rosidl_typesupport_introspection_c.h
[1.041s] -- Up-to-date symlink: /home/robo/RoboFEI-HT_2023_SOFTWARE/install/custom_interfaces/include/custom_interfaces/custom_interfaces/msg/detail/neck_position__rosidl_typesupport_introspection_c.h
[1.042s] -- Up-to-date symlink: /home/robo/RoboFEI-HT_2023_SOFTWARE/install/custom_interfaces/include/custom_interfaces/custom_interfaces/msg/detail/robot_state__rosidl_typesupport_introspection_c.h
[1.042s] -- Up-to-date symlink: /home/robo/RoboFEI-HT_2023_SOFTWARE/install/custom_interfaces/include/custom_interfaces/custom_interfaces/msg/detail/set_position__rosidl_typesupport_introspection_c.h
[1.042s] -- Up-to-date symlink: /home/robo/RoboFEI-HT_2023_SOFTWARE/install/custom_interfaces/include/custom_interfaces/custom_interfaces/msg/detail/set_position_original__rosidl_typesupport_introspection_c.h
[1.042s] -- Up-to-date symlink: /home/robo/RoboFEI-HT_2023_SOFTWARE/install/custom_interfaces/include/custom_interfaces/custom_interfaces/msg/detail/vision__rosidl_typesupport_introspection_c.h
[1.042s] -- Up-to-date symlink: /home/robo/RoboFEI-HT_2023_SOFTWARE/install/custom_interfaces/include/custom_interfaces/custom_interfaces/msg/detail/vision_robot__rosidl_typesupport_introspection_c.h
[1.042s] -- Up-to-date symlink: /home/robo/RoboFEI-HT_2023_SOFTWARE/install/custom_interfaces/include/custom_interfaces/custom_interfaces/msg/detail/walk__rosidl_typesupport_introspection_c.h
[1.042s] -- Up-to-date symlink: /home/robo/RoboFEI-HT_2023_SOFTWARE/install/custom_interfaces/include/custom_interfaces/custom_interfaces/msg/rosidl_typesupport_introspection_c__visibility_control.h
[1.042s] -- Up-to-date symlink: /home/robo/RoboFEI-HT_2023_SOFTWARE/install/custom_interfaces/include/custom_interfaces/custom_interfaces/srv/detail/get_position__rosidl_typesupport_introspection_c.h
[1.042s] -- Up-to-date symlink: /home/robo/RoboFEI-HT_2023_SOFTWARE/install/custom_interfaces/include/custom_interfaces/custom_interfaces/srv/detail/reset__rosidl_typesupport_introspection_c.h
[1.043s] -- Up-to-date symlink: /home/robo/RoboFEI-HT_2023_SOFTWARE/install/custom_interfaces/include/custom_interfaces/custom_interfaces/action/detail/control__rosidl_typesupport_introspection_cpp.hpp
[1.043s] -- Up-to-date symlink: /home/robo/RoboFEI-HT_2023_SOFTWARE/install/custom_interfaces/include/custom_interfaces/custom_interfaces/msg/detail/decision__rosidl_typesupport_introspection_cpp.hpp
[1.043s] -- Up-to-date symlink: /home/robo/RoboFEI-HT_2023_SOFTWARE/install/custom_interfaces/include/custom_interfaces/custom_interfaces/msg/detail/humanoid_league_msgs__rosidl_typesupport_introspection_cpp.hpp
[1.044s] -- Up-to-date symlink: /home/robo/RoboFEI-HT_2023_SOFTWARE/install/custom_interfaces/include/custom_interfaces/custom_interfaces/msg/detail/joint_state__rosidl_typesupport_introspection_cpp.hpp
[1.044s] -- Up-to-date symlink: /home/robo/RoboFEI-HT_2023_SOFTWARE/install/custom_interfaces/include/custom_interfaces/custom_interfaces/msg/detail/localization__rosidl_typesupport_introspection_cpp.hpp
[1.044s] -- Up-to-date symlink: /home/robo/RoboFEI-HT_2023_SOFTWARE/install/custom_interfaces/include/custom_interfaces/custom_interfaces/msg/detail/neck_position__rosidl_typesupport_introspection_cpp.hpp
[1.044s] -- Up-to-date symlink: /home/robo/RoboFEI-HT_2023_SOFTWARE/install/custom_interfaces/include/custom_interfaces/custom_interfaces/msg/detail/robot_state__rosidl_typesupport_introspection_cpp.hpp
[1.044s] -- Up-to-date symlink: /home/robo/RoboFEI-HT_2023_SOFTWARE/install/custom_interfaces/include/custom_interfaces/custom_interfaces/msg/detail/set_position__rosidl_typesupport_introspection_cpp.hpp
[1.044s] -- Up-to-date symlink: /home/robo/RoboFEI-HT_2023_SOFTWARE/install/custom_interfaces/include/custom_interfaces/custom_interfaces/msg/detail/set_position_original__rosidl_typesupport_introspection_cpp.hpp
[1.044s] -- Up-to-date symlink: /home/robo/RoboFEI-HT_2023_SOFTWARE/install/custom_interfaces/include/custom_interfaces/custom_interfaces/msg/detail/vision__rosidl_typesupport_introspection_cpp.hpp
[1.044s] -- Up-to-date symlink: /home/robo/RoboFEI-HT_2023_SOFTWARE/install/custom_interfaces/include/custom_interfaces/custom_interfaces/msg/detail/vision_robot__rosidl_typesupport_introspection_cpp.hpp
[1.044s] -- Up-to-date symlink: /home/robo/RoboFEI-HT_2023_SOFTWARE/install/custom_interfaces/include/custom_interfaces/custom_interfaces/msg/detail/walk__rosidl_typesupport_introspection_cpp.hpp
[1.044s] -- Up-to-date symlink: /home/robo/RoboFEI-HT_2023_SOFTWARE/install/custom_interfaces/include/custom_interfaces/custom_interfaces/srv/detail/get_position__rosidl_typesupport_introspection_cpp.hpp
[1.044s] -- Up-to-date symlink: /home/robo/RoboFEI-HT_2023_SOFTWARE/install/custom_interfaces/include/custom_interfaces/custom_interfaces/srv/detail/reset__rosidl_typesupport_introspection_cpp.hpp
[1.045s] -- Up-to-date symlink: /home/robo/RoboFEI-HT_2023_SOFTWARE/install/custom_interfaces/share/custom_interfaces/environment/pythonpath.sh
[1.045s] -- Up-to-date symlink: /home/robo/RoboFEI-HT_2023_SOFTWARE/install/custom_interfaces/share/custom_interfaces/environment/pythonpath.dsv
[1.045s] -- Up-to-date symlink: /home/robo/RoboFEI-HT_2023_SOFTWARE/install/custom_interfaces/local/lib/python3.10/dist-packages/custom_interfaces-3.7.40-py3.10.egg-info/PKG-INFO
[1.045s] -- Up-to-date symlink: /home/robo/RoboFEI-HT_2023_SOFTWARE/install/custom_interfaces/local/lib/python3.10/dist-packages/custom_interfaces-3.7.40-py3.10.egg-info/SOURCES.txt
[1.045s] -- Up-to-date symlink: /home/robo/RoboFEI-HT_2023_SOFTWARE/install/custom_interfaces/local/lib/python3.10/dist-packages/custom_interfaces-3.7.40-py3.10.egg-info/dependency_links.txt
[1.045s] -- Up-to-date symlink: /home/robo/RoboFEI-HT_2023_SOFTWARE/install/custom_interfaces/local/lib/python3.10/dist-packages/custom_interfaces-3.7.40-py3.10.egg-info/top_level.txt
[1.047s] -- Up-to-date symlink: /home/robo/RoboFEI-HT_2023_SOFTWARE/install/custom_interfaces/local/lib/python3.10/dist-packages/custom_interfaces/__init__.py
[1.047s] -- Up-to-date symlink: /home/robo/RoboFEI-HT_2023_SOFTWARE/install/custom_interfaces/local/lib/python3.10/dist-packages/custom_interfaces/_custom_interfaces_s.ep.rosidl_typesupport_c.c
[1.047s] -- Up-to-date symlink: /home/robo/RoboFEI-HT_2023_SOFTWARE/install/custom_interfaces/local/lib/python3.10/dist-packages/custom_interfaces/_custom_interfaces_s.ep.rosidl_typesupport_fastrtps_c.c
[1.047s] -- Up-to-date symlink: /home/robo/RoboFEI-HT_2023_SOFTWARE/install/custom_interfaces/local/lib/python3.10/dist-packages/custom_interfaces/_custom_interfaces_s.ep.rosidl_typesupport_introspection_c.c
[1.047s] -- Up-to-date symlink: /home/robo/RoboFEI-HT_2023_SOFTWARE/install/custom_interfaces/local/lib/python3.10/dist-packages/custom_interfaces/action/__init__.py
[1.047s] -- Up-to-date symlink: /home/robo/RoboFEI-HT_2023_SOFTWARE/install/custom_interfaces/local/lib/python3.10/dist-packages/custom_interfaces/action/_control.py
[1.047s] -- Up-to-date symlink: /home/robo/RoboFEI-HT_2023_SOFTWARE/install/custom_interfaces/local/lib/python3.10/dist-packages/custom_interfaces/action/_control_s.c
[1.048s] -- Up-to-date symlink: /home/robo/RoboFEI-HT_2023_SOFTWARE/install/custom_interfaces/local/lib/python3.10/dist-packages/custom_interfaces/custom_interfaces_s__rosidl_typesupport_c.cpython-310-x86_64-linux-gnu.so
[1.054s] -- Up-to-date symlink: /home/robo/RoboFEI-HT_2023_SOFTWARE/install/custom_interfaces/local/lib/python3.10/dist-packages/custom_interfaces/custom_interfaces_s__rosidl_typesupport_fastrtps_c.cpython-310-x86_64-linux-gnu.so
[1.054s] -- Up-to-date symlink: /home/robo/RoboFEI-HT_2023_SOFTWARE/install/custom_interfaces/local/lib/python3.10/dist-packages/custom_interfaces/custom_interfaces_s__rosidl_typesupport_introspection_c.cpython-310-x86_64-linux-gnu.so
[1.054s] -- Up-to-date symlink: /home/robo/RoboFEI-HT_2023_SOFTWARE/install/custom_interfaces/local/lib/python3.10/dist-packages/custom_interfaces/libcustom_interfaces__rosidl_generator_py.so
[1.054s] -- Up-to-date symlink: /home/robo/RoboFEI-HT_2023_SOFTWARE/install/custom_interfaces/local/lib/python3.10/dist-packages/custom_interfaces/msg/__init__.py
[1.054s] -- Up-to-date symlink: /home/robo/RoboFEI-HT_2023_SOFTWARE/install/custom_interfaces/local/lib/python3.10/dist-packages/custom_interfaces/msg/_decision.py
[1.054s] -- Up-to-date symlink: /home/robo/RoboFEI-HT_2023_SOFTWARE/install/custom_interfaces/local/lib/python3.10/dist-packages/custom_interfaces/msg/_decision_s.c
[1.055s] -- Up-to-date symlink: /home/robo/RoboFEI-HT_2023_SOFTWARE/install/custom_interfaces/local/lib/python3.10/dist-packages/custom_interfaces/msg/_humanoid_league_msgs.py
[1.055s] -- Up-to-date symlink: /home/robo/RoboFEI-HT_2023_SOFTWARE/install/custom_interfaces/local/lib/python3.10/dist-packages/custom_interfaces/msg/_humanoid_league_msgs_s.c
[1.055s] -- Up-to-date symlink: /home/robo/RoboFEI-HT_2023_SOFTWARE/install/custom_interfaces/local/lib/python3.10/dist-packages/custom_interfaces/msg/_joint_state.py
[1.055s] -- Up-to-date symlink: /home/robo/RoboFEI-HT_2023_SOFTWARE/install/custom_interfaces/local/lib/python3.10/dist-packages/custom_interfaces/msg/_joint_state_s.c
[1.055s] -- Up-to-date symlink: /home/robo/RoboFEI-HT_2023_SOFTWARE/install/custom_interfaces/local/lib/python3.10/dist-packages/custom_interfaces/msg/_localization.py
[1.055s] -- Up-to-date symlink: /home/robo/RoboFEI-HT_2023_SOFTWARE/install/custom_interfaces/local/lib/python3.10/dist-packages/custom_interfaces/msg/_localization_s.c
[1.055s] -- Up-to-date symlink: /home/robo/RoboFEI-HT_2023_SOFTWARE/install/custom_interfaces/local/lib/python3.10/dist-packages/custom_interfaces/msg/_neck_position.py
[1.055s] -- Up-to-date symlink: /home/robo/RoboFEI-HT_2023_SOFTWARE/install/custom_interfaces/local/lib/python3.10/dist-packages/custom_interfaces/msg/_neck_position_s.c
[1.055s] -- Up-to-date symlink: /home/robo/RoboFEI-HT_2023_SOFTWARE/install/custom_interfaces/local/lib/python3.10/dist-packages/custom_interfaces/msg/_robot_state.py
[1.055s] -- Up-to-date symlink: /home/robo/RoboFEI-HT_2023_SOFTWARE/install/custom_interfaces/local/lib/python3.10/dist-packages/custom_interfaces/msg/_robot_state_s.c
[1.055s] -- Up-to-date symlink: /home/robo/RoboFEI-HT_2023_SOFTWARE/install/custom_interfaces/local/lib/python3.10/dist-packages/custom_interfaces/msg/_set_position.py
[1.056s] -- Up-to-date symlink: /home/robo/RoboFEI-HT_2023_SOFTWARE/install/custom_interfaces/local/lib/python3.10/dist-packages/custom_interfaces/msg/_set_position_original.py
[1.056s] -- Up-to-date symlink: /home/robo/RoboFEI-HT_2023_SOFTWARE/install/custom_interfaces/local/lib/python3.10/dist-packages/custom_interfaces/msg/_set_position_original_s.c
[1.056s] -- Up-to-date symlink: /home/robo/RoboFEI-HT_2023_SOFTWARE/install/custom_interfaces/local/lib/python3.10/dist-packages/custom_interfaces/msg/_set_position_s.c
[1.056s] -- Up-to-date symlink: /home/robo/RoboFEI-HT_2023_SOFTWARE/install/custom_interfaces/local/lib/python3.10/dist-packages/custom_interfaces/msg/_vision.py
[1.056s] -- Up-to-date symlink: /home/robo/RoboFEI-HT_2023_SOFTWARE/install/custom_interfaces/local/lib/python3.10/dist-packages/custom_interfaces/msg/_vision_robot.py
[1.056s] -- Up-to-date symlink: /home/robo/RoboFEI-HT_2023_SOFTWARE/install/custom_interfaces/local/lib/python3.10/dist-packages/custom_interfaces/msg/_vision_robot_s.c
[1.056s] -- Up-to-date symlink: /home/robo/RoboFEI-HT_2023_SOFTWARE/install/custom_interfaces/local/lib/python3.10/dist-packages/custom_interfaces/msg/_vision_s.c
[1.056s] -- Up-to-date symlink: /home/robo/RoboFEI-HT_2023_SOFTWARE/install/custom_interfaces/local/lib/python3.10/dist-packages/custom_interfaces/msg/_walk.py
[1.056s] -- Up-to-date symlink: /home/robo/RoboFEI-HT_2023_SOFTWARE/install/custom_interfaces/local/lib/python3.10/dist-packages/custom_interfaces/msg/_walk_s.c
[1.056s] -- Up-to-date symlink: /home/robo/RoboFEI-HT_2023_SOFTWARE/install/custom_interfaces/local/lib/python3.10/dist-packages/custom_interfaces/srv/__init__.py
[1.056s] -- Up-to-date symlink: /home/robo/RoboFEI-HT_2023_SOFTWARE/install/custom_interfaces/local/lib/python3.10/dist-packages/custom_interfaces/srv/_get_position.py
[1.056s] -- Up-to-date symlink: /home/robo/RoboFEI-HT_2023_SOFTWARE/install/custom_interfaces/local/lib/python3.10/dist-packages/custom_interfaces/srv/_get_position_s.c
[1.056s] -- Up-to-date symlink: /home/robo/RoboFEI-HT_2023_SOFTWARE/install/custom_interfaces/local/lib/python3.10/dist-packages/custom_interfaces/srv/_reset.py
[1.056s] -- Up-to-date symlink: /home/robo/RoboFEI-HT_2023_SOFTWARE/install/custom_interfaces/local/lib/python3.10/dist-packages/custom_interfaces/srv/_reset_s.c
[1.057s] -- Up-to-date symlink: /home/robo/RoboFEI-HT_2023_SOFTWARE/install/custom_interfaces/local/lib/python3.10/dist-packages/custom_interfaces/custom_interfaces_s__rosidl_typesupport_fastrtps_c.cpython-310-x86_64-linux-gnu.so
[1.057s] -- Up-to-date symlink: /home/robo/RoboFEI-HT_2023_SOFTWARE/install/custom_interfaces/local/lib/python3.10/dist-packages/custom_interfaces/custom_interfaces_s__rosidl_typesupport_introspection_c.cpython-310-x86_64-linux-gnu.so
[1.058s] -- Up-to-date symlink: /home/robo/RoboFEI-HT_2023_SOFTWARE/install/custom_interfaces/local/lib/python3.10/dist-packages/custom_interfaces/custom_interfaces_s__rosidl_typesupport_c.cpython-310-x86_64-linux-gnu.so
[1.058s] -- Up-to-date symlink: /home/robo/RoboFEI-HT_2023_SOFTWARE/install/custom_interfaces/share/custom_interfaces/msg/SetPosition.idl
[1.058s] -- Up-to-date symlink: /home/robo/RoboFEI-HT_2023_SOFTWARE/install/custom_interfaces/share/custom_interfaces/msg/Vision.idl
[1.058s] -- Up-to-date symlink: /home/robo/RoboFEI-HT_2023_SOFTWARE/install/custom_interfaces/share/custom_interfaces/msg/VisionRobot.idl
[1.058s] -- Up-to-date symlink: /home/robo/RoboFEI-HT_2023_SOFTWARE/install/custom_interfaces/share/custom_interfaces/msg/HumanoidLeagueMsgs.idl
[1.058s] -- Up-to-date symlink: /home/robo/RoboFEI-HT_2023_SOFTWARE/install/custom_interfaces/share/custom_interfaces/msg/Localization.idl
[1.058s] -- Up-to-date symlink: /home/robo/RoboFEI-HT_2023_SOFTWARE/install/custom_interfaces/share/custom_interfaces/msg/SetPositionOriginal.idl
[1.058s] -- Up-to-date symlink: /home/robo/RoboFEI-HT_2023_SOFTWARE/install/custom_interfaces/share/custom_interfaces/msg/Decision.idl
[1.058s] -- Up-to-date symlink: /home/robo/RoboFEI-HT_2023_SOFTWARE/install/custom_interfaces/share/custom_interfaces/msg/Walk.idl
[1.058s] -- Up-to-date symlink: /home/robo/RoboFEI-HT_2023_SOFTWARE/install/custom_interfaces/share/custom_interfaces/msg/NeckPosition.idl
[1.058s] -- Up-to-date symlink: /home/robo/RoboFEI-HT_2023_SOFTWARE/install/custom_interfaces/share/custom_interfaces/msg/JointState.idl
[1.058s] -- Up-to-date symlink: /home/robo/RoboFEI-HT_2023_SOFTWARE/install/custom_interfaces/share/custom_interfaces/msg/RobotState.idl
[1.059s] -- Up-to-date symlink: /home/robo/RoboFEI-HT_2023_SOFTWARE/install/custom_interfaces/share/custom_interfaces/srv/GetPosition.idl
[1.059s] -- Up-to-date symlink: /home/robo/RoboFEI-HT_2023_SOFTWARE/install/custom_interfaces/share/custom_interfaces/srv/Reset.idl
[1.059s] -- Up-to-date symlink: /home/robo/RoboFEI-HT_2023_SOFTWARE/install/custom_interfaces/share/custom_interfaces/action/Control.idl
[1.059s] -- Up-to-date symlink: /home/robo/RoboFEI-HT_2023_SOFTWARE/install/custom_interfaces/share/custom_interfaces/msg/SetPosition.msg
[1.059s] -- Up-to-date symlink: /home/robo/RoboFEI-HT_2023_SOFTWARE/install/custom_interfaces/share/custom_interfaces/msg/Vision.msg
[1.059s] -- Up-to-date symlink: /home/robo/RoboFEI-HT_2023_SOFTWARE/install/custom_interfaces/share/custom_interfaces/msg/VisionRobot.msg
[1.059s] -- Up-to-date symlink: /home/robo/RoboFEI-HT_2023_SOFTWARE/install/custom_interfaces/share/custom_interfaces/msg/HumanoidLeagueMsgs.msg
[1.059s] -- Up-to-date symlink: /home/robo/RoboFEI-HT_2023_SOFTWARE/install/custom_interfaces/share/custom_interfaces/msg/Localization.msg
[1.059s] -- Up-to-date symlink: /home/robo/RoboFEI-HT_2023_SOFTWARE/install/custom_interfaces/share/custom_interfaces/msg/SetPositionOriginal.msg
[1.060s] -- Up-to-date symlink: /home/robo/RoboFEI-HT_2023_SOFTWARE/install/custom_interfaces/share/custom_interfaces/msg/Decision.msg
[1.060s] -- Up-to-date symlink: /home/robo/RoboFEI-HT_2023_SOFTWARE/install/custom_interfaces/share/custom_interfaces/msg/Walk.msg
[1.060s] -- Up-to-date symlink: /home/robo/RoboFEI-HT_2023_SOFTWARE/install/custom_interfaces/share/custom_interfaces/msg/NeckPosition.msg
[1.060s] -- Up-to-date symlink: /home/robo/RoboFEI-HT_2023_SOFTWARE/install/custom_interfaces/share/custom_interfaces/msg/JointState.msg
[1.060s] -- Up-to-date symlink: /home/robo/RoboFEI-HT_2023_SOFTWARE/install/custom_interfaces/share/custom_interfaces/msg/RobotState.msg
[1.061s] -- Up-to-date symlink: /home/robo/RoboFEI-HT_2023_SOFTWARE/install/custom_interfaces/share/custom_interfaces/srv/GetPosition.srv
[1.061s] -- Up-to-date symlink: /home/robo/RoboFEI-HT_2023_SOFTWARE/install/custom_interfaces/share/custom_interfaces/srv/GetPosition_Request.msg
[1.061s] -- Up-to-date symlink: /home/robo/RoboFEI-HT_2023_SOFTWARE/install/custom_interfaces/share/custom_interfaces/srv/GetPosition_Response.msg
[1.061s] -- Up-to-date symlink: /home/robo/RoboFEI-HT_2023_SOFTWARE/install/custom_interfaces/share/custom_interfaces/srv/Reset.srv
[1.061s] -- Up-to-date symlink: /home/robo/RoboFEI-HT_2023_SOFTWARE/install/custom_interfaces/share/custom_interfaces/srv/Reset_Request.msg
[1.061s] -- Up-to-date symlink: /home/robo/RoboFEI-HT_2023_SOFTWARE/install/custom_interfaces/share/custom_interfaces/srv/Reset_Response.msg
[1.061s] -- Up-to-date symlink: /home/robo/RoboFEI-HT_2023_SOFTWARE/install/custom_interfaces/share/custom_interfaces/action/Control.action
[1.061s] -- Up-to-date symlink: /home/robo/RoboFEI-HT_2023_SOFTWARE/install/custom_interfaces/share/ament_index/resource_index/package_run_dependencies/custom_interfaces
[1.061s] -- Up-to-date symlink: /home/robo/RoboFEI-HT_2023_SOFTWARE/install/custom_interfaces/share/ament_index/resource_index/parent_prefix_path/custom_interfaces
[1.061s] -- Up-to-date symlink: /home/robo/RoboFEI-HT_2023_SOFTWARE/install/custom_interfaces/share/custom_interfaces/environment/ament_prefix_path.sh
[1.061s] -- Up-to-date symlink: /home/robo/RoboFEI-HT_2023_SOFTWARE/install/custom_interfaces/share/custom_interfaces/environment/ament_prefix_path.dsv
[1.061s] -- Up-to-date symlink: /home/robo/RoboFEI-HT_2023_SOFTWARE/install/custom_interfaces/share/custom_interfaces/environment/path.sh
[1.062s] -- Up-to-date symlink: /home/robo/RoboFEI-HT_2023_SOFTWARE/install/custom_interfaces/share/custom_interfaces/environment/path.dsv
[1.062s] -- Up-to-date symlink: /home/robo/RoboFEI-HT_2023_SOFTWARE/install/custom_interfaces/share/custom_interfaces/local_setup.bash
[1.062s] -- Up-to-date symlink: /home/robo/RoboFEI-HT_2023_SOFTWARE/install/custom_interfaces/share/custom_interfaces/local_setup.sh
[1.062s] -- Up-to-date symlink: /home/robo/RoboFEI-HT_2023_SOFTWARE/install/custom_interfaces/share/custom_interfaces/local_setup.zsh
[1.062s] -- Up-to-date symlink: /home/robo/RoboFEI-HT_2023_SOFTWARE/install/custom_interfaces/share/custom_interfaces/local_setup.dsv
[1.062s] -- Symlinking: /home/robo/RoboFEI-HT_2023_SOFTWARE/install/custom_interfaces/share/custom_interfaces/package.dsv
[1.069s] -- Up-to-date symlink: /home/robo/RoboFEI-HT_2023_SOFTWARE/install/custom_interfaces/share/ament_index/resource_index/packages/custom_interfaces
[1.069s] -- Up-to-date symlink: /home/robo/RoboFEI-HT_2023_SOFTWARE/install/custom_interfaces/share/custom_interfaces/cmake/rosidl_cmake-extras.cmake
[1.069s] -- Up-to-date symlink: /home/robo/RoboFEI-HT_2023_SOFTWARE/install/custom_interfaces/share/custom_interfaces/cmake/ament_cmake_export_dependencies-extras.cmake
[1.070s] -- Up-to-date symlink: /home/robo/RoboFEI-HT_2023_SOFTWARE/install/custom_interfaces/share/custom_interfaces/cmake/ament_cmake_export_include_directories-extras.cmake
[1.070s] -- Up-to-date symlink: /home/robo/RoboFEI-HT_2023_SOFTWARE/install/custom_interfaces/share/custom_interfaces/cmake/ament_cmake_export_libraries-extras.cmake
[1.070s] -- Up-to-date symlink: /home/robo/RoboFEI-HT_2023_SOFTWARE/install/custom_interfaces/share/custom_interfaces/cmake/ament_cmake_export_targets-extras.cmake
[1.071s] -- Up-to-date symlink: /home/robo/RoboFEI-HT_2023_SOFTWARE/install/custom_interfaces/share/custom_interfaces/cmake/rosidl_cmake_export_typesupport_targets-extras.cmake
[1.071s] -- Up-to-date symlink: /home/robo/RoboFEI-HT_2023_SOFTWARE/install/custom_interfaces/share/custom_interfaces/cmake/rosidl_cmake_export_typesupport_libraries-extras.cmake
[1.073s] -- Up-to-date symlink: /home/robo/RoboFEI-HT_2023_SOFTWARE/install/custom_interfaces/share/custom_interfaces/cmake/custom_interfacesConfig.cmake
[1.073s] -- Up-to-date symlink: /home/robo/RoboFEI-HT_2023_SOFTWARE/install/custom_interfaces/share/custom_interfaces/cmake/custom_interfacesConfig-version.cmake
[1.073s] -- Up-to-date symlink: /home/robo/RoboFEI-HT_2023_SOFTWARE/install/custom_interfaces/share/custom_interfaces/package.xml
[1.073s] -- Up-to-date: /home/robo/RoboFEI-HT_2023_SOFTWARE/install/custom_interfaces/lib/libcustom_interfaces__rosidl_generator_c.so
[1.073s] -- Up-to-date: /home/robo/RoboFEI-HT_2023_SOFTWARE/install/custom_interfaces/lib/libcustom_interfaces__rosidl_typesupport_fastrtps_c.so
[1.073s] -- Up-to-date: /home/robo/RoboFEI-HT_2023_SOFTWARE/install/custom_interfaces/lib/libcustom_interfaces__rosidl_typesupport_fastrtps_cpp.so
[1.074s] -- Up-to-date: /home/robo/RoboFEI-HT_2023_SOFTWARE/install/custom_interfaces/lib/libcustom_interfaces__rosidl_typesupport_introspection_c.so
[1.074s] -- Up-to-date: /home/robo/RoboFEI-HT_2023_SOFTWARE/install/custom_interfaces/lib/libcustom_interfaces__rosidl_typesupport_c.so
[1.074s] -- Up-to-date: /home/robo/RoboFEI-HT_2023_SOFTWARE/install/custom_interfaces/lib/libcustom_interfaces__rosidl_typesupport_introspection_cpp.so
[1.075s] -- Up-to-date: /home/robo/RoboFEI-HT_2023_SOFTWARE/install/custom_interfaces/lib/libcustom_interfaces__rosidl_typesupport_cpp.so
[1.095s] Listing '/home/robo/RoboFEI-HT_2023_SOFTWARE/install/custom_interfaces/local/lib/python3.10/dist-packages/custom_interfaces'...
[1.095s] Listing '/home/robo/RoboFEI-HT_2023_SOFTWARE/install/custom_interfaces/local/lib/python3.10/dist-packages/custom_interfaces/action'...
[1.095s] Listing '/home/robo/RoboFEI-HT_2023_SOFTWARE/install/custom_interfaces/local/lib/python3.10/dist-packages/custom_interfaces/msg'...
[1.095s] Listing '/home/robo/RoboFEI-HT_2023_SOFTWARE/install/custom_interfaces/local/lib/python3.10/dist-packages/custom_interfaces/srv'...
[1.098s] -- Up-to-date: /home/robo/RoboFEI-HT_2023_SOFTWARE/install/custom_interfaces/lib/libcustom_interfaces__rosidl_generator_py.so
[1.099s] -- Up-to-date: /home/robo/RoboFEI-HT_2023_SOFTWARE/install/custom_interfaces/share/custom_interfaces/cmake/export_custom_interfaces__rosidl_generator_cExport.cmake
[1.099s] -- Up-to-date: /home/robo/RoboFEI-HT_2023_SOFTWARE/install/custom_interfaces/share/custom_interfaces/cmake/export_custom_interfaces__rosidl_generator_cExport-noconfig.cmake
[1.099s] -- Up-to-date: /home/robo/RoboFEI-HT_2023_SOFTWARE/install/custom_interfaces/share/custom_interfaces/cmake/export_custom_interfaces__rosidl_typesupport_fastrtps_cExport.cmake
[1.099s] -- Up-to-date: /home/robo/RoboFEI-HT_2023_SOFTWARE/install/custom_interfaces/share/custom_interfaces/cmake/export_custom_interfaces__rosidl_typesupport_fastrtps_cExport-noconfig.cmake
[1.099s] -- Up-to-date: /home/robo/RoboFEI-HT_2023_SOFTWARE/install/custom_interfaces/share/custom_interfaces/cmake/export_custom_interfaces__rosidl_generator_cppExport.cmake
[1.101s] -- Up-to-date: /home/robo/RoboFEI-HT_2023_SOFTWARE/install/custom_interfaces/share/custom_interfaces/cmake/export_custom_interfaces__rosidl_typesupport_fastrtps_cppExport.cmake
[1.101s] -- Up-to-date: /home/robo/RoboFEI-HT_2023_SOFTWARE/install/custom_interfaces/share/custom_interfaces/cmake/export_custom_interfaces__rosidl_typesupport_fastrtps_cppExport-noconfig.cmake
[1.103s] -- Up-to-date: /home/robo/RoboFEI-HT_2023_SOFTWARE/install/custom_interfaces/share/custom_interfaces/cmake/custom_interfaces__rosidl_typesupport_introspection_cExport.cmake
[1.103s] -- Up-to-date: /home/robo/RoboFEI-HT_2023_SOFTWARE/install/custom_interfaces/share/custom_interfaces/cmake/custom_interfaces__rosidl_typesupport_introspection_cExport-noconfig.cmake
[1.103s] -- Up-to-date: /home/robo/RoboFEI-HT_2023_SOFTWARE/install/custom_interfaces/share/custom_interfaces/cmake/custom_interfaces__rosidl_typesupport_cExport.cmake
[1.103s] -- Up-to-date: /home/robo/RoboFEI-HT_2023_SOFTWARE/install/custom_interfaces/share/custom_interfaces/cmake/custom_interfaces__rosidl_typesupport_cExport-noconfig.cmake
[1.103s] -- Up-to-date: /home/robo/RoboFEI-HT_2023_SOFTWARE/install/custom_interfaces/share/custom_interfaces/cmake/custom_interfaces__rosidl_typesupport_introspection_cppExport.cmake
[1.103s] -- Up-to-date: /home/robo/RoboFEI-HT_2023_SOFTWARE/install/custom_interfaces/share/custom_interfaces/cmake/custom_interfaces__rosidl_typesupport_introspection_cppExport-noconfig.cmake
[1.103s] -- Up-to-date: /home/robo/RoboFEI-HT_2023_SOFTWARE/install/custom_interfaces/share/custom_interfaces/cmake/custom_interfaces__rosidl_typesupport_cppExport.cmake
[1.103s] -- Up-to-date: /home/robo/RoboFEI-HT_2023_SOFTWARE/install/custom_interfaces/share/custom_interfaces/cmake/custom_interfaces__rosidl_typesupport_cppExport-noconfig.cmake
[1.103s] -- Up-to-date: /home/robo/RoboFEI-HT_2023_SOFTWARE/install/custom_interfaces/share/custom_interfaces/cmake/export_custom_interfaces__rosidl_generator_pyExport.cmake
[1.103s] -- Up-to-date: /home/robo/RoboFEI-HT_2023_SOFTWARE/install/custom_interfaces/share/custom_interfaces/cmake/export_custom_interfaces__rosidl_generator_pyExport-noconfig.cmake
[1.103s] Invoked command in '/home/robo/RoboFEI-HT_2023_SOFTWARE/build/custom_interfaces' returned '0': CMAKE_PREFIX_PATH=/opt/ros/humble /usr/bin/cmake --install /home/robo/RoboFEI-HT_2023_SOFTWARE/build/custom_interfaces
