[0.371s] Invoking command in '/home/robo/RoboFEI-HT_2023_SOFTWARE/build/um7': CMAKE_PREFIX_PATH=/home/robo/RoboFEI-HT_2023_SOFTWARE/install/serial:/home/robo/RoboFEI-HT_2023_SOFTWARE/install/custom_interfaces:/home/robo/RoboFEI-HT_2023_SOFTWARE/install/um7:/home/robo/RoboFEI-HT_2023_SOFTWARE/install/robot_bringup:/home/robo/RoboFEI-HT_2023_SOFTWARE/install/control:/home/robo/RoboFEI-HT_2023_SOFTWARE/install/motors_pkg:/home/robo/RoboFEI-HT_2023_SOFTWARE/install/gui:/home/robo/RoboFEI-HT_2023_SOFTWARE/install/decision_pkg_cpp:/home/robo/RoboFEI-HT_2023_SOFTWARE/install/vision_pkg:/home/robo/RoboFEI-HT_2023_SOFTWARE/install/localization_pkg:/home/robo/RoboFEI-HT_2023_SOFTWARE/install/imu:/home/robo/RoboFEI-HT_2023_SOFTWARE/install/game_controller:/home/robo/RoboFEI-HT_2023_SOFTWARE/install/decision_pkg:/opt/ros/humble LD_LIBRARY_PATH=/home/robo/RoboFEI-HT_2023_SOFTWARE/install/custom_interfaces/lib:/home/robo/RoboFEI-HT_2023_SOFTWARE/install/um7/lib:/home/robo/RoboFEI-HT_2023_SOFTWARE/install/control/lib:/home/robo/RoboFEI-HT_2023_SOFTWARE/install/serial/lib:/opt/ros/humble/opt/rviz_ogre_vendor/lib:/opt/ros/humble/lib/x86_64-linux-gnu:/opt/ros/humble/lib /usr/bin/cmake --build /home/robo/RoboFEI-HT_2023_SOFTWARE/build/um7 -- -j8 -l8
[0.545s] [ 33%] Built target um7_node
[0.555s] [ 50%] [32mBuilding CXX object CMakeFiles/um7_driver.dir/um7/main.cpp.o[0m
[14.610s] [ 66%] [32m[1mLinking CXX shared library libum7_driver.so[0m
[15.496s] [100%] Built target um7_driver
[15.511s] Invoked command in '/home/robo/RoboFEI-HT_2023_SOFTWARE/build/um7' returned '0': CMAKE_PREFIX_PATH=/home/robo/RoboFEI-HT_2023_SOFTWARE/install/serial:/home/robo/RoboFEI-HT_2023_SOFTWARE/install/custom_interfaces:/home/robo/RoboFEI-HT_2023_SOFTWARE/install/um7:/home/robo/RoboFEI-HT_2023_SOFTWARE/install/robot_bringup:/home/robo/RoboFEI-HT_2023_SOFTWARE/install/control:/home/robo/RoboFEI-HT_2023_SOFTWARE/install/motors_pkg:/home/robo/RoboFEI-HT_2023_SOFTWARE/install/gui:/home/robo/RoboFEI-HT_2023_SOFTWARE/install/decision_pkg_cpp:/home/robo/RoboFEI-HT_2023_SOFTWARE/install/vision_pkg:/home/robo/RoboFEI-HT_2023_SOFTWARE/install/localization_pkg:/home/robo/RoboFEI-HT_2023_SOFTWARE/install/imu:/home/robo/RoboFEI-HT_2023_SOFTWARE/install/game_controller:/home/robo/RoboFEI-HT_2023_SOFTWARE/install/decision_pkg:/opt/ros/humble LD_LIBRARY_PATH=/home/robo/RoboFEI-HT_2023_SOFTWARE/install/custom_interfaces/lib:/home/robo/RoboFEI-HT_2023_SOFTWARE/install/um7/lib:/home/robo/RoboFEI-HT_2023_SOFTWARE/install/control/lib:/home/robo/RoboFEI-HT_2023_SOFTWARE/install/serial/lib:/opt/ros/humble/opt/rviz_ogre_vendor/lib:/opt/ros/humble/lib/x86_64-linux-gnu:/opt/ros/humble/lib /usr/bin/cmake --build /home/robo/RoboFEI-HT_2023_SOFTWARE/build/um7 -- -j8 -l8
[15.655s] Invoking command in '/home/robo/RoboFEI-HT_2023_SOFTWARE/build/um7': CMAKE_PREFIX_PATH=/home/robo/RoboFEI-HT_2023_SOFTWARE/install/serial:/home/robo/RoboFEI-HT_2023_SOFTWARE/install/custom_interfaces:/home/robo/RoboFEI-HT_2023_SOFTWARE/install/um7:/home/robo/RoboFEI-HT_2023_SOFTWARE/install/robot_bringup:/home/robo/RoboFEI-HT_2023_SOFTWARE/install/control:/home/robo/RoboFEI-HT_2023_SOFTWARE/install/motors_pkg:/home/robo/RoboFEI-HT_2023_SOFTWARE/install/gui:/home/robo/RoboFEI-HT_2023_SOFTWARE/install/decision_pkg_cpp:/home/robo/RoboFEI-HT_2023_SOFTWARE/install/vision_pkg:/home/robo/RoboFEI-HT_2023_SOFTWARE/install/localization_pkg:/home/robo/RoboFEI-HT_2023_SOFTWARE/install/imu:/home/robo/RoboFEI-HT_2023_SOFTWARE/install/game_controller:/home/robo/RoboFEI-HT_2023_SOFTWARE/install/decision_pkg:/opt/ros/humble LD_LIBRARY_PATH=/home/robo/RoboFEI-HT_2023_SOFTWARE/install/custom_interfaces/lib:/home/robo/RoboFEI-HT_2023_SOFTWARE/install/um7/lib:/home/robo/RoboFEI-HT_2023_SOFTWARE/install/control/lib:/home/robo/RoboFEI-HT_2023_SOFTWARE/install/serial/lib:/opt/ros/humble/opt/rviz_ogre_vendor/lib:/opt/ros/humble/lib/x86_64-linux-gnu:/opt/ros/humble/lib /usr/bin/cmake --install /home/robo/RoboFEI-HT_2023_SOFTWARE/build/um7
[15.677s] -- Install configuration: ""
[15.677s] -- Execute custom install script
[15.678s] -- Up-to-date symlink: /home/robo/RoboFEI-HT_2023_SOFTWARE/install/um7/lib/um7/um7_node
[15.682s] -- Up-to-date symlink: /home/robo/RoboFEI-HT_2023_SOFTWARE/install/um7/lib/libum7_driver.so
[15.684s] -- Up-to-date symlink: /home/robo/RoboFEI-HT_2023_SOFTWARE/install/um7/share/ament_index/resource_index/package_run_dependencies/um7
[15.684s] -- Up-to-date symlink: /home/robo/RoboFEI-HT_2023_SOFTWARE/install/um7/share/ament_index/resource_index/parent_prefix_path/um7
[15.686s] -- Up-to-date symlink: /home/robo/RoboFEI-HT_2023_SOFTWARE/install/um7/share/um7/environment/ament_prefix_path.sh
[15.686s] -- Up-to-date symlink: /home/robo/RoboFEI-HT_2023_SOFTWARE/install/um7/share/um7/environment/ament_prefix_path.dsv
[15.687s] -- Up-to-date symlink: /home/robo/RoboFEI-HT_2023_SOFTWARE/install/um7/share/um7/environment/path.sh
[15.695s] -- Up-to-date symlink: /home/robo/RoboFEI-HT_2023_SOFTWARE/install/um7/share/um7/environment/path.dsv
[15.695s] -- Up-to-date symlink: /home/robo/RoboFEI-HT_2023_SOFTWARE/install/um7/share/um7/local_setup.bash
[15.695s] -- Up-to-date symlink: /home/robo/RoboFEI-HT_2023_SOFTWARE/install/um7/share/um7/local_setup.sh
[15.695s] -- Up-to-date symlink: /home/robo/RoboFEI-HT_2023_SOFTWARE/install/um7/share/um7/local_setup.zsh
[15.695s] -- Up-to-date symlink: /home/robo/RoboFEI-HT_2023_SOFTWARE/install/um7/share/um7/local_setup.dsv
[15.695s] -- Symlinking: /home/robo/RoboFEI-HT_2023_SOFTWARE/install/um7/share/um7/package.dsv
[15.715s] -- Up-to-date symlink: /home/robo/RoboFEI-HT_2023_SOFTWARE/install/um7/share/ament_index/resource_index/packages/um7
[15.715s] -- Up-to-date symlink: /home/robo/RoboFEI-HT_2023_SOFTWARE/install/um7/share/ament_index/resource_index/rclcpp_components/um7
[15.720s] -- Up-to-date symlink: /home/robo/RoboFEI-HT_2023_SOFTWARE/install/um7/share/um7/cmake/ament_cmake_export_dependencies-extras.cmake
[15.720s] -- Up-to-date symlink: /home/robo/RoboFEI-HT_2023_SOFTWARE/install/um7/share/um7/cmake/um7Config.cmake
[15.721s] -- Up-to-date symlink: /home/robo/RoboFEI-HT_2023_SOFTWARE/install/um7/share/um7/cmake/um7Config-version.cmake
[15.721s] -- Up-to-date symlink: /home/robo/RoboFEI-HT_2023_SOFTWARE/install/um7/share/um7/package.xml
[15.726s] Invoked command in '/home/robo/RoboFEI-HT_2023_SOFTWARE/build/um7' returned '0': CMAKE_PREFIX_PATH=/home/robo/RoboFEI-HT_2023_SOFTWARE/install/serial:/home/robo/RoboFEI-HT_2023_SOFTWARE/install/custom_interfaces:/home/robo/RoboFEI-HT_2023_SOFTWARE/install/um7:/home/robo/RoboFEI-HT_2023_SOFTWARE/install/robot_bringup:/home/robo/RoboFEI-HT_2023_SOFTWARE/install/control:/home/robo/RoboFEI-HT_2023_SOFTWARE/install/motors_pkg:/home/robo/RoboFEI-HT_2023_SOFTWARE/install/gui:/home/robo/RoboFEI-HT_2023_SOFTWARE/install/decision_pkg_cpp:/home/robo/RoboFEI-HT_2023_SOFTWARE/install/vision_pkg:/home/robo/RoboFEI-HT_2023_SOFTWARE/install/localization_pkg:/home/robo/RoboFEI-HT_2023_SOFTWARE/install/imu:/home/robo/RoboFEI-HT_2023_SOFTWARE/install/game_controller:/home/robo/RoboFEI-HT_2023_SOFTWARE/install/decision_pkg:/opt/ros/humble LD_LIBRARY_PATH=/home/robo/RoboFEI-HT_2023_SOFTWARE/install/custom_interfaces/lib:/home/robo/RoboFEI-HT_2023_SOFTWARE/install/um7/lib:/home/robo/RoboFEI-HT_2023_SOFTWARE/install/control/lib:/home/robo/RoboFEI-HT_2023_SOFTWARE/install/serial/lib:/opt/ros/humble/opt/rviz_ogre_vendor/lib:/opt/ros/humble/lib/x86_64-linux-gnu:/opt/ros/humble/lib /usr/bin/cmake --install /home/robo/RoboFEI-HT_2023_SOFTWARE/build/um7
