[0.020s] Invoking command in '/home/robo/RoboFEI-HT_2023_SOFTWARE/build/serial': CMAKE_PREFIX_PATH=/opt/ros/humble /usr/bin/cmake --build /home/robo/RoboFEI-HT_2023_SOFTWARE/build/serial -- -j8 -l8
[1.396s] [ 25%] [32mBuilding CXX object CMakeFiles/serial.dir/src/serial.cc.o[0m
[1.397s] [ 50%] [32mBuilding CXX object CMakeFiles/serial.dir/src/impl/unix.cc.o[0m
[1.397s] [ 75%] [32mBuilding CXX object CMakeFiles/serial.dir/src/impl/list_ports/list_ports_linux.cc.o[0m
[1.397s] [100%] [32m[1mLinking CXX static library libserial.a[0m
[1.397s] [100%] Built target serial
[1.778s] Invoked command in '/home/robo/RoboFEI-HT_2023_SOFTWARE/build/serial' returned '0': CMAKE_PREFIX_PATH=/opt/ros/humble /usr/bin/cmake --build /home/robo/RoboFEI-HT_2023_SOFTWARE/build/serial -- -j8 -l8
[1.888s] Invoking command in '/home/robo/RoboFEI-HT_2023_SOFTWARE/build/serial': CMAKE_PREFIX_PATH=/opt/ros/humble /usr/bin/cmake --install /home/robo/RoboFEI-HT_2023_SOFTWARE/build/serial
[1.904s] -- Install configuration: ""
[1.905s] -- Execute custom install script
[1.907s] -- Up-to-date symlink: /home/robo/RoboFEI-HT_2023_SOFTWARE/install/serial/share/serial/environment/library_path.sh
[1.908s] -- Up-to-date symlink: /home/robo/RoboFEI-HT_2023_SOFTWARE/install/serial/share/serial/environment/library_path.dsv
[1.908s] -- Up-to-date symlink: /home/robo/RoboFEI-HT_2023_SOFTWARE/install/serial/lib/libserial.a
[1.909s] -- Up-to-date symlink: /home/robo/RoboFEI-HT_2023_SOFTWARE/install/serial/include/serial/serial.h
[1.909s] -- Up-to-date symlink: /home/robo/RoboFEI-HT_2023_SOFTWARE/install/serial/include/serial/v8stdint.h
[1.909s] -- Up-to-date symlink: /home/robo/RoboFEI-HT_2023_SOFTWARE/install/serial/share/ament_index/resource_index/package_run_dependencies/serial
[1.909s] -- Up-to-date symlink: /home/robo/RoboFEI-HT_2023_SOFTWARE/install/serial/share/ament_index/resource_index/parent_prefix_path/serial
[1.909s] -- Up-to-date symlink: /home/robo/RoboFEI-HT_2023_SOFTWARE/install/serial/share/serial/environment/ament_prefix_path.sh
[1.913s] -- Up-to-date symlink: /home/robo/RoboFEI-HT_2023_SOFTWARE/install/serial/share/serial/environment/ament_prefix_path.dsv
[1.914s] -- Up-to-date symlink: /home/robo/RoboFEI-HT_2023_SOFTWARE/install/serial/share/serial/environment/path.sh
[1.914s] -- Up-to-date symlink: /home/robo/RoboFEI-HT_2023_SOFTWARE/install/serial/share/serial/environment/path.dsv
[1.914s] -- Up-to-date symlink: /home/robo/RoboFEI-HT_2023_SOFTWARE/install/serial/share/serial/local_setup.bash
[1.915s] -- Up-to-date symlink: /home/robo/RoboFEI-HT_2023_SOFTWARE/install/serial/share/serial/local_setup.sh
[1.915s] -- Up-to-date symlink: /home/robo/RoboFEI-HT_2023_SOFTWARE/install/serial/share/serial/local_setup.zsh
[1.915s] -- Up-to-date symlink: /home/robo/RoboFEI-HT_2023_SOFTWARE/install/serial/share/serial/local_setup.dsv
[1.915s] -- Symlinking: /home/robo/RoboFEI-HT_2023_SOFTWARE/install/serial/share/serial/package.dsv
[1.936s] -- Up-to-date symlink: /home/robo/RoboFEI-HT_2023_SOFTWARE/install/serial/share/ament_index/resource_index/packages/serial
[1.936s] -- Up-to-date symlink: /home/robo/RoboFEI-HT_2023_SOFTWARE/install/serial/share/serial/cmake/ament_cmake_export_include_directories-extras.cmake
[1.939s] -- Up-to-date symlink: /home/robo/RoboFEI-HT_2023_SOFTWARE/install/serial/share/serial/cmake/ament_cmake_export_libraries-extras.cmake
[1.939s] -- Up-to-date symlink: /home/robo/RoboFEI-HT_2023_SOFTWARE/install/serial/share/serial/cmake/serialConfig.cmake
[1.939s] -- Up-to-date symlink: /home/robo/RoboFEI-HT_2023_SOFTWARE/install/serial/share/serial/cmake/serialConfig-version.cmake
[1.939s] -- Up-to-date symlink: /home/robo/RoboFEI-HT_2023_SOFTWARE/install/serial/share/serial/package.xml
[1.943s] Invoked command in '/home/robo/RoboFEI-HT_2023_SOFTWARE/build/serial' returned '0': CMAKE_PREFIX_PATH=/opt/ros/humble /usr/bin/cmake --install /home/robo/RoboFEI-HT_2023_SOFTWARE/build/serial
