[0.026s] Invoking command in '/home/robo/RoboFEI-HT_2023_SOFTWARE/build/custom_interfaces': CMAKE_PREFIX_PATH=${CMAKE_PREFIX_PATH}:/home/robo/RoboFEI-HT_2023_SOFTWARE/install/vision_pkg:/home/robo/RoboFEI-HT_2023_SOFTWARE/install/localization_pkg:/home/robo/RoboFEI-HT_2023_SOFTWARE/install/imu:/home/robo/RoboFEI-HT_2023_SOFTWARE/install/game_controller:/home/robo/RoboFEI-HT_2023_SOFTWARE/install/decision_pkg:/opt/ros/humble /usr/bin/cmake --build /home/robo/RoboFEI-HT_2023_SOFTWARE/build/custom_interfaces -- -j8 -l8
[0.651s] -- Found ament_cmake: 1.3.9 (/opt/ros/humble/share/ament_cmake/cmake)
[0.652s] -- Override CMake install command with custom implementation using symlinks instead of copying resources
[0.652s] -- Found builtin_interfaces: 1.2.1 (/opt/ros/humble/share/builtin_interfaces/cmake)
[0.652s] -- Found rosidl_generator_c: 3.1.5 (/opt/ros/humble/share/rosidl_generator_c/cmake)
[0.652s] -- Found rosidl_adapter: 3.1.5 (/opt/ros/humble/share/rosidl_adapter/cmake)
[0.652s] -- Found rosidl_generator_cpp: 3.1.5 (/opt/ros/humble/share/rosidl_generator_cpp/cmake)
[0.652s] -- Using all available rosidl_typesupport_c: rosidl_typesupport_fastrtps_c;rosidl_typesupport_introspection_c
[0.652s] -- Using all available rosidl_typesupport_cpp: rosidl_typesupport_fastrtps_cpp;rosidl_typesupport_introspection_cpp
[0.652s] -- Found rosidl_default_generators: 1.2.0 (/opt/ros/humble/share/rosidl_default_generators/cmake)
[0.652s] -- Found std_msgs: 4.2.4 (/opt/ros/humble/share/std_msgs/cmake)
[0.652s] -- Found ament_cmake_ros: 0.10.0 (/opt/ros/humble/share/ament_cmake_ros/cmake)
[0.967s] -- Using all available rosidl_typesupport_c: rosidl_typesupport_fastrtps_c;rosidl_typesupport_introspection_c
[1.102s] -- Using all available rosidl_typesupport_cpp: rosidl_typesupport_fastrtps_cpp;rosidl_typesupport_introspection_cpp
[1.126s] -- Found python_cmake_module: 0.10.0 (/opt/ros/humble/share/python_cmake_module/cmake)
[1.153s] -- Using PYTHON_EXECUTABLE: /usr/bin/python3
[1.153s] -- Using PYTHON_INCLUDE_DIRS: /usr/include/python3.10
[1.153s] -- Using PYTHON_LIBRARIES: /usr/lib/x86_64-linux-gnu/libpython3.10.so
[1.206s] -- Configuring done
[1.289s] -- Generating done
[1.293s] -- Build files have been written to: /home/robo/RoboFEI-HT_2023_SOFTWARE/build/custom_interfaces
[1.324s] [  1%] [34m[1mGenerating C code for ROS interfaces[0m
[1.334s] [  1%] [34m[1mGenerating C++ code for ROS interfaces[0m
[1.347s] [  1%] Built target ament_cmake_python_symlink_custom_interfaces
[1.670s] running egg_info
[1.672s] writing custom_interfaces.egg-info/PKG-INFO
[1.672s] writing dependency_links to custom_interfaces.egg-info/dependency_links.txt
[1.672s] writing top-level names to custom_interfaces.egg-info/top_level.txt
[1.675s] reading manifest file 'custom_interfaces.egg-info/SOURCES.txt'
[1.676s] writing manifest file 'custom_interfaces.egg-info/SOURCES.txt'
[1.714s] [  1%] Built target ament_cmake_python_build_custom_interfaces_egg
[2.742s] [  1%] Built target custom_interfaces__cpp
[2.756s] [  2%] [34m[1mGenerating C++ type support dispatch for ROS interfaces[0m
[2.756s] [  3%] [34m[1mGenerating C++ type support for eProsima Fast-RTPS[0m
[2.765s] [  3%] [34m[1mGenerating C++ introspection for ROS interfaces[0m
[2.782s] [35m[1mConsolidate compiler generated dependencies of target custom_interfaces__rosidl_generator_c[0m
[2.797s] [  5%] [32mBuilding C object CMakeFiles/custom_interfaces__rosidl_generator_c.dir/rosidl_generator_c/custom_interfaces/msg/detail/vision__functions.c.o[0m
[2.799s] [  5%] [32mBuilding C object CMakeFiles/custom_interfaces__rosidl_generator_c.dir/rosidl_generator_c/custom_interfaces/msg/detail/localization__functions.c.o[0m
[2.799s] [  6%] [32mBuilding C object CMakeFiles/custom_interfaces__rosidl_generator_c.dir/rosidl_generator_c/custom_interfaces/msg/detail/vision_robot__functions.c.o[0m
[2.799s] [  5%] [32mBuilding C object CMakeFiles/custom_interfaces__rosidl_generator_c.dir/rosidl_generator_c/custom_interfaces/msg/detail/humanoid_league_msgs__functions.c.o[0m
[2.799s] [  6%] [32mBuilding C object CMakeFiles/custom_interfaces__rosidl_generator_c.dir/rosidl_generator_c/custom_interfaces/msg/detail/set_position__functions.c.o[0m
[2.876s] [  7%] [32mBuilding C object CMakeFiles/custom_interfaces__rosidl_generator_c.dir/rosidl_generator_c/custom_interfaces/msg/detail/decision__functions.c.o[0m
[2.876s] [  8%] [32mBuilding C object CMakeFiles/custom_interfaces__rosidl_generator_c.dir/rosidl_generator_c/custom_interfaces/msg/detail/walk__functions.c.o[0m
[2.876s] [  9%] [32mBuilding C object CMakeFiles/custom_interfaces__rosidl_generator_c.dir/rosidl_generator_c/custom_interfaces/msg/detail/set_position_original__functions.c.o[0m
[2.879s] [  9%] [32mBuilding C object CMakeFiles/custom_interfaces__rosidl_generator_c.dir/rosidl_generator_c/custom_interfaces/msg/detail/neck_position__functions.c.o[0m
[2.882s] [ 10%] [32mBuilding C object CMakeFiles/custom_interfaces__rosidl_generator_c.dir/rosidl_generator_c/custom_interfaces/msg/detail/joint_state__functions.c.o[0m
[2.931s] [ 11%] [32mBuilding C object CMakeFiles/custom_interfaces__rosidl_generator_c.dir/rosidl_generator_c/custom_interfaces/msg/detail/robot_state__functions.c.o[0m
[2.944s] [ 12%] [32mBuilding C object CMakeFiles/custom_interfaces__rosidl_generator_c.dir/rosidl_generator_c/custom_interfaces/srv/detail/get_position__functions.c.o[0m
[2.947s] [ 12%] [32mBuilding C object CMakeFiles/custom_interfaces__rosidl_generator_c.dir/rosidl_generator_c/custom_interfaces/srv/detail/reset__functions.c.o[0m
[2.948s] [ 13%] [32mBuilding C object CMakeFiles/custom_interfaces__rosidl_generator_c.dir/rosidl_generator_c/custom_interfaces/action/detail/control__functions.c.o[0m
[3.087s] [ 14%] [32m[1mLinking C shared library libcustom_interfaces__rosidl_generator_c.so[0m
[3.125s] [ 14%] Built target custom_interfaces__rosidl_generator_c
[3.136s] [ 17%] [34m[1mGenerating C type support for eProsima Fast-RTPS[0m
[3.136s] [ 17%] [34m[1mGenerating C type support dispatch for ROS interfaces[0m
[3.136s] [ 17%] [34m[1mGenerating C introspection for ROS interfaces[0m
[3.708s] [35m[1mConsolidate compiler generated dependencies of target custom_interfaces__rosidl_typesupport_cpp[0m
[3.726s] [ 17%] [32mBuilding CXX object CMakeFiles/custom_interfaces__rosidl_typesupport_cpp.dir/rosidl_typesupport_cpp/custom_interfaces/msg/vision_robot__type_support.cpp.o[0m
[3.726s] [ 18%] [32mBuilding CXX object CMakeFiles/custom_interfaces__rosidl_typesupport_cpp.dir/rosidl_typesupport_cpp/custom_interfaces/msg/set_position__type_support.cpp.o[0m
[3.728s] [ 19%] [32mBuilding CXX object CMakeFiles/custom_interfaces__rosidl_typesupport_cpp.dir/rosidl_typesupport_cpp/custom_interfaces/msg/vision__type_support.cpp.o[0m
[4.041s] [ 20%] [32mBuilding CXX object CMakeFiles/custom_interfaces__rosidl_typesupport_cpp.dir/rosidl_typesupport_cpp/custom_interfaces/msg/humanoid_league_msgs__type_support.cpp.o[0m
[4.076s] [ 21%] [32mBuilding CXX object CMakeFiles/custom_interfaces__rosidl_typesupport_cpp.dir/rosidl_typesupport_cpp/custom_interfaces/msg/localization__type_support.cpp.o[0m
[4.111s] [ 21%] [32mBuilding CXX object CMakeFiles/custom_interfaces__rosidl_typesupport_cpp.dir/rosidl_typesupport_cpp/custom_interfaces/msg/set_position_original__type_support.cpp.o[0m
[4.394s] [ 22%] [32mBuilding CXX object CMakeFiles/custom_interfaces__rosidl_typesupport_cpp.dir/rosidl_typesupport_cpp/custom_interfaces/msg/decision__type_support.cpp.o[0m
[4.404s] [ 23%] [32mBuilding CXX object CMakeFiles/custom_interfaces__rosidl_typesupport_cpp.dir/rosidl_typesupport_cpp/custom_interfaces/msg/walk__type_support.cpp.o[0m
[4.458s] [ 24%] [32mBuilding CXX object CMakeFiles/custom_interfaces__rosidl_typesupport_cpp.dir/rosidl_typesupport_cpp/custom_interfaces/msg/neck_position__type_support.cpp.o[0m
[4.599s] [35m[1mConsolidate compiler generated dependencies of target custom_interfaces__rosidl_typesupport_introspection_cpp[0m
[4.629s] [35m[1mConsolidate compiler generated dependencies of target custom_interfaces__rosidl_typesupport_c[0m
[4.638s] [ 25%] [32mBuilding CXX object CMakeFiles/custom_interfaces__rosidl_typesupport_introspection_cpp.dir/rosidl_typesupport_introspection_cpp/custom_interfaces/msg/detail/set_position__type_support.cpp.o[0m
[4.644s] [ 25%] [32mBuilding CXX object CMakeFiles/custom_interfaces__rosidl_typesupport_c.dir/rosidl_typesupport_c/custom_interfaces/msg/set_position__type_support.cpp.o[0m
[4.695s] [ 26%] [32mBuilding CXX object CMakeFiles/custom_interfaces__rosidl_typesupport_c.dir/rosidl_typesupport_c/custom_interfaces/msg/vision__type_support.cpp.o[0m
[4.747s] [ 27%] [32mBuilding CXX object CMakeFiles/custom_interfaces__rosidl_typesupport_c.dir/rosidl_typesupport_c/custom_interfaces/msg/vision_robot__type_support.cpp.o[0m
[4.776s] [ 27%] [32mBuilding CXX object CMakeFiles/custom_interfaces__rosidl_typesupport_cpp.dir/rosidl_typesupport_cpp/custom_interfaces/msg/joint_state__type_support.cpp.o[0m
[4.782s] [ 28%] [32mBuilding CXX object CMakeFiles/custom_interfaces__rosidl_typesupport_introspection_cpp.dir/rosidl_typesupport_introspection_cpp/custom_interfaces/msg/detail/vision__type_support.cpp.o[0m
[4.786s] [35m[1mConsolidate compiler generated dependencies of target custom_interfaces__rosidl_typesupport_fastrtps_cpp[0m
[4.786s] [ 29%] [32mBuilding CXX object CMakeFiles/custom_interfaces__rosidl_typesupport_c.dir/rosidl_typesupport_c/custom_interfaces/msg/humanoid_league_msgs__type_support.cpp.o[0m
[4.797s] [ 30%] [32mBuilding CXX object CMakeFiles/custom_interfaces__rosidl_typesupport_cpp.dir/rosidl_typesupport_cpp/custom_interfaces/msg/robot_state__type_support.cpp.o[0m
[4.825s] [ 30%] [32mBuilding CXX object CMakeFiles/custom_interfaces__rosidl_typesupport_c.dir/rosidl_typesupport_c/custom_interfaces/msg/localization__type_support.cpp.o[0m
[4.834s] [ 31%] [32mBuilding CXX object CMakeFiles/custom_interfaces__rosidl_typesupport_fastrtps_cpp.dir/rosidl_typesupport_fastrtps_cpp/custom_interfaces/msg/detail/dds_fastrtps/set_position__type_support.cpp.o[0m
[4.856s] [ 32%] [32mBuilding CXX object CMakeFiles/custom_interfaces__rosidl_typesupport_c.dir/rosidl_typesupport_c/custom_interfaces/msg/set_position_original__type_support.cpp.o[0m
[4.901s] [ 33%] [32mBuilding CXX object CMakeFiles/custom_interfaces__rosidl_typesupport_c.dir/rosidl_typesupport_c/custom_interfaces/msg/decision__type_support.cpp.o[0m
[4.943s] [ 34%] [32mBuilding CXX object CMakeFiles/custom_interfaces__rosidl_typesupport_c.dir/rosidl_typesupport_c/custom_interfaces/msg/walk__type_support.cpp.o[0m
[4.982s] [ 34%] [32mBuilding CXX object CMakeFiles/custom_interfaces__rosidl_typesupport_c.dir/rosidl_typesupport_c/custom_interfaces/msg/neck_position__type_support.cpp.o[0m
[5.019s] [ 35%] [32mBuilding CXX object CMakeFiles/custom_interfaces__rosidl_typesupport_c.dir/rosidl_typesupport_c/custom_interfaces/msg/joint_state__type_support.cpp.o[0m
[5.061s] [ 36%] [32mBuilding CXX object CMakeFiles/custom_interfaces__rosidl_typesupport_c.dir/rosidl_typesupport_c/custom_interfaces/msg/robot_state__type_support.cpp.o[0m
[5.067s] [35m[1mConsolidate compiler generated dependencies of target custom_interfaces__rosidl_typesupport_fastrtps_c[0m
[5.095s] [ 37%] [32mBuilding CXX object CMakeFiles/custom_interfaces__rosidl_typesupport_fastrtps_c.dir/rosidl_typesupport_fastrtps_c/custom_interfaces/msg/detail/set_position__type_support_c.cpp.o[0m
[5.103s] [ 38%] [32mBuilding CXX object CMakeFiles/custom_interfaces__rosidl_typesupport_fastrtps_cpp.dir/rosidl_typesupport_fastrtps_cpp/custom_interfaces/msg/detail/dds_fastrtps/vision__type_support.cpp.o[0m
[5.106s] [ 39%] [32mBuilding CXX object CMakeFiles/custom_interfaces__rosidl_typesupport_c.dir/rosidl_typesupport_c/custom_interfaces/srv/get_position__type_support.cpp.o[0m
[5.151s] [ 40%] [32mBuilding CXX object CMakeFiles/custom_interfaces__rosidl_typesupport_cpp.dir/rosidl_typesupport_cpp/custom_interfaces/srv/get_position__type_support.cpp.o[0m
[5.163s] [ 40%] [32mBuilding CXX object CMakeFiles/custom_interfaces__rosidl_typesupport_c.dir/rosidl_typesupport_c/custom_interfaces/srv/reset__type_support.cpp.o[0m
[5.183s] [ 41%] [32mBuilding CXX object CMakeFiles/custom_interfaces__rosidl_typesupport_c.dir/rosidl_typesupport_c/custom_interfaces/action/control__type_support.cpp.o[0m
[5.203s] [ 41%] [32mBuilding CXX object CMakeFiles/custom_interfaces__rosidl_typesupport_fastrtps_c.dir/rosidl_typesupport_fastrtps_c/custom_interfaces/msg/detail/vision__type_support_c.cpp.o[0m
[5.221s] [35m[1mConsolidate compiler generated dependencies of target custom_interfaces__rosidl_typesupport_introspection_c[0m
[5.244s] [ 42%] [32mBuilding C object CMakeFiles/custom_interfaces__rosidl_typesupport_introspection_c.dir/rosidl_typesupport_introspection_c/custom_interfaces/msg/detail/set_position__type_support.c.o[0m
[5.256s] [ 43%] [32m[1mLinking CXX shared library libcustom_interfaces__rosidl_typesupport_c.so[0m
[5.288s] [ 44%] [32mBuilding CXX object CMakeFiles/custom_interfaces__rosidl_typesupport_introspection_cpp.dir/rosidl_typesupport_introspection_cpp/custom_interfaces/msg/detail/vision_robot__type_support.cpp.o[0m
[5.307s] [ 45%] [32mBuilding C object CMakeFiles/custom_interfaces__rosidl_typesupport_introspection_c.dir/rosidl_typesupport_introspection_c/custom_interfaces/msg/detail/vision__type_support.c.o[0m
[5.325s] [ 45%] Built target custom_interfaces__rosidl_typesupport_c
[5.341s] [ 45%] [32mBuilding C object CMakeFiles/custom_interfaces__rosidl_typesupport_introspection_c.dir/rosidl_typesupport_introspection_c/custom_interfaces/msg/detail/vision_robot__type_support.c.o[0m
[5.355s] [ 46%] [32mBuilding CXX object CMakeFiles/custom_interfaces__rosidl_typesupport_fastrtps_c.dir/rosidl_typesupport_fastrtps_c/custom_interfaces/msg/detail/vision_robot__type_support_c.cpp.o[0m
[5.385s] [ 47%] [32mBuilding C object CMakeFiles/custom_interfaces__rosidl_typesupport_introspection_c.dir/rosidl_typesupport_introspection_c/custom_interfaces/msg/detail/humanoid_league_msgs__type_support.c.o[0m
[5.470s] [ 48%] [32mBuilding C object CMakeFiles/custom_interfaces__rosidl_typesupport_introspection_c.dir/rosidl_typesupport_introspection_c/custom_interfaces/msg/detail/localization__type_support.c.o[0m
[5.489s] [ 49%] [32mBuilding CXX object CMakeFiles/custom_interfaces__rosidl_typesupport_cpp.dir/rosidl_typesupport_cpp/custom_interfaces/srv/reset__type_support.cpp.o[0m
[5.509s] [ 49%] [32mBuilding CXX object CMakeFiles/custom_interfaces__rosidl_typesupport_cpp.dir/rosidl_typesupport_cpp/custom_interfaces/action/control__type_support.cpp.o[0m
[5.525s] [ 50%] [32mBuilding C object CMakeFiles/custom_interfaces__rosidl_typesupport_introspection_c.dir/rosidl_typesupport_introspection_c/custom_interfaces/msg/detail/set_position_original__type_support.c.o[0m
[5.547s] [ 50%] [32mBuilding CXX object CMakeFiles/custom_interfaces__rosidl_typesupport_fastrtps_cpp.dir/rosidl_typesupport_fastrtps_cpp/custom_interfaces/msg/detail/dds_fastrtps/vision_robot__type_support.cpp.o[0m
[5.562s] [ 50%] [32mBuilding C object CMakeFiles/custom_interfaces__rosidl_typesupport_introspection_c.dir/rosidl_typesupport_introspection_c/custom_interfaces/msg/detail/decision__type_support.c.o[0m
[5.603s] [ 51%] [32mBuilding C object CMakeFiles/custom_interfaces__rosidl_typesupport_introspection_c.dir/rosidl_typesupport_introspection_c/custom_interfaces/msg/detail/walk__type_support.c.o[0m
[5.628s] [ 52%] [32mBuilding CXX object CMakeFiles/custom_interfaces__rosidl_typesupport_introspection_cpp.dir/rosidl_typesupport_introspection_cpp/custom_interfaces/msg/detail/humanoid_league_msgs__type_support.cpp.o[0m
[5.628s] [ 52%] [32mBuilding CXX object CMakeFiles/custom_interfaces__rosidl_typesupport_introspection_cpp.dir/rosidl_typesupport_introspection_cpp/custom_interfaces/msg/detail/localization__type_support.cpp.o[0m
[5.646s] [ 53%] [32mBuilding C object CMakeFiles/custom_interfaces__rosidl_typesupport_introspection_c.dir/rosidl_typesupport_introspection_c/custom_interfaces/msg/detail/neck_position__type_support.c.o[0m
[5.682s] [ 53%] [32mBuilding C object CMakeFiles/custom_interfaces__rosidl_typesupport_introspection_c.dir/rosidl_typesupport_introspection_c/custom_interfaces/msg/detail/joint_state__type_support.c.o[0m
[5.733s] [ 54%] [32mBuilding C object CMakeFiles/custom_interfaces__rosidl_typesupport_introspection_c.dir/rosidl_typesupport_introspection_c/custom_interfaces/msg/detail/robot_state__type_support.c.o[0m
[5.779s] [ 55%] [32mBuilding C object CMakeFiles/custom_interfaces__rosidl_typesupport_introspection_c.dir/rosidl_typesupport_introspection_c/custom_interfaces/srv/detail/get_position__type_support.c.o[0m
[5.783s] [ 56%] [32mBuilding CXX object CMakeFiles/custom_interfaces__rosidl_typesupport_fastrtps_c.dir/rosidl_typesupport_fastrtps_c/custom_interfaces/msg/detail/humanoid_league_msgs__type_support_c.cpp.o[0m
[5.806s] [ 57%] [32mBuilding CXX object CMakeFiles/custom_interfaces__rosidl_typesupport_fastrtps_cpp.dir/rosidl_typesupport_fastrtps_cpp/custom_interfaces/msg/detail/dds_fastrtps/humanoid_league_msgs__type_support.cpp.o[0m
[5.838s] [ 58%] [32mBuilding CXX object CMakeFiles/custom_interfaces__rosidl_typesupport_fastrtps_c.dir/rosidl_typesupport_fastrtps_c/custom_interfaces/msg/detail/localization__type_support_c.cpp.o[0m
[5.848s] [ 59%] [32mBuilding C object CMakeFiles/custom_interfaces__rosidl_typesupport_introspection_c.dir/rosidl_typesupport_introspection_c/custom_interfaces/srv/detail/reset__type_support.c.o[0m
[5.915s] [ 59%] [32mBuilding C object CMakeFiles/custom_interfaces__rosidl_typesupport_introspection_c.dir/rosidl_typesupport_introspection_c/custom_interfaces/action/detail/control__type_support.c.o[0m
[5.995s] [ 60%] [32m[1mLinking C shared library libcustom_interfaces__rosidl_typesupport_introspection_c.so[0m
[6.065s] [ 60%] Built target custom_interfaces__rosidl_typesupport_introspection_c
[6.081s] [ 62%] [32mBuilding CXX object CMakeFiles/custom_interfaces__rosidl_typesupport_fastrtps_cpp.dir/rosidl_typesupport_fastrtps_cpp/custom_interfaces/msg/detail/dds_fastrtps/localization__type_support.cpp.o[0m
[6.081s] [ 62%] [32mBuilding CXX object CMakeFiles/custom_interfaces__rosidl_typesupport_introspection_cpp.dir/rosidl_typesupport_introspection_cpp/custom_interfaces/msg/detail/set_position_original__type_support.cpp.o[0m
[6.115s] [ 63%] [32m[1mLinking CXX shared library libcustom_interfaces__rosidl_typesupport_cpp.so[0m
[6.137s] [ 64%] [32mBuilding CXX object CMakeFiles/custom_interfaces__rosidl_typesupport_introspection_cpp.dir/rosidl_typesupport_introspection_cpp/custom_interfaces/msg/detail/decision__type_support.cpp.o[0m
[6.179s] [ 64%] Built target custom_interfaces__rosidl_typesupport_cpp
[6.190s] [ 64%] [32mBuilding CXX object CMakeFiles/custom_interfaces__rosidl_typesupport_introspection_cpp.dir/rosidl_typesupport_introspection_cpp/custom_interfaces/msg/detail/walk__type_support.cpp.o[0m
[6.192s] [ 64%] [32mBuilding CXX object CMakeFiles/custom_interfaces__rosidl_typesupport_fastrtps_c.dir/rosidl_typesupport_fastrtps_c/custom_interfaces/msg/detail/set_position_original__type_support_c.cpp.o[0m
[6.244s] [ 65%] [32mBuilding CXX object CMakeFiles/custom_interfaces__rosidl_typesupport_fastrtps_c.dir/rosidl_typesupport_fastrtps_c/custom_interfaces/msg/detail/decision__type_support_c.cpp.o[0m
[6.315s] [ 66%] [32mBuilding CXX object CMakeFiles/custom_interfaces__rosidl_typesupport_fastrtps_c.dir/rosidl_typesupport_fastrtps_c/custom_interfaces/msg/detail/walk__type_support_c.cpp.o[0m
[6.338s] [ 67%] [32mBuilding CXX object CMakeFiles/custom_interfaces__rosidl_typesupport_fastrtps_c.dir/rosidl_typesupport_fastrtps_c/custom_interfaces/msg/detail/neck_position__type_support_c.cpp.o[0m
[6.545s] [ 68%] [32mBuilding CXX object CMakeFiles/custom_interfaces__rosidl_typesupport_fastrtps_cpp.dir/rosidl_typesupport_fastrtps_cpp/custom_interfaces/msg/detail/dds_fastrtps/set_position_original__type_support.cpp.o[0m
[6.612s] [ 69%] [32mBuilding CXX object CMakeFiles/custom_interfaces__rosidl_typesupport_introspection_cpp.dir/rosidl_typesupport_introspection_cpp/custom_interfaces/msg/detail/neck_position__type_support.cpp.o[0m
[6.614s] [ 69%] [32mBuilding CXX object CMakeFiles/custom_interfaces__rosidl_typesupport_fastrtps_c.dir/rosidl_typesupport_fastrtps_c/custom_interfaces/msg/detail/joint_state__type_support_c.cpp.o[0m
[6.650s] [ 70%] [32mBuilding CXX object CMakeFiles/custom_interfaces__rosidl_typesupport_introspection_cpp.dir/rosidl_typesupport_introspection_cpp/custom_interfaces/msg/detail/joint_state__type_support.cpp.o[0m
[6.654s] [ 70%] [32mBuilding CXX object CMakeFiles/custom_interfaces__rosidl_typesupport_fastrtps_cpp.dir/rosidl_typesupport_fastrtps_cpp/custom_interfaces/msg/detail/dds_fastrtps/decision__type_support.cpp.o[0m
[6.665s] [ 71%] [32mBuilding CXX object CMakeFiles/custom_interfaces__rosidl_typesupport_fastrtps_cpp.dir/rosidl_typesupport_fastrtps_cpp/custom_interfaces/msg/detail/dds_fastrtps/walk__type_support.cpp.o[0m
[6.745s] [ 72%] [32mBuilding CXX object CMakeFiles/custom_interfaces__rosidl_typesupport_fastrtps_cpp.dir/rosidl_typesupport_fastrtps_cpp/custom_interfaces/msg/detail/dds_fastrtps/neck_position__type_support.cpp.o[0m
[6.819s] [ 73%] [32mBuilding CXX object CMakeFiles/custom_interfaces__rosidl_typesupport_fastrtps_cpp.dir/rosidl_typesupport_fastrtps_cpp/custom_interfaces/msg/detail/dds_fastrtps/joint_state__type_support.cpp.o[0m
[7.033s] [ 74%] [32mBuilding CXX object CMakeFiles/custom_interfaces__rosidl_typesupport_introspection_cpp.dir/rosidl_typesupport_introspection_cpp/custom_interfaces/msg/detail/robot_state__type_support.cpp.o[0m
[7.152s] [ 74%] [32mBuilding CXX object CMakeFiles/custom_interfaces__rosidl_typesupport_introspection_cpp.dir/rosidl_typesupport_introspection_cpp/custom_interfaces/srv/detail/get_position__type_support.cpp.o[0m
[7.156s] [ 75%] [32mBuilding CXX object CMakeFiles/custom_interfaces__rosidl_typesupport_fastrtps_c.dir/rosidl_typesupport_fastrtps_c/custom_interfaces/msg/detail/robot_state__type_support_c.cpp.o[0m
[7.159s] [ 76%] [32mBuilding CXX object CMakeFiles/custom_interfaces__rosidl_typesupport_introspection_cpp.dir/rosidl_typesupport_introspection_cpp/custom_interfaces/srv/detail/reset__type_support.cpp.o[0m
[7.163s] [ 76%] [32mBuilding CXX object CMakeFiles/custom_interfaces__rosidl_typesupport_fastrtps_cpp.dir/rosidl_typesupport_fastrtps_cpp/custom_interfaces/msg/detail/dds_fastrtps/robot_state__type_support.cpp.o[0m
[7.214s] [ 77%] [32mBuilding CXX object CMakeFiles/custom_interfaces__rosidl_typesupport_fastrtps_cpp.dir/rosidl_typesupport_fastrtps_cpp/custom_interfaces/srv/detail/dds_fastrtps/get_position__type_support.cpp.o[0m
[7.251s] [ 78%] [32mBuilding CXX object CMakeFiles/custom_interfaces__rosidl_typesupport_introspection_cpp.dir/rosidl_typesupport_introspection_cpp/custom_interfaces/action/detail/control__type_support.cpp.o[0m
[7.491s] [ 79%] [32mBuilding CXX object CMakeFiles/custom_interfaces__rosidl_typesupport_fastrtps_c.dir/rosidl_typesupport_fastrtps_c/custom_interfaces/srv/detail/get_position__type_support_c.cpp.o[0m
[7.547s] [ 80%] [32mBuilding CXX object CMakeFiles/custom_interfaces__rosidl_typesupport_fastrtps_c.dir/rosidl_typesupport_fastrtps_c/custom_interfaces/srv/detail/reset__type_support_c.cpp.o[0m
[7.582s] [ 81%] [32mBuilding CXX object CMakeFiles/custom_interfaces__rosidl_typesupport_fastrtps_cpp.dir/rosidl_typesupport_fastrtps_cpp/custom_interfaces/srv/detail/dds_fastrtps/reset__type_support.cpp.o[0m
[7.626s] [ 82%] [32mBuilding CXX object CMakeFiles/custom_interfaces__rosidl_typesupport_fastrtps_cpp.dir/rosidl_typesupport_fastrtps_cpp/custom_interfaces/action/detail/dds_fastrtps/control__type_support.cpp.o[0m
[7.666s] [ 82%] [32mBuilding CXX object CMakeFiles/custom_interfaces__rosidl_typesupport_fastrtps_c.dir/rosidl_typesupport_fastrtps_c/custom_interfaces/action/detail/control__type_support_c.cpp.o[0m
[7.959s] [ 83%] [32m[1mLinking CXX shared library libcustom_interfaces__rosidl_typesupport_introspection_cpp.so[0m
[7.998s] [ 84%] [32m[1mLinking CXX shared library libcustom_interfaces__rosidl_typesupport_fastrtps_c.so[0m
[8.048s] [ 84%] Built target custom_interfaces__rosidl_typesupport_introspection_cpp
[8.079s] [ 84%] Built target custom_interfaces__rosidl_typesupport_fastrtps_c
[8.192s] [ 84%] [32m[1mLinking CXX shared library libcustom_interfaces__rosidl_typesupport_fastrtps_cpp.so[0m
[8.256s] [ 84%] Built target custom_interfaces__rosidl_typesupport_fastrtps_cpp
[8.271s] [ 84%] Built target custom_interfaces
[8.288s] [ 85%] [34m[1mGenerating Python code for ROS interfaces[0m
[10.290s] [ 85%] Built target custom_interfaces__py
[10.302s] [35m[1mConsolidate compiler generated dependencies of target custom_interfaces__rosidl_generator_py[0m
[10.321s] [ 86%] [32mBuilding C object CMakeFiles/custom_interfaces__rosidl_generator_py.dir/rosidl_generator_py/custom_interfaces/msg/_set_position_s.c.o[0m
[10.321s] [ 87%] [32mBuilding C object CMakeFiles/custom_interfaces__rosidl_generator_py.dir/rosidl_generator_py/custom_interfaces/msg/_set_position_original_s.c.o[0m
[10.321s] [ 87%] [32mBuilding C object CMakeFiles/custom_interfaces__rosidl_generator_py.dir/rosidl_generator_py/custom_interfaces/msg/_vision_s.c.o[0m
[10.322s] [ 87%] [32mBuilding C object CMakeFiles/custom_interfaces__rosidl_generator_py.dir/rosidl_generator_py/custom_interfaces/msg/_humanoid_league_msgs_s.c.o[0m
[10.322s] [ 89%] [32mBuilding C object CMakeFiles/custom_interfaces__rosidl_generator_py.dir/rosidl_generator_py/custom_interfaces/msg/_localization_s.c.o[0m
[10.322s] [ 90%] [32mBuilding C object CMakeFiles/custom_interfaces__rosidl_generator_py.dir/rosidl_generator_py/custom_interfaces/msg/_vision_robot_s.c.o[0m
[10.323s] [ 90%] [32mBuilding C object CMakeFiles/custom_interfaces__rosidl_generator_py.dir/rosidl_generator_py/custom_interfaces/msg/_walk_s.c.o[0m
[10.323s] [ 91%] [32mBuilding C object CMakeFiles/custom_interfaces__rosidl_generator_py.dir/rosidl_generator_py/custom_interfaces/msg/_decision_s.c.o[0m
[10.463s] [ 91%] [32mBuilding C object CMakeFiles/custom_interfaces__rosidl_generator_py.dir/rosidl_generator_py/custom_interfaces/msg/_joint_state_s.c.o[0m
[10.464s] [ 92%] [32mBuilding C object CMakeFiles/custom_interfaces__rosidl_generator_py.dir/rosidl_generator_py/custom_interfaces/msg/_robot_state_s.c.o[0m
[10.464s] [ 93%] [32mBuilding C object CMakeFiles/custom_interfaces__rosidl_generator_py.dir/rosidl_generator_py/custom_interfaces/msg/_neck_position_s.c.o[0m
[10.466s] [ 94%] [32mBuilding C object CMakeFiles/custom_interfaces__rosidl_generator_py.dir/rosidl_generator_py/custom_interfaces/srv/_get_position_s.c.o[0m
[10.469s] [ 94%] [32mBuilding C object CMakeFiles/custom_interfaces__rosidl_generator_py.dir/rosidl_generator_py/custom_interfaces/srv/_reset_s.c.o[0m
[10.478s] [ 95%] [32mBuilding C object CMakeFiles/custom_interfaces__rosidl_generator_py.dir/rosidl_generator_py/custom_interfaces/action/_control_s.c.o[0m
[10.623s] [ 96%] [32m[1mLinking C shared library rosidl_generator_py/custom_interfaces/libcustom_interfaces__rosidl_generator_py.so[0m
[10.656s] [ 96%] Built target custom_interfaces__rosidl_generator_py
[10.665s] [35m[1mConsolidate compiler generated dependencies of target custom_interfaces__rosidl_typesupport_introspection_c__pyext[0m
[10.665s] [35m[1mConsolidate compiler generated dependencies of target custom_interfaces__rosidl_typesupport_fastrtps_c__pyext[0m
[10.665s] [35m[1mConsolidate compiler generated dependencies of target custom_interfaces__rosidl_typesupport_c__pyext[0m
[10.675s] [ 99%] [32mBuilding C object CMakeFiles/custom_interfaces__rosidl_typesupport_fastrtps_c__pyext.dir/rosidl_generator_py/custom_interfaces/_custom_interfaces_s.ep.rosidl_typesupport_fastrtps_c.c.o[0m
[10.675s] [ 99%] [32mBuilding C object CMakeFiles/custom_interfaces__rosidl_typesupport_c__pyext.dir/rosidl_generator_py/custom_interfaces/_custom_interfaces_s.ep.rosidl_typesupport_c.c.o[0m
[10.675s] [ 99%] [32mBuilding C object CMakeFiles/custom_interfaces__rosidl_typesupport_introspection_c__pyext.dir/rosidl_generator_py/custom_interfaces/_custom_interfaces_s.ep.rosidl_typesupport_introspection_c.c.o[0m
[10.799s] [ 99%] [32m[1mLinking C shared library rosidl_generator_py/custom_interfaces/custom_interfaces_s__rosidl_typesupport_fastrtps_c.cpython-310-x86_64-linux-gnu.so[0m
[10.801s] [ 99%] [32m[1mLinking C shared library rosidl_generator_py/custom_interfaces/custom_interfaces_s__rosidl_typesupport_c.cpython-310-x86_64-linux-gnu.so[0m
[10.810s] [100%] [32m[1mLinking C shared library rosidl_generator_py/custom_interfaces/custom_interfaces_s__rosidl_typesupport_introspection_c.cpython-310-x86_64-linux-gnu.so[0m
[10.831s] [100%] Built target custom_interfaces__rosidl_typesupport_fastrtps_c__pyext
[10.835s] [100%] Built target custom_interfaces__rosidl_typesupport_c__pyext
[10.844s] [100%] Built target custom_interfaces__rosidl_typesupport_introspection_c__pyext
[10.853s] Invoked command in '/home/robo/RoboFEI-HT_2023_SOFTWARE/build/custom_interfaces' returned '0': CMAKE_PREFIX_PATH=${CMAKE_PREFIX_PATH}:/home/robo/RoboFEI-HT_2023_SOFTWARE/install/vision_pkg:/home/robo/RoboFEI-HT_2023_SOFTWARE/install/localization_pkg:/home/robo/RoboFEI-HT_2023_SOFTWARE/install/imu:/home/robo/RoboFEI-HT_2023_SOFTWARE/install/game_controller:/home/robo/RoboFEI-HT_2023_SOFTWARE/install/decision_pkg:/opt/ros/humble /usr/bin/cmake --build /home/robo/RoboFEI-HT_2023_SOFTWARE/build/custom_interfaces -- -j8 -l8
[11.065s] Invoking command in '/home/robo/RoboFEI-HT_2023_SOFTWARE/build/custom_interfaces': CMAKE_PREFIX_PATH=${CMAKE_PREFIX_PATH}:/home/robo/RoboFEI-HT_2023_SOFTWARE/install/vision_pkg:/home/robo/RoboFEI-HT_2023_SOFTWARE/install/localization_pkg:/home/robo/RoboFEI-HT_2023_SOFTWARE/install/imu:/home/robo/RoboFEI-HT_2023_SOFTWARE/install/game_controller:/home/robo/RoboFEI-HT_2023_SOFTWARE/install/decision_pkg:/opt/ros/humble /usr/bin/cmake --install /home/robo/RoboFEI-HT_2023_SOFTWARE/build/custom_interfaces
[11.070s] -- Install configuration: ""
[11.071s] -- Execute custom install script
[11.071s] -- Up-to-date symlink: /home/robo/RoboFEI-HT_2023_SOFTWARE/install/custom_interfaces/share/ament_index/resource_index/rosidl_interfaces/custom_interfaces
[11.078s] -- Up-to-date symlink: /home/robo/RoboFEI-HT_2023_SOFTWARE/install/custom_interfaces/include/custom_interfaces/custom_interfaces/action/control.h
[11.078s] -- Up-to-date symlink: /home/robo/RoboFEI-HT_2023_SOFTWARE/install/custom_interfaces/include/custom_interfaces/custom_interfaces/action/detail/control__functions.h
[11.079s] -- Up-to-date symlink: /home/robo/RoboFEI-HT_2023_SOFTWARE/install/custom_interfaces/include/custom_interfaces/custom_interfaces/action/detail/control__struct.h
[11.079s] -- Up-to-date symlink: /home/robo/RoboFEI-HT_2023_SOFTWARE/install/custom_interfaces/include/custom_interfaces/custom_interfaces/action/detail/control__type_support.h
[11.079s] -- Up-to-date symlink: /home/robo/RoboFEI-HT_2023_SOFTWARE/install/custom_interfaces/include/custom_interfaces/custom_interfaces/msg/decision.h
[11.079s] -- Up-to-date symlink: /home/robo/RoboFEI-HT_2023_SOFTWARE/install/custom_interfaces/include/custom_interfaces/custom_interfaces/msg/detail/decision__functions.h
[11.079s] -- Up-to-date symlink: /home/robo/RoboFEI-HT_2023_SOFTWARE/install/custom_interfaces/include/custom_interfaces/custom_interfaces/msg/detail/decision__struct.h
[11.080s] -- Up-to-date symlink: /home/robo/RoboFEI-HT_2023_SOFTWARE/install/custom_interfaces/include/custom_interfaces/custom_interfaces/msg/detail/decision__type_support.h
[11.080s] -- Up-to-date symlink: /home/robo/RoboFEI-HT_2023_SOFTWARE/install/custom_interfaces/include/custom_interfaces/custom_interfaces/msg/detail/humanoid_league_msgs__functions.h
[11.080s] -- Up-to-date symlink: /home/robo/RoboFEI-HT_2023_SOFTWARE/install/custom_interfaces/include/custom_interfaces/custom_interfaces/msg/detail/humanoid_league_msgs__struct.h
[11.080s] -- Up-to-date symlink: /home/robo/RoboFEI-HT_2023_SOFTWARE/install/custom_interfaces/include/custom_interfaces/custom_interfaces/msg/detail/humanoid_league_msgs__type_support.h
[11.080s] -- Up-to-date symlink: /home/robo/RoboFEI-HT_2023_SOFTWARE/install/custom_interfaces/include/custom_interfaces/custom_interfaces/msg/detail/joint_state__functions.h
[11.081s] -- Up-to-date symlink: /home/robo/RoboFEI-HT_2023_SOFTWARE/install/custom_interfaces/include/custom_interfaces/custom_interfaces/msg/detail/joint_state__struct.h
[11.081s] -- Up-to-date symlink: /home/robo/RoboFEI-HT_2023_SOFTWARE/install/custom_interfaces/include/custom_interfaces/custom_interfaces/msg/detail/joint_state__type_support.h
[11.081s] -- Up-to-date symlink: /home/robo/RoboFEI-HT_2023_SOFTWARE/install/custom_interfaces/include/custom_interfaces/custom_interfaces/msg/detail/localization__functions.h
[11.081s] -- Up-to-date symlink: /home/robo/RoboFEI-HT_2023_SOFTWARE/install/custom_interfaces/include/custom_interfaces/custom_interfaces/msg/detail/localization__struct.h
[11.081s] -- Up-to-date symlink: /home/robo/RoboFEI-HT_2023_SOFTWARE/install/custom_interfaces/include/custom_interfaces/custom_interfaces/msg/detail/localization__type_support.h
[11.081s] -- Up-to-date symlink: /home/robo/RoboFEI-HT_2023_SOFTWARE/install/custom_interfaces/include/custom_interfaces/custom_interfaces/msg/detail/neck_position__functions.h
[11.081s] -- Up-to-date symlink: /home/robo/RoboFEI-HT_2023_SOFTWARE/install/custom_interfaces/include/custom_interfaces/custom_interfaces/msg/detail/neck_position__struct.h
[11.081s] -- Up-to-date symlink: /home/robo/RoboFEI-HT_2023_SOFTWARE/install/custom_interfaces/include/custom_interfaces/custom_interfaces/msg/detail/neck_position__type_support.h
[11.081s] -- Up-to-date symlink: /home/robo/RoboFEI-HT_2023_SOFTWARE/install/custom_interfaces/include/custom_interfaces/custom_interfaces/msg/detail/robot_state__functions.h
[11.081s] -- Up-to-date symlink: /home/robo/RoboFEI-HT_2023_SOFTWARE/install/custom_interfaces/include/custom_interfaces/custom_interfaces/msg/detail/robot_state__struct.h
[11.082s] -- Up-to-date symlink: /home/robo/RoboFEI-HT_2023_SOFTWARE/install/custom_interfaces/include/custom_interfaces/custom_interfaces/msg/detail/robot_state__type_support.h
[11.082s] -- Up-to-date symlink: /home/robo/RoboFEI-HT_2023_SOFTWARE/install/custom_interfaces/include/custom_interfaces/custom_interfaces/msg/detail/set_position__functions.h
[11.082s] -- Up-to-date symlink: /home/robo/RoboFEI-HT_2023_SOFTWARE/install/custom_interfaces/include/custom_interfaces/custom_interfaces/msg/detail/set_position__struct.h
[11.082s] -- Up-to-date symlink: /home/robo/RoboFEI-HT_2023_SOFTWARE/install/custom_interfaces/include/custom_interfaces/custom_interfaces/msg/detail/set_position__type_support.h
[11.082s] -- Up-to-date symlink: /home/robo/RoboFEI-HT_2023_SOFTWARE/install/custom_interfaces/include/custom_interfaces/custom_interfaces/msg/detail/set_position_original__functions.h
[11.082s] -- Up-to-date symlink: /home/robo/RoboFEI-HT_2023_SOFTWARE/install/custom_interfaces/include/custom_interfaces/custom_interfaces/msg/detail/set_position_original__struct.h
[11.082s] -- Up-to-date symlink: /home/robo/RoboFEI-HT_2023_SOFTWARE/install/custom_interfaces/include/custom_interfaces/custom_interfaces/msg/detail/set_position_original__type_support.h
[11.082s] -- Up-to-date symlink: /home/robo/RoboFEI-HT_2023_SOFTWARE/install/custom_interfaces/include/custom_interfaces/custom_interfaces/msg/detail/vision__functions.h
[11.082s] -- Up-to-date symlink: /home/robo/RoboFEI-HT_2023_SOFTWARE/install/custom_interfaces/include/custom_interfaces/custom_interfaces/msg/detail/vision__struct.h
[11.082s] -- Up-to-date symlink: /home/robo/RoboFEI-HT_2023_SOFTWARE/install/custom_interfaces/include/custom_interfaces/custom_interfaces/msg/detail/vision__type_support.h
[11.083s] -- Up-to-date symlink: /home/robo/RoboFEI-HT_2023_SOFTWARE/install/custom_interfaces/include/custom_interfaces/custom_interfaces/msg/detail/vision_robot__functions.h
[11.083s] -- Up-to-date symlink: /home/robo/RoboFEI-HT_2023_SOFTWARE/install/custom_interfaces/include/custom_interfaces/custom_interfaces/msg/detail/vision_robot__struct.h
[11.083s] -- Up-to-date symlink: /home/robo/RoboFEI-HT_2023_SOFTWARE/install/custom_interfaces/include/custom_interfaces/custom_interfaces/msg/detail/vision_robot__type_support.h
[11.083s] -- Up-to-date symlink: /home/robo/RoboFEI-HT_2023_SOFTWARE/install/custom_interfaces/include/custom_interfaces/custom_interfaces/msg/detail/walk__functions.h
[11.083s] -- Up-to-date symlink: /home/robo/RoboFEI-HT_2023_SOFTWARE/install/custom_interfaces/include/custom_interfaces/custom_interfaces/msg/detail/walk__struct.h
[11.083s] -- Up-to-date symlink: /home/robo/RoboFEI-HT_2023_SOFTWARE/install/custom_interfaces/include/custom_interfaces/custom_interfaces/msg/detail/walk__type_support.h
[11.083s] -- Up-to-date symlink: /home/robo/RoboFEI-HT_2023_SOFTWARE/install/custom_interfaces/include/custom_interfaces/custom_interfaces/msg/humanoid_league_msgs.h
[11.083s] -- Up-to-date symlink: /home/robo/RoboFEI-HT_2023_SOFTWARE/install/custom_interfaces/include/custom_interfaces/custom_interfaces/msg/joint_state.h
[11.083s] -- Up-to-date symlink: /home/robo/RoboFEI-HT_2023_SOFTWARE/install/custom_interfaces/include/custom_interfaces/custom_interfaces/msg/localization.h
[11.083s] -- Up-to-date symlink: /home/robo/RoboFEI-HT_2023_SOFTWARE/install/custom_interfaces/include/custom_interfaces/custom_interfaces/msg/neck_position.h
[11.083s] -- Up-to-date symlink: /home/robo/RoboFEI-HT_2023_SOFTWARE/install/custom_interfaces/include/custom_interfaces/custom_interfaces/msg/robot_state.h
[11.084s] -- Up-to-date symlink: /home/robo/RoboFEI-HT_2023_SOFTWARE/install/custom_interfaces/include/custom_interfaces/custom_interfaces/msg/rosidl_generator_c__visibility_control.h
[11.084s] -- Up-to-date symlink: /home/robo/RoboFEI-HT_2023_SOFTWARE/install/custom_interfaces/include/custom_interfaces/custom_interfaces/msg/set_position.h
[11.084s] -- Up-to-date symlink: /home/robo/RoboFEI-HT_2023_SOFTWARE/install/custom_interfaces/include/custom_interfaces/custom_interfaces/msg/set_position_original.h
[11.084s] -- Up-to-date symlink: /home/robo/RoboFEI-HT_2023_SOFTWARE/install/custom_interfaces/include/custom_interfaces/custom_interfaces/msg/vision.h
[11.084s] -- Up-to-date symlink: /home/robo/RoboFEI-HT_2023_SOFTWARE/install/custom_interfaces/include/custom_interfaces/custom_interfaces/msg/vision_robot.h
[11.084s] -- Up-to-date symlink: /home/robo/RoboFEI-HT_2023_SOFTWARE/install/custom_interfaces/include/custom_interfaces/custom_interfaces/msg/walk.h
[11.084s] -- Up-to-date symlink: /home/robo/RoboFEI-HT_2023_SOFTWARE/install/custom_interfaces/include/custom_interfaces/custom_interfaces/srv/detail/get_position__functions.h
[11.084s] -- Up-to-date symlink: /home/robo/RoboFEI-HT_2023_SOFTWARE/install/custom_interfaces/include/custom_interfaces/custom_interfaces/srv/detail/get_position__struct.h
[11.084s] -- Up-to-date symlink: /home/robo/RoboFEI-HT_2023_SOFTWARE/install/custom_interfaces/include/custom_interfaces/custom_interfaces/srv/detail/get_position__type_support.h
[11.084s] -- Up-to-date symlink: /home/robo/RoboFEI-HT_2023_SOFTWARE/install/custom_interfaces/include/custom_interfaces/custom_interfaces/srv/detail/reset__functions.h
[11.085s] -- Up-to-date symlink: /home/robo/RoboFEI-HT_2023_SOFTWARE/install/custom_interfaces/include/custom_interfaces/custom_interfaces/srv/detail/reset__struct.h
[11.085s] -- Up-to-date symlink: /home/robo/RoboFEI-HT_2023_SOFTWARE/install/custom_interfaces/include/custom_interfaces/custom_interfaces/srv/detail/reset__type_support.h
[11.085s] -- Up-to-date symlink: /home/robo/RoboFEI-HT_2023_SOFTWARE/install/custom_interfaces/include/custom_interfaces/custom_interfaces/srv/get_position.h
[11.085s] -- Up-to-date symlink: /home/robo/RoboFEI-HT_2023_SOFTWARE/install/custom_interfaces/include/custom_interfaces/custom_interfaces/srv/reset.h
[11.085s] -- Up-to-date symlink: /home/robo/RoboFEI-HT_2023_SOFTWARE/install/custom_interfaces/share/custom_interfaces/environment/library_path.sh
[11.085s] -- Up-to-date symlink: /home/robo/RoboFEI-HT_2023_SOFTWARE/install/custom_interfaces/share/custom_interfaces/environment/library_path.dsv
[11.086s] -- Up-to-date symlink: /home/robo/RoboFEI-HT_2023_SOFTWARE/install/custom_interfaces/include/custom_interfaces/custom_interfaces/action/detail/control__rosidl_typesupport_fastrtps_c.h
[11.086s] -- Up-to-date symlink: /home/robo/RoboFEI-HT_2023_SOFTWARE/install/custom_interfaces/include/custom_interfaces/custom_interfaces/msg/detail/decision__rosidl_typesupport_fastrtps_c.h
[11.086s] -- Up-to-date symlink: /home/robo/RoboFEI-HT_2023_SOFTWARE/install/custom_interfaces/include/custom_interfaces/custom_interfaces/msg/detail/humanoid_league_msgs__rosidl_typesupport_fastrtps_c.h
[11.086s] -- Up-to-date symlink: /home/robo/RoboFEI-HT_2023_SOFTWARE/install/custom_interfaces/include/custom_interfaces/custom_interfaces/msg/detail/joint_state__rosidl_typesupport_fastrtps_c.h
[11.086s] -- Up-to-date symlink: /home/robo/RoboFEI-HT_2023_SOFTWARE/install/custom_interfaces/include/custom_interfaces/custom_interfaces/msg/detail/localization__rosidl_typesupport_fastrtps_c.h
[11.086s] -- Up-to-date symlink: /home/robo/RoboFEI-HT_2023_SOFTWARE/install/custom_interfaces/include/custom_interfaces/custom_interfaces/msg/detail/neck_position__rosidl_typesupport_fastrtps_c.h
[11.086s] -- Up-to-date symlink: /home/robo/RoboFEI-HT_2023_SOFTWARE/install/custom_interfaces/include/custom_interfaces/custom_interfaces/msg/detail/robot_state__rosidl_typesupport_fastrtps_c.h
[11.087s] -- Up-to-date symlink: /home/robo/RoboFEI-HT_2023_SOFTWARE/install/custom_interfaces/include/custom_interfaces/custom_interfaces/msg/detail/set_position__rosidl_typesupport_fastrtps_c.h
[11.087s] -- Up-to-date symlink: /home/robo/RoboFEI-HT_2023_SOFTWARE/install/custom_interfaces/include/custom_interfaces/custom_interfaces/msg/detail/set_position_original__rosidl_typesupport_fastrtps_c.h
[11.087s] -- Up-to-date symlink: /home/robo/RoboFEI-HT_2023_SOFTWARE/install/custom_interfaces/include/custom_interfaces/custom_interfaces/msg/detail/vision__rosidl_typesupport_fastrtps_c.h
[11.087s] -- Up-to-date symlink: /home/robo/RoboFEI-HT_2023_SOFTWARE/install/custom_interfaces/include/custom_interfaces/custom_interfaces/msg/detail/vision_robot__rosidl_typesupport_fastrtps_c.h
[11.087s] -- Up-to-date symlink: /home/robo/RoboFEI-HT_2023_SOFTWARE/install/custom_interfaces/include/custom_interfaces/custom_interfaces/msg/detail/walk__rosidl_typesupport_fastrtps_c.h
[11.087s] -- Up-to-date symlink: /home/robo/RoboFEI-HT_2023_SOFTWARE/install/custom_interfaces/include/custom_interfaces/custom_interfaces/msg/rosidl_typesupport_fastrtps_c__visibility_control.h
[11.087s] -- Up-to-date symlink: /home/robo/RoboFEI-HT_2023_SOFTWARE/install/custom_interfaces/include/custom_interfaces/custom_interfaces/srv/detail/get_position__rosidl_typesupport_fastrtps_c.h
[11.088s] -- Up-to-date symlink: /home/robo/RoboFEI-HT_2023_SOFTWARE/install/custom_interfaces/include/custom_interfaces/custom_interfaces/srv/detail/reset__rosidl_typesupport_fastrtps_c.h
[11.089s] -- Up-to-date symlink: /home/robo/RoboFEI-HT_2023_SOFTWARE/install/custom_interfaces/include/custom_interfaces/custom_interfaces/action/control.hpp
[11.089s] -- Up-to-date symlink: /home/robo/RoboFEI-HT_2023_SOFTWARE/install/custom_interfaces/include/custom_interfaces/custom_interfaces/action/detail/control__builder.hpp
[11.089s] -- Up-to-date symlink: /home/robo/RoboFEI-HT_2023_SOFTWARE/install/custom_interfaces/include/custom_interfaces/custom_interfaces/action/detail/control__struct.hpp
[11.089s] -- Up-to-date symlink: /home/robo/RoboFEI-HT_2023_SOFTWARE/install/custom_interfaces/include/custom_interfaces/custom_interfaces/action/detail/control__traits.hpp
[11.089s] -- Up-to-date symlink: /home/robo/RoboFEI-HT_2023_SOFTWARE/install/custom_interfaces/include/custom_interfaces/custom_interfaces/msg/decision.hpp
[11.089s] -- Up-to-date symlink: /home/robo/RoboFEI-HT_2023_SOFTWARE/install/custom_interfaces/include/custom_interfaces/custom_interfaces/msg/detail/decision__builder.hpp
[11.089s] -- Up-to-date symlink: /home/robo/RoboFEI-HT_2023_SOFTWARE/install/custom_interfaces/include/custom_interfaces/custom_interfaces/msg/detail/decision__struct.hpp
[11.089s] -- Up-to-date symlink: /home/robo/RoboFEI-HT_2023_SOFTWARE/install/custom_interfaces/include/custom_interfaces/custom_interfaces/msg/detail/decision__traits.hpp
[11.089s] -- Up-to-date symlink: /home/robo/RoboFEI-HT_2023_SOFTWARE/install/custom_interfaces/include/custom_interfaces/custom_interfaces/msg/detail/humanoid_league_msgs__builder.hpp
[11.089s] -- Up-to-date symlink: /home/robo/RoboFEI-HT_2023_SOFTWARE/install/custom_interfaces/include/custom_interfaces/custom_interfaces/msg/detail/humanoid_league_msgs__struct.hpp
[11.089s] -- Up-to-date symlink: /home/robo/RoboFEI-HT_2023_SOFTWARE/install/custom_interfaces/include/custom_interfaces/custom_interfaces/msg/detail/humanoid_league_msgs__traits.hpp
[11.089s] -- Up-to-date symlink: /home/robo/RoboFEI-HT_2023_SOFTWARE/install/custom_interfaces/include/custom_interfaces/custom_interfaces/msg/detail/joint_state__builder.hpp
[11.090s] -- Up-to-date symlink: /home/robo/RoboFEI-HT_2023_SOFTWARE/install/custom_interfaces/include/custom_interfaces/custom_interfaces/msg/detail/joint_state__struct.hpp
[11.090s] -- Up-to-date symlink: /home/robo/RoboFEI-HT_2023_SOFTWARE/install/custom_interfaces/include/custom_interfaces/custom_interfaces/msg/detail/joint_state__traits.hpp
[11.090s] -- Up-to-date symlink: /home/robo/RoboFEI-HT_2023_SOFTWARE/install/custom_interfaces/include/custom_interfaces/custom_interfaces/msg/detail/localization__builder.hpp
[11.090s] -- Up-to-date symlink: /home/robo/RoboFEI-HT_2023_SOFTWARE/install/custom_interfaces/include/custom_interfaces/custom_interfaces/msg/detail/localization__struct.hpp
[11.090s] -- Up-to-date symlink: /home/robo/RoboFEI-HT_2023_SOFTWARE/install/custom_interfaces/include/custom_interfaces/custom_interfaces/msg/detail/localization__traits.hpp
[11.090s] -- Up-to-date symlink: /home/robo/RoboFEI-HT_2023_SOFTWARE/install/custom_interfaces/include/custom_interfaces/custom_interfaces/msg/detail/neck_position__builder.hpp
[11.090s] -- Up-to-date symlink: /home/robo/RoboFEI-HT_2023_SOFTWARE/install/custom_interfaces/include/custom_interfaces/custom_interfaces/msg/detail/neck_position__struct.hpp
[11.090s] -- Up-to-date symlink: /home/robo/RoboFEI-HT_2023_SOFTWARE/install/custom_interfaces/include/custom_interfaces/custom_interfaces/msg/detail/neck_position__traits.hpp
[11.090s] -- Up-to-date symlink: /home/robo/RoboFEI-HT_2023_SOFTWARE/install/custom_interfaces/include/custom_interfaces/custom_interfaces/msg/detail/robot_state__builder.hpp
[11.090s] -- Up-to-date symlink: /home/robo/RoboFEI-HT_2023_SOFTWARE/install/custom_interfaces/include/custom_interfaces/custom_interfaces/msg/detail/robot_state__struct.hpp
[11.090s] -- Up-to-date symlink: /home/robo/RoboFEI-HT_2023_SOFTWARE/install/custom_interfaces/include/custom_interfaces/custom_interfaces/msg/detail/robot_state__traits.hpp
[11.090s] -- Up-to-date symlink: /home/robo/RoboFEI-HT_2023_SOFTWARE/install/custom_interfaces/include/custom_interfaces/custom_interfaces/msg/detail/set_position__builder.hpp
[11.090s] -- Up-to-date symlink: /home/robo/RoboFEI-HT_2023_SOFTWARE/install/custom_interfaces/include/custom_interfaces/custom_interfaces/msg/detail/set_position__struct.hpp
[11.090s] -- Up-to-date symlink: /home/robo/RoboFEI-HT_2023_SOFTWARE/install/custom_interfaces/include/custom_interfaces/custom_interfaces/msg/detail/set_position__traits.hpp
[11.091s] -- Up-to-date symlink: /home/robo/RoboFEI-HT_2023_SOFTWARE/install/custom_interfaces/include/custom_interfaces/custom_interfaces/msg/detail/set_position_original__builder.hpp
[11.091s] -- Up-to-date symlink: /home/robo/RoboFEI-HT_2023_SOFTWARE/install/custom_interfaces/include/custom_interfaces/custom_interfaces/msg/detail/set_position_original__struct.hpp
[11.091s] -- Up-to-date symlink: /home/robo/RoboFEI-HT_2023_SOFTWARE/install/custom_interfaces/include/custom_interfaces/custom_interfaces/msg/detail/set_position_original__traits.hpp
[11.091s] -- Up-to-date symlink: /home/robo/RoboFEI-HT_2023_SOFTWARE/install/custom_interfaces/include/custom_interfaces/custom_interfaces/msg/detail/vision__builder.hpp
[11.091s] -- Up-to-date symlink: /home/robo/RoboFEI-HT_2023_SOFTWARE/install/custom_interfaces/include/custom_interfaces/custom_interfaces/msg/detail/vision__struct.hpp
[11.091s] -- Up-to-date symlink: /home/robo/RoboFEI-HT_2023_SOFTWARE/install/custom_interfaces/include/custom_interfaces/custom_interfaces/msg/detail/vision__traits.hpp
[11.091s] -- Up-to-date symlink: /home/robo/RoboFEI-HT_2023_SOFTWARE/install/custom_interfaces/include/custom_interfaces/custom_interfaces/msg/detail/vision_robot__builder.hpp
[11.091s] -- Up-to-date symlink: /home/robo/RoboFEI-HT_2023_SOFTWARE/install/custom_interfaces/include/custom_interfaces/custom_interfaces/msg/detail/vision_robot__struct.hpp
[11.091s] -- Up-to-date symlink: /home/robo/RoboFEI-HT_2023_SOFTWARE/install/custom_interfaces/include/custom_interfaces/custom_interfaces/msg/detail/vision_robot__traits.hpp
[11.091s] -- Up-to-date symlink: /home/robo/RoboFEI-HT_2023_SOFTWARE/install/custom_interfaces/include/custom_interfaces/custom_interfaces/msg/detail/walk__builder.hpp
[11.091s] -- Up-to-date symlink: /home/robo/RoboFEI-HT_2023_SOFTWARE/install/custom_interfaces/include/custom_interfaces/custom_interfaces/msg/detail/walk__struct.hpp
[11.091s] -- Up-to-date symlink: /home/robo/RoboFEI-HT_2023_SOFTWARE/install/custom_interfaces/include/custom_interfaces/custom_interfaces/msg/detail/walk__traits.hpp
[11.092s] -- Up-to-date symlink: /home/robo/RoboFEI-HT_2023_SOFTWARE/install/custom_interfaces/include/custom_interfaces/custom_interfaces/msg/humanoid_league_msgs.hpp
[11.092s] -- Up-to-date symlink: /home/robo/RoboFEI-HT_2023_SOFTWARE/install/custom_interfaces/include/custom_interfaces/custom_interfaces/msg/joint_state.hpp
[11.092s] -- Up-to-date symlink: /home/robo/RoboFEI-HT_2023_SOFTWARE/install/custom_interfaces/include/custom_interfaces/custom_interfaces/msg/localization.hpp
[11.092s] -- Up-to-date symlink: /home/robo/RoboFEI-HT_2023_SOFTWARE/install/custom_interfaces/include/custom_interfaces/custom_interfaces/msg/neck_position.hpp
[11.092s] -- Up-to-date symlink: /home/robo/RoboFEI-HT_2023_SOFTWARE/install/custom_interfaces/include/custom_interfaces/custom_interfaces/msg/robot_state.hpp
[11.092s] -- Up-to-date symlink: /home/robo/RoboFEI-HT_2023_SOFTWARE/install/custom_interfaces/include/custom_interfaces/custom_interfaces/msg/set_position.hpp
[11.092s] -- Up-to-date symlink: /home/robo/RoboFEI-HT_2023_SOFTWARE/install/custom_interfaces/include/custom_interfaces/custom_interfaces/msg/set_position_original.hpp
[11.092s] -- Up-to-date symlink: /home/robo/RoboFEI-HT_2023_SOFTWARE/install/custom_interfaces/include/custom_interfaces/custom_interfaces/msg/vision.hpp
[11.092s] -- Up-to-date symlink: /home/robo/RoboFEI-HT_2023_SOFTWARE/install/custom_interfaces/include/custom_interfaces/custom_interfaces/msg/vision_robot.hpp
[11.092s] -- Up-to-date symlink: /home/robo/RoboFEI-HT_2023_SOFTWARE/install/custom_interfaces/include/custom_interfaces/custom_interfaces/msg/walk.hpp
[11.092s] -- Up-to-date symlink: /home/robo/RoboFEI-HT_2023_SOFTWARE/install/custom_interfaces/include/custom_interfaces/custom_interfaces/srv/detail/get_position__builder.hpp
[11.093s] -- Up-to-date symlink: /home/robo/RoboFEI-HT_2023_SOFTWARE/install/custom_interfaces/include/custom_interfaces/custom_interfaces/srv/detail/get_position__struct.hpp
[11.093s] -- Up-to-date symlink: /home/robo/RoboFEI-HT_2023_SOFTWARE/install/custom_interfaces/include/custom_interfaces/custom_interfaces/srv/detail/get_position__traits.hpp
[11.093s] -- Up-to-date symlink: /home/robo/RoboFEI-HT_2023_SOFTWARE/install/custom_interfaces/include/custom_interfaces/custom_interfaces/srv/detail/reset__builder.hpp
[11.093s] -- Up-to-date symlink: /home/robo/RoboFEI-HT_2023_SOFTWARE/install/custom_interfaces/include/custom_interfaces/custom_interfaces/srv/detail/reset__struct.hpp
[11.093s] -- Up-to-date symlink: /home/robo/RoboFEI-HT_2023_SOFTWARE/install/custom_interfaces/include/custom_interfaces/custom_interfaces/srv/detail/reset__traits.hpp
[11.093s] -- Up-to-date symlink: /home/robo/RoboFEI-HT_2023_SOFTWARE/install/custom_interfaces/include/custom_interfaces/custom_interfaces/srv/get_position.hpp
[11.093s] -- Up-to-date symlink: /home/robo/RoboFEI-HT_2023_SOFTWARE/install/custom_interfaces/include/custom_interfaces/custom_interfaces/srv/reset.hpp
[11.094s] -- Up-to-date symlink: /home/robo/RoboFEI-HT_2023_SOFTWARE/install/custom_interfaces/include/custom_interfaces/custom_interfaces/action/detail/control__rosidl_typesupport_fastrtps_cpp.hpp
[11.094s] -- Up-to-date symlink: /home/robo/RoboFEI-HT_2023_SOFTWARE/install/custom_interfaces/include/custom_interfaces/custom_interfaces/msg/detail/decision__rosidl_typesupport_fastrtps_cpp.hpp
[11.094s] -- Up-to-date symlink: /home/robo/RoboFEI-HT_2023_SOFTWARE/install/custom_interfaces/include/custom_interfaces/custom_interfaces/msg/detail/humanoid_league_msgs__rosidl_typesupport_fastrtps_cpp.hpp
[11.094s] -- Up-to-date symlink: /home/robo/RoboFEI-HT_2023_SOFTWARE/install/custom_interfaces/include/custom_interfaces/custom_interfaces/msg/detail/joint_state__rosidl_typesupport_fastrtps_cpp.hpp
[11.094s] -- Up-to-date symlink: /home/robo/RoboFEI-HT_2023_SOFTWARE/install/custom_interfaces/include/custom_interfaces/custom_interfaces/msg/detail/localization__rosidl_typesupport_fastrtps_cpp.hpp
[11.094s] -- Up-to-date symlink: /home/robo/RoboFEI-HT_2023_SOFTWARE/install/custom_interfaces/include/custom_interfaces/custom_interfaces/msg/detail/neck_position__rosidl_typesupport_fastrtps_cpp.hpp
[11.095s] -- Up-to-date symlink: /home/robo/RoboFEI-HT_2023_SOFTWARE/install/custom_interfaces/include/custom_interfaces/custom_interfaces/msg/detail/robot_state__rosidl_typesupport_fastrtps_cpp.hpp
[11.095s] -- Up-to-date symlink: /home/robo/RoboFEI-HT_2023_SOFTWARE/install/custom_interfaces/include/custom_interfaces/custom_interfaces/msg/detail/set_position__rosidl_typesupport_fastrtps_cpp.hpp
[11.095s] -- Up-to-date symlink: /home/robo/RoboFEI-HT_2023_SOFTWARE/install/custom_interfaces/include/custom_interfaces/custom_interfaces/msg/detail/set_position_original__rosidl_typesupport_fastrtps_cpp.hpp
[11.095s] -- Up-to-date symlink: /home/robo/RoboFEI-HT_2023_SOFTWARE/install/custom_interfaces/include/custom_interfaces/custom_interfaces/msg/detail/vision__rosidl_typesupport_fastrtps_cpp.hpp
[11.095s] -- Up-to-date symlink: /home/robo/RoboFEI-HT_2023_SOFTWARE/install/custom_interfaces/include/custom_interfaces/custom_interfaces/msg/detail/vision_robot__rosidl_typesupport_fastrtps_cpp.hpp
[11.095s] -- Up-to-date symlink: /home/robo/RoboFEI-HT_2023_SOFTWARE/install/custom_interfaces/include/custom_interfaces/custom_interfaces/msg/detail/walk__rosidl_typesupport_fastrtps_cpp.hpp
[11.095s] -- Up-to-date symlink: /home/robo/RoboFEI-HT_2023_SOFTWARE/install/custom_interfaces/include/custom_interfaces/custom_interfaces/msg/rosidl_typesupport_fastrtps_cpp__visibility_control.h
[11.096s] -- Up-to-date symlink: /home/robo/RoboFEI-HT_2023_SOFTWARE/install/custom_interfaces/include/custom_interfaces/custom_interfaces/srv/detail/get_position__rosidl_typesupport_fastrtps_cpp.hpp
[11.096s] -- Up-to-date symlink: /home/robo/RoboFEI-HT_2023_SOFTWARE/install/custom_interfaces/include/custom_interfaces/custom_interfaces/srv/detail/reset__rosidl_typesupport_fastrtps_cpp.hpp
[11.096s] -- Up-to-date symlink: /home/robo/RoboFEI-HT_2023_SOFTWARE/install/custom_interfaces/include/custom_interfaces/custom_interfaces/action/detail/control__rosidl_typesupport_introspection_c.h
[11.096s] -- Up-to-date symlink: /home/robo/RoboFEI-HT_2023_SOFTWARE/install/custom_interfaces/include/custom_interfaces/custom_interfaces/msg/detail/decision__rosidl_typesupport_introspection_c.h
[11.097s] -- Up-to-date symlink: /home/robo/RoboFEI-HT_2023_SOFTWARE/install/custom_interfaces/include/custom_interfaces/custom_interfaces/msg/detail/humanoid_league_msgs__rosidl_typesupport_introspection_c.h
[11.097s] -- Up-to-date symlink: /home/robo/RoboFEI-HT_2023_SOFTWARE/install/custom_interfaces/include/custom_interfaces/custom_interfaces/msg/detail/joint_state__rosidl_typesupport_introspection_c.h
[11.097s] -- Up-to-date symlink: /home/robo/RoboFEI-HT_2023_SOFTWARE/install/custom_interfaces/include/custom_interfaces/custom_interfaces/msg/detail/localization__rosidl_typesupport_introspection_c.h
[11.097s] -- Up-to-date symlink: /home/robo/RoboFEI-HT_2023_SOFTWARE/install/custom_interfaces/include/custom_interfaces/custom_interfaces/msg/detail/neck_position__rosidl_typesupport_introspection_c.h
[11.097s] -- Up-to-date symlink: /home/robo/RoboFEI-HT_2023_SOFTWARE/install/custom_interfaces/include/custom_interfaces/custom_interfaces/msg/detail/robot_state__rosidl_typesupport_introspection_c.h
[11.097s] -- Up-to-date symlink: /home/robo/RoboFEI-HT_2023_SOFTWARE/install/custom_interfaces/include/custom_interfaces/custom_interfaces/msg/detail/set_position__rosidl_typesupport_introspection_c.h
[11.097s] -- Up-to-date symlink: /home/robo/RoboFEI-HT_2023_SOFTWARE/install/custom_interfaces/include/custom_interfaces/custom_interfaces/msg/detail/set_position_original__rosidl_typesupport_introspection_c.h
[11.097s] -- Up-to-date symlink: /home/robo/RoboFEI-HT_2023_SOFTWARE/install/custom_interfaces/include/custom_interfaces/custom_interfaces/msg/detail/vision__rosidl_typesupport_introspection_c.h
[11.097s] -- Up-to-date symlink: /home/robo/RoboFEI-HT_2023_SOFTWARE/install/custom_interfaces/include/custom_interfaces/custom_interfaces/msg/detail/vision_robot__rosidl_typesupport_introspection_c.h
[11.097s] -- Up-to-date symlink: /home/robo/RoboFEI-HT_2023_SOFTWARE/install/custom_interfaces/include/custom_interfaces/custom_interfaces/msg/detail/walk__rosidl_typesupport_introspection_c.h
[11.097s] -- Up-to-date symlink: /home/robo/RoboFEI-HT_2023_SOFTWARE/install/custom_interfaces/include/custom_interfaces/custom_interfaces/msg/rosidl_typesupport_introspection_c__visibility_control.h
[11.097s] -- Up-to-date symlink: /home/robo/RoboFEI-HT_2023_SOFTWARE/install/custom_interfaces/include/custom_interfaces/custom_interfaces/srv/detail/get_position__rosidl_typesupport_introspection_c.h
[11.098s] -- Up-to-date symlink: /home/robo/RoboFEI-HT_2023_SOFTWARE/install/custom_interfaces/include/custom_interfaces/custom_interfaces/srv/detail/reset__rosidl_typesupport_introspection_c.h
[11.098s] -- Up-to-date symlink: /home/robo/RoboFEI-HT_2023_SOFTWARE/install/custom_interfaces/include/custom_interfaces/custom_interfaces/action/detail/control__rosidl_typesupport_introspection_cpp.hpp
[11.098s] -- Up-to-date symlink: /home/robo/RoboFEI-HT_2023_SOFTWARE/install/custom_interfaces/include/custom_interfaces/custom_interfaces/msg/detail/decision__rosidl_typesupport_introspection_cpp.hpp
[11.098s] -- Up-to-date symlink: /home/robo/RoboFEI-HT_2023_SOFTWARE/install/custom_interfaces/include/custom_interfaces/custom_interfaces/msg/detail/humanoid_league_msgs__rosidl_typesupport_introspection_cpp.hpp
[11.098s] -- Up-to-date symlink: /home/robo/RoboFEI-HT_2023_SOFTWARE/install/custom_interfaces/include/custom_interfaces/custom_interfaces/msg/detail/joint_state__rosidl_typesupport_introspection_cpp.hpp
[11.098s] -- Up-to-date symlink: /home/robo/RoboFEI-HT_2023_SOFTWARE/install/custom_interfaces/include/custom_interfaces/custom_interfaces/msg/detail/localization__rosidl_typesupport_introspection_cpp.hpp
[11.098s] -- Up-to-date symlink: /home/robo/RoboFEI-HT_2023_SOFTWARE/install/custom_interfaces/include/custom_interfaces/custom_interfaces/msg/detail/neck_position__rosidl_typesupport_introspection_cpp.hpp
[11.098s] -- Up-to-date symlink: /home/robo/RoboFEI-HT_2023_SOFTWARE/install/custom_interfaces/include/custom_interfaces/custom_interfaces/msg/detail/robot_state__rosidl_typesupport_introspection_cpp.hpp
[11.098s] -- Up-to-date symlink: /home/robo/RoboFEI-HT_2023_SOFTWARE/install/custom_interfaces/include/custom_interfaces/custom_interfaces/msg/detail/set_position__rosidl_typesupport_introspection_cpp.hpp
[11.099s] -- Up-to-date symlink: /home/robo/RoboFEI-HT_2023_SOFTWARE/install/custom_interfaces/include/custom_interfaces/custom_interfaces/msg/detail/set_position_original__rosidl_typesupport_introspection_cpp.hpp
[11.099s] -- Up-to-date symlink: /home/robo/RoboFEI-HT_2023_SOFTWARE/install/custom_interfaces/include/custom_interfaces/custom_interfaces/msg/detail/vision__rosidl_typesupport_introspection_cpp.hpp
[11.099s] -- Up-to-date symlink: /home/robo/RoboFEI-HT_2023_SOFTWARE/install/custom_interfaces/include/custom_interfaces/custom_interfaces/msg/detail/vision_robot__rosidl_typesupport_introspection_cpp.hpp
[11.099s] -- Up-to-date symlink: /home/robo/RoboFEI-HT_2023_SOFTWARE/install/custom_interfaces/include/custom_interfaces/custom_interfaces/msg/detail/walk__rosidl_typesupport_introspection_cpp.hpp
[11.099s] -- Up-to-date symlink: /home/robo/RoboFEI-HT_2023_SOFTWARE/install/custom_interfaces/include/custom_interfaces/custom_interfaces/srv/detail/get_position__rosidl_typesupport_introspection_cpp.hpp
[11.099s] -- Up-to-date symlink: /home/robo/RoboFEI-HT_2023_SOFTWARE/install/custom_interfaces/include/custom_interfaces/custom_interfaces/srv/detail/reset__rosidl_typesupport_introspection_cpp.hpp
[11.099s] -- Up-to-date symlink: /home/robo/RoboFEI-HT_2023_SOFTWARE/install/custom_interfaces/share/custom_interfaces/environment/pythonpath.sh
[11.099s] -- Up-to-date symlink: /home/robo/RoboFEI-HT_2023_SOFTWARE/install/custom_interfaces/share/custom_interfaces/environment/pythonpath.dsv
[11.099s] -- Up-to-date symlink: /home/robo/RoboFEI-HT_2023_SOFTWARE/install/custom_interfaces/local/lib/python3.10/dist-packages/custom_interfaces-3.7.40-py3.10.egg-info/PKG-INFO
[11.099s] -- Up-to-date symlink: /home/robo/RoboFEI-HT_2023_SOFTWARE/install/custom_interfaces/local/lib/python3.10/dist-packages/custom_interfaces-3.7.40-py3.10.egg-info/SOURCES.txt
[11.099s] -- Up-to-date symlink: /home/robo/RoboFEI-HT_2023_SOFTWARE/install/custom_interfaces/local/lib/python3.10/dist-packages/custom_interfaces-3.7.40-py3.10.egg-info/dependency_links.txt
[11.100s] -- Up-to-date symlink: /home/robo/RoboFEI-HT_2023_SOFTWARE/install/custom_interfaces/local/lib/python3.10/dist-packages/custom_interfaces-3.7.40-py3.10.egg-info/top_level.txt
[11.100s] -- Up-to-date symlink: /home/robo/RoboFEI-HT_2023_SOFTWARE/install/custom_interfaces/local/lib/python3.10/dist-packages/custom_interfaces/__init__.py
[11.100s] -- Up-to-date symlink: /home/robo/RoboFEI-HT_2023_SOFTWARE/install/custom_interfaces/local/lib/python3.10/dist-packages/custom_interfaces/_custom_interfaces_s.ep.rosidl_typesupport_c.c
[11.100s] -- Up-to-date symlink: /home/robo/RoboFEI-HT_2023_SOFTWARE/install/custom_interfaces/local/lib/python3.10/dist-packages/custom_interfaces/_custom_interfaces_s.ep.rosidl_typesupport_fastrtps_c.c
[11.100s] -- Up-to-date symlink: /home/robo/RoboFEI-HT_2023_SOFTWARE/install/custom_interfaces/local/lib/python3.10/dist-packages/custom_interfaces/_custom_interfaces_s.ep.rosidl_typesupport_introspection_c.c
[11.100s] -- Up-to-date symlink: /home/robo/RoboFEI-HT_2023_SOFTWARE/install/custom_interfaces/local/lib/python3.10/dist-packages/custom_interfaces/action/__init__.py
[11.100s] -- Up-to-date symlink: /home/robo/RoboFEI-HT_2023_SOFTWARE/install/custom_interfaces/local/lib/python3.10/dist-packages/custom_interfaces/action/_control.py
[11.101s] -- Up-to-date symlink: /home/robo/RoboFEI-HT_2023_SOFTWARE/install/custom_interfaces/local/lib/python3.10/dist-packages/custom_interfaces/action/_control_s.c
[11.101s] -- Up-to-date symlink: /home/robo/RoboFEI-HT_2023_SOFTWARE/install/custom_interfaces/local/lib/python3.10/dist-packages/custom_interfaces/custom_interfaces_s__rosidl_typesupport_c.cpython-310-x86_64-linux-gnu.so
[11.101s] -- Up-to-date symlink: /home/robo/RoboFEI-HT_2023_SOFTWARE/install/custom_interfaces/local/lib/python3.10/dist-packages/custom_interfaces/custom_interfaces_s__rosidl_typesupport_fastrtps_c.cpython-310-x86_64-linux-gnu.so
[11.101s] -- Up-to-date symlink: /home/robo/RoboFEI-HT_2023_SOFTWARE/install/custom_interfaces/local/lib/python3.10/dist-packages/custom_interfaces/custom_interfaces_s__rosidl_typesupport_introspection_c.cpython-310-x86_64-linux-gnu.so
[11.101s] -- Up-to-date symlink: /home/robo/RoboFEI-HT_2023_SOFTWARE/install/custom_interfaces/local/lib/python3.10/dist-packages/custom_interfaces/libcustom_interfaces__rosidl_generator_py.so
[11.101s] -- Up-to-date symlink: /home/robo/RoboFEI-HT_2023_SOFTWARE/install/custom_interfaces/local/lib/python3.10/dist-packages/custom_interfaces/msg/__init__.py
[11.101s] -- Up-to-date symlink: /home/robo/RoboFEI-HT_2023_SOFTWARE/install/custom_interfaces/local/lib/python3.10/dist-packages/custom_interfaces/msg/_decision.py
[11.101s] -- Up-to-date symlink: /home/robo/RoboFEI-HT_2023_SOFTWARE/install/custom_interfaces/local/lib/python3.10/dist-packages/custom_interfaces/msg/_decision_s.c
[11.101s] -- Up-to-date symlink: /home/robo/RoboFEI-HT_2023_SOFTWARE/install/custom_interfaces/local/lib/python3.10/dist-packages/custom_interfaces/msg/_humanoid_league_msgs.py
[11.101s] -- Up-to-date symlink: /home/robo/RoboFEI-HT_2023_SOFTWARE/install/custom_interfaces/local/lib/python3.10/dist-packages/custom_interfaces/msg/_humanoid_league_msgs_s.c
[11.101s] -- Up-to-date symlink: /home/robo/RoboFEI-HT_2023_SOFTWARE/install/custom_interfaces/local/lib/python3.10/dist-packages/custom_interfaces/msg/_joint_state.py
[11.101s] -- Up-to-date symlink: /home/robo/RoboFEI-HT_2023_SOFTWARE/install/custom_interfaces/local/lib/python3.10/dist-packages/custom_interfaces/msg/_joint_state_s.c
[11.101s] -- Up-to-date symlink: /home/robo/RoboFEI-HT_2023_SOFTWARE/install/custom_interfaces/local/lib/python3.10/dist-packages/custom_interfaces/msg/_localization.py
[11.101s] -- Up-to-date symlink: /home/robo/RoboFEI-HT_2023_SOFTWARE/install/custom_interfaces/local/lib/python3.10/dist-packages/custom_interfaces/msg/_localization_s.c
[11.101s] -- Up-to-date symlink: /home/robo/RoboFEI-HT_2023_SOFTWARE/install/custom_interfaces/local/lib/python3.10/dist-packages/custom_interfaces/msg/_neck_position.py
[11.101s] -- Up-to-date symlink: /home/robo/RoboFEI-HT_2023_SOFTWARE/install/custom_interfaces/local/lib/python3.10/dist-packages/custom_interfaces/msg/_neck_position_s.c
[11.101s] -- Up-to-date symlink: /home/robo/RoboFEI-HT_2023_SOFTWARE/install/custom_interfaces/local/lib/python3.10/dist-packages/custom_interfaces/msg/_robot_state.py
[11.102s] -- Up-to-date symlink: /home/robo/RoboFEI-HT_2023_SOFTWARE/install/custom_interfaces/local/lib/python3.10/dist-packages/custom_interfaces/msg/_robot_state_s.c
[11.102s] -- Up-to-date symlink: /home/robo/RoboFEI-HT_2023_SOFTWARE/install/custom_interfaces/local/lib/python3.10/dist-packages/custom_interfaces/msg/_set_position.py
[11.102s] -- Up-to-date symlink: /home/robo/RoboFEI-HT_2023_SOFTWARE/install/custom_interfaces/local/lib/python3.10/dist-packages/custom_interfaces/msg/_set_position_original.py
[11.102s] -- Up-to-date symlink: /home/robo/RoboFEI-HT_2023_SOFTWARE/install/custom_interfaces/local/lib/python3.10/dist-packages/custom_interfaces/msg/_set_position_original_s.c
[11.102s] -- Up-to-date symlink: /home/robo/RoboFEI-HT_2023_SOFTWARE/install/custom_interfaces/local/lib/python3.10/dist-packages/custom_interfaces/msg/_set_position_s.c
[11.102s] -- Up-to-date symlink: /home/robo/RoboFEI-HT_2023_SOFTWARE/install/custom_interfaces/local/lib/python3.10/dist-packages/custom_interfaces/msg/_vision.py
[11.102s] -- Up-to-date symlink: /home/robo/RoboFEI-HT_2023_SOFTWARE/install/custom_interfaces/local/lib/python3.10/dist-packages/custom_interfaces/msg/_vision_robot.py
[11.102s] -- Up-to-date symlink: /home/robo/RoboFEI-HT_2023_SOFTWARE/install/custom_interfaces/local/lib/python3.10/dist-packages/custom_interfaces/msg/_vision_robot_s.c
[11.102s] -- Up-to-date symlink: /home/robo/RoboFEI-HT_2023_SOFTWARE/install/custom_interfaces/local/lib/python3.10/dist-packages/custom_interfaces/msg/_vision_s.c
[11.102s] -- Up-to-date symlink: /home/robo/RoboFEI-HT_2023_SOFTWARE/install/custom_interfaces/local/lib/python3.10/dist-packages/custom_interfaces/msg/_walk.py
[11.103s] -- Up-to-date symlink: /home/robo/RoboFEI-HT_2023_SOFTWARE/install/custom_interfaces/local/lib/python3.10/dist-packages/custom_interfaces/msg/_walk_s.c
[11.103s] -- Up-to-date symlink: /home/robo/RoboFEI-HT_2023_SOFTWARE/install/custom_interfaces/local/lib/python3.10/dist-packages/custom_interfaces/srv/__init__.py
[11.103s] -- Up-to-date symlink: /home/robo/RoboFEI-HT_2023_SOFTWARE/install/custom_interfaces/local/lib/python3.10/dist-packages/custom_interfaces/srv/_get_position.py
[11.103s] -- Up-to-date symlink: /home/robo/RoboFEI-HT_2023_SOFTWARE/install/custom_interfaces/local/lib/python3.10/dist-packages/custom_interfaces/srv/_get_position_s.c
[11.103s] -- Up-to-date symlink: /home/robo/RoboFEI-HT_2023_SOFTWARE/install/custom_interfaces/local/lib/python3.10/dist-packages/custom_interfaces/srv/_reset.py
[11.103s] -- Up-to-date symlink: /home/robo/RoboFEI-HT_2023_SOFTWARE/install/custom_interfaces/local/lib/python3.10/dist-packages/custom_interfaces/srv/_reset_s.c
[11.103s] -- Up-to-date symlink: /home/robo/RoboFEI-HT_2023_SOFTWARE/install/custom_interfaces/local/lib/python3.10/dist-packages/custom_interfaces/custom_interfaces_s__rosidl_typesupport_fastrtps_c.cpython-310-x86_64-linux-gnu.so
[11.104s] -- Up-to-date symlink: /home/robo/RoboFEI-HT_2023_SOFTWARE/install/custom_interfaces/local/lib/python3.10/dist-packages/custom_interfaces/custom_interfaces_s__rosidl_typesupport_introspection_c.cpython-310-x86_64-linux-gnu.so
[11.104s] -- Up-to-date symlink: /home/robo/RoboFEI-HT_2023_SOFTWARE/install/custom_interfaces/local/lib/python3.10/dist-packages/custom_interfaces/custom_interfaces_s__rosidl_typesupport_c.cpython-310-x86_64-linux-gnu.so
[11.104s] -- Up-to-date symlink: /home/robo/RoboFEI-HT_2023_SOFTWARE/install/custom_interfaces/share/custom_interfaces/msg/SetPosition.idl
[11.104s] -- Up-to-date symlink: /home/robo/RoboFEI-HT_2023_SOFTWARE/install/custom_interfaces/share/custom_interfaces/msg/Vision.idl
[11.104s] -- Up-to-date symlink: /home/robo/RoboFEI-HT_2023_SOFTWARE/install/custom_interfaces/share/custom_interfaces/msg/VisionRobot.idl
[11.105s] -- Up-to-date symlink: /home/robo/RoboFEI-HT_2023_SOFTWARE/install/custom_interfaces/share/custom_interfaces/msg/HumanoidLeagueMsgs.idl
[11.105s] -- Up-to-date symlink: /home/robo/RoboFEI-HT_2023_SOFTWARE/install/custom_interfaces/share/custom_interfaces/msg/Localization.idl
[11.105s] -- Up-to-date symlink: /home/robo/RoboFEI-HT_2023_SOFTWARE/install/custom_interfaces/share/custom_interfaces/msg/SetPositionOriginal.idl
[11.105s] -- Up-to-date symlink: /home/robo/RoboFEI-HT_2023_SOFTWARE/install/custom_interfaces/share/custom_interfaces/msg/Decision.idl
[11.105s] -- Up-to-date symlink: /home/robo/RoboFEI-HT_2023_SOFTWARE/install/custom_interfaces/share/custom_interfaces/msg/Walk.idl
[11.105s] -- Up-to-date symlink: /home/robo/RoboFEI-HT_2023_SOFTWARE/install/custom_interfaces/share/custom_interfaces/msg/NeckPosition.idl
[11.105s] -- Up-to-date symlink: /home/robo/RoboFEI-HT_2023_SOFTWARE/install/custom_interfaces/share/custom_interfaces/msg/JointState.idl
[11.105s] -- Up-to-date symlink: /home/robo/RoboFEI-HT_2023_SOFTWARE/install/custom_interfaces/share/custom_interfaces/msg/RobotState.idl
[11.105s] -- Up-to-date symlink: /home/robo/RoboFEI-HT_2023_SOFTWARE/install/custom_interfaces/share/custom_interfaces/srv/GetPosition.idl
[11.106s] -- Up-to-date symlink: /home/robo/RoboFEI-HT_2023_SOFTWARE/install/custom_interfaces/share/custom_interfaces/srv/Reset.idl
[11.106s] -- Up-to-date symlink: /home/robo/RoboFEI-HT_2023_SOFTWARE/install/custom_interfaces/share/custom_interfaces/action/Control.idl
[11.106s] -- Up-to-date symlink: /home/robo/RoboFEI-HT_2023_SOFTWARE/install/custom_interfaces/share/custom_interfaces/msg/SetPosition.msg
[11.106s] -- Up-to-date symlink: /home/robo/RoboFEI-HT_2023_SOFTWARE/install/custom_interfaces/share/custom_interfaces/msg/Vision.msg
[11.106s] -- Up-to-date symlink: /home/robo/RoboFEI-HT_2023_SOFTWARE/install/custom_interfaces/share/custom_interfaces/msg/VisionRobot.msg
[11.106s] -- Up-to-date symlink: /home/robo/RoboFEI-HT_2023_SOFTWARE/install/custom_interfaces/share/custom_interfaces/msg/HumanoidLeagueMsgs.msg
[11.106s] -- Up-to-date symlink: /home/robo/RoboFEI-HT_2023_SOFTWARE/install/custom_interfaces/share/custom_interfaces/msg/Localization.msg
[11.106s] -- Up-to-date symlink: /home/robo/RoboFEI-HT_2023_SOFTWARE/install/custom_interfaces/share/custom_interfaces/msg/SetPositionOriginal.msg
[11.106s] -- Up-to-date symlink: /home/robo/RoboFEI-HT_2023_SOFTWARE/install/custom_interfaces/share/custom_interfaces/msg/Decision.msg
[11.106s] -- Up-to-date symlink: /home/robo/RoboFEI-HT_2023_SOFTWARE/install/custom_interfaces/share/custom_interfaces/msg/Walk.msg
[11.107s] -- Up-to-date symlink: /home/robo/RoboFEI-HT_2023_SOFTWARE/install/custom_interfaces/share/custom_interfaces/msg/NeckPosition.msg
[11.107s] -- Up-to-date symlink: /home/robo/RoboFEI-HT_2023_SOFTWARE/install/custom_interfaces/share/custom_interfaces/msg/JointState.msg
[11.107s] -- Up-to-date symlink: /home/robo/RoboFEI-HT_2023_SOFTWARE/install/custom_interfaces/share/custom_interfaces/msg/RobotState.msg
[11.107s] -- Up-to-date symlink: /home/robo/RoboFEI-HT_2023_SOFTWARE/install/custom_interfaces/share/custom_interfaces/srv/GetPosition.srv
[11.107s] -- Up-to-date symlink: /home/robo/RoboFEI-HT_2023_SOFTWARE/install/custom_interfaces/share/custom_interfaces/srv/GetPosition_Request.msg
[11.107s] -- Up-to-date symlink: /home/robo/RoboFEI-HT_2023_SOFTWARE/install/custom_interfaces/share/custom_interfaces/srv/GetPosition_Response.msg
[11.107s] -- Up-to-date symlink: /home/robo/RoboFEI-HT_2023_SOFTWARE/install/custom_interfaces/share/custom_interfaces/srv/Reset.srv
[11.107s] -- Up-to-date symlink: /home/robo/RoboFEI-HT_2023_SOFTWARE/install/custom_interfaces/share/custom_interfaces/srv/Reset_Request.msg
[11.107s] -- Up-to-date symlink: /home/robo/RoboFEI-HT_2023_SOFTWARE/install/custom_interfaces/share/custom_interfaces/srv/Reset_Response.msg
[11.107s] -- Up-to-date symlink: /home/robo/RoboFEI-HT_2023_SOFTWARE/install/custom_interfaces/share/custom_interfaces/action/Control.action
[11.107s] -- Up-to-date symlink: /home/robo/RoboFEI-HT_2023_SOFTWARE/install/custom_interfaces/share/ament_index/resource_index/package_run_dependencies/custom_interfaces
[11.108s] -- Up-to-date symlink: /home/robo/RoboFEI-HT_2023_SOFTWARE/install/custom_interfaces/share/ament_index/resource_index/parent_prefix_path/custom_interfaces
[11.108s] -- Up-to-date symlink: /home/robo/RoboFEI-HT_2023_SOFTWARE/install/custom_interfaces/share/custom_interfaces/environment/ament_prefix_path.sh
[11.108s] -- Up-to-date symlink: /home/robo/RoboFEI-HT_2023_SOFTWARE/install/custom_interfaces/share/custom_interfaces/environment/ament_prefix_path.dsv
[11.108s] -- Up-to-date symlink: /home/robo/RoboFEI-HT_2023_SOFTWARE/install/custom_interfaces/share/custom_interfaces/environment/path.sh
[11.108s] -- Up-to-date symlink: /home/robo/RoboFEI-HT_2023_SOFTWARE/install/custom_interfaces/share/custom_interfaces/environment/path.dsv
[11.108s] -- Up-to-date symlink: /home/robo/RoboFEI-HT_2023_SOFTWARE/install/custom_interfaces/share/custom_interfaces/local_setup.bash
[11.108s] -- Up-to-date symlink: /home/robo/RoboFEI-HT_2023_SOFTWARE/install/custom_interfaces/share/custom_interfaces/local_setup.sh
[11.108s] -- Up-to-date symlink: /home/robo/RoboFEI-HT_2023_SOFTWARE/install/custom_interfaces/share/custom_interfaces/local_setup.zsh
[11.108s] -- Up-to-date symlink: /home/robo/RoboFEI-HT_2023_SOFTWARE/install/custom_interfaces/share/custom_interfaces/local_setup.dsv
[11.108s] -- Symlinking: /home/robo/RoboFEI-HT_2023_SOFTWARE/install/custom_interfaces/share/custom_interfaces/package.dsv
[11.115s] -- Up-to-date symlink: /home/robo/RoboFEI-HT_2023_SOFTWARE/install/custom_interfaces/share/ament_index/resource_index/packages/custom_interfaces
[11.115s] -- Up-to-date symlink: /home/robo/RoboFEI-HT_2023_SOFTWARE/install/custom_interfaces/share/custom_interfaces/cmake/rosidl_cmake-extras.cmake
[11.115s] -- Up-to-date symlink: /home/robo/RoboFEI-HT_2023_SOFTWARE/install/custom_interfaces/share/custom_interfaces/cmake/ament_cmake_export_dependencies-extras.cmake
[11.115s] -- Up-to-date symlink: /home/robo/RoboFEI-HT_2023_SOFTWARE/install/custom_interfaces/share/custom_interfaces/cmake/ament_cmake_export_include_directories-extras.cmake
[11.116s] -- Up-to-date symlink: /home/robo/RoboFEI-HT_2023_SOFTWARE/install/custom_interfaces/share/custom_interfaces/cmake/ament_cmake_export_libraries-extras.cmake
[11.116s] -- Up-to-date symlink: /home/robo/RoboFEI-HT_2023_SOFTWARE/install/custom_interfaces/share/custom_interfaces/cmake/ament_cmake_export_targets-extras.cmake
[11.116s] -- Up-to-date symlink: /home/robo/RoboFEI-HT_2023_SOFTWARE/install/custom_interfaces/share/custom_interfaces/cmake/rosidl_cmake_export_typesupport_targets-extras.cmake
[11.116s] -- Up-to-date symlink: /home/robo/RoboFEI-HT_2023_SOFTWARE/install/custom_interfaces/share/custom_interfaces/cmake/rosidl_cmake_export_typesupport_libraries-extras.cmake
[11.116s] -- Up-to-date symlink: /home/robo/RoboFEI-HT_2023_SOFTWARE/install/custom_interfaces/share/custom_interfaces/cmake/custom_interfacesConfig.cmake
[11.116s] -- Up-to-date symlink: /home/robo/RoboFEI-HT_2023_SOFTWARE/install/custom_interfaces/share/custom_interfaces/cmake/custom_interfacesConfig-version.cmake
[11.116s] -- Up-to-date symlink: /home/robo/RoboFEI-HT_2023_SOFTWARE/install/custom_interfaces/share/custom_interfaces/package.xml
[11.116s] -- Installing: /home/robo/RoboFEI-HT_2023_SOFTWARE/install/custom_interfaces/lib/libcustom_interfaces__rosidl_generator_c.so
[11.117s] -- Set runtime path of "/home/robo/RoboFEI-HT_2023_SOFTWARE/install/custom_interfaces/lib/libcustom_interfaces__rosidl_generator_c.so" to ""
[11.117s] -- Installing: /home/robo/RoboFEI-HT_2023_SOFTWARE/install/custom_interfaces/lib/libcustom_interfaces__rosidl_typesupport_fastrtps_c.so
[11.117s] -- Set runtime path of "/home/robo/RoboFEI-HT_2023_SOFTWARE/install/custom_interfaces/lib/libcustom_interfaces__rosidl_typesupport_fastrtps_c.so" to ""
[11.117s] -- Installing: /home/robo/RoboFEI-HT_2023_SOFTWARE/install/custom_interfaces/lib/libcustom_interfaces__rosidl_typesupport_fastrtps_cpp.so
[11.117s] -- Set runtime path of "/home/robo/RoboFEI-HT_2023_SOFTWARE/install/custom_interfaces/lib/libcustom_interfaces__rosidl_typesupport_fastrtps_cpp.so" to ""
[11.117s] -- Installing: /home/robo/RoboFEI-HT_2023_SOFTWARE/install/custom_interfaces/lib/libcustom_interfaces__rosidl_typesupport_introspection_c.so
[11.118s] -- Set runtime path of "/home/robo/RoboFEI-HT_2023_SOFTWARE/install/custom_interfaces/lib/libcustom_interfaces__rosidl_typesupport_introspection_c.so" to ""
[11.118s] -- Installing: /home/robo/RoboFEI-HT_2023_SOFTWARE/install/custom_interfaces/lib/libcustom_interfaces__rosidl_typesupport_c.so
[11.118s] -- Set runtime path of "/home/robo/RoboFEI-HT_2023_SOFTWARE/install/custom_interfaces/lib/libcustom_interfaces__rosidl_typesupport_c.so" to ""
[11.118s] -- Installing: /home/robo/RoboFEI-HT_2023_SOFTWARE/install/custom_interfaces/lib/libcustom_interfaces__rosidl_typesupport_introspection_cpp.so
[11.119s] -- Set runtime path of "/home/robo/RoboFEI-HT_2023_SOFTWARE/install/custom_interfaces/lib/libcustom_interfaces__rosidl_typesupport_introspection_cpp.so" to ""
[11.119s] -- Installing: /home/robo/RoboFEI-HT_2023_SOFTWARE/install/custom_interfaces/lib/libcustom_interfaces__rosidl_typesupport_cpp.so
[11.119s] -- Set runtime path of "/home/robo/RoboFEI-HT_2023_SOFTWARE/install/custom_interfaces/lib/libcustom_interfaces__rosidl_typesupport_cpp.so" to ""
[11.164s] Listing '/home/robo/RoboFEI-HT_2023_SOFTWARE/install/custom_interfaces/local/lib/python3.10/dist-packages/custom_interfaces'...
[11.164s] Compiling '/home/robo/RoboFEI-HT_2023_SOFTWARE/install/custom_interfaces/local/lib/python3.10/dist-packages/custom_interfaces/__init__.py'...
[11.164s] Listing '/home/robo/RoboFEI-HT_2023_SOFTWARE/install/custom_interfaces/local/lib/python3.10/dist-packages/custom_interfaces/action'...
[11.164s] Compiling '/home/robo/RoboFEI-HT_2023_SOFTWARE/install/custom_interfaces/local/lib/python3.10/dist-packages/custom_interfaces/action/__init__.py'...
[11.164s] Compiling '/home/robo/RoboFEI-HT_2023_SOFTWARE/install/custom_interfaces/local/lib/python3.10/dist-packages/custom_interfaces/action/_control.py'...
[11.164s] Listing '/home/robo/RoboFEI-HT_2023_SOFTWARE/install/custom_interfaces/local/lib/python3.10/dist-packages/custom_interfaces/msg'...
[11.164s] Compiling '/home/robo/RoboFEI-HT_2023_SOFTWARE/install/custom_interfaces/local/lib/python3.10/dist-packages/custom_interfaces/msg/__init__.py'...
[11.164s] Compiling '/home/robo/RoboFEI-HT_2023_SOFTWARE/install/custom_interfaces/local/lib/python3.10/dist-packages/custom_interfaces/msg/_decision.py'...
[11.164s] Compiling '/home/robo/RoboFEI-HT_2023_SOFTWARE/install/custom_interfaces/local/lib/python3.10/dist-packages/custom_interfaces/msg/_humanoid_league_msgs.py'...
[11.164s] Compiling '/home/robo/RoboFEI-HT_2023_SOFTWARE/install/custom_interfaces/local/lib/python3.10/dist-packages/custom_interfaces/msg/_joint_state.py'...
[11.164s] Compiling '/home/robo/RoboFEI-HT_2023_SOFTWARE/install/custom_interfaces/local/lib/python3.10/dist-packages/custom_interfaces/msg/_localization.py'...
[11.164s] Compiling '/home/robo/RoboFEI-HT_2023_SOFTWARE/install/custom_interfaces/local/lib/python3.10/dist-packages/custom_interfaces/msg/_neck_position.py'...
[11.164s] Compiling '/home/robo/RoboFEI-HT_2023_SOFTWARE/install/custom_interfaces/local/lib/python3.10/dist-packages/custom_interfaces/msg/_robot_state.py'...
[11.164s] Compiling '/home/robo/RoboFEI-HT_2023_SOFTWARE/install/custom_interfaces/local/lib/python3.10/dist-packages/custom_interfaces/msg/_set_position.py'...
[11.164s] Compiling '/home/robo/RoboFEI-HT_2023_SOFTWARE/install/custom_interfaces/local/lib/python3.10/dist-packages/custom_interfaces/msg/_set_position_original.py'...
[11.164s] Compiling '/home/robo/RoboFEI-HT_2023_SOFTWARE/install/custom_interfaces/local/lib/python3.10/dist-packages/custom_interfaces/msg/_vision.py'...
[11.164s] Compiling '/home/robo/RoboFEI-HT_2023_SOFTWARE/install/custom_interfaces/local/lib/python3.10/dist-packages/custom_interfaces/msg/_vision_robot.py'...
[11.165s] Compiling '/home/robo/RoboFEI-HT_2023_SOFTWARE/install/custom_interfaces/local/lib/python3.10/dist-packages/custom_interfaces/msg/_walk.py'...
[11.165s] Listing '/home/robo/RoboFEI-HT_2023_SOFTWARE/install/custom_interfaces/local/lib/python3.10/dist-packages/custom_interfaces/srv'...
[11.165s] Compiling '/home/robo/RoboFEI-HT_2023_SOFTWARE/install/custom_interfaces/local/lib/python3.10/dist-packages/custom_interfaces/srv/__init__.py'...
[11.165s] Compiling '/home/robo/RoboFEI-HT_2023_SOFTWARE/install/custom_interfaces/local/lib/python3.10/dist-packages/custom_interfaces/srv/_get_position.py'...
[11.165s] Compiling '/home/robo/RoboFEI-HT_2023_SOFTWARE/install/custom_interfaces/local/lib/python3.10/dist-packages/custom_interfaces/srv/_reset.py'...
[11.167s] -- Installing: /home/robo/RoboFEI-HT_2023_SOFTWARE/install/custom_interfaces/lib/libcustom_interfaces__rosidl_generator_py.so
[11.168s] -- Set runtime path of "/home/robo/RoboFEI-HT_2023_SOFTWARE/install/custom_interfaces/lib/libcustom_interfaces__rosidl_generator_py.so" to ""
[11.168s] -- Up-to-date: /home/robo/RoboFEI-HT_2023_SOFTWARE/install/custom_interfaces/share/custom_interfaces/cmake/export_custom_interfaces__rosidl_generator_cExport.cmake
[11.168s] -- Up-to-date: /home/robo/RoboFEI-HT_2023_SOFTWARE/install/custom_interfaces/share/custom_interfaces/cmake/export_custom_interfaces__rosidl_generator_cExport-noconfig.cmake
[11.168s] -- Up-to-date: /home/robo/RoboFEI-HT_2023_SOFTWARE/install/custom_interfaces/share/custom_interfaces/cmake/export_custom_interfaces__rosidl_typesupport_fastrtps_cExport.cmake
[11.168s] -- Up-to-date: /home/robo/RoboFEI-HT_2023_SOFTWARE/install/custom_interfaces/share/custom_interfaces/cmake/export_custom_interfaces__rosidl_typesupport_fastrtps_cExport-noconfig.cmake
[11.168s] -- Up-to-date: /home/robo/RoboFEI-HT_2023_SOFTWARE/install/custom_interfaces/share/custom_interfaces/cmake/export_custom_interfaces__rosidl_generator_cppExport.cmake
[11.168s] -- Up-to-date: /home/robo/RoboFEI-HT_2023_SOFTWARE/install/custom_interfaces/share/custom_interfaces/cmake/export_custom_interfaces__rosidl_typesupport_fastrtps_cppExport.cmake
[11.168s] -- Up-to-date: /home/robo/RoboFEI-HT_2023_SOFTWARE/install/custom_interfaces/share/custom_interfaces/cmake/export_custom_interfaces__rosidl_typesupport_fastrtps_cppExport-noconfig.cmake
[11.168s] -- Up-to-date: /home/robo/RoboFEI-HT_2023_SOFTWARE/install/custom_interfaces/share/custom_interfaces/cmake/custom_interfaces__rosidl_typesupport_introspection_cExport.cmake
[11.168s] -- Up-to-date: /home/robo/RoboFEI-HT_2023_SOFTWARE/install/custom_interfaces/share/custom_interfaces/cmake/custom_interfaces__rosidl_typesupport_introspection_cExport-noconfig.cmake
[11.168s] -- Up-to-date: /home/robo/RoboFEI-HT_2023_SOFTWARE/install/custom_interfaces/share/custom_interfaces/cmake/custom_interfaces__rosidl_typesupport_cExport.cmake
[11.168s] -- Up-to-date: /home/robo/RoboFEI-HT_2023_SOFTWARE/install/custom_interfaces/share/custom_interfaces/cmake/custom_interfaces__rosidl_typesupport_cExport-noconfig.cmake
[11.168s] -- Up-to-date: /home/robo/RoboFEI-HT_2023_SOFTWARE/install/custom_interfaces/share/custom_interfaces/cmake/custom_interfaces__rosidl_typesupport_introspection_cppExport.cmake
[11.168s] -- Up-to-date: /home/robo/RoboFEI-HT_2023_SOFTWARE/install/custom_interfaces/share/custom_interfaces/cmake/custom_interfaces__rosidl_typesupport_introspection_cppExport-noconfig.cmake
[11.168s] -- Up-to-date: /home/robo/RoboFEI-HT_2023_SOFTWARE/install/custom_interfaces/share/custom_interfaces/cmake/custom_interfaces__rosidl_typesupport_cppExport.cmake
[11.169s] -- Up-to-date: /home/robo/RoboFEI-HT_2023_SOFTWARE/install/custom_interfaces/share/custom_interfaces/cmake/custom_interfaces__rosidl_typesupport_cppExport-noconfig.cmake
[11.169s] -- Up-to-date: /home/robo/RoboFEI-HT_2023_SOFTWARE/install/custom_interfaces/share/custom_interfaces/cmake/export_custom_interfaces__rosidl_generator_pyExport.cmake
[11.169s] -- Up-to-date: /home/robo/RoboFEI-HT_2023_SOFTWARE/install/custom_interfaces/share/custom_interfaces/cmake/export_custom_interfaces__rosidl_generator_pyExport-noconfig.cmake
[11.171s] Invoked command in '/home/robo/RoboFEI-HT_2023_SOFTWARE/build/custom_interfaces' returned '0': CMAKE_PREFIX_PATH=${CMAKE_PREFIX_PATH}:/home/robo/RoboFEI-HT_2023_SOFTWARE/install/vision_pkg:/home/robo/RoboFEI-HT_2023_SOFTWARE/install/localization_pkg:/home/robo/RoboFEI-HT_2023_SOFTWARE/install/imu:/home/robo/RoboFEI-HT_2023_SOFTWARE/install/game_controller:/home/robo/RoboFEI-HT_2023_SOFTWARE/install/decision_pkg:/opt/ros/humble /usr/bin/cmake --install /home/robo/RoboFEI-HT_2023_SOFTWARE/build/custom_interfaces
