[0.019s] Invoking command in '/home/robo/RoboFEI-HT_2023_SOFTWARE/build/serial': CMAKE_PREFIX_PATH=/opt/ros/humble /usr/bin/cmake /home/robo/RoboFEI-HT_2023_SOFTWARE/src/um7/serial-ros2 -DAMENT_CMAKE_SYMLINK_INSTALL=1 -DCMAKE_INSTALL_PREFIX=/home/robo/RoboFEI-HT_2023_SOFTWARE/install/serial
[0.607s] -- The C compiler identification is GNU 11.4.0
[0.607s] -- The CXX compiler identification is GNU 11.4.0
[0.607s] -- Detecting C compiler ABI info
[0.607s] -- Detecting C compiler ABI info - done
[0.607s] -- Check for working C compiler: /usr/bin/cc - skipped
[0.607s] -- Detecting C compile features
[0.607s] -- Detecting C compile features - done
[0.607s] -- Detecting CXX compiler ABI info
[0.607s] -- Detecting CXX compiler ABI info - done
[0.607s] -- Check for working CXX compiler: /usr/bin/c++ - skipped
[0.607s] -- Detecting CXX compile features
[0.607s] -- Detecting CXX compile features - done
[0.607s] -- Found ament_cmake: 1.3.9 (/opt/ros/humble/share/ament_cmake/cmake)
[0.607s] -- Found Python3: /usr/bin/python3 (found version "3.10.12") found components: Interpreter 
[0.608s] -- Override CMake install command with custom implementation using symlinks instead of copying resources
[0.608s] -- Configuring done
[0.608s] -- Generating done
[0.608s] -- Build files have been written to: /home/robo/RoboFEI-HT_2023_SOFTWARE/build/serial
[0.783s] Invoked command in '/home/robo/RoboFEI-HT_2023_SOFTWARE/build/serial' returned '0': CMAKE_PREFIX_PATH=/opt/ros/humble /usr/bin/cmake /home/robo/RoboFEI-HT_2023_SOFTWARE/src/um7/serial-ros2 -DAMENT_CMAKE_SYMLINK_INSTALL=1 -DCMAKE_INSTALL_PREFIX=/home/robo/RoboFEI-HT_2023_SOFTWARE/install/serial
[0.783s] Invoking command in '/home/robo/RoboFEI-HT_2023_SOFTWARE/build/serial': CMAKE_PREFIX_PATH=/opt/ros/humble /usr/bin/cmake --build /home/robo/RoboFEI-HT_2023_SOFTWARE/build/serial -- -j8 -l8
[0.829s] [ 75%] [32mBuilding CXX object CMakeFiles/serial.dir/src/impl/unix.cc.o[0m
[0.829s] [ 75%] [32mBuilding CXX object CMakeFiles/serial.dir/src/serial.cc.o[0m
[0.829s] [ 75%] [32mBuilding CXX object CMakeFiles/serial.dir/src/impl/list_ports/list_ports_linux.cc.o[0m
[1.532s] [100%] [32m[1mLinking CXX static library libserial.a[0m
[1.569s] [100%] Built target serial
[1.578s] Invoked command in '/home/robo/RoboFEI-HT_2023_SOFTWARE/build/serial' returned '0': CMAKE_PREFIX_PATH=/opt/ros/humble /usr/bin/cmake --build /home/robo/RoboFEI-HT_2023_SOFTWARE/build/serial -- -j8 -l8
[1.613s] Invoking command in '/home/robo/RoboFEI-HT_2023_SOFTWARE/build/serial': CMAKE_PREFIX_PATH=/opt/ros/humble /usr/bin/cmake --install /home/robo/RoboFEI-HT_2023_SOFTWARE/build/serial
[1.619s] -- Install configuration: ""
[1.619s] -- Execute custom install script
[1.619s] -- Symlinking: /home/robo/RoboFEI-HT_2023_SOFTWARE/install/serial/share/serial/environment/library_path.sh
[1.629s] -- Symlinking: /home/robo/RoboFEI-HT_2023_SOFTWARE/install/serial/share/serial/environment/library_path.dsv
[1.639s] -- Symlinking: /home/robo/RoboFEI-HT_2023_SOFTWARE/install/serial/lib/libserial.a
[1.649s] -- Symlinking: /home/robo/RoboFEI-HT_2023_SOFTWARE/install/serial/include/serial/serial.h
[1.655s] -- Symlinking: /home/robo/RoboFEI-HT_2023_SOFTWARE/install/serial/include/serial/v8stdint.h
[1.662s] -- Symlinking: /home/robo/RoboFEI-HT_2023_SOFTWARE/install/serial/share/ament_index/resource_index/package_run_dependencies/serial
[1.670s] -- Symlinking: /home/robo/RoboFEI-HT_2023_SOFTWARE/install/serial/share/ament_index/resource_index/parent_prefix_path/serial
[1.679s] -- Symlinking: /home/robo/RoboFEI-HT_2023_SOFTWARE/install/serial/share/serial/environment/ament_prefix_path.sh
[1.689s] -- Symlinking: /home/robo/RoboFEI-HT_2023_SOFTWARE/install/serial/share/serial/environment/ament_prefix_path.dsv
[1.699s] -- Symlinking: /home/robo/RoboFEI-HT_2023_SOFTWARE/install/serial/share/serial/environment/path.sh
[1.708s] -- Symlinking: /home/robo/RoboFEI-HT_2023_SOFTWARE/install/serial/share/serial/environment/path.dsv
[1.715s] -- Symlinking: /home/robo/RoboFEI-HT_2023_SOFTWARE/install/serial/share/serial/local_setup.bash
[1.723s] -- Symlinking: /home/robo/RoboFEI-HT_2023_SOFTWARE/install/serial/share/serial/local_setup.sh
[1.731s] -- Symlinking: /home/robo/RoboFEI-HT_2023_SOFTWARE/install/serial/share/serial/local_setup.zsh
[1.739s] -- Symlinking: /home/robo/RoboFEI-HT_2023_SOFTWARE/install/serial/share/serial/local_setup.dsv
[1.746s] -- Symlinking: /home/robo/RoboFEI-HT_2023_SOFTWARE/install/serial/share/serial/package.dsv
[1.753s] -- Symlinking: /home/robo/RoboFEI-HT_2023_SOFTWARE/install/serial/share/ament_index/resource_index/packages/serial
[1.761s] -- Symlinking: /home/robo/RoboFEI-HT_2023_SOFTWARE/install/serial/share/serial/cmake/ament_cmake_export_include_directories-extras.cmake
[1.768s] -- Symlinking: /home/robo/RoboFEI-HT_2023_SOFTWARE/install/serial/share/serial/cmake/ament_cmake_export_libraries-extras.cmake
[1.774s] -- Symlinking: /home/robo/RoboFEI-HT_2023_SOFTWARE/install/serial/share/serial/cmake/serialConfig.cmake
[1.781s] -- Symlinking: /home/robo/RoboFEI-HT_2023_SOFTWARE/install/serial/share/serial/cmake/serialConfig-version.cmake
[1.788s] -- Symlinking: /home/robo/RoboFEI-HT_2023_SOFTWARE/install/serial/share/serial/package.xml
[1.797s] Invoked command in '/home/robo/RoboFEI-HT_2023_SOFTWARE/build/serial' returned '0': CMAKE_PREFIX_PATH=/opt/ros/humble /usr/bin/cmake --install /home/robo/RoboFEI-HT_2023_SOFTWARE/build/serial
