[0.029s] Invoking command in '/home/robo/RoboFEI-HT_2023_SOFTWARE/build/serial': CMAKE_PREFIX_PATH=/opt/ros/humble /usr/bin/cmake --build /home/robo/RoboFEI-HT_2023_SOFTWARE/build/serial -- -j8 -l8
[0.791s] [100%] Built target serial
[1.013s] Invoked command in '/home/robo/RoboFEI-HT_2023_SOFTWARE/build/serial' returned '0': CMAKE_PREFIX_PATH=/opt/ros/humble /usr/bin/cmake --build /home/robo/RoboFEI-HT_2023_SOFTWARE/build/serial -- -j8 -l8
[1.071s] Invoking command in '/home/robo/RoboFEI-HT_2023_SOFTWARE/build/serial': CMAKE_PREFIX_PATH=/opt/ros/humble /usr/bin/cmake --install /home/robo/RoboFEI-HT_2023_SOFTWARE/build/serial
[1.079s] -- Install configuration: ""
[1.081s] -- Execute custom install script
[1.082s] -- Up-to-date symlink: /home/robo/RoboFEI-HT_2023_SOFTWARE/install/serial/share/serial/environment/library_path.sh
[1.082s] -- Up-to-date symlink: /home/robo/RoboFEI-HT_2023_SOFTWARE/install/serial/share/serial/environment/library_path.dsv
[1.086s] -- Up-to-date symlink: /home/robo/RoboFEI-HT_2023_SOFTWARE/install/serial/lib/libserial.a
[1.086s] -- Up-to-date symlink: /home/robo/RoboFEI-HT_2023_SOFTWARE/install/serial/include/serial/serial.h
[1.086s] -- Up-to-date symlink: /home/robo/RoboFEI-HT_2023_SOFTWARE/install/serial/include/serial/v8stdint.h
[1.086s] -- Up-to-date symlink: /home/robo/RoboFEI-HT_2023_SOFTWARE/install/serial/share/ament_index/resource_index/package_run_dependencies/serial
[1.086s] -- Up-to-date symlink: /home/robo/RoboFEI-HT_2023_SOFTWARE/install/serial/share/ament_index/resource_index/parent_prefix_path/serial
[1.086s] -- Up-to-date symlink: /home/robo/RoboFEI-HT_2023_SOFTWARE/install/serial/share/serial/environment/ament_prefix_path.sh
[1.086s] -- Up-to-date symlink: /home/robo/RoboFEI-HT_2023_SOFTWARE/install/serial/share/serial/environment/ament_prefix_path.dsv
[1.086s] -- Up-to-date symlink: /home/robo/RoboFEI-HT_2023_SOFTWARE/install/serial/share/serial/environment/path.sh
[1.086s] -- Up-to-date symlink: /home/robo/RoboFEI-HT_2023_SOFTWARE/install/serial/share/serial/environment/path.dsv
[1.088s] -- Up-to-date symlink: /home/robo/RoboFEI-HT_2023_SOFTWARE/install/serial/share/serial/local_setup.bash
[1.089s] -- Up-to-date symlink: /home/robo/RoboFEI-HT_2023_SOFTWARE/install/serial/share/serial/local_setup.sh
[1.089s] -- Up-to-date symlink: /home/robo/RoboFEI-HT_2023_SOFTWARE/install/serial/share/serial/local_setup.zsh
[1.089s] -- Up-to-date symlink: /home/robo/RoboFEI-HT_2023_SOFTWARE/install/serial/share/serial/local_setup.dsv
[1.090s] -- Symlinking: /home/robo/RoboFEI-HT_2023_SOFTWARE/install/serial/share/serial/package.dsv
[1.105s] -- Up-to-date symlink: /home/robo/RoboFEI-HT_2023_SOFTWARE/install/serial/share/ament_index/resource_index/packages/serial
[1.105s] -- Up-to-date symlink: /home/robo/RoboFEI-HT_2023_SOFTWARE/install/serial/share/serial/cmake/ament_cmake_export_include_directories-extras.cmake
[1.105s] -- Up-to-date symlink: /home/robo/RoboFEI-HT_2023_SOFTWARE/install/serial/share/serial/cmake/ament_cmake_export_libraries-extras.cmake
[1.105s] -- Up-to-date symlink: /home/robo/RoboFEI-HT_2023_SOFTWARE/install/serial/share/serial/cmake/serialConfig.cmake
[1.105s] -- Up-to-date symlink: /home/robo/RoboFEI-HT_2023_SOFTWARE/install/serial/share/serial/cmake/serialConfig-version.cmake
[1.105s] -- Up-to-date symlink: /home/robo/RoboFEI-HT_2023_SOFTWARE/install/serial/share/serial/package.xml
[1.111s] Invoked command in '/home/robo/RoboFEI-HT_2023_SOFTWARE/build/serial' returned '0': CMAKE_PREFIX_PATH=/opt/ros/humble /usr/bin/cmake --install /home/robo/RoboFEI-HT_2023_SOFTWARE/build/serial
