running develop
/usr/lib/python3/dist-packages/setuptools/command/easy_install.py:158: EasyInstallDeprecationWarning: easy_install command is deprecated. Use build and pip and other standards-based tools.
  warnings.warn(
running egg_info
creating vision_pkg.egg-info
writing vision_pkg.egg-info/PKG-INFO
writing dependency_links to vision_pkg.egg-info/dependency_links.txt
writing entry points to vision_pkg.egg-info/entry_points.txt
writing requirements to vision_pkg.egg-info/requires.txt
writing top-level names to vision_pkg.egg-info/top_level.txt
writing manifest file 'vision_pkg.egg-info/SOURCES.txt'
reading manifest file 'vision_pkg.egg-info/SOURCES.txt'
writing manifest file 'vision_pkg.egg-info/SOURCES.txt'
running build_ext
Creating /home/robo/RoboFEI-HT_2023_SOFTWARE/install/vision_pkg/lib/python3.10/site-packages/vision-pkg.egg-link (link to .)
Installing detect script to /home/robo/RoboFEI-HT_2023_SOFTWARE/install/vision_pkg/lib/vision_pkg

Installed /home/robo/RoboFEI-HT_2023_SOFTWARE/build/vision_pkg
running symlink_data
creating /home/robo/RoboFEI-HT_2023_SOFTWARE/install/vision_pkg/share/ament_index
creating /home/robo/RoboFEI-HT_2023_SOFTWARE/install/vision_pkg/share/ament_index/resource_index
creating /home/robo/RoboFEI-HT_2023_SOFTWARE/install/vision_pkg/share/ament_index/resource_index/packages
symbolically linking /home/robo/RoboFEI-HT_2023_SOFTWARE/build/vision_pkg/resource/vision_pkg -> /home/robo/RoboFEI-HT_2023_SOFTWARE/install/vision_pkg/share/ament_index/resource_index/packages
symbolically linking /home/robo/RoboFEI-HT_2023_SOFTWARE/build/vision_pkg/package.xml -> /home/robo/RoboFEI-HT_2023_SOFTWARE/install/vision_pkg/share/vision_pkg
