[1.246s] Invoking command in '/home/robo/RoboFEI-HT_2023_SOFTWARE/build/vision_pkg': PYTHONPATH=/home/robo/RoboFEI-HT_2023_SOFTWARE/build/vision_pkg/prefix_override:/usr/lib/python3/dist-packages/colcon_core/task/python/colcon_distutils_commands:/home/robo/RoboFEI-HT_2023_SOFTWARE/install/vision_pkg/lib/python3.10/site-packages:${PYTHONPATH} /usr/bin/python3 -W ignore:setup.py install is deprecated setup.py develop --editable --build-directory /home/robo/RoboFEI-HT_2023_SOFTWARE/build/vision_pkg/build --no-deps symlink_data
[1.505s] running develop
[1.506s] /usr/lib/python3/dist-packages/setuptools/command/easy_install.py:158: EasyInstallDeprecationWarning: easy_install command is deprecated. Use build and pip and other standards-based tools.
[1.506s]   warnings.warn(
[1.645s] running egg_info
[1.645s] creating vision_pkg.egg-info
[1.645s] writing vision_pkg.egg-info/PKG-INFO
[1.645s] writing dependency_links to vision_pkg.egg-info/dependency_links.txt
[1.645s] writing entry points to vision_pkg.egg-info/entry_points.txt
[1.646s] writing requirements to vision_pkg.egg-info/requires.txt
[1.646s] writing top-level names to vision_pkg.egg-info/top_level.txt
[1.646s] writing manifest file 'vision_pkg.egg-info/SOURCES.txt'
[1.647s] reading manifest file 'vision_pkg.egg-info/SOURCES.txt'
[1.648s] writing manifest file 'vision_pkg.egg-info/SOURCES.txt'
[1.649s] running build_ext
[1.649s] Creating /home/robo/RoboFEI-HT_2023_SOFTWARE/install/vision_pkg/lib/python3.10/site-packages/vision-pkg.egg-link (link to .)
[1.650s] Installing detect script to /home/robo/RoboFEI-HT_2023_SOFTWARE/install/vision_pkg/lib/vision_pkg
[1.650s] 
[1.650s] Installed /home/robo/RoboFEI-HT_2023_SOFTWARE/build/vision_pkg
[1.650s] running symlink_data
[1.650s] creating /home/robo/RoboFEI-HT_2023_SOFTWARE/install/vision_pkg/share/ament_index
[1.650s] creating /home/robo/RoboFEI-HT_2023_SOFTWARE/install/vision_pkg/share/ament_index/resource_index
[1.650s] creating /home/robo/RoboFEI-HT_2023_SOFTWARE/install/vision_pkg/share/ament_index/resource_index/packages
[1.650s] symbolically linking /home/robo/RoboFEI-HT_2023_SOFTWARE/build/vision_pkg/resource/vision_pkg -> /home/robo/RoboFEI-HT_2023_SOFTWARE/install/vision_pkg/share/ament_index/resource_index/packages
[1.651s] symbolically linking /home/robo/RoboFEI-HT_2023_SOFTWARE/build/vision_pkg/package.xml -> /home/robo/RoboFEI-HT_2023_SOFTWARE/install/vision_pkg/share/vision_pkg
[1.683s] Invoked command in '/home/robo/RoboFEI-HT_2023_SOFTWARE/build/vision_pkg' returned '0': PYTHONPATH=/home/robo/RoboFEI-HT_2023_SOFTWARE/build/vision_pkg/prefix_override:/usr/lib/python3/dist-packages/colcon_core/task/python/colcon_distutils_commands:/home/robo/RoboFEI-HT_2023_SOFTWARE/install/vision_pkg/lib/python3.10/site-packages:${PYTHONPATH} /usr/bin/python3 -W ignore:setup.py install is deprecated setup.py develop --editable --build-directory /home/robo/RoboFEI-HT_2023_SOFTWARE/build/vision_pkg/build --no-deps symlink_data
