-- The C compiler identification is GNU 11.4.0
-- The CXX compiler identification is GNU 11.4.0
-- Detecting C compiler ABI info
-- Detecting C compiler ABI info - done
-- Check for working C compiler: /usr/bin/cc - skipped
-- Detecting C compile features
-- Detecting C compile features - done
-- Detecting CXX compiler ABI info
-- Detecting CXX compiler ABI info - done
-- Check for working CXX compiler: /usr/bin/c++ - skipped
-- Detecting CXX compile features
-- Detecting CXX compile features - done
-- Found ament_cmake: 1.3.9 (/opt/ros/humble/share/ament_cmake/cmake)
-- Found Python3: /usr/bin/python3 (found version "3.10.12") found components: Interpreter 
-- Override CMake install command with custom implementation using symlinks instead of copying resources
-- Found rclcpp: 16.0.9 (/opt/ros/humble/share/rclcpp/cmake)
-- Found rosidl_generator_c: 3.1.5 (/opt/ros/humble/share/rosidl_generator_c/cmake)
-- Found rosidl_adapter: 3.1.5 (/opt/ros/humble/share/rosidl_adapter/cmake)
-- Found rosidl_generator_cpp: 3.1.5 (/opt/ros/humble/share/rosidl_generator_cpp/cmake)
-- Using all available rosidl_typesupport_c: rosidl_typesupport_fastrtps_c;rosidl_typesupport_introspection_c
-- Using all available rosidl_typesupport_cpp: rosidl_typesupport_fastrtps_cpp;rosidl_typesupport_introspection_cpp
-- Found rmw_implementation_cmake: 6.1.2 (/opt/ros/humble/share/rmw_implementation_cmake/cmake)
-- Found rmw_fastrtps_cpp: 6.2.6 (/opt/ros/humble/share/rmw_fastrtps_cpp/cmake)
-- Found OpenSSL: /usr/lib/x86_64-linux-gnu/libcrypto.so (found version "3.0.2")  
-- Found FastRTPS: /opt/ros/humble/include  
-- Using RMW implementation 'rmw_fastrtps_cpp' as default
-- Looking for pthread.h
-- Looking for pthread.h - found
-- Performing Test CMAKE_HAVE_LIBC_PTHREAD
-- Performing Test CMAKE_HAVE_LIBC_PTHREAD - Success
-- Found Threads: TRUE  
-- Found rclcpp_components: 16.0.9 (/opt/ros/humble/share/rclcpp_components/cmake)
-- Found rosidl_default_generators: 1.2.0 (/opt/ros/humble/share/rosidl_default_generators/cmake)
-- Found serial: 1.2.1 (/home/robo/RoboFEI-HT_2023_SOFTWARE/install/serial/share/serial/cmake)
-- Found sensor_msgs: 4.2.4 (/opt/ros/humble/share/sensor_msgs/cmake)
-- Found custom_interfaces: 3.7.40 (/home/robo/RoboFEI-HT_2023_SOFTWARE/install/custom_interfaces/share/custom_interfaces/cmake)
-- Configuring done
-- Generating done
-- Build files have been written to: /home/robo/RoboFEI-HT_2023_SOFTWARE/build/um7
[ 33%] [32mBuilding CXX object CMakeFiles/um7_driver.dir/um7/comms.cpp.o[0m
[ 33%] [32mBuilding CXX object CMakeFiles/um7_node.dir/rclcpp_components/node_main_um7_node.cpp.o[0m
[ 50%] [32mBuilding CXX object CMakeFiles/um7_driver.dir/um7/main.cpp.o[0m
[ 66%] [32mBuilding CXX object CMakeFiles/um7_driver.dir/um7/registers.cpp.o[0m
[ 83%] [32m[1mLinking CXX executable um7_node[0m
[ 83%] Built target um7_node
[100%] [32m[1mLinking CXX shared library libum7_driver.so[0m
[100%] Built target um7_driver
-- Install configuration: ""
-- Execute custom install script
-- Symlinking: /home/robo/RoboFEI-HT_2023_SOFTWARE/install/um7/lib/um7/um7_node
-- Symlinking: /home/robo/RoboFEI-HT_2023_SOFTWARE/install/um7/lib/libum7_driver.so
-- Symlinking: /home/robo/RoboFEI-HT_2023_SOFTWARE/install/um7/share/ament_index/resource_index/package_run_dependencies/um7
-- Symlinking: /home/robo/RoboFEI-HT_2023_SOFTWARE/install/um7/share/ament_index/resource_index/parent_prefix_path/um7
-- Symlinking: /home/robo/RoboFEI-HT_2023_SOFTWARE/install/um7/share/um7/environment/ament_prefix_path.sh
-- Symlinking: /home/robo/RoboFEI-HT_2023_SOFTWARE/install/um7/share/um7/environment/ament_prefix_path.dsv
-- Symlinking: /home/robo/RoboFEI-HT_2023_SOFTWARE/install/um7/share/um7/environment/path.sh
-- Symlinking: /home/robo/RoboFEI-HT_2023_SOFTWARE/install/um7/share/um7/environment/path.dsv
-- Symlinking: /home/robo/RoboFEI-HT_2023_SOFTWARE/install/um7/share/um7/local_setup.bash
-- Symlinking: /home/robo/RoboFEI-HT_2023_SOFTWARE/install/um7/share/um7/local_setup.sh
-- Symlinking: /home/robo/RoboFEI-HT_2023_SOFTWARE/install/um7/share/um7/local_setup.zsh
-- Symlinking: /home/robo/RoboFEI-HT_2023_SOFTWARE/install/um7/share/um7/local_setup.dsv
-- Symlinking: /home/robo/RoboFEI-HT_2023_SOFTWARE/install/um7/share/um7/package.dsv
-- Symlinking: /home/robo/RoboFEI-HT_2023_SOFTWARE/install/um7/share/ament_index/resource_index/packages/um7
-- Symlinking: /home/robo/RoboFEI-HT_2023_SOFTWARE/install/um7/share/ament_index/resource_index/rclcpp_components/um7
-- Symlinking: /home/robo/RoboFEI-HT_2023_SOFTWARE/install/um7/share/um7/cmake/ament_cmake_export_dependencies-extras.cmake
-- Symlinking: /home/robo/RoboFEI-HT_2023_SOFTWARE/install/um7/share/um7/cmake/um7Config.cmake
-- Symlinking: /home/robo/RoboFEI-HT_2023_SOFTWARE/install/um7/share/um7/cmake/um7Config-version.cmake
-- Symlinking: /home/robo/RoboFEI-HT_2023_SOFTWARE/install/um7/share/um7/package.xml
