[0.206s] Invoking command in '/home/robo/RoboFEI-HT_2023_SOFTWARE/build/um7': AMENT_PREFIX_PATH=/home/robo/RoboFEI-HT_2023_SOFTWARE/install/serial:/home/robo/RoboFEI-HT_2023_SOFTWARE/install/custom_interfaces:${AMENT_PREFIX_PATH} CMAKE_PREFIX_PATH=/home/robo/RoboFEI-HT_2023_SOFTWARE/install/serial:/home/robo/RoboFEI-HT_2023_SOFTWARE/install/custom_interfaces:/opt/ros/humble LD_LIBRARY_PATH=/home/robo/RoboFEI-HT_2023_SOFTWARE/install/serial/lib:/home/robo/RoboFEI-HT_2023_SOFTWARE/install/custom_interfaces/lib:${LD_LIBRARY_PATH} PYTHONPATH=/home/robo/RoboFEI-HT_2023_SOFTWARE/install/custom_interfaces/local/lib/python3.10/dist-packages:${PYTHONPATH} /usr/bin/cmake /home/robo/RoboFEI-HT_2023_SOFTWARE/src/um7/src -DAMENT_CMAKE_SYMLINK_INSTALL=1 -DCMAKE_INSTALL_PREFIX=/home/robo/RoboFEI-HT_2023_SOFTWARE/install/um7
[0.260s] -- The C compiler identification is GNU 11.4.0
[0.309s] -- The CXX compiler identification is GNU 11.4.0
[0.315s] -- Detecting C compiler ABI info
[0.377s] -- Detecting C compiler ABI info - done
[0.384s] -- Check for working C compiler: /usr/bin/cc - skipped
[0.384s] -- Detecting C compile features
[0.384s] -- Detecting C compile features - done
[0.386s] -- Detecting CXX compiler ABI info
[0.480s] -- Detecting CXX compiler ABI info - done
[0.490s] -- Check for working CXX compiler: /usr/bin/c++ - skipped
[0.490s] -- Detecting CXX compile features
[0.490s] -- Detecting CXX compile features - done
[0.492s] -- Found ament_cmake: 1.3.9 (/opt/ros/humble/share/ament_cmake/cmake)
[0.648s] -- Found Python3: /usr/bin/python3 (found version "3.10.12") found components: Interpreter 
[0.723s] -- Override CMake install command with custom implementation using symlinks instead of copying resources
[0.749s] -- Found rclcpp: 16.0.9 (/opt/ros/humble/share/rclcpp/cmake)
[0.795s] -- Found rosidl_generator_c: 3.1.5 (/opt/ros/humble/share/rosidl_generator_c/cmake)
[0.801s] -- Found rosidl_adapter: 3.1.5 (/opt/ros/humble/share/rosidl_adapter/cmake)
[0.810s] -- Found rosidl_generator_cpp: 3.1.5 (/opt/ros/humble/share/rosidl_generator_cpp/cmake)
[0.826s] -- Using all available rosidl_typesupport_c: rosidl_typesupport_fastrtps_c;rosidl_typesupport_introspection_c
[0.849s] -- Using all available rosidl_typesupport_cpp: rosidl_typesupport_fastrtps_cpp;rosidl_typesupport_introspection_cpp
[0.927s] -- Found rmw_implementation_cmake: 6.1.2 (/opt/ros/humble/share/rmw_implementation_cmake/cmake)
[0.929s] -- Found rmw_fastrtps_cpp: 6.2.6 (/opt/ros/humble/share/rmw_fastrtps_cpp/cmake)
[1.019s] -- Found OpenSSL: /usr/lib/x86_64-linux-gnu/libcrypto.so (found version "3.0.2")  
[1.038s] -- Found FastRTPS: /opt/ros/humble/include  
[1.075s] -- Using RMW implementation 'rmw_fastrtps_cpp' as default
[1.081s] -- Looking for pthread.h
[1.141s] -- Looking for pthread.h - found
[1.142s] -- Performing Test CMAKE_HAVE_LIBC_PTHREAD
[1.195s] -- Performing Test CMAKE_HAVE_LIBC_PTHREAD - Success
[1.196s] -- Found Threads: TRUE  
[1.332s] -- Found rclcpp_components: 16.0.9 (/opt/ros/humble/share/rclcpp_components/cmake)
[1.396s] -- Found rosidl_default_generators: 1.2.0 (/opt/ros/humble/share/rosidl_default_generators/cmake)
[1.406s] -- Found serial: 1.2.1 (/home/robo/RoboFEI-HT_2023_SOFTWARE/install/serial/share/serial/cmake)
[1.409s] -- Found sensor_msgs: 4.2.4 (/opt/ros/humble/share/sensor_msgs/cmake)
[1.567s] -- Found custom_interfaces: 3.7.40 (/home/robo/RoboFEI-HT_2023_SOFTWARE/install/custom_interfaces/share/custom_interfaces/cmake)
[1.757s] -- Configuring done
[1.768s] -- Generating done
[1.769s] -- Build files have been written to: /home/robo/RoboFEI-HT_2023_SOFTWARE/build/um7
[1.778s] Invoked command in '/home/robo/RoboFEI-HT_2023_SOFTWARE/build/um7' returned '0': AMENT_PREFIX_PATH=/home/robo/RoboFEI-HT_2023_SOFTWARE/install/serial:/home/robo/RoboFEI-HT_2023_SOFTWARE/install/custom_interfaces:${AMENT_PREFIX_PATH} CMAKE_PREFIX_PATH=/home/robo/RoboFEI-HT_2023_SOFTWARE/install/serial:/home/robo/RoboFEI-HT_2023_SOFTWARE/install/custom_interfaces:/opt/ros/humble LD_LIBRARY_PATH=/home/robo/RoboFEI-HT_2023_SOFTWARE/install/serial/lib:/home/robo/RoboFEI-HT_2023_SOFTWARE/install/custom_interfaces/lib:${LD_LIBRARY_PATH} PYTHONPATH=/home/robo/RoboFEI-HT_2023_SOFTWARE/install/custom_interfaces/local/lib/python3.10/dist-packages:${PYTHONPATH} /usr/bin/cmake /home/robo/RoboFEI-HT_2023_SOFTWARE/src/um7/src -DAMENT_CMAKE_SYMLINK_INSTALL=1 -DCMAKE_INSTALL_PREFIX=/home/robo/RoboFEI-HT_2023_SOFTWARE/install/um7
[1.780s] Invoking command in '/home/robo/RoboFEI-HT_2023_SOFTWARE/build/um7': AMENT_PREFIX_PATH=/home/robo/RoboFEI-HT_2023_SOFTWARE/install/serial:/home/robo/RoboFEI-HT_2023_SOFTWARE/install/custom_interfaces:${AMENT_PREFIX_PATH} CMAKE_PREFIX_PATH=/home/robo/RoboFEI-HT_2023_SOFTWARE/install/serial:/home/robo/RoboFEI-HT_2023_SOFTWARE/install/custom_interfaces:/opt/ros/humble LD_LIBRARY_PATH=/home/robo/RoboFEI-HT_2023_SOFTWARE/install/serial/lib:/home/robo/RoboFEI-HT_2023_SOFTWARE/install/custom_interfaces/lib:${LD_LIBRARY_PATH} PYTHONPATH=/home/robo/RoboFEI-HT_2023_SOFTWARE/install/custom_interfaces/local/lib/python3.10/dist-packages:${PYTHONPATH} /usr/bin/cmake --build /home/robo/RoboFEI-HT_2023_SOFTWARE/build/um7 -- -j8 -l8
[1.824s] [ 33%] [32mBuilding CXX object CMakeFiles/um7_driver.dir/um7/comms.cpp.o[0m
[1.824s] [ 33%] [32mBuilding CXX object CMakeFiles/um7_node.dir/rclcpp_components/node_main_um7_node.cpp.o[0m
[1.825s] [ 50%] [32mBuilding CXX object CMakeFiles/um7_driver.dir/um7/main.cpp.o[0m
[1.825s] [ 66%] [32mBuilding CXX object CMakeFiles/um7_driver.dir/um7/registers.cpp.o[0m
[11.849s] [ 83%] [32m[1mLinking CXX executable um7_node[0m
[12.390s] [ 83%] Built target um7_node
[19.136s] [100%] [32m[1mLinking CXX shared library libum7_driver.so[0m
[19.975s] [100%] Built target um7_driver
[20.065s] Invoked command in '/home/robo/RoboFEI-HT_2023_SOFTWARE/build/um7' returned '0': AMENT_PREFIX_PATH=/home/robo/RoboFEI-HT_2023_SOFTWARE/install/serial:/home/robo/RoboFEI-HT_2023_SOFTWARE/install/custom_interfaces:${AMENT_PREFIX_PATH} CMAKE_PREFIX_PATH=/home/robo/RoboFEI-HT_2023_SOFTWARE/install/serial:/home/robo/RoboFEI-HT_2023_SOFTWARE/install/custom_interfaces:/opt/ros/humble LD_LIBRARY_PATH=/home/robo/RoboFEI-HT_2023_SOFTWARE/install/serial/lib:/home/robo/RoboFEI-HT_2023_SOFTWARE/install/custom_interfaces/lib:${LD_LIBRARY_PATH} PYTHONPATH=/home/robo/RoboFEI-HT_2023_SOFTWARE/install/custom_interfaces/local/lib/python3.10/dist-packages:${PYTHONPATH} /usr/bin/cmake --build /home/robo/RoboFEI-HT_2023_SOFTWARE/build/um7 -- -j8 -l8
[20.608s] Invoking command in '/home/robo/RoboFEI-HT_2023_SOFTWARE/build/um7': AMENT_PREFIX_PATH=/home/robo/RoboFEI-HT_2023_SOFTWARE/install/serial:/home/robo/RoboFEI-HT_2023_SOFTWARE/install/custom_interfaces:${AMENT_PREFIX_PATH} CMAKE_PREFIX_PATH=/home/robo/RoboFEI-HT_2023_SOFTWARE/install/serial:/home/robo/RoboFEI-HT_2023_SOFTWARE/install/custom_interfaces:/opt/ros/humble LD_LIBRARY_PATH=/home/robo/RoboFEI-HT_2023_SOFTWARE/install/serial/lib:/home/robo/RoboFEI-HT_2023_SOFTWARE/install/custom_interfaces/lib:${LD_LIBRARY_PATH} PYTHONPATH=/home/robo/RoboFEI-HT_2023_SOFTWARE/install/custom_interfaces/local/lib/python3.10/dist-packages:${PYTHONPATH} /usr/bin/cmake --install /home/robo/RoboFEI-HT_2023_SOFTWARE/build/um7
[20.619s] -- Install configuration: ""
[20.620s] -- Execute custom install script
[20.620s] -- Symlinking: /home/robo/RoboFEI-HT_2023_SOFTWARE/install/um7/lib/um7/um7_node
[20.639s] -- Symlinking: /home/robo/RoboFEI-HT_2023_SOFTWARE/install/um7/lib/libum7_driver.so
[20.662s] -- Symlinking: /home/robo/RoboFEI-HT_2023_SOFTWARE/install/um7/share/ament_index/resource_index/package_run_dependencies/um7
[20.686s] -- Symlinking: /home/robo/RoboFEI-HT_2023_SOFTWARE/install/um7/share/ament_index/resource_index/parent_prefix_path/um7
[20.715s] -- Symlinking: /home/robo/RoboFEI-HT_2023_SOFTWARE/install/um7/share/um7/environment/ament_prefix_path.sh
[20.754s] -- Symlinking: /home/robo/RoboFEI-HT_2023_SOFTWARE/install/um7/share/um7/environment/ament_prefix_path.dsv
[20.774s] -- Symlinking: /home/robo/RoboFEI-HT_2023_SOFTWARE/install/um7/share/um7/environment/path.sh
[20.797s] -- Symlinking: /home/robo/RoboFEI-HT_2023_SOFTWARE/install/um7/share/um7/environment/path.dsv
[20.818s] -- Symlinking: /home/robo/RoboFEI-HT_2023_SOFTWARE/install/um7/share/um7/local_setup.bash
[20.858s] -- Symlinking: /home/robo/RoboFEI-HT_2023_SOFTWARE/install/um7/share/um7/local_setup.sh
[20.890s] -- Symlinking: /home/robo/RoboFEI-HT_2023_SOFTWARE/install/um7/share/um7/local_setup.zsh
[20.927s] -- Symlinking: /home/robo/RoboFEI-HT_2023_SOFTWARE/install/um7/share/um7/local_setup.dsv
[20.948s] -- Symlinking: /home/robo/RoboFEI-HT_2023_SOFTWARE/install/um7/share/um7/package.dsv
[20.975s] -- Symlinking: /home/robo/RoboFEI-HT_2023_SOFTWARE/install/um7/share/ament_index/resource_index/packages/um7
[20.995s] -- Symlinking: /home/robo/RoboFEI-HT_2023_SOFTWARE/install/um7/share/ament_index/resource_index/rclcpp_components/um7
[21.010s] -- Symlinking: /home/robo/RoboFEI-HT_2023_SOFTWARE/install/um7/share/um7/cmake/ament_cmake_export_dependencies-extras.cmake
[21.054s] -- Symlinking: /home/robo/RoboFEI-HT_2023_SOFTWARE/install/um7/share/um7/cmake/um7Config.cmake
[21.077s] -- Symlinking: /home/robo/RoboFEI-HT_2023_SOFTWARE/install/um7/share/um7/cmake/um7Config-version.cmake
[21.088s] -- Symlinking: /home/robo/RoboFEI-HT_2023_SOFTWARE/install/um7/share/um7/package.xml
[21.127s] Invoked command in '/home/robo/RoboFEI-HT_2023_SOFTWARE/build/um7' returned '0': AMENT_PREFIX_PATH=/home/robo/RoboFEI-HT_2023_SOFTWARE/install/serial:/home/robo/RoboFEI-HT_2023_SOFTWARE/install/custom_interfaces:${AMENT_PREFIX_PATH} CMAKE_PREFIX_PATH=/home/robo/RoboFEI-HT_2023_SOFTWARE/install/serial:/home/robo/RoboFEI-HT_2023_SOFTWARE/install/custom_interfaces:/opt/ros/humble LD_LIBRARY_PATH=/home/robo/RoboFEI-HT_2023_SOFTWARE/install/serial/lib:/home/robo/RoboFEI-HT_2023_SOFTWARE/install/custom_interfaces/lib:${LD_LIBRARY_PATH} PYTHONPATH=/home/robo/RoboFEI-HT_2023_SOFTWARE/install/custom_interfaces/local/lib/python3.10/dist-packages:${PYTHONPATH} /usr/bin/cmake --install /home/robo/RoboFEI-HT_2023_SOFTWARE/build/um7
