[0.025s] Invoking command in '/home/robo/RoboFEI-HT_2023_SOFTWARE/build/motors_pkg': AMENT_PREFIX_PATH=/home/robo/RoboFEI-HT_2023_SOFTWARE/install/custom_interfaces:${AMENT_PREFIX_PATH} CMAKE_PREFIX_PATH=/home/robo/RoboFEI-HT_2023_SOFTWARE/install/custom_interfaces:/opt/ros/humble LD_LIBRARY_PATH=/home/robo/RoboFEI-HT_2023_SOFTWARE/install/custom_interfaces/lib:${LD_LIBRARY_PATH} PYTHONPATH=/home/robo/RoboFEI-HT_2023_SOFTWARE/install/custom_interfaces/local/lib/python3.10/dist-packages:${PYTHONPATH} /usr/bin/cmake --build /home/robo/RoboFEI-HT_2023_SOFTWARE/build/motors_pkg -- -j8 -l8
[0.121s] [100%] Built target motors_communication
[0.144s] Invoked command in '/home/robo/RoboFEI-HT_2023_SOFTWARE/build/motors_pkg' returned '0': AMENT_PREFIX_PATH=/home/robo/RoboFEI-HT_2023_SOFTWARE/install/custom_interfaces:${AMENT_PREFIX_PATH} CMAKE_PREFIX_PATH=/home/robo/RoboFEI-HT_2023_SOFTWARE/install/custom_interfaces:/opt/ros/humble LD_LIBRARY_PATH=/home/robo/RoboFEI-HT_2023_SOFTWARE/install/custom_interfaces/lib:${LD_LIBRARY_PATH} PYTHONPATH=/home/robo/RoboFEI-HT_2023_SOFTWARE/install/custom_interfaces/local/lib/python3.10/dist-packages:${PYTHONPATH} /usr/bin/cmake --build /home/robo/RoboFEI-HT_2023_SOFTWARE/build/motors_pkg -- -j8 -l8
[0.185s] Invoking command in '/home/robo/RoboFEI-HT_2023_SOFTWARE/build/motors_pkg': AMENT_PREFIX_PATH=/home/robo/RoboFEI-HT_2023_SOFTWARE/install/custom_interfaces:${AMENT_PREFIX_PATH} CMAKE_PREFIX_PATH=/home/robo/RoboFEI-HT_2023_SOFTWARE/install/custom_interfaces:/opt/ros/humble LD_LIBRARY_PATH=/home/robo/RoboFEI-HT_2023_SOFTWARE/install/custom_interfaces/lib:${LD_LIBRARY_PATH} PYTHONPATH=/home/robo/RoboFEI-HT_2023_SOFTWARE/install/custom_interfaces/local/lib/python3.10/dist-packages:${PYTHONPATH} /usr/bin/cmake --install /home/robo/RoboFEI-HT_2023_SOFTWARE/build/motors_pkg
[0.193s] -- Install configuration: ""
[0.194s] -- Execute custom install script
[0.194s] -- Up-to-date symlink: /home/robo/RoboFEI-HT_2023_SOFTWARE/install/motors_pkg/lib/motors_pkg/motors_communication
[0.194s] -- Up-to-date symlink: /home/robo/RoboFEI-HT_2023_SOFTWARE/install/motors_pkg/share/ament_index/resource_index/package_run_dependencies/motors_pkg
[0.194s] -- Up-to-date symlink: /home/robo/RoboFEI-HT_2023_SOFTWARE/install/motors_pkg/share/ament_index/resource_index/parent_prefix_path/motors_pkg
[0.194s] -- Up-to-date symlink: /home/robo/RoboFEI-HT_2023_SOFTWARE/install/motors_pkg/share/motors_pkg/environment/ament_prefix_path.sh
[0.195s] -- Up-to-date symlink: /home/robo/RoboFEI-HT_2023_SOFTWARE/install/motors_pkg/share/motors_pkg/environment/ament_prefix_path.dsv
[0.195s] -- Up-to-date symlink: /home/robo/RoboFEI-HT_2023_SOFTWARE/install/motors_pkg/share/motors_pkg/environment/path.sh
[0.195s] -- Up-to-date symlink: /home/robo/RoboFEI-HT_2023_SOFTWARE/install/motors_pkg/share/motors_pkg/environment/path.dsv
[0.195s] -- Up-to-date symlink: /home/robo/RoboFEI-HT_2023_SOFTWARE/install/motors_pkg/share/motors_pkg/local_setup.bash
[0.195s] -- Up-to-date symlink: /home/robo/RoboFEI-HT_2023_SOFTWARE/install/motors_pkg/share/motors_pkg/local_setup.sh
[0.196s] -- Up-to-date symlink: /home/robo/RoboFEI-HT_2023_SOFTWARE/install/motors_pkg/share/motors_pkg/local_setup.zsh
[0.197s] -- Up-to-date symlink: /home/robo/RoboFEI-HT_2023_SOFTWARE/install/motors_pkg/share/motors_pkg/local_setup.dsv
[0.197s] -- Symlinking: /home/robo/RoboFEI-HT_2023_SOFTWARE/install/motors_pkg/share/motors_pkg/package.dsv
[0.207s] -- Up-to-date symlink: /home/robo/RoboFEI-HT_2023_SOFTWARE/install/motors_pkg/share/ament_index/resource_index/packages/motors_pkg
[0.208s] -- Up-to-date symlink: /home/robo/RoboFEI-HT_2023_SOFTWARE/install/motors_pkg/share/motors_pkg/cmake/motors_pkgConfig.cmake
[0.208s] -- Up-to-date symlink: /home/robo/RoboFEI-HT_2023_SOFTWARE/install/motors_pkg/share/motors_pkg/cmake/motors_pkgConfig-version.cmake
[0.208s] -- Up-to-date symlink: /home/robo/RoboFEI-HT_2023_SOFTWARE/install/motors_pkg/share/motors_pkg/package.xml
[0.222s] Invoked command in '/home/robo/RoboFEI-HT_2023_SOFTWARE/build/motors_pkg' returned '0': AMENT_PREFIX_PATH=/home/robo/RoboFEI-HT_2023_SOFTWARE/install/custom_interfaces:${AMENT_PREFIX_PATH} CMAKE_PREFIX_PATH=/home/robo/RoboFEI-HT_2023_SOFTWARE/install/custom_interfaces:/opt/ros/humble LD_LIBRARY_PATH=/home/robo/RoboFEI-HT_2023_SOFTWARE/install/custom_interfaces/lib:${LD_LIBRARY_PATH} PYTHONPATH=/home/robo/RoboFEI-HT_2023_SOFTWARE/install/custom_interfaces/local/lib/python3.10/dist-packages:${PYTHONPATH} /usr/bin/cmake --install /home/robo/RoboFEI-HT_2023_SOFTWARE/build/motors_pkg
