[0.021s] Invoking command in '/home/robo/RoboFEI-HT_2023_SOFTWARE/build/um7': CMAKE_PREFIX_PATH=/home/robo/RoboFEI-HT_2023_SOFTWARE/install/serial:/home/robo/RoboFEI-HT_2023_SOFTWARE/install/custom_interfaces:/home/robo/RoboFEI-HT_2023_SOFTWARE/install/um7:/home/robo/RoboFEI-HT_2023_SOFTWARE/install/robot_bringup:/home/robo/RoboFEI-HT_2023_SOFTWARE/install/control:/home/robo/RoboFEI-HT_2023_SOFTWARE/install/motors_pkg:/home/robo/RoboFEI-HT_2023_SOFTWARE/install/gui:/home/robo/RoboFEI-HT_2023_SOFTWARE/install/decision_pkg_cpp:/home/robo/RoboFEI-HT_2023_SOFTWARE/install/vision_pkg:/home/robo/RoboFEI-HT_2023_SOFTWARE/install/localization_pkg:/home/robo/RoboFEI-HT_2023_SOFTWARE/install/imu:/home/robo/RoboFEI-HT_2023_SOFTWARE/install/game_controller:/home/robo/RoboFEI-HT_2023_SOFTWARE/install/decision_pkg:/opt/ros/humble LD_LIBRARY_PATH=/home/robo/RoboFEI-HT_2023_SOFTWARE/install/custom_interfaces/lib:/home/robo/RoboFEI-HT_2023_SOFTWARE/install/um7/lib:/home/robo/RoboFEI-HT_2023_SOFTWARE/install/control/lib:/home/robo/RoboFEI-HT_2023_SOFTWARE/install/serial/lib:/opt/ros/humble/opt/rviz_ogre_vendor/lib:/opt/ros/humble/lib/x86_64-linux-gnu:/opt/ros/humble/lib /usr/bin/cmake --build /home/robo/RoboFEI-HT_2023_SOFTWARE/build/um7 -- -j8 -l8
[0.089s] [ 66%] Built target um7_driver
[0.101s] [100%] Built target um7_node
[0.127s] Invoked command in '/home/robo/RoboFEI-HT_2023_SOFTWARE/build/um7' returned '0': CMAKE_PREFIX_PATH=/home/robo/RoboFEI-HT_2023_SOFTWARE/install/serial:/home/robo/RoboFEI-HT_2023_SOFTWARE/install/custom_interfaces:/home/robo/RoboFEI-HT_2023_SOFTWARE/install/um7:/home/robo/RoboFEI-HT_2023_SOFTWARE/install/robot_bringup:/home/robo/RoboFEI-HT_2023_SOFTWARE/install/control:/home/robo/RoboFEI-HT_2023_SOFTWARE/install/motors_pkg:/home/robo/RoboFEI-HT_2023_SOFTWARE/install/gui:/home/robo/RoboFEI-HT_2023_SOFTWARE/install/decision_pkg_cpp:/home/robo/RoboFEI-HT_2023_SOFTWARE/install/vision_pkg:/home/robo/RoboFEI-HT_2023_SOFTWARE/install/localization_pkg:/home/robo/RoboFEI-HT_2023_SOFTWARE/install/imu:/home/robo/RoboFEI-HT_2023_SOFTWARE/install/game_controller:/home/robo/RoboFEI-HT_2023_SOFTWARE/install/decision_pkg:/opt/ros/humble LD_LIBRARY_PATH=/home/robo/RoboFEI-HT_2023_SOFTWARE/install/custom_interfaces/lib:/home/robo/RoboFEI-HT_2023_SOFTWARE/install/um7/lib:/home/robo/RoboFEI-HT_2023_SOFTWARE/install/control/lib:/home/robo/RoboFEI-HT_2023_SOFTWARE/install/serial/lib:/opt/ros/humble/opt/rviz_ogre_vendor/lib:/opt/ros/humble/lib/x86_64-linux-gnu:/opt/ros/humble/lib /usr/bin/cmake --build /home/robo/RoboFEI-HT_2023_SOFTWARE/build/um7 -- -j8 -l8
[0.179s] Invoking command in '/home/robo/RoboFEI-HT_2023_SOFTWARE/build/um7': CMAKE_PREFIX_PATH=/home/robo/RoboFEI-HT_2023_SOFTWARE/install/serial:/home/robo/RoboFEI-HT_2023_SOFTWARE/install/custom_interfaces:/home/robo/RoboFEI-HT_2023_SOFTWARE/install/um7:/home/robo/RoboFEI-HT_2023_SOFTWARE/install/robot_bringup:/home/robo/RoboFEI-HT_2023_SOFTWARE/install/control:/home/robo/RoboFEI-HT_2023_SOFTWARE/install/motors_pkg:/home/robo/RoboFEI-HT_2023_SOFTWARE/install/gui:/home/robo/RoboFEI-HT_2023_SOFTWARE/install/decision_pkg_cpp:/home/robo/RoboFEI-HT_2023_SOFTWARE/install/vision_pkg:/home/robo/RoboFEI-HT_2023_SOFTWARE/install/localization_pkg:/home/robo/RoboFEI-HT_2023_SOFTWARE/install/imu:/home/robo/RoboFEI-HT_2023_SOFTWARE/install/game_controller:/home/robo/RoboFEI-HT_2023_SOFTWARE/install/decision_pkg:/opt/ros/humble LD_LIBRARY_PATH=/home/robo/RoboFEI-HT_2023_SOFTWARE/install/custom_interfaces/lib:/home/robo/RoboFEI-HT_2023_SOFTWARE/install/um7/lib:/home/robo/RoboFEI-HT_2023_SOFTWARE/install/control/lib:/home/robo/RoboFEI-HT_2023_SOFTWARE/install/serial/lib:/opt/ros/humble/opt/rviz_ogre_vendor/lib:/opt/ros/humble/lib/x86_64-linux-gnu:/opt/ros/humble/lib /usr/bin/cmake --install /home/robo/RoboFEI-HT_2023_SOFTWARE/build/um7
[0.185s] -- Install configuration: ""
[0.185s] -- Execute custom install script
[0.185s] -- Up-to-date symlink: /home/robo/RoboFEI-HT_2023_SOFTWARE/install/um7/lib/um7/um7_node
[0.187s] -- Up-to-date symlink: /home/robo/RoboFEI-HT_2023_SOFTWARE/install/um7/lib/libum7_driver.so
[0.188s] -- Up-to-date symlink: /home/robo/RoboFEI-HT_2023_SOFTWARE/install/um7/share/ament_index/resource_index/package_run_dependencies/um7
[0.188s] -- Up-to-date symlink: /home/robo/RoboFEI-HT_2023_SOFTWARE/install/um7/share/ament_index/resource_index/parent_prefix_path/um7
[0.189s] -- Up-to-date symlink: /home/robo/RoboFEI-HT_2023_SOFTWARE/install/um7/share/um7/environment/ament_prefix_path.sh
[0.189s] -- Up-to-date symlink: /home/robo/RoboFEI-HT_2023_SOFTWARE/install/um7/share/um7/environment/ament_prefix_path.dsv
[0.189s] -- Up-to-date symlink: /home/robo/RoboFEI-HT_2023_SOFTWARE/install/um7/share/um7/environment/path.sh
[0.189s] -- Up-to-date symlink: /home/robo/RoboFEI-HT_2023_SOFTWARE/install/um7/share/um7/environment/path.dsv
[0.189s] -- Up-to-date symlink: /home/robo/RoboFEI-HT_2023_SOFTWARE/install/um7/share/um7/local_setup.bash
[0.190s] -- Up-to-date symlink: /home/robo/RoboFEI-HT_2023_SOFTWARE/install/um7/share/um7/local_setup.sh
[0.190s] -- Up-to-date symlink: /home/robo/RoboFEI-HT_2023_SOFTWARE/install/um7/share/um7/local_setup.zsh
[0.192s] -- Up-to-date symlink: /home/robo/RoboFEI-HT_2023_SOFTWARE/install/um7/share/um7/local_setup.dsv
[0.192s] -- Symlinking: /home/robo/RoboFEI-HT_2023_SOFTWARE/install/um7/share/um7/package.dsv
[0.217s] -- Up-to-date symlink: /home/robo/RoboFEI-HT_2023_SOFTWARE/install/um7/share/ament_index/resource_index/packages/um7
[0.217s] -- Up-to-date symlink: /home/robo/RoboFEI-HT_2023_SOFTWARE/install/um7/share/ament_index/resource_index/rclcpp_components/um7
[0.217s] -- Up-to-date symlink: /home/robo/RoboFEI-HT_2023_SOFTWARE/install/um7/share/um7/cmake/ament_cmake_export_dependencies-extras.cmake
[0.217s] -- Up-to-date symlink: /home/robo/RoboFEI-HT_2023_SOFTWARE/install/um7/share/um7/cmake/um7Config.cmake
[0.218s] -- Up-to-date symlink: /home/robo/RoboFEI-HT_2023_SOFTWARE/install/um7/share/um7/cmake/um7Config-version.cmake
[0.218s] -- Up-to-date symlink: /home/robo/RoboFEI-HT_2023_SOFTWARE/install/um7/share/um7/package.xml
[0.238s] Invoked command in '/home/robo/RoboFEI-HT_2023_SOFTWARE/build/um7' returned '0': CMAKE_PREFIX_PATH=/home/robo/RoboFEI-HT_2023_SOFTWARE/install/serial:/home/robo/RoboFEI-HT_2023_SOFTWARE/install/custom_interfaces:/home/robo/RoboFEI-HT_2023_SOFTWARE/install/um7:/home/robo/RoboFEI-HT_2023_SOFTWARE/install/robot_bringup:/home/robo/RoboFEI-HT_2023_SOFTWARE/install/control:/home/robo/RoboFEI-HT_2023_SOFTWARE/install/motors_pkg:/home/robo/RoboFEI-HT_2023_SOFTWARE/install/gui:/home/robo/RoboFEI-HT_2023_SOFTWARE/install/decision_pkg_cpp:/home/robo/RoboFEI-HT_2023_SOFTWARE/install/vision_pkg:/home/robo/RoboFEI-HT_2023_SOFTWARE/install/localization_pkg:/home/robo/RoboFEI-HT_2023_SOFTWARE/install/imu:/home/robo/RoboFEI-HT_2023_SOFTWARE/install/game_controller:/home/robo/RoboFEI-HT_2023_SOFTWARE/install/decision_pkg:/opt/ros/humble LD_LIBRARY_PATH=/home/robo/RoboFEI-HT_2023_SOFTWARE/install/custom_interfaces/lib:/home/robo/RoboFEI-HT_2023_SOFTWARE/install/um7/lib:/home/robo/RoboFEI-HT_2023_SOFTWARE/install/control/lib:/home/robo/RoboFEI-HT_2023_SOFTWARE/install/serial/lib:/opt/ros/humble/opt/rviz_ogre_vendor/lib:/opt/ros/humble/lib/x86_64-linux-gnu:/opt/ros/humble/lib /usr/bin/cmake --install /home/robo/RoboFEI-HT_2023_SOFTWARE/build/um7
