[0.203s] Invoking command in '/home/robo/RoboFEI-HT_2023_SOFTWARE/build/gui': AMENT_PREFIX_PATH=/home/robo/RoboFEI-HT_2023_SOFTWARE/install/custom_interfaces:${AMENT_PREFIX_PATH} CMAKE_PREFIX_PATH=/home/robo/RoboFEI-HT_2023_SOFTWARE/install/custom_interfaces:/opt/ros/humble LD_LIBRARY_PATH=/home/robo/RoboFEI-HT_2023_SOFTWARE/install/custom_interfaces/lib:${LD_LIBRARY_PATH} PYTHONPATH=/home/robo/RoboFEI-HT_2023_SOFTWARE/install/custom_interfaces/local/lib/python3.10/dist-packages:${PYTHONPATH} /usr/bin/cmake /home/robo/RoboFEI-HT_2023_SOFTWARE/src/gui -DAMENT_CMAKE_SYMLINK_INSTALL=1 -DCMAKE_INSTALL_PREFIX=/home/robo/RoboFEI-HT_2023_SOFTWARE/install/gui
[0.253s] -- The C compiler identification is GNU 11.4.0
[0.315s] -- The CXX compiler identification is GNU 11.4.0
[0.323s] -- Detecting C compiler ABI info
[0.385s] -- Detecting C compiler ABI info - done
[0.396s] -- Check for working C compiler: /usr/bin/cc - skipped
[0.396s] -- Detecting C compile features
[0.397s] -- Detecting C compile features - done
[0.401s] -- Detecting CXX compiler ABI info
[0.478s] -- Detecting CXX compiler ABI info - done
[0.484s] -- Check for working CXX compiler: /usr/bin/c++ - skipped
[0.484s] -- Detecting CXX compile features
[0.485s] -- Detecting CXX compile features - done
[0.486s] -- Found ament_cmake_auto: 1.3.9 (/opt/ros/humble/share/ament_cmake_auto/cmake)
[0.651s] -- Found Python3: /usr/bin/python3 (found version "3.10.12") found components: Interpreter 
[0.725s] -- Override CMake install command with custom implementation using symlinks instead of copying resources
[0.887s] -- Found rosidl_generator_c: 3.1.5 (/opt/ros/humble/share/rosidl_generator_c/cmake)
[0.893s] -- Found rosidl_adapter: 3.1.5 (/opt/ros/humble/share/rosidl_adapter/cmake)
[0.902s] -- Found rosidl_generator_cpp: 3.1.5 (/opt/ros/humble/share/rosidl_generator_cpp/cmake)
[0.919s] -- Using all available rosidl_typesupport_c: rosidl_typesupport_fastrtps_c;rosidl_typesupport_introspection_c
[0.943s] -- Using all available rosidl_typesupport_cpp: rosidl_typesupport_fastrtps_cpp;rosidl_typesupport_introspection_cpp
[1.029s] -- Found rmw_implementation_cmake: 6.1.2 (/opt/ros/humble/share/rmw_implementation_cmake/cmake)
[1.032s] -- Found rmw_fastrtps_cpp: 6.2.6 (/opt/ros/humble/share/rmw_fastrtps_cpp/cmake)
[1.139s] -- Found OpenSSL: /usr/lib/x86_64-linux-gnu/libcrypto.so (found version "3.0.2")  
[1.169s] -- Found FastRTPS: /opt/ros/humble/include  
[1.219s] -- Using RMW implementation 'rmw_fastrtps_cpp' as default
[1.225s] -- Looking for pthread.h
[1.276s] -- Looking for pthread.h - found
[1.276s] -- Performing Test CMAKE_HAVE_LIBC_PTHREAD
[1.344s] -- Performing Test CMAKE_HAVE_LIBC_PTHREAD - Success
[1.345s] -- Found Threads: TRUE  
[1.703s] -- Found ament_lint_auto: 0.12.11 (/opt/ros/humble/share/ament_lint_auto/cmake)
[1.714s] -- Added test 'cppcheck' to perform static code analysis on C / C++ code
[1.714s] -- Configured cppcheck include dirs: /home/robo/RoboFEI-HT_2023_SOFTWARE/src/gui/include
[1.714s] -- Configured cppcheck exclude dirs and/or files: 
[1.715s] -- Added test 'lint_cmake' to check CMake code style
[1.716s] -- Added test 'uncrustify' to check C / C++ code style
[1.716s] -- Configured uncrustify additional arguments: 
[1.716s] -- Added test 'xmllint' to check XML markup files
[1.717s] -- Configuring done
[1.748s] -- Generating done
[1.750s] -- Build files have been written to: /home/robo/RoboFEI-HT_2023_SOFTWARE/build/gui
[1.760s] Invoked command in '/home/robo/RoboFEI-HT_2023_SOFTWARE/build/gui' returned '0': AMENT_PREFIX_PATH=/home/robo/RoboFEI-HT_2023_SOFTWARE/install/custom_interfaces:${AMENT_PREFIX_PATH} CMAKE_PREFIX_PATH=/home/robo/RoboFEI-HT_2023_SOFTWARE/install/custom_interfaces:/opt/ros/humble LD_LIBRARY_PATH=/home/robo/RoboFEI-HT_2023_SOFTWARE/install/custom_interfaces/lib:${LD_LIBRARY_PATH} PYTHONPATH=/home/robo/RoboFEI-HT_2023_SOFTWARE/install/custom_interfaces/local/lib/python3.10/dist-packages:${PYTHONPATH} /usr/bin/cmake /home/robo/RoboFEI-HT_2023_SOFTWARE/src/gui -DAMENT_CMAKE_SYMLINK_INSTALL=1 -DCMAKE_INSTALL_PREFIX=/home/robo/RoboFEI-HT_2023_SOFTWARE/install/gui
[1.761s] Invoking command in '/home/robo/RoboFEI-HT_2023_SOFTWARE/build/gui': AMENT_PREFIX_PATH=/home/robo/RoboFEI-HT_2023_SOFTWARE/install/custom_interfaces:${AMENT_PREFIX_PATH} CMAKE_PREFIX_PATH=/home/robo/RoboFEI-HT_2023_SOFTWARE/install/custom_interfaces:/opt/ros/humble LD_LIBRARY_PATH=/home/robo/RoboFEI-HT_2023_SOFTWARE/install/custom_interfaces/lib:${LD_LIBRARY_PATH} PYTHONPATH=/home/robo/RoboFEI-HT_2023_SOFTWARE/install/custom_interfaces/local/lib/python3.10/dist-packages:${PYTHONPATH} /usr/bin/cmake --build /home/robo/RoboFEI-HT_2023_SOFTWARE/build/gui -- -j8 -l8
[1.801s] [ 16%] [34m[1mAutomatic MOC and UIC for target robot_gui[0m
[3.068s] [ 16%] Built target robot_gui_autogen
[3.176s] [ 33%] [32mBuilding CXX object CMakeFiles/robot_gui.dir/robot_gui_autogen/mocs_compilation.cpp.o[0m
[3.201s] [ 50%] [32mBuilding CXX object CMakeFiles/robot_gui.dir/src/main_window.cpp.o[0m
[3.201s] [ 66%] [32mBuilding CXX object CMakeFiles/robot_gui.dir/src/main.cpp.o[0m
[3.204s] [ 83%] [32mBuilding CXX object CMakeFiles/robot_gui.dir/src/json.cpp.o[0m
[14.649s] [01m[K/home/robo/RoboFEI-HT_2023_SOFTWARE/src/gui/src/main_window.cpp:[m[K In member function ‘[01m[Kvoid MainWindow::on_nextStep_button_clicked()[m[K’:
[14.650s] [01m[K/home/robo/RoboFEI-HT_2023_SOFTWARE/src/gui/src/main_window.cpp:317:16:[m[K [01;35m[Kwarning: [m[Kcomparison of integer expressions of different signedness: ‘[01m[Kint[m[K’ and ‘[01m[Kstd::vector<std::vector<std::vector<int, std::allocator<int> > > >::size_type[m[K’ {aka ‘[01m[Klong unsigned int[m[K’} [[01;35m[K]8;;https://gcc.gnu.org/onlinedocs/gcc/Warning-Options.html#index-Wsign-compare-Wsign-compare]8;;[m[K]
[14.650s]   317 |   if([01;35m[KatualStep < atualMovesList.size()[m[K)
[14.650s]       |      [01;35m[K~~~~~~~~~~^~~~~~~~~~~~~~~~~~~~~~~[m[K
[14.650s] [01m[K/home/robo/RoboFEI-HT_2023_SOFTWARE/src/gui/src/main_window.cpp:[m[K In member function ‘[01m[Kvoid MainWindow::sendJointVel(std::vector<int, std::allocator<int> >)[m[K’:
[14.650s] [01m[K/home/robo/RoboFEI-HT_2023_SOFTWARE/src/gui/src/main_window.cpp:337:62:[m[K [01;35m[Kwarning: [m[Kcomparison of integer expressions of different signedness: ‘[01m[Kstd::__iterator_traits<__gnu_cxx::__normal_iterator<int*, std::vector<int, std::allocator<int> > >, void>::difference_type[m[K’ {aka ‘[01m[Klong int[m[K’} and ‘[01m[Kstd::vector<int, std::allocator<int> >::size_type[m[K’ {aka ‘[01m[Klong unsigned int[m[K’} [[01;35m[K]8;;https://gcc.gnu.org/onlinedocs/gcc/Warning-Options.html#index-Wsign-compare-Wsign-compare]8;;[m[K]
[14.650s]   337 |   if([01;35m[Kcount(jointsVel.begin(), jointsVel.end(), jointsVel[0]) == jointsVel.size()[m[K)
[14.650s]       |      [01;35m[K~~~~~~~~~~~~~~~~~~~~~~~~~~~~~~~~~~~~~~~~~~~~~~~~~~~~~~~~^~~~~~~~~~~~~~~~~~~[m[K
[25.855s] [100%] [32m[1mLinking CXX executable robot_gui[0m
[27.539s] [100%] Built target robot_gui
[27.564s] Invoked command in '/home/robo/RoboFEI-HT_2023_SOFTWARE/build/gui' returned '0': AMENT_PREFIX_PATH=/home/robo/RoboFEI-HT_2023_SOFTWARE/install/custom_interfaces:${AMENT_PREFIX_PATH} CMAKE_PREFIX_PATH=/home/robo/RoboFEI-HT_2023_SOFTWARE/install/custom_interfaces:/opt/ros/humble LD_LIBRARY_PATH=/home/robo/RoboFEI-HT_2023_SOFTWARE/install/custom_interfaces/lib:${LD_LIBRARY_PATH} PYTHONPATH=/home/robo/RoboFEI-HT_2023_SOFTWARE/install/custom_interfaces/local/lib/python3.10/dist-packages:${PYTHONPATH} /usr/bin/cmake --build /home/robo/RoboFEI-HT_2023_SOFTWARE/build/gui -- -j8 -l8
[27.592s] Invoking command in '/home/robo/RoboFEI-HT_2023_SOFTWARE/build/gui': AMENT_PREFIX_PATH=/home/robo/RoboFEI-HT_2023_SOFTWARE/install/custom_interfaces:${AMENT_PREFIX_PATH} CMAKE_PREFIX_PATH=/home/robo/RoboFEI-HT_2023_SOFTWARE/install/custom_interfaces:/opt/ros/humble LD_LIBRARY_PATH=/home/robo/RoboFEI-HT_2023_SOFTWARE/install/custom_interfaces/lib:${LD_LIBRARY_PATH} PYTHONPATH=/home/robo/RoboFEI-HT_2023_SOFTWARE/install/custom_interfaces/local/lib/python3.10/dist-packages:${PYTHONPATH} /usr/bin/cmake --install /home/robo/RoboFEI-HT_2023_SOFTWARE/build/gui
[27.600s] -- Install configuration: ""
[27.601s] -- Execute custom install script
[27.601s] -- Symlinking: /home/robo/RoboFEI-HT_2023_SOFTWARE/install/gui/lib/gui/robot_gui
[27.610s] -- Symlinking: /home/robo/RoboFEI-HT_2023_SOFTWARE/install/gui/share/ament_index/resource_index/package_run_dependencies/gui
[27.620s] -- Symlinking: /home/robo/RoboFEI-HT_2023_SOFTWARE/install/gui/share/ament_index/resource_index/parent_prefix_path/gui
[27.629s] -- Symlinking: /home/robo/RoboFEI-HT_2023_SOFTWARE/install/gui/share/gui/environment/ament_prefix_path.sh
[27.639s] -- Symlinking: /home/robo/RoboFEI-HT_2023_SOFTWARE/install/gui/share/gui/environment/ament_prefix_path.dsv
[27.649s] -- Symlinking: /home/robo/RoboFEI-HT_2023_SOFTWARE/install/gui/share/gui/environment/path.sh
[27.659s] -- Symlinking: /home/robo/RoboFEI-HT_2023_SOFTWARE/install/gui/share/gui/environment/path.dsv
[27.670s] -- Symlinking: /home/robo/RoboFEI-HT_2023_SOFTWARE/install/gui/share/gui/local_setup.bash
[27.681s] -- Symlinking: /home/robo/RoboFEI-HT_2023_SOFTWARE/install/gui/share/gui/local_setup.sh
[27.691s] -- Symlinking: /home/robo/RoboFEI-HT_2023_SOFTWARE/install/gui/share/gui/local_setup.zsh
[27.702s] -- Symlinking: /home/robo/RoboFEI-HT_2023_SOFTWARE/install/gui/share/gui/local_setup.dsv
[27.713s] -- Symlinking: /home/robo/RoboFEI-HT_2023_SOFTWARE/install/gui/share/gui/package.dsv
[27.725s] -- Symlinking: /home/robo/RoboFEI-HT_2023_SOFTWARE/install/gui/share/ament_index/resource_index/packages/gui
[27.736s] -- Symlinking: /home/robo/RoboFEI-HT_2023_SOFTWARE/install/gui/share/gui/cmake/guiConfig.cmake
[27.746s] -- Symlinking: /home/robo/RoboFEI-HT_2023_SOFTWARE/install/gui/share/gui/cmake/guiConfig-version.cmake
[27.756s] -- Symlinking: /home/robo/RoboFEI-HT_2023_SOFTWARE/install/gui/share/gui/package.xml
[27.770s] Invoked command in '/home/robo/RoboFEI-HT_2023_SOFTWARE/build/gui' returned '0': AMENT_PREFIX_PATH=/home/robo/RoboFEI-HT_2023_SOFTWARE/install/custom_interfaces:${AMENT_PREFIX_PATH} CMAKE_PREFIX_PATH=/home/robo/RoboFEI-HT_2023_SOFTWARE/install/custom_interfaces:/opt/ros/humble LD_LIBRARY_PATH=/home/robo/RoboFEI-HT_2023_SOFTWARE/install/custom_interfaces/lib:${LD_LIBRARY_PATH} PYTHONPATH=/home/robo/RoboFEI-HT_2023_SOFTWARE/install/custom_interfaces/local/lib/python3.10/dist-packages:${PYTHONPATH} /usr/bin/cmake --install /home/robo/RoboFEI-HT_2023_SOFTWARE/build/gui
