[0.017s] Invoking command in '/home/robo/RoboFEI-HT_2023_SOFTWARE/build/robot_bringup': AMENT_PREFIX_PATH=/home/robo/RoboFEI-HT_2023_SOFTWARE/install/control:/home/robo/RoboFEI-HT_2023_SOFTWARE/install/serial:/home/robo/RoboFEI-HT_2023_SOFTWARE/install/custom_interfaces:${AMENT_PREFIX_PATH} CMAKE_PREFIX_PATH=/home/robo/RoboFEI-HT_2023_SOFTWARE/install/control:/home/robo/RoboFEI-HT_2023_SOFTWARE/install/serial:/home/robo/RoboFEI-HT_2023_SOFTWARE/install/custom_interfaces:/opt/ros/humble LD_LIBRARY_PATH=/home/robo/RoboFEI-HT_2023_SOFTWARE/install/control/lib:/home/robo/RoboFEI-HT_2023_SOFTWARE/install/serial/lib:/home/robo/RoboFEI-HT_2023_SOFTWARE/install/custom_interfaces/lib:${LD_LIBRARY_PATH} PYTHONPATH=/home/robo/RoboFEI-HT_2023_SOFTWARE/install/custom_interfaces/local/lib/python3.10/dist-packages:${PYTHONPATH} /usr/bin/cmake /home/robo/RoboFEI-HT_2023_SOFTWARE/src/robot_bringup -DAMENT_CMAKE_SYMLINK_INSTALL=1 -DCMAKE_INSTALL_PREFIX=/home/robo/RoboFEI-HT_2023_SOFTWARE/install/robot_bringup
[0.090s] -- The C compiler identification is GNU 11.4.0
[0.138s] -- The CXX compiler identification is GNU 11.4.0
[0.145s] -- Detecting C compiler ABI info
[0.197s] -- Detecting C compiler ABI info - done
[0.202s] -- Check for working C compiler: /usr/bin/cc - skipped
[0.203s] -- Detecting C compile features
[0.204s] -- Detecting C compile features - done
[0.207s] -- Detecting CXX compiler ABI info
[0.265s] -- Detecting CXX compiler ABI info - done
[0.272s] -- Check for working CXX compiler: /usr/bin/c++ - skipped
[0.272s] -- Detecting CXX compile features
[0.272s] -- Detecting CXX compile features - done
[0.279s] -- Found ament_cmake: 1.3.9 (/opt/ros/humble/share/ament_cmake/cmake)
[0.399s] -- Found Python3: /usr/bin/python3 (found version "3.10.12") found components: Interpreter 
[0.452s] -- Override CMake install command with custom implementation using symlinks instead of copying resources
[0.531s] -- Configuring done
[0.533s] -- Generating done
[0.533s] -- Build files have been written to: /home/robo/RoboFEI-HT_2023_SOFTWARE/build/robot_bringup
[0.536s] Invoked command in '/home/robo/RoboFEI-HT_2023_SOFTWARE/build/robot_bringup' returned '0': AMENT_PREFIX_PATH=/home/robo/RoboFEI-HT_2023_SOFTWARE/install/control:/home/robo/RoboFEI-HT_2023_SOFTWARE/install/serial:/home/robo/RoboFEI-HT_2023_SOFTWARE/install/custom_interfaces:${AMENT_PREFIX_PATH} CMAKE_PREFIX_PATH=/home/robo/RoboFEI-HT_2023_SOFTWARE/install/control:/home/robo/RoboFEI-HT_2023_SOFTWARE/install/serial:/home/robo/RoboFEI-HT_2023_SOFTWARE/install/custom_interfaces:/opt/ros/humble LD_LIBRARY_PATH=/home/robo/RoboFEI-HT_2023_SOFTWARE/install/control/lib:/home/robo/RoboFEI-HT_2023_SOFTWARE/install/serial/lib:/home/robo/RoboFEI-HT_2023_SOFTWARE/install/custom_interfaces/lib:${LD_LIBRARY_PATH} PYTHONPATH=/home/robo/RoboFEI-HT_2023_SOFTWARE/install/custom_interfaces/local/lib/python3.10/dist-packages:${PYTHONPATH} /usr/bin/cmake /home/robo/RoboFEI-HT_2023_SOFTWARE/src/robot_bringup -DAMENT_CMAKE_SYMLINK_INSTALL=1 -DCMAKE_INSTALL_PREFIX=/home/robo/RoboFEI-HT_2023_SOFTWARE/install/robot_bringup
[0.538s] Invoking command in '/home/robo/RoboFEI-HT_2023_SOFTWARE/build/robot_bringup': AMENT_PREFIX_PATH=/home/robo/RoboFEI-HT_2023_SOFTWARE/install/control:/home/robo/RoboFEI-HT_2023_SOFTWARE/install/serial:/home/robo/RoboFEI-HT_2023_SOFTWARE/install/custom_interfaces:${AMENT_PREFIX_PATH} CMAKE_PREFIX_PATH=/home/robo/RoboFEI-HT_2023_SOFTWARE/install/control:/home/robo/RoboFEI-HT_2023_SOFTWARE/install/serial:/home/robo/RoboFEI-HT_2023_SOFTWARE/install/custom_interfaces:/opt/ros/humble LD_LIBRARY_PATH=/home/robo/RoboFEI-HT_2023_SOFTWARE/install/control/lib:/home/robo/RoboFEI-HT_2023_SOFTWARE/install/serial/lib:/home/robo/RoboFEI-HT_2023_SOFTWARE/install/custom_interfaces/lib:${LD_LIBRARY_PATH} PYTHONPATH=/home/robo/RoboFEI-HT_2023_SOFTWARE/install/custom_interfaces/local/lib/python3.10/dist-packages:${PYTHONPATH} /usr/bin/cmake --build /home/robo/RoboFEI-HT_2023_SOFTWARE/build/robot_bringup -- -j8 -l8
[0.565s] Invoked command in '/home/robo/RoboFEI-HT_2023_SOFTWARE/build/robot_bringup' returned '0': AMENT_PREFIX_PATH=/home/robo/RoboFEI-HT_2023_SOFTWARE/install/control:/home/robo/RoboFEI-HT_2023_SOFTWARE/install/serial:/home/robo/RoboFEI-HT_2023_SOFTWARE/install/custom_interfaces:${AMENT_PREFIX_PATH} CMAKE_PREFIX_PATH=/home/robo/RoboFEI-HT_2023_SOFTWARE/install/control:/home/robo/RoboFEI-HT_2023_SOFTWARE/install/serial:/home/robo/RoboFEI-HT_2023_SOFTWARE/install/custom_interfaces:/opt/ros/humble LD_LIBRARY_PATH=/home/robo/RoboFEI-HT_2023_SOFTWARE/install/control/lib:/home/robo/RoboFEI-HT_2023_SOFTWARE/install/serial/lib:/home/robo/RoboFEI-HT_2023_SOFTWARE/install/custom_interfaces/lib:${LD_LIBRARY_PATH} PYTHONPATH=/home/robo/RoboFEI-HT_2023_SOFTWARE/install/custom_interfaces/local/lib/python3.10/dist-packages:${PYTHONPATH} /usr/bin/cmake --build /home/robo/RoboFEI-HT_2023_SOFTWARE/build/robot_bringup -- -j8 -l8
[0.580s] Invoking command in '/home/robo/RoboFEI-HT_2023_SOFTWARE/build/robot_bringup': AMENT_PREFIX_PATH=/home/robo/RoboFEI-HT_2023_SOFTWARE/install/control:/home/robo/RoboFEI-HT_2023_SOFTWARE/install/serial:/home/robo/RoboFEI-HT_2023_SOFTWARE/install/custom_interfaces:${AMENT_PREFIX_PATH} CMAKE_PREFIX_PATH=/home/robo/RoboFEI-HT_2023_SOFTWARE/install/control:/home/robo/RoboFEI-HT_2023_SOFTWARE/install/serial:/home/robo/RoboFEI-HT_2023_SOFTWARE/install/custom_interfaces:/opt/ros/humble LD_LIBRARY_PATH=/home/robo/RoboFEI-HT_2023_SOFTWARE/install/control/lib:/home/robo/RoboFEI-HT_2023_SOFTWARE/install/serial/lib:/home/robo/RoboFEI-HT_2023_SOFTWARE/install/custom_interfaces/lib:${LD_LIBRARY_PATH} PYTHONPATH=/home/robo/RoboFEI-HT_2023_SOFTWARE/install/custom_interfaces/local/lib/python3.10/dist-packages:${PYTHONPATH} /usr/bin/cmake --install /home/robo/RoboFEI-HT_2023_SOFTWARE/build/robot_bringup
[0.585s] -- Install configuration: ""
[0.586s] -- Execute custom install script
[0.586s] -- Symlinking: /home/robo/RoboFEI-HT_2023_SOFTWARE/install/robot_bringup/share/robot_bringup/launch/control_bringup.launch.py
[0.593s] -- Symlinking: /home/robo/RoboFEI-HT_2023_SOFTWARE/install/robot_bringup/share/robot_bringup/launch/decision_bringup.launch.py
[0.601s] -- Symlinking: /home/robo/RoboFEI-HT_2023_SOFTWARE/install/robot_bringup/share/robot_bringup/launch/gamecontroller_bringup.launch.py
[0.607s] -- Symlinking: /home/robo/RoboFEI-HT_2023_SOFTWARE/install/robot_bringup/share/robot_bringup/launch/gui_bringup.launch.py
[0.613s] -- Symlinking: /home/robo/RoboFEI-HT_2023_SOFTWARE/install/robot_bringup/share/robot_bringup/launch/motors_bringup.launch.py
[0.619s] -- Symlinking: /home/robo/RoboFEI-HT_2023_SOFTWARE/install/robot_bringup/share/robot_bringup/launch/robot_bringup.launch.py
[0.628s] -- Symlinking: /home/robo/RoboFEI-HT_2023_SOFTWARE/install/robot_bringup/share/robot_bringup/launch/vision_bringup.launch.py
[0.638s] -- Symlinking: /home/robo/RoboFEI-HT_2023_SOFTWARE/install/robot_bringup/share/robot_bringup/config/robot_config1.yaml
[0.648s] -- Symlinking: /home/robo/RoboFEI-HT_2023_SOFTWARE/install/robot_bringup/share/robot_bringup/config/robot_config2.yaml
[0.657s] -- Symlinking: /home/robo/RoboFEI-HT_2023_SOFTWARE/install/robot_bringup/share/robot_bringup/config/robot_config3.yaml
[0.667s] -- Symlinking: /home/robo/RoboFEI-HT_2023_SOFTWARE/install/robot_bringup/share/robot_bringup/config/robot_config4.yaml
[0.675s] -- Symlinking: /home/robo/RoboFEI-HT_2023_SOFTWARE/install/robot_bringup/share/ament_index/resource_index/package_run_dependencies/robot_bringup
[0.684s] -- Symlinking: /home/robo/RoboFEI-HT_2023_SOFTWARE/install/robot_bringup/share/ament_index/resource_index/parent_prefix_path/robot_bringup
[0.692s] -- Symlinking: /home/robo/RoboFEI-HT_2023_SOFTWARE/install/robot_bringup/share/robot_bringup/environment/ament_prefix_path.sh
[0.701s] -- Symlinking: /home/robo/RoboFEI-HT_2023_SOFTWARE/install/robot_bringup/share/robot_bringup/environment/ament_prefix_path.dsv
[0.708s] -- Symlinking: /home/robo/RoboFEI-HT_2023_SOFTWARE/install/robot_bringup/share/robot_bringup/environment/path.sh
[0.716s] -- Symlinking: /home/robo/RoboFEI-HT_2023_SOFTWARE/install/robot_bringup/share/robot_bringup/environment/path.dsv
[0.724s] -- Symlinking: /home/robo/RoboFEI-HT_2023_SOFTWARE/install/robot_bringup/share/robot_bringup/local_setup.bash
[0.731s] -- Symlinking: /home/robo/RoboFEI-HT_2023_SOFTWARE/install/robot_bringup/share/robot_bringup/local_setup.sh
[0.738s] -- Symlinking: /home/robo/RoboFEI-HT_2023_SOFTWARE/install/robot_bringup/share/robot_bringup/local_setup.zsh
[0.745s] -- Symlinking: /home/robo/RoboFEI-HT_2023_SOFTWARE/install/robot_bringup/share/robot_bringup/local_setup.dsv
[0.751s] -- Symlinking: /home/robo/RoboFEI-HT_2023_SOFTWARE/install/robot_bringup/share/robot_bringup/package.dsv
[0.757s] -- Symlinking: /home/robo/RoboFEI-HT_2023_SOFTWARE/install/robot_bringup/share/ament_index/resource_index/packages/robot_bringup
[0.764s] -- Symlinking: /home/robo/RoboFEI-HT_2023_SOFTWARE/install/robot_bringup/share/robot_bringup/cmake/robot_bringupConfig.cmake
[0.770s] -- Symlinking: /home/robo/RoboFEI-HT_2023_SOFTWARE/install/robot_bringup/share/robot_bringup/cmake/robot_bringupConfig-version.cmake
[0.777s] -- Symlinking: /home/robo/RoboFEI-HT_2023_SOFTWARE/install/robot_bringup/share/robot_bringup/package.xml
[0.786s] Invoked command in '/home/robo/RoboFEI-HT_2023_SOFTWARE/build/robot_bringup' returned '0': AMENT_PREFIX_PATH=/home/robo/RoboFEI-HT_2023_SOFTWARE/install/control:/home/robo/RoboFEI-HT_2023_SOFTWARE/install/serial:/home/robo/RoboFEI-HT_2023_SOFTWARE/install/custom_interfaces:${AMENT_PREFIX_PATH} CMAKE_PREFIX_PATH=/home/robo/RoboFEI-HT_2023_SOFTWARE/install/control:/home/robo/RoboFEI-HT_2023_SOFTWARE/install/serial:/home/robo/RoboFEI-HT_2023_SOFTWARE/install/custom_interfaces:/opt/ros/humble LD_LIBRARY_PATH=/home/robo/RoboFEI-HT_2023_SOFTWARE/install/control/lib:/home/robo/RoboFEI-HT_2023_SOFTWARE/install/serial/lib:/home/robo/RoboFEI-HT_2023_SOFTWARE/install/custom_interfaces/lib:${LD_LIBRARY_PATH} PYTHONPATH=/home/robo/RoboFEI-HT_2023_SOFTWARE/install/custom_interfaces/local/lib/python3.10/dist-packages:${PYTHONPATH} /usr/bin/cmake --install /home/robo/RoboFEI-HT_2023_SOFTWARE/build/robot_bringup
