[0.030s] Invoking command in '/home/robo/RoboFEI-HT_2023_SOFTWARE/build/control': CMAKE_PREFIX_PATH=/home/robo/RoboFEI-HT_2023_SOFTWARE/install/serial:/home/robo/RoboFEI-HT_2023_SOFTWARE/install/custom_interfaces:/home/robo/RoboFEI-HT_2023_SOFTWARE/install/um7:/home/robo/RoboFEI-HT_2023_SOFTWARE/install/robot_bringup:/home/robo/RoboFEI-HT_2023_SOFTWARE/install/control:/home/robo/RoboFEI-HT_2023_SOFTWARE/install/motors_pkg:/home/robo/RoboFEI-HT_2023_SOFTWARE/install/gui:/home/robo/RoboFEI-HT_2023_SOFTWARE/install/decision_pkg_cpp:/home/robo/RoboFEI-HT_2023_SOFTWARE/install/vision_pkg:/home/robo/RoboFEI-HT_2023_SOFTWARE/install/localization_pkg:/home/robo/RoboFEI-HT_2023_SOFTWARE/install/imu:/home/robo/RoboFEI-HT_2023_SOFTWARE/install/game_controller:/home/robo/RoboFEI-HT_2023_SOFTWARE/install/decision_pkg:/opt/ros/humble LD_LIBRARY_PATH=/home/robo/RoboFEI-HT_2023_SOFTWARE/install/custom_interfaces/lib:/home/robo/RoboFEI-HT_2023_SOFTWARE/install/um7/lib:/home/robo/RoboFEI-HT_2023_SOFTWARE/install/control/lib:/home/robo/RoboFEI-HT_2023_SOFTWARE/install/serial/lib:/opt/ros/humble/opt/rviz_ogre_vendor/lib:/opt/ros/humble/lib/x86_64-linux-gnu:/opt/ros/humble/lib /usr/bin/cmake --build /home/robo/RoboFEI-HT_2023_SOFTWARE/build/control -- -j8 -l8
[0.312s] [  3%] [32mBuilding CXX object CMakeFiles/neck_control.dir/src/neck_control.cpp.o[0m
[0.313s] [ 11%] Built target robot_joy_control
[0.313s] [ 74%] Built target motion
[0.313s] [ 81%] Built target decision
[0.313s] [ 88%] Built target gait_publisher
[0.313s] [ 96%] Built target control
[2.382s] [01m[K/home/robo/RoboFEI-HT_2023_SOFTWARE/src/control/src/neck_control.cpp:[m[K In member function ‘[01m[Kvoid NeckNode::listener_callback_vision(custom_interfaces::msg::Vision_<std::allocator<void> >::SharedPtr)[m[K’:
[2.383s] [01m[K/home/robo/RoboFEI-HT_2023_SOFTWARE/src/control/src/neck_control.cpp:103:8:[m[K [01;31m[Kerror: [m[K‘[01m[Kstruct BallInformation[m[K’ has no member named ‘[01m[Kcenter[m[K’
[2.383s]   103 |   ball.[01;31m[Kcenter[m[K       =   msg->center;
[2.383s]       |        [01;31m[K^~~~~~[m[K
[2.383s] [01m[K/home/robo/RoboFEI-HT_2023_SOFTWARE/src/control/src/neck_control.cpp:103:30:[m[K [01;31m[Kerror: [m[K‘[01m[Kusing element_type = struct custom_interfaces::msg::Vision_<std::allocator<void> >[m[K’ {aka ‘[01m[Kstruct custom_interfaces::msg::Vision_<std::allocator<void> >[m[K’} has no member named ‘[01m[Kcenter[m[K’
[2.383s]   103 |   ball.center       =   msg->[01;31m[Kcenter[m[K;
[2.383s]       |                              [01;31m[K^~~~~~[m[K
[2.385s] [01m[K/home/robo/RoboFEI-HT_2023_SOFTWARE/src/control/src/neck_control.cpp:[m[K In member function ‘[01m[Kvoid NeckNode::main_callback()[m[K’:
[2.385s] [01m[K/home/robo/RoboFEI-HT_2023_SOFTWARE/src/control/src/neck_control.cpp:148:10:[m[K [01;35m[Kwarning: [m[Kenumeration value ‘[01m[Kfollow_ball[m[K’ not handled in switch [[01;35m[K]8;;https://gcc.gnu.org/onlinedocs/gcc/Warning-Options.html#index-Wswitch-Wswitch]8;;[m[K]
[2.385s]   148 |   switch [01;35m[K([m[Kthis->robot_state)
[2.385s]       |          [01;35m[K^[m[K
[5.908s] gmake[2]: *** [CMakeFiles/neck_control.dir/build.make:76: CMakeFiles/neck_control.dir/src/neck_control.cpp.o] Error 1
[5.908s] gmake[1]: *** [CMakeFiles/Makefile2:199: CMakeFiles/neck_control.dir/all] Error 2
[5.908s] gmake: *** [Makefile:146: all] Error 2
[5.910s] Invoked command in '/home/robo/RoboFEI-HT_2023_SOFTWARE/build/control' returned '2': CMAKE_PREFIX_PATH=/home/robo/RoboFEI-HT_2023_SOFTWARE/install/serial:/home/robo/RoboFEI-HT_2023_SOFTWARE/install/custom_interfaces:/home/robo/RoboFEI-HT_2023_SOFTWARE/install/um7:/home/robo/RoboFEI-HT_2023_SOFTWARE/install/robot_bringup:/home/robo/RoboFEI-HT_2023_SOFTWARE/install/control:/home/robo/RoboFEI-HT_2023_SOFTWARE/install/motors_pkg:/home/robo/RoboFEI-HT_2023_SOFTWARE/install/gui:/home/robo/RoboFEI-HT_2023_SOFTWARE/install/decision_pkg_cpp:/home/robo/RoboFEI-HT_2023_SOFTWARE/install/vision_pkg:/home/robo/RoboFEI-HT_2023_SOFTWARE/install/localization_pkg:/home/robo/RoboFEI-HT_2023_SOFTWARE/install/imu:/home/robo/RoboFEI-HT_2023_SOFTWARE/install/game_controller:/home/robo/RoboFEI-HT_2023_SOFTWARE/install/decision_pkg:/opt/ros/humble LD_LIBRARY_PATH=/home/robo/RoboFEI-HT_2023_SOFTWARE/install/custom_interfaces/lib:/home/robo/RoboFEI-HT_2023_SOFTWARE/install/um7/lib:/home/robo/RoboFEI-HT_2023_SOFTWARE/install/control/lib:/home/robo/RoboFEI-HT_2023_SOFTWARE/install/serial/lib:/opt/ros/humble/opt/rviz_ogre_vendor/lib:/opt/ros/humble/lib/x86_64-linux-gnu:/opt/ros/humble/lib /usr/bin/cmake --build /home/robo/RoboFEI-HT_2023_SOFTWARE/build/control -- -j8 -l8
