[1.270s] Invoking command in '/home/robo/RoboFEI-HT_2023_SOFTWARE/build/decision_pkg': AMENT_PREFIX_PATH=/home/robo/RoboFEI-HT_2023_SOFTWARE/install/custom_interfaces:${AMENT_PREFIX_PATH} CMAKE_PREFIX_PATH=/home/robo/RoboFEI-HT_2023_SOFTWARE/install/custom_interfaces LD_LIBRARY_PATH=/home/robo/RoboFEI-HT_2023_SOFTWARE/install/custom_interfaces/lib:${LD_LIBRARY_PATH} PYTHONPATH=/home/robo/RoboFEI-HT_2023_SOFTWARE/build/decision_pkg/prefix_override:/usr/lib/python3/dist-packages/colcon_core/task/python/colcon_distutils_commands:/home/robo/RoboFEI-HT_2023_SOFTWARE/install/decision_pkg/lib/python3.10/site-packages:/home/robo/RoboFEI-HT_2023_SOFTWARE/install/custom_interfaces/local/lib/python3.10/dist-packages:${PYTHONPATH} /usr/bin/python3 -W ignore:setup.py install is deprecated setup.py develop --editable --build-directory /home/robo/RoboFEI-HT_2023_SOFTWARE/build/decision_pkg/build --no-deps symlink_data
[2.083s] /usr/lib/python3/dist-packages/setuptools/dist.py:723: UserWarning: Usage of dash-separated 'script-dir' will not be supported in future versions. Please use the underscore name 'script_dir' instead
[2.083s]   warnings.warn(
[2.171s] running develop
[2.171s] /usr/lib/python3/dist-packages/setuptools/command/easy_install.py:158: EasyInstallDeprecationWarning: easy_install command is deprecated. Use build and pip and other standards-based tools.
[2.172s]   warnings.warn(
[2.646s] running egg_info
[2.646s] writing decision_pkg.egg-info/PKG-INFO
[2.646s] writing dependency_links to decision_pkg.egg-info/dependency_links.txt
[2.646s] writing entry points to decision_pkg.egg-info/entry_points.txt
[2.646s] writing requirements to decision_pkg.egg-info/requires.txt
[2.647s] writing top-level names to decision_pkg.egg-info/top_level.txt
[2.654s] reading manifest file 'decision_pkg.egg-info/SOURCES.txt'
[2.655s] writing manifest file 'decision_pkg.egg-info/SOURCES.txt'
[2.666s] running build_ext
[2.666s] Creating /home/robo/RoboFEI-HT_2023_SOFTWARE/install/decision_pkg/lib/python3.10/site-packages/decision-pkg.egg-link (link to .)
[2.668s] Installing decision_action script to /home/robo/RoboFEI-HT_2023_SOFTWARE/install/decision_pkg/lib/decision_pkg
[2.669s] Installing decision_node script to /home/robo/RoboFEI-HT_2023_SOFTWARE/install/decision_pkg/lib/decision_pkg
[2.669s] 
[2.669s] Installed /home/robo/RoboFEI-HT_2023_SOFTWARE/build/decision_pkg
[2.669s] running symlink_data
[2.858s] Invoked command in '/home/robo/RoboFEI-HT_2023_SOFTWARE/build/decision_pkg' returned '0': AMENT_PREFIX_PATH=/home/robo/RoboFEI-HT_2023_SOFTWARE/install/custom_interfaces:${AMENT_PREFIX_PATH} CMAKE_PREFIX_PATH=/home/robo/RoboFEI-HT_2023_SOFTWARE/install/custom_interfaces LD_LIBRARY_PATH=/home/robo/RoboFEI-HT_2023_SOFTWARE/install/custom_interfaces/lib:${LD_LIBRARY_PATH} PYTHONPATH=/home/robo/RoboFEI-HT_2023_SOFTWARE/build/decision_pkg/prefix_override:/usr/lib/python3/dist-packages/colcon_core/task/python/colcon_distutils_commands:/home/robo/RoboFEI-HT_2023_SOFTWARE/install/decision_pkg/lib/python3.10/site-packages:/home/robo/RoboFEI-HT_2023_SOFTWARE/install/custom_interfaces/local/lib/python3.10/dist-packages:${PYTHONPATH} /usr/bin/python3 -W ignore:setup.py install is deprecated setup.py develop --editable --build-directory /home/robo/RoboFEI-HT_2023_SOFTWARE/build/decision_pkg/build --no-deps symlink_data
