[1.392s] Invoking command in '/home/robo/RoboFEI-HT_2023_SOFTWARE/build/decision_pkg': CMAKE_PREFIX_PATH=/home/robo/RoboFEI-HT_2023_SOFTWARE/install/custom_interfaces:/home/robo/RoboFEI-HT_2023_SOFTWARE/install/um7:/home/robo/RoboFEI-HT_2023_SOFTWARE/install/robot_bringup:/home/robo/RoboFEI-HT_2023_SOFTWARE/install/control:/home/robo/RoboFEI-HT_2023_SOFTWARE/install/serial:/home/robo/RoboFEI-HT_2023_SOFTWARE/install/motors_pkg:/home/robo/RoboFEI-HT_2023_SOFTWARE/install/gui:/home/robo/RoboFEI-HT_2023_SOFTWARE/install/decision_pkg_cpp LD_LIBRARY_PATH=/home/robo/RoboFEI-HT_2023_SOFTWARE/install/custom_interfaces/lib:/home/robo/RoboFEI-HT_2023_SOFTWARE/install/um7/lib:/home/robo/RoboFEI-HT_2023_SOFTWARE/install/control/lib:/home/robo/RoboFEI-HT_2023_SOFTWARE/install/serial/lib:/opt/ros/humble/opt/rviz_ogre_vendor/lib:/opt/ros/humble/lib/x86_64-linux-gnu:/opt/ros/humble/lib PYTHONPATH=/home/robo/RoboFEI-HT_2023_SOFTWARE/build/decision_pkg/prefix_override:/usr/lib/python3/dist-packages/colcon_core/task/python/colcon_distutils_commands:/home/robo/RoboFEI-HT_2023_SOFTWARE/install/decision_pkg/lib/python3.10/site-packages:${PYTHONPATH} /usr/bin/python3 -W ignore:setup.py install is deprecated setup.py develop --editable --build-directory /home/robo/RoboFEI-HT_2023_SOFTWARE/build/decision_pkg/build --no-deps symlink_data
[1.914s] /usr/lib/python3/dist-packages/setuptools/dist.py:723: UserWarning: Usage of dash-separated 'script-dir' will not be supported in future versions. Please use the underscore name 'script_dir' instead
[1.914s]   warnings.warn(
[2.009s] running develop
[2.010s] /usr/lib/python3/dist-packages/setuptools/command/easy_install.py:158: EasyInstallDeprecationWarning: easy_install command is deprecated. Use build and pip and other standards-based tools.
[2.010s]   warnings.warn(
[2.314s] running egg_info
[2.315s] writing decision_pkg.egg-info/PKG-INFO
[2.316s] writing dependency_links to decision_pkg.egg-info/dependency_links.txt
[2.317s] writing entry points to decision_pkg.egg-info/entry_points.txt
[2.317s] writing requirements to decision_pkg.egg-info/requires.txt
[2.317s] writing top-level names to decision_pkg.egg-info/top_level.txt
[2.330s] reading manifest file 'decision_pkg.egg-info/SOURCES.txt'
[2.337s] writing manifest file 'decision_pkg.egg-info/SOURCES.txt'
[2.343s] running build_ext
[2.344s] Creating /home/robo/RoboFEI-HT_2023_SOFTWARE/install/decision_pkg/lib/python3.10/site-packages/decision-pkg.egg-link (link to .)
[2.349s] Installing decision_action script to /home/robo/RoboFEI-HT_2023_SOFTWARE/install/decision_pkg/lib/decision_pkg
[2.350s] Installing decision_node script to /home/robo/RoboFEI-HT_2023_SOFTWARE/install/decision_pkg/lib/decision_pkg
[2.352s] 
[2.352s] Installed /home/robo/RoboFEI-HT_2023_SOFTWARE/build/decision_pkg
[2.352s] running symlink_data
[2.556s] Invoked command in '/home/robo/RoboFEI-HT_2023_SOFTWARE/build/decision_pkg' returned '0': CMAKE_PREFIX_PATH=/home/robo/RoboFEI-HT_2023_SOFTWARE/install/custom_interfaces:/home/robo/RoboFEI-HT_2023_SOFTWARE/install/um7:/home/robo/RoboFEI-HT_2023_SOFTWARE/install/robot_bringup:/home/robo/RoboFEI-HT_2023_SOFTWARE/install/control:/home/robo/RoboFEI-HT_2023_SOFTWARE/install/serial:/home/robo/RoboFEI-HT_2023_SOFTWARE/install/motors_pkg:/home/robo/RoboFEI-HT_2023_SOFTWARE/install/gui:/home/robo/RoboFEI-HT_2023_SOFTWARE/install/decision_pkg_cpp LD_LIBRARY_PATH=/home/robo/RoboFEI-HT_2023_SOFTWARE/install/custom_interfaces/lib:/home/robo/RoboFEI-HT_2023_SOFTWARE/install/um7/lib:/home/robo/RoboFEI-HT_2023_SOFTWARE/install/control/lib:/home/robo/RoboFEI-HT_2023_SOFTWARE/install/serial/lib:/opt/ros/humble/opt/rviz_ogre_vendor/lib:/opt/ros/humble/lib/x86_64-linux-gnu:/opt/ros/humble/lib PYTHONPATH=/home/robo/RoboFEI-HT_2023_SOFTWARE/build/decision_pkg/prefix_override:/usr/lib/python3/dist-packages/colcon_core/task/python/colcon_distutils_commands:/home/robo/RoboFEI-HT_2023_SOFTWARE/install/decision_pkg/lib/python3.10/site-packages:${PYTHONPATH} /usr/bin/python3 -W ignore:setup.py install is deprecated setup.py develop --editable --build-directory /home/robo/RoboFEI-HT_2023_SOFTWARE/build/decision_pkg/build --no-deps symlink_data
