[0.369s] Invoking command in '/home/robo/RoboFEI-HT_2023_SOFTWARE/build/decision_pkg_cpp': CMAKE_PREFIX_PATH=/home/robo/RoboFEI-HT_2023_SOFTWARE/install/custom_interfaces:/home/robo/RoboFEI-HT_2023_SOFTWARE/install/um7:/home/robo/RoboFEI-HT_2023_SOFTWARE/install/robot_bringup:/home/robo/RoboFEI-HT_2023_SOFTWARE/install/control:/home/robo/RoboFEI-HT_2023_SOFTWARE/install/serial:/home/robo/RoboFEI-HT_2023_SOFTWARE/install/motors_pkg:/home/robo/RoboFEI-HT_2023_SOFTWARE/install/gui:/home/robo/RoboFEI-HT_2023_SOFTWARE/install/decision_pkg_cpp:/home/robo/RoboFEI-HT_2023_SOFTWARE/install/vision_pkg:/home/robo/RoboFEI-HT_2023_SOFTWARE/install/localization_pkg:/home/robo/RoboFEI-HT_2023_SOFTWARE/install/imu:/home/robo/RoboFEI-HT_2023_SOFTWARE/install/game_controller:/home/robo/RoboFEI-HT_2023_SOFTWARE/install/decision_pkg:/opt/ros/humble LD_LIBRARY_PATH=/home/robo/RoboFEI-HT_2023_SOFTWARE/install/custom_interfaces/lib:/home/robo/RoboFEI-HT_2023_SOFTWARE/install/um7/lib:/home/robo/RoboFEI-HT_2023_SOFTWARE/install/control/lib:/home/robo/RoboFEI-HT_2023_SOFTWARE/install/serial/lib:/opt/ros/humble/opt/rviz_ogre_vendor/lib:/opt/ros/humble/lib/x86_64-linux-gnu:/opt/ros/humble/lib /usr/bin/cmake --build /home/robo/RoboFEI-HT_2023_SOFTWARE/build/decision_pkg_cpp -- -j8 -l8
[0.408s] [35m[1mConsolidate compiler generated dependencies of target decision[0m
[0.409s] [35m[1mConsolidate compiler generated dependencies of target robot_behavior[0m
[0.428s] [ 75%] Built target decision
[0.429s] [ 75%] [32mBuilding CXX object CMakeFiles/robot_behavior.dir/src/robot_behavior.cpp.o[0m
[2.642s] In file included from [01m[K/home/robo/RoboFEI-HT_2023_SOFTWARE/src/decision_pkg_cpp/src/robot_behavior.cpp:4[m[K:
[2.642s] [01m[K/home/robo/RoboFEI-HT_2023_SOFTWARE/src/decision_pkg_cpp/src/decision_node.cpp:[m[K In member function ‘[01m[Kvoid DecisionNode::feedback_callback(rclcpp_action::ClientGoalHandle<custom_interfaces::action::Control>::SharedPtr, std::shared_ptr<const custom_interfaces::action::Control_Feedback_<std::allocator<void> > >)[m[K’:
[2.642s] [01m[K/home/robo/RoboFEI-HT_2023_SOFTWARE/src/decision_pkg_cpp/src/decision_node.cpp:253:59:[m[K [01;35m[Kwarning: [m[Kunused parameter ‘[01m[Kfeedback[m[K’ [[01;35m[K]8;;https://gcc.gnu.org/onlinedocs/gcc/Warning-Options.html#index-Wunused-parameter-Wunused-parameter]8;;[m[K]
[2.643s]   253 |   [01;35m[Kconst std::shared_ptr<const ControlActionMsg::Feedback> feedback[m[K)
[2.643s]       |   [01;35m[K~~~~~~~~~~~~~~~~~~~~~~~~~~~~~~~~~~~~~~~~~~~~~~~~~~~~~~~~^~~~~~~~[m[K
[8.545s] [01m[K/home/robo/RoboFEI-HT_2023_SOFTWARE/src/decision_pkg_cpp/src/robot_behavior.cpp:[m[K In member function ‘[01m[Kbool RobotBehavior::robot_align_with_the_ball()[m[K’:
[8.546s] [01m[K/home/robo/RoboFEI-HT_2023_SOFTWARE/src/decision_pkg_cpp/src/robot_behavior.cpp:271:1:[m[K [01;35m[Kwarning: [m[Kcontrol reaches end of non-void function [[01;35m[K]8;;https://gcc.gnu.org/onlinedocs/gcc/Warning-Options.html#index-Wreturn-type-Wreturn-type]8;;[m[K]
[8.546s]   271 | [01;35m[K}[m[K
[8.546s]       | [01;35m[K^[m[K
[18.112s] [100%] [32m[1mLinking CXX executable robot_behavior[0m
[19.444s] [100%] Built target robot_behavior
[19.453s] Invoked command in '/home/robo/RoboFEI-HT_2023_SOFTWARE/build/decision_pkg_cpp' returned '0': CMAKE_PREFIX_PATH=/home/robo/RoboFEI-HT_2023_SOFTWARE/install/custom_interfaces:/home/robo/RoboFEI-HT_2023_SOFTWARE/install/um7:/home/robo/RoboFEI-HT_2023_SOFTWARE/install/robot_bringup:/home/robo/RoboFEI-HT_2023_SOFTWARE/install/control:/home/robo/RoboFEI-HT_2023_SOFTWARE/install/serial:/home/robo/RoboFEI-HT_2023_SOFTWARE/install/motors_pkg:/home/robo/RoboFEI-HT_2023_SOFTWARE/install/gui:/home/robo/RoboFEI-HT_2023_SOFTWARE/install/decision_pkg_cpp:/home/robo/RoboFEI-HT_2023_SOFTWARE/install/vision_pkg:/home/robo/RoboFEI-HT_2023_SOFTWARE/install/localization_pkg:/home/robo/RoboFEI-HT_2023_SOFTWARE/install/imu:/home/robo/RoboFEI-HT_2023_SOFTWARE/install/game_controller:/home/robo/RoboFEI-HT_2023_SOFTWARE/install/decision_pkg:/opt/ros/humble LD_LIBRARY_PATH=/home/robo/RoboFEI-HT_2023_SOFTWARE/install/custom_interfaces/lib:/home/robo/RoboFEI-HT_2023_SOFTWARE/install/um7/lib:/home/robo/RoboFEI-HT_2023_SOFTWARE/install/control/lib:/home/robo/RoboFEI-HT_2023_SOFTWARE/install/serial/lib:/opt/ros/humble/opt/rviz_ogre_vendor/lib:/opt/ros/humble/lib/x86_64-linux-gnu:/opt/ros/humble/lib /usr/bin/cmake --build /home/robo/RoboFEI-HT_2023_SOFTWARE/build/decision_pkg_cpp -- -j8 -l8
[19.474s] Invoking command in '/home/robo/RoboFEI-HT_2023_SOFTWARE/build/decision_pkg_cpp': CMAKE_PREFIX_PATH=/home/robo/RoboFEI-HT_2023_SOFTWARE/install/custom_interfaces:/home/robo/RoboFEI-HT_2023_SOFTWARE/install/um7:/home/robo/RoboFEI-HT_2023_SOFTWARE/install/robot_bringup:/home/robo/RoboFEI-HT_2023_SOFTWARE/install/control:/home/robo/RoboFEI-HT_2023_SOFTWARE/install/serial:/home/robo/RoboFEI-HT_2023_SOFTWARE/install/motors_pkg:/home/robo/RoboFEI-HT_2023_SOFTWARE/install/gui:/home/robo/RoboFEI-HT_2023_SOFTWARE/install/decision_pkg_cpp:/home/robo/RoboFEI-HT_2023_SOFTWARE/install/vision_pkg:/home/robo/RoboFEI-HT_2023_SOFTWARE/install/localization_pkg:/home/robo/RoboFEI-HT_2023_SOFTWARE/install/imu:/home/robo/RoboFEI-HT_2023_SOFTWARE/install/game_controller:/home/robo/RoboFEI-HT_2023_SOFTWARE/install/decision_pkg:/opt/ros/humble LD_LIBRARY_PATH=/home/robo/RoboFEI-HT_2023_SOFTWARE/install/custom_interfaces/lib:/home/robo/RoboFEI-HT_2023_SOFTWARE/install/um7/lib:/home/robo/RoboFEI-HT_2023_SOFTWARE/install/control/lib:/home/robo/RoboFEI-HT_2023_SOFTWARE/install/serial/lib:/opt/ros/humble/opt/rviz_ogre_vendor/lib:/opt/ros/humble/lib/x86_64-linux-gnu:/opt/ros/humble/lib /usr/bin/cmake --install /home/robo/RoboFEI-HT_2023_SOFTWARE/build/decision_pkg_cpp
[19.479s] -- Install configuration: ""
[19.480s] -- Execute custom install script
[19.480s] -- Up-to-date symlink: /home/robo/RoboFEI-HT_2023_SOFTWARE/install/decision_pkg_cpp/lib/decision_pkg_cpp/robot_behavior
[19.480s] -- Up-to-date symlink: /home/robo/RoboFEI-HT_2023_SOFTWARE/install/decision_pkg_cpp/share/ament_index/resource_index/package_run_dependencies/decision_pkg_cpp
[19.480s] -- Up-to-date symlink: /home/robo/RoboFEI-HT_2023_SOFTWARE/install/decision_pkg_cpp/share/ament_index/resource_index/parent_prefix_path/decision_pkg_cpp
[19.480s] -- Up-to-date symlink: /home/robo/RoboFEI-HT_2023_SOFTWARE/install/decision_pkg_cpp/share/decision_pkg_cpp/environment/ament_prefix_path.sh
[19.480s] -- Up-to-date symlink: /home/robo/RoboFEI-HT_2023_SOFTWARE/install/decision_pkg_cpp/share/decision_pkg_cpp/environment/ament_prefix_path.dsv
[19.481s] -- Up-to-date symlink: /home/robo/RoboFEI-HT_2023_SOFTWARE/install/decision_pkg_cpp/share/decision_pkg_cpp/environment/path.sh
[19.481s] -- Up-to-date symlink: /home/robo/RoboFEI-HT_2023_SOFTWARE/install/decision_pkg_cpp/share/decision_pkg_cpp/environment/path.dsv
[19.481s] -- Up-to-date symlink: /home/robo/RoboFEI-HT_2023_SOFTWARE/install/decision_pkg_cpp/share/decision_pkg_cpp/local_setup.bash
[19.481s] -- Up-to-date symlink: /home/robo/RoboFEI-HT_2023_SOFTWARE/install/decision_pkg_cpp/share/decision_pkg_cpp/local_setup.sh
[19.481s] -- Up-to-date symlink: /home/robo/RoboFEI-HT_2023_SOFTWARE/install/decision_pkg_cpp/share/decision_pkg_cpp/local_setup.zsh
[19.481s] -- Up-to-date symlink: /home/robo/RoboFEI-HT_2023_SOFTWARE/install/decision_pkg_cpp/share/decision_pkg_cpp/local_setup.dsv
[19.481s] -- Symlinking: /home/robo/RoboFEI-HT_2023_SOFTWARE/install/decision_pkg_cpp/share/decision_pkg_cpp/package.dsv
[19.488s] -- Up-to-date symlink: /home/robo/RoboFEI-HT_2023_SOFTWARE/install/decision_pkg_cpp/share/ament_index/resource_index/packages/decision_pkg_cpp
[19.488s] -- Up-to-date symlink: /home/robo/RoboFEI-HT_2023_SOFTWARE/install/decision_pkg_cpp/share/decision_pkg_cpp/cmake/decision_pkg_cppConfig.cmake
[19.488s] -- Up-to-date symlink: /home/robo/RoboFEI-HT_2023_SOFTWARE/install/decision_pkg_cpp/share/decision_pkg_cpp/cmake/decision_pkg_cppConfig-version.cmake
[19.488s] -- Up-to-date symlink: /home/robo/RoboFEI-HT_2023_SOFTWARE/install/decision_pkg_cpp/share/decision_pkg_cpp/package.xml
[19.490s] Invoked command in '/home/robo/RoboFEI-HT_2023_SOFTWARE/build/decision_pkg_cpp' returned '0': CMAKE_PREFIX_PATH=/home/robo/RoboFEI-HT_2023_SOFTWARE/install/custom_interfaces:/home/robo/RoboFEI-HT_2023_SOFTWARE/install/um7:/home/robo/RoboFEI-HT_2023_SOFTWARE/install/robot_bringup:/home/robo/RoboFEI-HT_2023_SOFTWARE/install/control:/home/robo/RoboFEI-HT_2023_SOFTWARE/install/serial:/home/robo/RoboFEI-HT_2023_SOFTWARE/install/motors_pkg:/home/robo/RoboFEI-HT_2023_SOFTWARE/install/gui:/home/robo/RoboFEI-HT_2023_SOFTWARE/install/decision_pkg_cpp:/home/robo/RoboFEI-HT_2023_SOFTWARE/install/vision_pkg:/home/robo/RoboFEI-HT_2023_SOFTWARE/install/localization_pkg:/home/robo/RoboFEI-HT_2023_SOFTWARE/install/imu:/home/robo/RoboFEI-HT_2023_SOFTWARE/install/game_controller:/home/robo/RoboFEI-HT_2023_SOFTWARE/install/decision_pkg:/opt/ros/humble LD_LIBRARY_PATH=/home/robo/RoboFEI-HT_2023_SOFTWARE/install/custom_interfaces/lib:/home/robo/RoboFEI-HT_2023_SOFTWARE/install/um7/lib:/home/robo/RoboFEI-HT_2023_SOFTWARE/install/control/lib:/home/robo/RoboFEI-HT_2023_SOFTWARE/install/serial/lib:/opt/ros/humble/opt/rviz_ogre_vendor/lib:/opt/ros/humble/lib/x86_64-linux-gnu:/opt/ros/humble/lib /usr/bin/cmake --install /home/robo/RoboFEI-HT_2023_SOFTWARE/build/decision_pkg_cpp
