[0.021s] Invoking command in '/home/robo/RoboFEI-HT_2023_SOFTWARE/build/serial': BYOBU_DATE=%Y-%m-%d CMAKE_PREFIX_PATH=/opt/ros/humble /usr/bin/cmake --build /home/robo/RoboFEI-HT_2023_SOFTWARE/build/serial -- -j8 -l8
[0.610s] [100%] Built target serial
[0.794s] Invoked command in '/home/robo/RoboFEI-HT_2023_SOFTWARE/build/serial' returned '0': BYOBU_DATE=%Y-%m-%d CMAKE_PREFIX_PATH=/opt/ros/humble /usr/bin/cmake --build /home/robo/RoboFEI-HT_2023_SOFTWARE/build/serial -- -j8 -l8
[0.831s] Invoking command in '/home/robo/RoboFEI-HT_2023_SOFTWARE/build/serial': BYOBU_DATE=%Y-%m-%d CMAKE_PREFIX_PATH=/opt/ros/humble /usr/bin/cmake --install /home/robo/RoboFEI-HT_2023_SOFTWARE/build/serial
[0.840s] -- Install configuration: ""
[0.841s] -- Execute custom install script
[0.841s] -- Up-to-date symlink: /home/robo/RoboFEI-HT_2023_SOFTWARE/install/serial/share/serial/environment/library_path.sh
[0.841s] -- Up-to-date symlink: /home/robo/RoboFEI-HT_2023_SOFTWARE/install/serial/share/serial/environment/library_path.dsv
[0.841s] -- Up-to-date symlink: /home/robo/RoboFEI-HT_2023_SOFTWARE/install/serial/lib/libserial.a
[0.841s] -- Up-to-date symlink: /home/robo/RoboFEI-HT_2023_SOFTWARE/install/serial/include/serial/serial.h
[0.842s] -- Up-to-date symlink: /home/robo/RoboFEI-HT_2023_SOFTWARE/install/serial/include/serial/v8stdint.h
[0.842s] -- Up-to-date symlink: /home/robo/RoboFEI-HT_2023_SOFTWARE/install/serial/share/ament_index/resource_index/package_run_dependencies/serial
[0.842s] -- Up-to-date symlink: /home/robo/RoboFEI-HT_2023_SOFTWARE/install/serial/share/ament_index/resource_index/parent_prefix_path/serial
[0.842s] -- Up-to-date symlink: /home/robo/RoboFEI-HT_2023_SOFTWARE/install/serial/share/serial/environment/ament_prefix_path.sh
[0.842s] -- Up-to-date symlink: /home/robo/RoboFEI-HT_2023_SOFTWARE/install/serial/share/serial/environment/ament_prefix_path.dsv
[0.843s] -- Up-to-date symlink: /home/robo/RoboFEI-HT_2023_SOFTWARE/install/serial/share/serial/environment/path.sh
[0.843s] -- Up-to-date symlink: /home/robo/RoboFEI-HT_2023_SOFTWARE/install/serial/share/serial/environment/path.dsv
[0.843s] -- Up-to-date symlink: /home/robo/RoboFEI-HT_2023_SOFTWARE/install/serial/share/serial/local_setup.bash
[0.843s] -- Up-to-date symlink: /home/robo/RoboFEI-HT_2023_SOFTWARE/install/serial/share/serial/local_setup.sh
[0.845s] -- Up-to-date symlink: /home/robo/RoboFEI-HT_2023_SOFTWARE/install/serial/share/serial/local_setup.zsh
[0.845s] -- Up-to-date symlink: /home/robo/RoboFEI-HT_2023_SOFTWARE/install/serial/share/serial/local_setup.dsv
[0.845s] -- Symlinking: /home/robo/RoboFEI-HT_2023_SOFTWARE/install/serial/share/serial/package.dsv
[0.855s] -- Up-to-date symlink: /home/robo/RoboFEI-HT_2023_SOFTWARE/install/serial/share/ament_index/resource_index/packages/serial
[0.855s] -- Up-to-date symlink: /home/robo/RoboFEI-HT_2023_SOFTWARE/install/serial/share/serial/cmake/ament_cmake_export_include_directories-extras.cmake
[0.855s] -- Up-to-date symlink: /home/robo/RoboFEI-HT_2023_SOFTWARE/install/serial/share/serial/cmake/ament_cmake_export_libraries-extras.cmake
[0.855s] -- Up-to-date symlink: /home/robo/RoboFEI-HT_2023_SOFTWARE/install/serial/share/serial/cmake/serialConfig.cmake
[0.855s] -- Up-to-date symlink: /home/robo/RoboFEI-HT_2023_SOFTWARE/install/serial/share/serial/cmake/serialConfig-version.cmake
[0.855s] -- Up-to-date symlink: /home/robo/RoboFEI-HT_2023_SOFTWARE/install/serial/share/serial/package.xml
[0.858s] Invoked command in '/home/robo/RoboFEI-HT_2023_SOFTWARE/build/serial' returned '0': BYOBU_DATE=%Y-%m-%d CMAKE_PREFIX_PATH=/opt/ros/humble /usr/bin/cmake --install /home/robo/RoboFEI-HT_2023_SOFTWARE/build/serial
