[0.268s] Invoking command in '/home/robo/RoboFEI-HT_2023_SOFTWARE/build/decision_pkg_cpp': AMENT_PREFIX_PATH=/home/robo/RoboFEI-HT_2023_SOFTWARE/install/custom_interfaces:${AMENT_PREFIX_PATH} BYOBU_DATE=%Y-%m-%d CMAKE_PREFIX_PATH=/home/robo/RoboFEI-HT_2023_SOFTWARE/install/custom_interfaces:/opt/ros/humble LD_LIBRARY_PATH=/home/robo/RoboFEI-HT_2023_SOFTWARE/install/custom_interfaces/lib:${LD_LIBRARY_PATH} PYTHONPATH=/home/robo/RoboFEI-HT_2023_SOFTWARE/install/custom_interfaces/local/lib/python3.10/dist-packages:${PYTHONPATH} /usr/bin/cmake --build /home/robo/RoboFEI-HT_2023_SOFTWARE/build/decision_pkg_cpp -- -j8 -l8
[0.322s] [ 50%] Built target robot_behavior
[0.324s] [100%] Built target decision
[0.339s] Invoked command in '/home/robo/RoboFEI-HT_2023_SOFTWARE/build/decision_pkg_cpp' returned '0': AMENT_PREFIX_PATH=/home/robo/RoboFEI-HT_2023_SOFTWARE/install/custom_interfaces:${AMENT_PREFIX_PATH} BYOBU_DATE=%Y-%m-%d CMAKE_PREFIX_PATH=/home/robo/RoboFEI-HT_2023_SOFTWARE/install/custom_interfaces:/opt/ros/humble LD_LIBRARY_PATH=/home/robo/RoboFEI-HT_2023_SOFTWARE/install/custom_interfaces/lib:${LD_LIBRARY_PATH} PYTHONPATH=/home/robo/RoboFEI-HT_2023_SOFTWARE/install/custom_interfaces/local/lib/python3.10/dist-packages:${PYTHONPATH} /usr/bin/cmake --build /home/robo/RoboFEI-HT_2023_SOFTWARE/build/decision_pkg_cpp -- -j8 -l8
[0.368s] Invoking command in '/home/robo/RoboFEI-HT_2023_SOFTWARE/build/decision_pkg_cpp': AMENT_PREFIX_PATH=/home/robo/RoboFEI-HT_2023_SOFTWARE/install/custom_interfaces:${AMENT_PREFIX_PATH} BYOBU_DATE=%Y-%m-%d CMAKE_PREFIX_PATH=/home/robo/RoboFEI-HT_2023_SOFTWARE/install/custom_interfaces:/opt/ros/humble LD_LIBRARY_PATH=/home/robo/RoboFEI-HT_2023_SOFTWARE/install/custom_interfaces/lib:${LD_LIBRARY_PATH} PYTHONPATH=/home/robo/RoboFEI-HT_2023_SOFTWARE/install/custom_interfaces/local/lib/python3.10/dist-packages:${PYTHONPATH} /usr/bin/cmake --install /home/robo/RoboFEI-HT_2023_SOFTWARE/build/decision_pkg_cpp
[0.375s] -- Install configuration: ""
[0.377s] -- Execute custom install script
[0.378s] -- Up-to-date symlink: /home/robo/RoboFEI-HT_2023_SOFTWARE/install/decision_pkg_cpp/lib/decision_pkg_cpp/robot_behavior
[0.379s] -- Up-to-date symlink: /home/robo/RoboFEI-HT_2023_SOFTWARE/install/decision_pkg_cpp/share/ament_index/resource_index/package_run_dependencies/decision_pkg_cpp
[0.379s] -- Up-to-date symlink: /home/robo/RoboFEI-HT_2023_SOFTWARE/install/decision_pkg_cpp/share/ament_index/resource_index/parent_prefix_path/decision_pkg_cpp
[0.379s] -- Up-to-date symlink: /home/robo/RoboFEI-HT_2023_SOFTWARE/install/decision_pkg_cpp/share/decision_pkg_cpp/environment/ament_prefix_path.sh
[0.381s] -- Up-to-date symlink: /home/robo/RoboFEI-HT_2023_SOFTWARE/install/decision_pkg_cpp/share/decision_pkg_cpp/environment/ament_prefix_path.dsv
[0.382s] -- Up-to-date symlink: /home/robo/RoboFEI-HT_2023_SOFTWARE/install/decision_pkg_cpp/share/decision_pkg_cpp/environment/path.sh
[0.382s] -- Up-to-date symlink: /home/robo/RoboFEI-HT_2023_SOFTWARE/install/decision_pkg_cpp/share/decision_pkg_cpp/environment/path.dsv
[0.382s] -- Up-to-date symlink: /home/robo/RoboFEI-HT_2023_SOFTWARE/install/decision_pkg_cpp/share/decision_pkg_cpp/local_setup.bash
[0.382s] -- Up-to-date symlink: /home/robo/RoboFEI-HT_2023_SOFTWARE/install/decision_pkg_cpp/share/decision_pkg_cpp/local_setup.sh
[0.382s] -- Up-to-date symlink: /home/robo/RoboFEI-HT_2023_SOFTWARE/install/decision_pkg_cpp/share/decision_pkg_cpp/local_setup.zsh
[0.382s] -- Up-to-date symlink: /home/robo/RoboFEI-HT_2023_SOFTWARE/install/decision_pkg_cpp/share/decision_pkg_cpp/local_setup.dsv
[0.383s] -- Symlinking: /home/robo/RoboFEI-HT_2023_SOFTWARE/install/decision_pkg_cpp/share/decision_pkg_cpp/package.dsv
[0.393s] -- Up-to-date symlink: /home/robo/RoboFEI-HT_2023_SOFTWARE/install/decision_pkg_cpp/share/ament_index/resource_index/packages/decision_pkg_cpp
[0.393s] -- Up-to-date symlink: /home/robo/RoboFEI-HT_2023_SOFTWARE/install/decision_pkg_cpp/share/decision_pkg_cpp/cmake/decision_pkg_cppConfig.cmake
[0.394s] -- Up-to-date symlink: /home/robo/RoboFEI-HT_2023_SOFTWARE/install/decision_pkg_cpp/share/decision_pkg_cpp/cmake/decision_pkg_cppConfig-version.cmake
[0.394s] -- Up-to-date symlink: /home/robo/RoboFEI-HT_2023_SOFTWARE/install/decision_pkg_cpp/share/decision_pkg_cpp/package.xml
[0.398s] Invoked command in '/home/robo/RoboFEI-HT_2023_SOFTWARE/build/decision_pkg_cpp' returned '0': AMENT_PREFIX_PATH=/home/robo/RoboFEI-HT_2023_SOFTWARE/install/custom_interfaces:${AMENT_PREFIX_PATH} BYOBU_DATE=%Y-%m-%d CMAKE_PREFIX_PATH=/home/robo/RoboFEI-HT_2023_SOFTWARE/install/custom_interfaces:/opt/ros/humble LD_LIBRARY_PATH=/home/robo/RoboFEI-HT_2023_SOFTWARE/install/custom_interfaces/lib:${LD_LIBRARY_PATH} PYTHONPATH=/home/robo/RoboFEI-HT_2023_SOFTWARE/install/custom_interfaces/local/lib/python3.10/dist-packages:${PYTHONPATH} /usr/bin/cmake --install /home/robo/RoboFEI-HT_2023_SOFTWARE/build/decision_pkg_cpp
