[  0%] Built target custom_interfaces__cpp
[ 12%] Built target custom_interfaces__rosidl_generator_c
[ 12%] Built target ament_cmake_python_symlink_custom_interfaces
[ 24%] Built target custom_interfaces__rosidl_typesupport_cpp
[ 36%] Built target custom_interfaces__rosidl_typesupport_c
[ 48%] Built target custom_interfaces__rosidl_typesupport_introspection_c
[ 67%] Built target custom_interfaces__rosidl_typesupport_fastrtps_c
[ 72%] Built target custom_interfaces__rosidl_typesupport_fastrtps_cpp
[ 84%] Built target custom_interfaces__rosidl_typesupport_introspection_cpp
[ 84%] Built target custom_interfaces
[ 85%] Built target custom_interfaces__py
[ 96%] Built target custom_interfaces__rosidl_generator_py
[ 98%] Built target custom_interfaces__rosidl_typesupport_c__pyext
[ 99%] Built target custom_interfaces__rosidl_typesupport_introspection_c__pyext
[100%] Built target custom_interfaces__rosidl_typesupport_fastrtps_c__pyext
running egg_info
writing custom_interfaces.egg-info/PKG-INFO
writing dependency_links to custom_interfaces.egg-info/dependency_links.txt
writing top-level names to custom_interfaces.egg-info/top_level.txt
reading manifest file 'custom_interfaces.egg-info/SOURCES.txt'
writing manifest file 'custom_interfaces.egg-info/SOURCES.txt'
[100%] Built target ament_cmake_python_build_custom_interfaces_egg
-- Install configuration: ""
-- Execute custom install script
-- Up-to-date symlink: /home/robo/RoboFEI-HT_2023_SOFTWARE/install/custom_interfaces/share/ament_index/resource_index/rosidl_interfaces/custom_interfaces
-- Up-to-date symlink: /home/robo/RoboFEI-HT_2023_SOFTWARE/install/custom_interfaces/include/custom_interfaces/custom_interfaces/action/control.h
-- Up-to-date symlink: /home/robo/RoboFEI-HT_2023_SOFTWARE/install/custom_interfaces/include/custom_interfaces/custom_interfaces/action/detail/control__functions.h
-- Up-to-date symlink: /home/robo/RoboFEI-HT_2023_SOFTWARE/install/custom_interfaces/include/custom_interfaces/custom_interfaces/action/detail/control__struct.h
-- Up-to-date symlink: /home/robo/RoboFEI-HT_2023_SOFTWARE/install/custom_interfaces/include/custom_interfaces/custom_interfaces/action/detail/control__type_support.h
-- Up-to-date symlink: /home/robo/RoboFEI-HT_2023_SOFTWARE/install/custom_interfaces/include/custom_interfaces/custom_interfaces/msg/decision.h
-- Up-to-date symlink: /home/robo/RoboFEI-HT_2023_SOFTWARE/install/custom_interfaces/include/custom_interfaces/custom_interfaces/msg/detail/decision__functions.h
-- Up-to-date symlink: /home/robo/RoboFEI-HT_2023_SOFTWARE/install/custom_interfaces/include/custom_interfaces/custom_interfaces/msg/detail/decision__struct.h
-- Up-to-date symlink: /home/robo/RoboFEI-HT_2023_SOFTWARE/install/custom_interfaces/include/custom_interfaces/custom_interfaces/msg/detail/decision__type_support.h
-- Up-to-date symlink: /home/robo/RoboFEI-HT_2023_SOFTWARE/install/custom_interfaces/include/custom_interfaces/custom_interfaces/msg/detail/humanoid_league_msgs__functions.h
-- Up-to-date symlink: /home/robo/RoboFEI-HT_2023_SOFTWARE/install/custom_interfaces/include/custom_interfaces/custom_interfaces/msg/detail/humanoid_league_msgs__struct.h
-- Up-to-date symlink: /home/robo/RoboFEI-HT_2023_SOFTWARE/install/custom_interfaces/include/custom_interfaces/custom_interfaces/msg/detail/humanoid_league_msgs__type_support.h
-- Up-to-date symlink: /home/robo/RoboFEI-HT_2023_SOFTWARE/install/custom_interfaces/include/custom_interfaces/custom_interfaces/msg/detail/joint_state__functions.h
-- Up-to-date symlink: /home/robo/RoboFEI-HT_2023_SOFTWARE/install/custom_interfaces/include/custom_interfaces/custom_interfaces/msg/detail/joint_state__struct.h
-- Up-to-date symlink: /home/robo/RoboFEI-HT_2023_SOFTWARE/install/custom_interfaces/include/custom_interfaces/custom_interfaces/msg/detail/joint_state__type_support.h
-- Up-to-date symlink: /home/robo/RoboFEI-HT_2023_SOFTWARE/install/custom_interfaces/include/custom_interfaces/custom_interfaces/msg/detail/localization__functions.h
-- Up-to-date symlink: /home/robo/RoboFEI-HT_2023_SOFTWARE/install/custom_interfaces/include/custom_interfaces/custom_interfaces/msg/detail/localization__struct.h
-- Up-to-date symlink: /home/robo/RoboFEI-HT_2023_SOFTWARE/install/custom_interfaces/include/custom_interfaces/custom_interfaces/msg/detail/localization__type_support.h
-- Up-to-date symlink: /home/robo/RoboFEI-HT_2023_SOFTWARE/install/custom_interfaces/include/custom_interfaces/custom_interfaces/msg/detail/neck_position__functions.h
-- Up-to-date symlink: /home/robo/RoboFEI-HT_2023_SOFTWARE/install/custom_interfaces/include/custom_interfaces/custom_interfaces/msg/detail/neck_position__struct.h
-- Up-to-date symlink: /home/robo/RoboFEI-HT_2023_SOFTWARE/install/custom_interfaces/include/custom_interfaces/custom_interfaces/msg/detail/neck_position__type_support.h
-- Up-to-date symlink: /home/robo/RoboFEI-HT_2023_SOFTWARE/install/custom_interfaces/include/custom_interfaces/custom_interfaces/msg/detail/robot_state__functions.h
-- Up-to-date symlink: /home/robo/RoboFEI-HT_2023_SOFTWARE/install/custom_interfaces/include/custom_interfaces/custom_interfaces/msg/detail/robot_state__struct.h
-- Up-to-date symlink: /home/robo/RoboFEI-HT_2023_SOFTWARE/install/custom_interfaces/include/custom_interfaces/custom_interfaces/msg/detail/robot_state__type_support.h
-- Up-to-date symlink: /home/robo/RoboFEI-HT_2023_SOFTWARE/install/custom_interfaces/include/custom_interfaces/custom_interfaces/msg/detail/set_position__functions.h
-- Up-to-date symlink: /home/robo/RoboFEI-HT_2023_SOFTWARE/install/custom_interfaces/include/custom_interfaces/custom_interfaces/msg/detail/set_position__struct.h
-- Up-to-date symlink: /home/robo/RoboFEI-HT_2023_SOFTWARE/install/custom_interfaces/include/custom_interfaces/custom_interfaces/msg/detail/set_position__type_support.h
-- Up-to-date symlink: /home/robo/RoboFEI-HT_2023_SOFTWARE/install/custom_interfaces/include/custom_interfaces/custom_interfaces/msg/detail/set_position_original__functions.h
-- Up-to-date symlink: /home/robo/RoboFEI-HT_2023_SOFTWARE/install/custom_interfaces/include/custom_interfaces/custom_interfaces/msg/detail/set_position_original__struct.h
-- Up-to-date symlink: /home/robo/RoboFEI-HT_2023_SOFTWARE/install/custom_interfaces/include/custom_interfaces/custom_interfaces/msg/detail/set_position_original__type_support.h
-- Up-to-date symlink: /home/robo/RoboFEI-HT_2023_SOFTWARE/install/custom_interfaces/include/custom_interfaces/custom_interfaces/msg/detail/vision__functions.h
-- Up-to-date symlink: /home/robo/RoboFEI-HT_2023_SOFTWARE/install/custom_interfaces/include/custom_interfaces/custom_interfaces/msg/detail/vision__struct.h
-- Up-to-date symlink: /home/robo/RoboFEI-HT_2023_SOFTWARE/install/custom_interfaces/include/custom_interfaces/custom_interfaces/msg/detail/vision__type_support.h
-- Up-to-date symlink: /home/robo/RoboFEI-HT_2023_SOFTWARE/install/custom_interfaces/include/custom_interfaces/custom_interfaces/msg/detail/vision_robot__functions.h
-- Up-to-date symlink: /home/robo/RoboFEI-HT_2023_SOFTWARE/install/custom_interfaces/include/custom_interfaces/custom_interfaces/msg/detail/vision_robot__struct.h
-- Up-to-date symlink: /home/robo/RoboFEI-HT_2023_SOFTWARE/install/custom_interfaces/include/custom_interfaces/custom_interfaces/msg/detail/vision_robot__type_support.h
-- Up-to-date symlink: /home/robo/RoboFEI-HT_2023_SOFTWARE/install/custom_interfaces/include/custom_interfaces/custom_interfaces/msg/detail/walk__functions.h
-- Up-to-date symlink: /home/robo/RoboFEI-HT_2023_SOFTWARE/install/custom_interfaces/include/custom_interfaces/custom_interfaces/msg/detail/walk__struct.h
-- Up-to-date symlink: /home/robo/RoboFEI-HT_2023_SOFTWARE/install/custom_interfaces/include/custom_interfaces/custom_interfaces/msg/detail/walk__type_support.h
-- Up-to-date symlink: /home/robo/RoboFEI-HT_2023_SOFTWARE/install/custom_interfaces/include/custom_interfaces/custom_interfaces/msg/humanoid_league_msgs.h
-- Up-to-date symlink: /home/robo/RoboFEI-HT_2023_SOFTWARE/install/custom_interfaces/include/custom_interfaces/custom_interfaces/msg/joint_state.h
-- Up-to-date symlink: /home/robo/RoboFEI-HT_2023_SOFTWARE/install/custom_interfaces/include/custom_interfaces/custom_interfaces/msg/localization.h
-- Up-to-date symlink: /home/robo/RoboFEI-HT_2023_SOFTWARE/install/custom_interfaces/include/custom_interfaces/custom_interfaces/msg/neck_position.h
-- Up-to-date symlink: /home/robo/RoboFEI-HT_2023_SOFTWARE/install/custom_interfaces/include/custom_interfaces/custom_interfaces/msg/robot_state.h
-- Up-to-date symlink: /home/robo/RoboFEI-HT_2023_SOFTWARE/install/custom_interfaces/include/custom_interfaces/custom_interfaces/msg/rosidl_generator_c__visibility_control.h
-- Up-to-date symlink: /home/robo/RoboFEI-HT_2023_SOFTWARE/install/custom_interfaces/include/custom_interfaces/custom_interfaces/msg/set_position.h
-- Up-to-date symlink: /home/robo/RoboFEI-HT_2023_SOFTWARE/install/custom_interfaces/include/custom_interfaces/custom_interfaces/msg/set_position_original.h
-- Up-to-date symlink: /home/robo/RoboFEI-HT_2023_SOFTWARE/install/custom_interfaces/include/custom_interfaces/custom_interfaces/msg/vision.h
-- Up-to-date symlink: /home/robo/RoboFEI-HT_2023_SOFTWARE/install/custom_interfaces/include/custom_interfaces/custom_interfaces/msg/vision_robot.h
-- Up-to-date symlink: /home/robo/RoboFEI-HT_2023_SOFTWARE/install/custom_interfaces/include/custom_interfaces/custom_interfaces/msg/walk.h
-- Up-to-date symlink: /home/robo/RoboFEI-HT_2023_SOFTWARE/install/custom_interfaces/include/custom_interfaces/custom_interfaces/srv/detail/get_position__functions.h
-- Up-to-date symlink: /home/robo/RoboFEI-HT_2023_SOFTWARE/install/custom_interfaces/include/custom_interfaces/custom_interfaces/srv/detail/get_position__struct.h
-- Up-to-date symlink: /home/robo/RoboFEI-HT_2023_SOFTWARE/install/custom_interfaces/include/custom_interfaces/custom_interfaces/srv/detail/get_position__type_support.h
-- Up-to-date symlink: /home/robo/RoboFEI-HT_2023_SOFTWARE/install/custom_interfaces/include/custom_interfaces/custom_interfaces/srv/detail/reset__functions.h
-- Up-to-date symlink: /home/robo/RoboFEI-HT_2023_SOFTWARE/install/custom_interfaces/include/custom_interfaces/custom_interfaces/srv/detail/reset__struct.h
-- Up-to-date symlink: /home/robo/RoboFEI-HT_2023_SOFTWARE/install/custom_interfaces/include/custom_interfaces/custom_interfaces/srv/detail/reset__type_support.h
-- Up-to-date symlink: /home/robo/RoboFEI-HT_2023_SOFTWARE/install/custom_interfaces/include/custom_interfaces/custom_interfaces/srv/get_position.h
-- Up-to-date symlink: /home/robo/RoboFEI-HT_2023_SOFTWARE/install/custom_interfaces/include/custom_interfaces/custom_interfaces/srv/reset.h
-- Up-to-date symlink: /home/robo/RoboFEI-HT_2023_SOFTWARE/install/custom_interfaces/share/custom_interfaces/environment/library_path.sh
-- Up-to-date symlink: /home/robo/RoboFEI-HT_2023_SOFTWARE/install/custom_interfaces/share/custom_interfaces/environment/library_path.dsv
-- Up-to-date symlink: /home/robo/RoboFEI-HT_2023_SOFTWARE/install/custom_interfaces/include/custom_interfaces/custom_interfaces/action/detail/control__rosidl_typesupport_fastrtps_c.h
-- Up-to-date symlink: /home/robo/RoboFEI-HT_2023_SOFTWARE/install/custom_interfaces/include/custom_interfaces/custom_interfaces/msg/detail/decision__rosidl_typesupport_fastrtps_c.h
-- Up-to-date symlink: /home/robo/RoboFEI-HT_2023_SOFTWARE/install/custom_interfaces/include/custom_interfaces/custom_interfaces/msg/detail/humanoid_league_msgs__rosidl_typesupport_fastrtps_c.h
-- Up-to-date symlink: /home/robo/RoboFEI-HT_2023_SOFTWARE/install/custom_interfaces/include/custom_interfaces/custom_interfaces/msg/detail/joint_state__rosidl_typesupport_fastrtps_c.h
-- Up-to-date symlink: /home/robo/RoboFEI-HT_2023_SOFTWARE/install/custom_interfaces/include/custom_interfaces/custom_interfaces/msg/detail/localization__rosidl_typesupport_fastrtps_c.h
-- Up-to-date symlink: /home/robo/RoboFEI-HT_2023_SOFTWARE/install/custom_interfaces/include/custom_interfaces/custom_interfaces/msg/detail/neck_position__rosidl_typesupport_fastrtps_c.h
-- Up-to-date symlink: /home/robo/RoboFEI-HT_2023_SOFTWARE/install/custom_interfaces/include/custom_interfaces/custom_interfaces/msg/detail/robot_state__rosidl_typesupport_fastrtps_c.h
-- Up-to-date symlink: /home/robo/RoboFEI-HT_2023_SOFTWARE/install/custom_interfaces/include/custom_interfaces/custom_interfaces/msg/detail/set_position__rosidl_typesupport_fastrtps_c.h
-- Up-to-date symlink: /home/robo/RoboFEI-HT_2023_SOFTWARE/install/custom_interfaces/include/custom_interfaces/custom_interfaces/msg/detail/set_position_original__rosidl_typesupport_fastrtps_c.h
-- Up-to-date symlink: /home/robo/RoboFEI-HT_2023_SOFTWARE/install/custom_interfaces/include/custom_interfaces/custom_interfaces/msg/detail/vision__rosidl_typesupport_fastrtps_c.h
-- Up-to-date symlink: /home/robo/RoboFEI-HT_2023_SOFTWARE/install/custom_interfaces/include/custom_interfaces/custom_interfaces/msg/detail/vision_robot__rosidl_typesupport_fastrtps_c.h
-- Up-to-date symlink: /home/robo/RoboFEI-HT_2023_SOFTWARE/install/custom_interfaces/include/custom_interfaces/custom_interfaces/msg/detail/walk__rosidl_typesupport_fastrtps_c.h
-- Up-to-date symlink: /home/robo/RoboFEI-HT_2023_SOFTWARE/install/custom_interfaces/include/custom_interfaces/custom_interfaces/msg/rosidl_typesupport_fastrtps_c__visibility_control.h
-- Up-to-date symlink: /home/robo/RoboFEI-HT_2023_SOFTWARE/install/custom_interfaces/include/custom_interfaces/custom_interfaces/srv/detail/get_position__rosidl_typesupport_fastrtps_c.h
-- Up-to-date symlink: /home/robo/RoboFEI-HT_2023_SOFTWARE/install/custom_interfaces/include/custom_interfaces/custom_interfaces/srv/detail/reset__rosidl_typesupport_fastrtps_c.h
-- Up-to-date symlink: /home/robo/RoboFEI-HT_2023_SOFTWARE/install/custom_interfaces/include/custom_interfaces/custom_interfaces/action/control.hpp
-- Up-to-date symlink: /home/robo/RoboFEI-HT_2023_SOFTWARE/install/custom_interfaces/include/custom_interfaces/custom_interfaces/action/detail/control__builder.hpp
-- Up-to-date symlink: /home/robo/RoboFEI-HT_2023_SOFTWARE/install/custom_interfaces/include/custom_interfaces/custom_interfaces/action/detail/control__struct.hpp
-- Up-to-date symlink: /home/robo/RoboFEI-HT_2023_SOFTWARE/install/custom_interfaces/include/custom_interfaces/custom_interfaces/action/detail/control__traits.hpp
-- Up-to-date symlink: /home/robo/RoboFEI-HT_2023_SOFTWARE/install/custom_interfaces/include/custom_interfaces/custom_interfaces/msg/decision.hpp
-- Up-to-date symlink: /home/robo/RoboFEI-HT_2023_SOFTWARE/install/custom_interfaces/include/custom_interfaces/custom_interfaces/msg/detail/decision__builder.hpp
-- Up-to-date symlink: /home/robo/RoboFEI-HT_2023_SOFTWARE/install/custom_interfaces/include/custom_interfaces/custom_interfaces/msg/detail/decision__struct.hpp
-- Up-to-date symlink: /home/robo/RoboFEI-HT_2023_SOFTWARE/install/custom_interfaces/include/custom_interfaces/custom_interfaces/msg/detail/decision__traits.hpp
-- Up-to-date symlink: /home/robo/RoboFEI-HT_2023_SOFTWARE/install/custom_interfaces/include/custom_interfaces/custom_interfaces/msg/detail/humanoid_league_msgs__builder.hpp
-- Up-to-date symlink: /home/robo/RoboFEI-HT_2023_SOFTWARE/install/custom_interfaces/include/custom_interfaces/custom_interfaces/msg/detail/humanoid_league_msgs__struct.hpp
-- Up-to-date symlink: /home/robo/RoboFEI-HT_2023_SOFTWARE/install/custom_interfaces/include/custom_interfaces/custom_interfaces/msg/detail/humanoid_league_msgs__traits.hpp
-- Up-to-date symlink: /home/robo/RoboFEI-HT_2023_SOFTWARE/install/custom_interfaces/include/custom_interfaces/custom_interfaces/msg/detail/joint_state__builder.hpp
-- Up-to-date symlink: /home/robo/RoboFEI-HT_2023_SOFTWARE/install/custom_interfaces/include/custom_interfaces/custom_interfaces/msg/detail/joint_state__struct.hpp
-- Up-to-date symlink: /home/robo/RoboFEI-HT_2023_SOFTWARE/install/custom_interfaces/include/custom_interfaces/custom_interfaces/msg/detail/joint_state__traits.hpp
-- Up-to-date symlink: /home/robo/RoboFEI-HT_2023_SOFTWARE/install/custom_interfaces/include/custom_interfaces/custom_interfaces/msg/detail/localization__builder.hpp
-- Up-to-date symlink: /home/robo/RoboFEI-HT_2023_SOFTWARE/install/custom_interfaces/include/custom_interfaces/custom_interfaces/msg/detail/localization__struct.hpp
-- Up-to-date symlink: /home/robo/RoboFEI-HT_2023_SOFTWARE/install/custom_interfaces/include/custom_interfaces/custom_interfaces/msg/detail/localization__traits.hpp
-- Up-to-date symlink: /home/robo/RoboFEI-HT_2023_SOFTWARE/install/custom_interfaces/include/custom_interfaces/custom_interfaces/msg/detail/neck_position__builder.hpp
-- Up-to-date symlink: /home/robo/RoboFEI-HT_2023_SOFTWARE/install/custom_interfaces/include/custom_interfaces/custom_interfaces/msg/detail/neck_position__struct.hpp
-- Up-to-date symlink: /home/robo/RoboFEI-HT_2023_SOFTWARE/install/custom_interfaces/include/custom_interfaces/custom_interfaces/msg/detail/neck_position__traits.hpp
-- Up-to-date symlink: /home/robo/RoboFEI-HT_2023_SOFTWARE/install/custom_interfaces/include/custom_interfaces/custom_interfaces/msg/detail/robot_state__builder.hpp
-- Up-to-date symlink: /home/robo/RoboFEI-HT_2023_SOFTWARE/install/custom_interfaces/include/custom_interfaces/custom_interfaces/msg/detail/robot_state__struct.hpp
-- Up-to-date symlink: /home/robo/RoboFEI-HT_2023_SOFTWARE/install/custom_interfaces/include/custom_interfaces/custom_interfaces/msg/detail/robot_state__traits.hpp
-- Up-to-date symlink: /home/robo/RoboFEI-HT_2023_SOFTWARE/install/custom_interfaces/include/custom_interfaces/custom_interfaces/msg/detail/set_position__builder.hpp
-- Up-to-date symlink: /home/robo/RoboFEI-HT_2023_SOFTWARE/install/custom_interfaces/include/custom_interfaces/custom_interfaces/msg/detail/set_position__struct.hpp
-- Up-to-date symlink: /home/robo/RoboFEI-HT_2023_SOFTWARE/install/custom_interfaces/include/custom_interfaces/custom_interfaces/msg/detail/set_position__traits.hpp
-- Up-to-date symlink: /home/robo/RoboFEI-HT_2023_SOFTWARE/install/custom_interfaces/include/custom_interfaces/custom_interfaces/msg/detail/set_position_original__builder.hpp
-- Up-to-date symlink: /home/robo/RoboFEI-HT_2023_SOFTWARE/install/custom_interfaces/include/custom_interfaces/custom_interfaces/msg/detail/set_position_original__struct.hpp
-- Up-to-date symlink: /home/robo/RoboFEI-HT_2023_SOFTWARE/install/custom_interfaces/include/custom_interfaces/custom_interfaces/msg/detail/set_position_original__traits.hpp
-- Up-to-date symlink: /home/robo/RoboFEI-HT_2023_SOFTWARE/install/custom_interfaces/include/custom_interfaces/custom_interfaces/msg/detail/vision__builder.hpp
-- Up-to-date symlink: /home/robo/RoboFEI-HT_2023_SOFTWARE/install/custom_interfaces/include/custom_interfaces/custom_interfaces/msg/detail/vision__struct.hpp
-- Up-to-date symlink: /home/robo/RoboFEI-HT_2023_SOFTWARE/install/custom_interfaces/include/custom_interfaces/custom_interfaces/msg/detail/vision__traits.hpp
-- Up-to-date symlink: /home/robo/RoboFEI-HT_2023_SOFTWARE/install/custom_interfaces/include/custom_interfaces/custom_interfaces/msg/detail/vision_robot__builder.hpp
-- Up-to-date symlink: /home/robo/RoboFEI-HT_2023_SOFTWARE/install/custom_interfaces/include/custom_interfaces/custom_interfaces/msg/detail/vision_robot__struct.hpp
-- Up-to-date symlink: /home/robo/RoboFEI-HT_2023_SOFTWARE/install/custom_interfaces/include/custom_interfaces/custom_interfaces/msg/detail/vision_robot__traits.hpp
-- Up-to-date symlink: /home/robo/RoboFEI-HT_2023_SOFTWARE/install/custom_interfaces/include/custom_interfaces/custom_interfaces/msg/detail/walk__builder.hpp
-- Up-to-date symlink: /home/robo/RoboFEI-HT_2023_SOFTWARE/install/custom_interfaces/include/custom_interfaces/custom_interfaces/msg/detail/walk__struct.hpp
-- Up-to-date symlink: /home/robo/RoboFEI-HT_2023_SOFTWARE/install/custom_interfaces/include/custom_interfaces/custom_interfaces/msg/detail/walk__traits.hpp
-- Up-to-date symlink: /home/robo/RoboFEI-HT_2023_SOFTWARE/install/custom_interfaces/include/custom_interfaces/custom_interfaces/msg/humanoid_league_msgs.hpp
-- Up-to-date symlink: /home/robo/RoboFEI-HT_2023_SOFTWARE/install/custom_interfaces/include/custom_interfaces/custom_interfaces/msg/joint_state.hpp
-- Up-to-date symlink: /home/robo/RoboFEI-HT_2023_SOFTWARE/install/custom_interfaces/include/custom_interfaces/custom_interfaces/msg/localization.hpp
-- Up-to-date symlink: /home/robo/RoboFEI-HT_2023_SOFTWARE/install/custom_interfaces/include/custom_interfaces/custom_interfaces/msg/neck_position.hpp
-- Up-to-date symlink: /home/robo/RoboFEI-HT_2023_SOFTWARE/install/custom_interfaces/include/custom_interfaces/custom_interfaces/msg/robot_state.hpp
-- Up-to-date symlink: /home/robo/RoboFEI-HT_2023_SOFTWARE/install/custom_interfaces/include/custom_interfaces/custom_interfaces/msg/set_position.hpp
-- Up-to-date symlink: /home/robo/RoboFEI-HT_2023_SOFTWARE/install/custom_interfaces/include/custom_interfaces/custom_interfaces/msg/set_position_original.hpp
-- Up-to-date symlink: /home/robo/RoboFEI-HT_2023_SOFTWARE/install/custom_interfaces/include/custom_interfaces/custom_interfaces/msg/vision.hpp
-- Up-to-date symlink: /home/robo/RoboFEI-HT_2023_SOFTWARE/install/custom_interfaces/include/custom_interfaces/custom_interfaces/msg/vision_robot.hpp
-- Up-to-date symlink: /home/robo/RoboFEI-HT_2023_SOFTWARE/install/custom_interfaces/include/custom_interfaces/custom_interfaces/msg/walk.hpp
-- Up-to-date symlink: /home/robo/RoboFEI-HT_2023_SOFTWARE/install/custom_interfaces/include/custom_interfaces/custom_interfaces/srv/detail/get_position__builder.hpp
-- Up-to-date symlink: /home/robo/RoboFEI-HT_2023_SOFTWARE/install/custom_interfaces/include/custom_interfaces/custom_interfaces/srv/detail/get_position__struct.hpp
-- Up-to-date symlink: /home/robo/RoboFEI-HT_2023_SOFTWARE/install/custom_interfaces/include/custom_interfaces/custom_interfaces/srv/detail/get_position__traits.hpp
-- Up-to-date symlink: /home/robo/RoboFEI-HT_2023_SOFTWARE/install/custom_interfaces/include/custom_interfaces/custom_interfaces/srv/detail/reset__builder.hpp
-- Up-to-date symlink: /home/robo/RoboFEI-HT_2023_SOFTWARE/install/custom_interfaces/include/custom_interfaces/custom_interfaces/srv/detail/reset__struct.hpp
-- Up-to-date symlink: /home/robo/RoboFEI-HT_2023_SOFTWARE/install/custom_interfaces/include/custom_interfaces/custom_interfaces/srv/detail/reset__traits.hpp
-- Up-to-date symlink: /home/robo/RoboFEI-HT_2023_SOFTWARE/install/custom_interfaces/include/custom_interfaces/custom_interfaces/srv/get_position.hpp
-- Up-to-date symlink: /home/robo/RoboFEI-HT_2023_SOFTWARE/install/custom_interfaces/include/custom_interfaces/custom_interfaces/srv/reset.hpp
-- Up-to-date symlink: /home/robo/RoboFEI-HT_2023_SOFTWARE/install/custom_interfaces/include/custom_interfaces/custom_interfaces/action/detail/control__rosidl_typesupport_fastrtps_cpp.hpp
-- Up-to-date symlink: /home/robo/RoboFEI-HT_2023_SOFTWARE/install/custom_interfaces/include/custom_interfaces/custom_interfaces/msg/detail/decision__rosidl_typesupport_fastrtps_cpp.hpp
-- Up-to-date symlink: /home/robo/RoboFEI-HT_2023_SOFTWARE/install/custom_interfaces/include/custom_interfaces/custom_interfaces/msg/detail/humanoid_league_msgs__rosidl_typesupport_fastrtps_cpp.hpp
-- Up-to-date symlink: /home/robo/RoboFEI-HT_2023_SOFTWARE/install/custom_interfaces/include/custom_interfaces/custom_interfaces/msg/detail/joint_state__rosidl_typesupport_fastrtps_cpp.hpp
-- Up-to-date symlink: /home/robo/RoboFEI-HT_2023_SOFTWARE/install/custom_interfaces/include/custom_interfaces/custom_interfaces/msg/detail/localization__rosidl_typesupport_fastrtps_cpp.hpp
-- Up-to-date symlink: /home/robo/RoboFEI-HT_2023_SOFTWARE/install/custom_interfaces/include/custom_interfaces/custom_interfaces/msg/detail/neck_position__rosidl_typesupport_fastrtps_cpp.hpp
-- Up-to-date symlink: /home/robo/RoboFEI-HT_2023_SOFTWARE/install/custom_interfaces/include/custom_interfaces/custom_interfaces/msg/detail/robot_state__rosidl_typesupport_fastrtps_cpp.hpp
-- Up-to-date symlink: /home/robo/RoboFEI-HT_2023_SOFTWARE/install/custom_interfaces/include/custom_interfaces/custom_interfaces/msg/detail/set_position__rosidl_typesupport_fastrtps_cpp.hpp
-- Up-to-date symlink: /home/robo/RoboFEI-HT_2023_SOFTWARE/install/custom_interfaces/include/custom_interfaces/custom_interfaces/msg/detail/set_position_original__rosidl_typesupport_fastrtps_cpp.hpp
-- Up-to-date symlink: /home/robo/RoboFEI-HT_2023_SOFTWARE/install/custom_interfaces/include/custom_interfaces/custom_interfaces/msg/detail/vision__rosidl_typesupport_fastrtps_cpp.hpp
-- Up-to-date symlink: /home/robo/RoboFEI-HT_2023_SOFTWARE/install/custom_interfaces/include/custom_interfaces/custom_interfaces/msg/detail/vision_robot__rosidl_typesupport_fastrtps_cpp.hpp
-- Up-to-date symlink: /home/robo/RoboFEI-HT_2023_SOFTWARE/install/custom_interfaces/include/custom_interfaces/custom_interfaces/msg/detail/walk__rosidl_typesupport_fastrtps_cpp.hpp
-- Up-to-date symlink: /home/robo/RoboFEI-HT_2023_SOFTWARE/install/custom_interfaces/include/custom_interfaces/custom_interfaces/msg/rosidl_typesupport_fastrtps_cpp__visibility_control.h
-- Up-to-date symlink: /home/robo/RoboFEI-HT_2023_SOFTWARE/install/custom_interfaces/include/custom_interfaces/custom_interfaces/srv/detail/get_position__rosidl_typesupport_fastrtps_cpp.hpp
-- Up-to-date symlink: /home/robo/RoboFEI-HT_2023_SOFTWARE/install/custom_interfaces/include/custom_interfaces/custom_interfaces/srv/detail/reset__rosidl_typesupport_fastrtps_cpp.hpp
-- Up-to-date symlink: /home/robo/RoboFEI-HT_2023_SOFTWARE/install/custom_interfaces/include/custom_interfaces/custom_interfaces/action/detail/control__rosidl_typesupport_introspection_c.h
-- Up-to-date symlink: /home/robo/RoboFEI-HT_2023_SOFTWARE/install/custom_interfaces/include/custom_interfaces/custom_interfaces/msg/detail/decision__rosidl_typesupport_introspection_c.h
-- Up-to-date symlink: /home/robo/RoboFEI-HT_2023_SOFTWARE/install/custom_interfaces/include/custom_interfaces/custom_interfaces/msg/detail/humanoid_league_msgs__rosidl_typesupport_introspection_c.h
-- Up-to-date symlink: /home/robo/RoboFEI-HT_2023_SOFTWARE/install/custom_interfaces/include/custom_interfaces/custom_interfaces/msg/detail/joint_state__rosidl_typesupport_introspection_c.h
-- Up-to-date symlink: /home/robo/RoboFEI-HT_2023_SOFTWARE/install/custom_interfaces/include/custom_interfaces/custom_interfaces/msg/detail/localization__rosidl_typesupport_introspection_c.h
-- Up-to-date symlink: /home/robo/RoboFEI-HT_2023_SOFTWARE/install/custom_interfaces/include/custom_interfaces/custom_interfaces/msg/detail/neck_position__rosidl_typesupport_introspection_c.h
-- Up-to-date symlink: /home/robo/RoboFEI-HT_2023_SOFTWARE/install/custom_interfaces/include/custom_interfaces/custom_interfaces/msg/detail/robot_state__rosidl_typesupport_introspection_c.h
-- Up-to-date symlink: /home/robo/RoboFEI-HT_2023_SOFTWARE/install/custom_interfaces/include/custom_interfaces/custom_interfaces/msg/detail/set_position__rosidl_typesupport_introspection_c.h
-- Up-to-date symlink: /home/robo/RoboFEI-HT_2023_SOFTWARE/install/custom_interfaces/include/custom_interfaces/custom_interfaces/msg/detail/set_position_original__rosidl_typesupport_introspection_c.h
-- Up-to-date symlink: /home/robo/RoboFEI-HT_2023_SOFTWARE/install/custom_interfaces/include/custom_interfaces/custom_interfaces/msg/detail/vision__rosidl_typesupport_introspection_c.h
-- Up-to-date symlink: /home/robo/RoboFEI-HT_2023_SOFTWARE/install/custom_interfaces/include/custom_interfaces/custom_interfaces/msg/detail/vision_robot__rosidl_typesupport_introspection_c.h
-- Up-to-date symlink: /home/robo/RoboFEI-HT_2023_SOFTWARE/install/custom_interfaces/include/custom_interfaces/custom_interfaces/msg/detail/walk__rosidl_typesupport_introspection_c.h
-- Up-to-date symlink: /home/robo/RoboFEI-HT_2023_SOFTWARE/install/custom_interfaces/include/custom_interfaces/custom_interfaces/msg/rosidl_typesupport_introspection_c__visibility_control.h
-- Up-to-date symlink: /home/robo/RoboFEI-HT_2023_SOFTWARE/install/custom_interfaces/include/custom_interfaces/custom_interfaces/srv/detail/get_position__rosidl_typesupport_introspection_c.h
-- Up-to-date symlink: /home/robo/RoboFEI-HT_2023_SOFTWARE/install/custom_interfaces/include/custom_interfaces/custom_interfaces/srv/detail/reset__rosidl_typesupport_introspection_c.h
-- Up-to-date symlink: /home/robo/RoboFEI-HT_2023_SOFTWARE/install/custom_interfaces/include/custom_interfaces/custom_interfaces/action/detail/control__rosidl_typesupport_introspection_cpp.hpp
-- Up-to-date symlink: /home/robo/RoboFEI-HT_2023_SOFTWARE/install/custom_interfaces/include/custom_interfaces/custom_interfaces/msg/detail/decision__rosidl_typesupport_introspection_cpp.hpp
-- Up-to-date symlink: /home/robo/RoboFEI-HT_2023_SOFTWARE/install/custom_interfaces/include/custom_interfaces/custom_interfaces/msg/detail/humanoid_league_msgs__rosidl_typesupport_introspection_cpp.hpp
-- Up-to-date symlink: /home/robo/RoboFEI-HT_2023_SOFTWARE/install/custom_interfaces/include/custom_interfaces/custom_interfaces/msg/detail/joint_state__rosidl_typesupport_introspection_cpp.hpp
-- Up-to-date symlink: /home/robo/RoboFEI-HT_2023_SOFTWARE/install/custom_interfaces/include/custom_interfaces/custom_interfaces/msg/detail/localization__rosidl_typesupport_introspection_cpp.hpp
-- Up-to-date symlink: /home/robo/RoboFEI-HT_2023_SOFTWARE/install/custom_interfaces/include/custom_interfaces/custom_interfaces/msg/detail/neck_position__rosidl_typesupport_introspection_cpp.hpp
-- Up-to-date symlink: /home/robo/RoboFEI-HT_2023_SOFTWARE/install/custom_interfaces/include/custom_interfaces/custom_interfaces/msg/detail/robot_state__rosidl_typesupport_introspection_cpp.hpp
-- Up-to-date symlink: /home/robo/RoboFEI-HT_2023_SOFTWARE/install/custom_interfaces/include/custom_interfaces/custom_interfaces/msg/detail/set_position__rosidl_typesupport_introspection_cpp.hpp
-- Up-to-date symlink: /home/robo/RoboFEI-HT_2023_SOFTWARE/install/custom_interfaces/include/custom_interfaces/custom_interfaces/msg/detail/set_position_original__rosidl_typesupport_introspection_cpp.hpp
-- Up-to-date symlink: /home/robo/RoboFEI-HT_2023_SOFTWARE/install/custom_interfaces/include/custom_interfaces/custom_interfaces/msg/detail/vision__rosidl_typesupport_introspection_cpp.hpp
-- Up-to-date symlink: /home/robo/RoboFEI-HT_2023_SOFTWARE/install/custom_interfaces/include/custom_interfaces/custom_interfaces/msg/detail/vision_robot__rosidl_typesupport_introspection_cpp.hpp
-- Up-to-date symlink: /home/robo/RoboFEI-HT_2023_SOFTWARE/install/custom_interfaces/include/custom_interfaces/custom_interfaces/msg/detail/walk__rosidl_typesupport_introspection_cpp.hpp
-- Up-to-date symlink: /home/robo/RoboFEI-HT_2023_SOFTWARE/install/custom_interfaces/include/custom_interfaces/custom_interfaces/srv/detail/get_position__rosidl_typesupport_introspection_cpp.hpp
-- Up-to-date symlink: /home/robo/RoboFEI-HT_2023_SOFTWARE/install/custom_interfaces/include/custom_interfaces/custom_interfaces/srv/detail/reset__rosidl_typesupport_introspection_cpp.hpp
-- Up-to-date symlink: /home/robo/RoboFEI-HT_2023_SOFTWARE/install/custom_interfaces/share/custom_interfaces/environment/pythonpath.sh
-- Up-to-date symlink: /home/robo/RoboFEI-HT_2023_SOFTWARE/install/custom_interfaces/share/custom_interfaces/environment/pythonpath.dsv
-- Up-to-date symlink: /home/robo/RoboFEI-HT_2023_SOFTWARE/install/custom_interfaces/local/lib/python3.10/dist-packages/custom_interfaces-3.7.40-py3.10.egg-info/PKG-INFO
-- Up-to-date symlink: /home/robo/RoboFEI-HT_2023_SOFTWARE/install/custom_interfaces/local/lib/python3.10/dist-packages/custom_interfaces-3.7.40-py3.10.egg-info/SOURCES.txt
-- Up-to-date symlink: /home/robo/RoboFEI-HT_2023_SOFTWARE/install/custom_interfaces/local/lib/python3.10/dist-packages/custom_interfaces-3.7.40-py3.10.egg-info/dependency_links.txt
-- Up-to-date symlink: /home/robo/RoboFEI-HT_2023_SOFTWARE/install/custom_interfaces/local/lib/python3.10/dist-packages/custom_interfaces-3.7.40-py3.10.egg-info/top_level.txt
-- Up-to-date symlink: /home/robo/RoboFEI-HT_2023_SOFTWARE/install/custom_interfaces/local/lib/python3.10/dist-packages/custom_interfaces/__init__.py
-- Up-to-date symlink: /home/robo/RoboFEI-HT_2023_SOFTWARE/install/custom_interfaces/local/lib/python3.10/dist-packages/custom_interfaces/_custom_interfaces_s.ep.rosidl_typesupport_c.c
-- Up-to-date symlink: /home/robo/RoboFEI-HT_2023_SOFTWARE/install/custom_interfaces/local/lib/python3.10/dist-packages/custom_interfaces/_custom_interfaces_s.ep.rosidl_typesupport_fastrtps_c.c
-- Up-to-date symlink: /home/robo/RoboFEI-HT_2023_SOFTWARE/install/custom_interfaces/local/lib/python3.10/dist-packages/custom_interfaces/_custom_interfaces_s.ep.rosidl_typesupport_introspection_c.c
-- Up-to-date symlink: /home/robo/RoboFEI-HT_2023_SOFTWARE/install/custom_interfaces/local/lib/python3.10/dist-packages/custom_interfaces/action/__init__.py
-- Up-to-date symlink: /home/robo/RoboFEI-HT_2023_SOFTWARE/install/custom_interfaces/local/lib/python3.10/dist-packages/custom_interfaces/action/_control.py
-- Up-to-date symlink: /home/robo/RoboFEI-HT_2023_SOFTWARE/install/custom_interfaces/local/lib/python3.10/dist-packages/custom_interfaces/action/_control_s.c
-- Up-to-date symlink: /home/robo/RoboFEI-HT_2023_SOFTWARE/install/custom_interfaces/local/lib/python3.10/dist-packages/custom_interfaces/custom_interfaces_s__rosidl_typesupport_c.cpython-310-x86_64-linux-gnu.so
-- Up-to-date symlink: /home/robo/RoboFEI-HT_2023_SOFTWARE/install/custom_interfaces/local/lib/python3.10/dist-packages/custom_interfaces/custom_interfaces_s__rosidl_typesupport_fastrtps_c.cpython-310-x86_64-linux-gnu.so
-- Up-to-date symlink: /home/robo/RoboFEI-HT_2023_SOFTWARE/install/custom_interfaces/local/lib/python3.10/dist-packages/custom_interfaces/custom_interfaces_s__rosidl_typesupport_introspection_c.cpython-310-x86_64-linux-gnu.so
-- Up-to-date symlink: /home/robo/RoboFEI-HT_2023_SOFTWARE/install/custom_interfaces/local/lib/python3.10/dist-packages/custom_interfaces/libcustom_interfaces__rosidl_generator_py.so
-- Up-to-date symlink: /home/robo/RoboFEI-HT_2023_SOFTWARE/install/custom_interfaces/local/lib/python3.10/dist-packages/custom_interfaces/msg/__init__.py
-- Up-to-date symlink: /home/robo/RoboFEI-HT_2023_SOFTWARE/install/custom_interfaces/local/lib/python3.10/dist-packages/custom_interfaces/msg/_decision.py
-- Up-to-date symlink: /home/robo/RoboFEI-HT_2023_SOFTWARE/install/custom_interfaces/local/lib/python3.10/dist-packages/custom_interfaces/msg/_decision_s.c
-- Up-to-date symlink: /home/robo/RoboFEI-HT_2023_SOFTWARE/install/custom_interfaces/local/lib/python3.10/dist-packages/custom_interfaces/msg/_humanoid_league_msgs.py
-- Up-to-date symlink: /home/robo/RoboFEI-HT_2023_SOFTWARE/install/custom_interfaces/local/lib/python3.10/dist-packages/custom_interfaces/msg/_humanoid_league_msgs_s.c
-- Up-to-date symlink: /home/robo/RoboFEI-HT_2023_SOFTWARE/install/custom_interfaces/local/lib/python3.10/dist-packages/custom_interfaces/msg/_joint_state.py
-- Up-to-date symlink: /home/robo/RoboFEI-HT_2023_SOFTWARE/install/custom_interfaces/local/lib/python3.10/dist-packages/custom_interfaces/msg/_joint_state_s.c
-- Up-to-date symlink: /home/robo/RoboFEI-HT_2023_SOFTWARE/install/custom_interfaces/local/lib/python3.10/dist-packages/custom_interfaces/msg/_localization.py
-- Up-to-date symlink: /home/robo/RoboFEI-HT_2023_SOFTWARE/install/custom_interfaces/local/lib/python3.10/dist-packages/custom_interfaces/msg/_localization_s.c
-- Up-to-date symlink: /home/robo/RoboFEI-HT_2023_SOFTWARE/install/custom_interfaces/local/lib/python3.10/dist-packages/custom_interfaces/msg/_neck_position.py
-- Up-to-date symlink: /home/robo/RoboFEI-HT_2023_SOFTWARE/install/custom_interfaces/local/lib/python3.10/dist-packages/custom_interfaces/msg/_neck_position_s.c
-- Up-to-date symlink: /home/robo/RoboFEI-HT_2023_SOFTWARE/install/custom_interfaces/local/lib/python3.10/dist-packages/custom_interfaces/msg/_robot_state.py
-- Up-to-date symlink: /home/robo/RoboFEI-HT_2023_SOFTWARE/install/custom_interfaces/local/lib/python3.10/dist-packages/custom_interfaces/msg/_robot_state_s.c
-- Up-to-date symlink: /home/robo/RoboFEI-HT_2023_SOFTWARE/install/custom_interfaces/local/lib/python3.10/dist-packages/custom_interfaces/msg/_set_position.py
-- Up-to-date symlink: /home/robo/RoboFEI-HT_2023_SOFTWARE/install/custom_interfaces/local/lib/python3.10/dist-packages/custom_interfaces/msg/_set_position_original.py
-- Up-to-date symlink: /home/robo/RoboFEI-HT_2023_SOFTWARE/install/custom_interfaces/local/lib/python3.10/dist-packages/custom_interfaces/msg/_set_position_original_s.c
-- Up-to-date symlink: /home/robo/RoboFEI-HT_2023_SOFTWARE/install/custom_interfaces/local/lib/python3.10/dist-packages/custom_interfaces/msg/_set_position_s.c
-- Up-to-date symlink: /home/robo/RoboFEI-HT_2023_SOFTWARE/install/custom_interfaces/local/lib/python3.10/dist-packages/custom_interfaces/msg/_vision.py
-- Up-to-date symlink: /home/robo/RoboFEI-HT_2023_SOFTWARE/install/custom_interfaces/local/lib/python3.10/dist-packages/custom_interfaces/msg/_vision_robot.py
-- Up-to-date symlink: /home/robo/RoboFEI-HT_2023_SOFTWARE/install/custom_interfaces/local/lib/python3.10/dist-packages/custom_interfaces/msg/_vision_robot_s.c
-- Up-to-date symlink: /home/robo/RoboFEI-HT_2023_SOFTWARE/install/custom_interfaces/local/lib/python3.10/dist-packages/custom_interfaces/msg/_vision_s.c
-- Up-to-date symlink: /home/robo/RoboFEI-HT_2023_SOFTWARE/install/custom_interfaces/local/lib/python3.10/dist-packages/custom_interfaces/msg/_walk.py
-- Up-to-date symlink: /home/robo/RoboFEI-HT_2023_SOFTWARE/install/custom_interfaces/local/lib/python3.10/dist-packages/custom_interfaces/msg/_walk_s.c
-- Up-to-date symlink: /home/robo/RoboFEI-HT_2023_SOFTWARE/install/custom_interfaces/local/lib/python3.10/dist-packages/custom_interfaces/srv/__init__.py
-- Up-to-date symlink: /home/robo/RoboFEI-HT_2023_SOFTWARE/install/custom_interfaces/local/lib/python3.10/dist-packages/custom_interfaces/srv/_get_position.py
-- Up-to-date symlink: /home/robo/RoboFEI-HT_2023_SOFTWARE/install/custom_interfaces/local/lib/python3.10/dist-packages/custom_interfaces/srv/_get_position_s.c
-- Up-to-date symlink: /home/robo/RoboFEI-HT_2023_SOFTWARE/install/custom_interfaces/local/lib/python3.10/dist-packages/custom_interfaces/srv/_reset.py
-- Up-to-date symlink: /home/robo/RoboFEI-HT_2023_SOFTWARE/install/custom_interfaces/local/lib/python3.10/dist-packages/custom_interfaces/srv/_reset_s.c
-- Up-to-date symlink: /home/robo/RoboFEI-HT_2023_SOFTWARE/install/custom_interfaces/local/lib/python3.10/dist-packages/custom_interfaces/custom_interfaces_s__rosidl_typesupport_fastrtps_c.cpython-310-x86_64-linux-gnu.so
-- Up-to-date symlink: /home/robo/RoboFEI-HT_2023_SOFTWARE/install/custom_interfaces/local/lib/python3.10/dist-packages/custom_interfaces/custom_interfaces_s__rosidl_typesupport_introspection_c.cpython-310-x86_64-linux-gnu.so
-- Up-to-date symlink: /home/robo/RoboFEI-HT_2023_SOFTWARE/install/custom_interfaces/local/lib/python3.10/dist-packages/custom_interfaces/custom_interfaces_s__rosidl_typesupport_c.cpython-310-x86_64-linux-gnu.so
-- Up-to-date symlink: /home/robo/RoboFEI-HT_2023_SOFTWARE/install/custom_interfaces/share/custom_interfaces/msg/SetPosition.idl
-- Up-to-date symlink: /home/robo/RoboFEI-HT_2023_SOFTWARE/install/custom_interfaces/share/custom_interfaces/msg/Vision.idl
-- Up-to-date symlink: /home/robo/RoboFEI-HT_2023_SOFTWARE/install/custom_interfaces/share/custom_interfaces/msg/VisionRobot.idl
-- Up-to-date symlink: /home/robo/RoboFEI-HT_2023_SOFTWARE/install/custom_interfaces/share/custom_interfaces/msg/HumanoidLeagueMsgs.idl
-- Up-to-date symlink: /home/robo/RoboFEI-HT_2023_SOFTWARE/install/custom_interfaces/share/custom_interfaces/msg/Localization.idl
-- Up-to-date symlink: /home/robo/RoboFEI-HT_2023_SOFTWARE/install/custom_interfaces/share/custom_interfaces/msg/SetPositionOriginal.idl
-- Up-to-date symlink: /home/robo/RoboFEI-HT_2023_SOFTWARE/install/custom_interfaces/share/custom_interfaces/msg/Decision.idl
-- Up-to-date symlink: /home/robo/RoboFEI-HT_2023_SOFTWARE/install/custom_interfaces/share/custom_interfaces/msg/Walk.idl
-- Up-to-date symlink: /home/robo/RoboFEI-HT_2023_SOFTWARE/install/custom_interfaces/share/custom_interfaces/msg/NeckPosition.idl
-- Up-to-date symlink: /home/robo/RoboFEI-HT_2023_SOFTWARE/install/custom_interfaces/share/custom_interfaces/msg/JointState.idl
-- Up-to-date symlink: /home/robo/RoboFEI-HT_2023_SOFTWARE/install/custom_interfaces/share/custom_interfaces/msg/RobotState.idl
-- Up-to-date symlink: /home/robo/RoboFEI-HT_2023_SOFTWARE/install/custom_interfaces/share/custom_interfaces/srv/GetPosition.idl
-- Up-to-date symlink: /home/robo/RoboFEI-HT_2023_SOFTWARE/install/custom_interfaces/share/custom_interfaces/srv/Reset.idl
-- Up-to-date symlink: /home/robo/RoboFEI-HT_2023_SOFTWARE/install/custom_interfaces/share/custom_interfaces/action/Control.idl
-- Up-to-date symlink: /home/robo/RoboFEI-HT_2023_SOFTWARE/install/custom_interfaces/share/custom_interfaces/msg/SetPosition.msg
-- Up-to-date symlink: /home/robo/RoboFEI-HT_2023_SOFTWARE/install/custom_interfaces/share/custom_interfaces/msg/Vision.msg
-- Up-to-date symlink: /home/robo/RoboFEI-HT_2023_SOFTWARE/install/custom_interfaces/share/custom_interfaces/msg/VisionRobot.msg
-- Up-to-date symlink: /home/robo/RoboFEI-HT_2023_SOFTWARE/install/custom_interfaces/share/custom_interfaces/msg/HumanoidLeagueMsgs.msg
-- Up-to-date symlink: /home/robo/RoboFEI-HT_2023_SOFTWARE/install/custom_interfaces/share/custom_interfaces/msg/Localization.msg
-- Up-to-date symlink: /home/robo/RoboFEI-HT_2023_SOFTWARE/install/custom_interfaces/share/custom_interfaces/msg/SetPositionOriginal.msg
-- Up-to-date symlink: /home/robo/RoboFEI-HT_2023_SOFTWARE/install/custom_interfaces/share/custom_interfaces/msg/Decision.msg
-- Up-to-date symlink: /home/robo/RoboFEI-HT_2023_SOFTWARE/install/custom_interfaces/share/custom_interfaces/msg/Walk.msg
-- Up-to-date symlink: /home/robo/RoboFEI-HT_2023_SOFTWARE/install/custom_interfaces/share/custom_interfaces/msg/NeckPosition.msg
-- Up-to-date symlink: /home/robo/RoboFEI-HT_2023_SOFTWARE/install/custom_interfaces/share/custom_interfaces/msg/JointState.msg
-- Up-to-date symlink: /home/robo/RoboFEI-HT_2023_SOFTWARE/install/custom_interfaces/share/custom_interfaces/msg/RobotState.msg
-- Up-to-date symlink: /home/robo/RoboFEI-HT_2023_SOFTWARE/install/custom_interfaces/share/custom_interfaces/srv/GetPosition.srv
-- Up-to-date symlink: /home/robo/RoboFEI-HT_2023_SOFTWARE/install/custom_interfaces/share/custom_interfaces/srv/GetPosition_Request.msg
-- Up-to-date symlink: /home/robo/RoboFEI-HT_2023_SOFTWARE/install/custom_interfaces/share/custom_interfaces/srv/GetPosition_Response.msg
-- Up-to-date symlink: /home/robo/RoboFEI-HT_2023_SOFTWARE/install/custom_interfaces/share/custom_interfaces/srv/Reset.srv
-- Up-to-date symlink: /home/robo/RoboFEI-HT_2023_SOFTWARE/install/custom_interfaces/share/custom_interfaces/srv/Reset_Request.msg
-- Up-to-date symlink: /home/robo/RoboFEI-HT_2023_SOFTWARE/install/custom_interfaces/share/custom_interfaces/srv/Reset_Response.msg
-- Up-to-date symlink: /home/robo/RoboFEI-HT_2023_SOFTWARE/install/custom_interfaces/share/custom_interfaces/action/Control.action
-- Up-to-date symlink: /home/robo/RoboFEI-HT_2023_SOFTWARE/install/custom_interfaces/share/ament_index/resource_index/package_run_dependencies/custom_interfaces
-- Up-to-date symlink: /home/robo/RoboFEI-HT_2023_SOFTWARE/install/custom_interfaces/share/ament_index/resource_index/parent_prefix_path/custom_interfaces
-- Up-to-date symlink: /home/robo/RoboFEI-HT_2023_SOFTWARE/install/custom_interfaces/share/custom_interfaces/environment/ament_prefix_path.sh
-- Up-to-date symlink: /home/robo/RoboFEI-HT_2023_SOFTWARE/install/custom_interfaces/share/custom_interfaces/environment/ament_prefix_path.dsv
-- Up-to-date symlink: /home/robo/RoboFEI-HT_2023_SOFTWARE/install/custom_interfaces/share/custom_interfaces/environment/path.sh
-- Up-to-date symlink: /home/robo/RoboFEI-HT_2023_SOFTWARE/install/custom_interfaces/share/custom_interfaces/environment/path.dsv
-- Up-to-date symlink: /home/robo/RoboFEI-HT_2023_SOFTWARE/install/custom_interfaces/share/custom_interfaces/local_setup.bash
-- Up-to-date symlink: /home/robo/RoboFEI-HT_2023_SOFTWARE/install/custom_interfaces/share/custom_interfaces/local_setup.sh
-- Up-to-date symlink: /home/robo/RoboFEI-HT_2023_SOFTWARE/install/custom_interfaces/share/custom_interfaces/local_setup.zsh
-- Up-to-date symlink: /home/robo/RoboFEI-HT_2023_SOFTWARE/install/custom_interfaces/share/custom_interfaces/local_setup.dsv
-- Symlinking: /home/robo/RoboFEI-HT_2023_SOFTWARE/install/custom_interfaces/share/custom_interfaces/package.dsv
-- Up-to-date symlink: /home/robo/RoboFEI-HT_2023_SOFTWARE/install/custom_interfaces/share/ament_index/resource_index/packages/custom_interfaces
-- Up-to-date symlink: /home/robo/RoboFEI-HT_2023_SOFTWARE/install/custom_interfaces/share/custom_interfaces/cmake/rosidl_cmake-extras.cmake
-- Up-to-date symlink: /home/robo/RoboFEI-HT_2023_SOFTWARE/install/custom_interfaces/share/custom_interfaces/cmake/ament_cmake_export_dependencies-extras.cmake
-- Up-to-date symlink: /home/robo/RoboFEI-HT_2023_SOFTWARE/install/custom_interfaces/share/custom_interfaces/cmake/ament_cmake_export_include_directories-extras.cmake
-- Up-to-date symlink: /home/robo/RoboFEI-HT_2023_SOFTWARE/install/custom_interfaces/share/custom_interfaces/cmake/ament_cmake_export_libraries-extras.cmake
-- Up-to-date symlink: /home/robo/RoboFEI-HT_2023_SOFTWARE/install/custom_interfaces/share/custom_interfaces/cmake/ament_cmake_export_targets-extras.cmake
-- Up-to-date symlink: /home/robo/RoboFEI-HT_2023_SOFTWARE/install/custom_interfaces/share/custom_interfaces/cmake/rosidl_cmake_export_typesupport_targets-extras.cmake
-- Up-to-date symlink: /home/robo/RoboFEI-HT_2023_SOFTWARE/install/custom_interfaces/share/custom_interfaces/cmake/rosidl_cmake_export_typesupport_libraries-extras.cmake
-- Up-to-date symlink: /home/robo/RoboFEI-HT_2023_SOFTWARE/install/custom_interfaces/share/custom_interfaces/cmake/custom_interfacesConfig.cmake
-- Up-to-date symlink: /home/robo/RoboFEI-HT_2023_SOFTWARE/install/custom_interfaces/share/custom_interfaces/cmake/custom_interfacesConfig-version.cmake
-- Up-to-date symlink: /home/robo/RoboFEI-HT_2023_SOFTWARE/install/custom_interfaces/share/custom_interfaces/package.xml
-- Up-to-date: /home/robo/RoboFEI-HT_2023_SOFTWARE/install/custom_interfaces/lib/libcustom_interfaces__rosidl_generator_c.so
-- Up-to-date: /home/robo/RoboFEI-HT_2023_SOFTWARE/install/custom_interfaces/lib/libcustom_interfaces__rosidl_typesupport_fastrtps_c.so
-- Up-to-date: /home/robo/RoboFEI-HT_2023_SOFTWARE/install/custom_interfaces/lib/libcustom_interfaces__rosidl_typesupport_fastrtps_cpp.so
-- Up-to-date: /home/robo/RoboFEI-HT_2023_SOFTWARE/install/custom_interfaces/lib/libcustom_interfaces__rosidl_typesupport_introspection_c.so
-- Up-to-date: /home/robo/RoboFEI-HT_2023_SOFTWARE/install/custom_interfaces/lib/libcustom_interfaces__rosidl_typesupport_c.so
-- Up-to-date: /home/robo/RoboFEI-HT_2023_SOFTWARE/install/custom_interfaces/lib/libcustom_interfaces__rosidl_typesupport_introspection_cpp.so
-- Up-to-date: /home/robo/RoboFEI-HT_2023_SOFTWARE/install/custom_interfaces/lib/libcustom_interfaces__rosidl_typesupport_cpp.so
Listing '/home/robo/RoboFEI-HT_2023_SOFTWARE/install/custom_interfaces/local/lib/python3.10/dist-packages/custom_interfaces'...
Listing '/home/robo/RoboFEI-HT_2023_SOFTWARE/install/custom_interfaces/local/lib/python3.10/dist-packages/custom_interfaces/action'...
Listing '/home/robo/RoboFEI-HT_2023_SOFTWARE/install/custom_interfaces/local/lib/python3.10/dist-packages/custom_interfaces/msg'...
Listing '/home/robo/RoboFEI-HT_2023_SOFTWARE/install/custom_interfaces/local/lib/python3.10/dist-packages/custom_interfaces/srv'...
-- Up-to-date: /home/robo/RoboFEI-HT_2023_SOFTWARE/install/custom_interfaces/lib/libcustom_interfaces__rosidl_generator_py.so
-- Up-to-date: /home/robo/RoboFEI-HT_2023_SOFTWARE/install/custom_interfaces/share/custom_interfaces/cmake/export_custom_interfaces__rosidl_generator_cExport.cmake
-- Up-to-date: /home/robo/RoboFEI-HT_2023_SOFTWARE/install/custom_interfaces/share/custom_interfaces/cmake/export_custom_interfaces__rosidl_generator_cExport-noconfig.cmake
-- Up-to-date: /home/robo/RoboFEI-HT_2023_SOFTWARE/install/custom_interfaces/share/custom_interfaces/cmake/export_custom_interfaces__rosidl_typesupport_fastrtps_cExport.cmake
-- Up-to-date: /home/robo/RoboFEI-HT_2023_SOFTWARE/install/custom_interfaces/share/custom_interfaces/cmake/export_custom_interfaces__rosidl_typesupport_fastrtps_cExport-noconfig.cmake
-- Up-to-date: /home/robo/RoboFEI-HT_2023_SOFTWARE/install/custom_interfaces/share/custom_interfaces/cmake/export_custom_interfaces__rosidl_generator_cppExport.cmake
-- Up-to-date: /home/robo/RoboFEI-HT_2023_SOFTWARE/install/custom_interfaces/share/custom_interfaces/cmake/export_custom_interfaces__rosidl_typesupport_fastrtps_cppExport.cmake
-- Up-to-date: /home/robo/RoboFEI-HT_2023_SOFTWARE/install/custom_interfaces/share/custom_interfaces/cmake/export_custom_interfaces__rosidl_typesupport_fastrtps_cppExport-noconfig.cmake
-- Up-to-date: /home/robo/RoboFEI-HT_2023_SOFTWARE/install/custom_interfaces/share/custom_interfaces/cmake/custom_interfaces__rosidl_typesupport_introspection_cExport.cmake
-- Up-to-date: /home/robo/RoboFEI-HT_2023_SOFTWARE/install/custom_interfaces/share/custom_interfaces/cmake/custom_interfaces__rosidl_typesupport_introspection_cExport-noconfig.cmake
-- Up-to-date: /home/robo/RoboFEI-HT_2023_SOFTWARE/install/custom_interfaces/share/custom_interfaces/cmake/custom_interfaces__rosidl_typesupport_cExport.cmake
-- Up-to-date: /home/robo/RoboFEI-HT_2023_SOFTWARE/install/custom_interfaces/share/custom_interfaces/cmake/custom_interfaces__rosidl_typesupport_cExport-noconfig.cmake
-- Up-to-date: /home/robo/RoboFEI-HT_2023_SOFTWARE/install/custom_interfaces/share/custom_interfaces/cmake/custom_interfaces__rosidl_typesupport_introspection_cppExport.cmake
-- Up-to-date: /home/robo/RoboFEI-HT_2023_SOFTWARE/install/custom_interfaces/share/custom_interfaces/cmake/custom_interfaces__rosidl_typesupport_introspection_cppExport-noconfig.cmake
-- Up-to-date: /home/robo/RoboFEI-HT_2023_SOFTWARE/install/custom_interfaces/share/custom_interfaces/cmake/custom_interfaces__rosidl_typesupport_cppExport.cmake
-- Up-to-date: /home/robo/RoboFEI-HT_2023_SOFTWARE/install/custom_interfaces/share/custom_interfaces/cmake/custom_interfaces__rosidl_typesupport_cppExport-noconfig.cmake
-- Up-to-date: /home/robo/RoboFEI-HT_2023_SOFTWARE/install/custom_interfaces/share/custom_interfaces/cmake/export_custom_interfaces__rosidl_generator_pyExport.cmake
-- Up-to-date: /home/robo/RoboFEI-HT_2023_SOFTWARE/install/custom_interfaces/share/custom_interfaces/cmake/export_custom_interfaces__rosidl_generator_pyExport-noconfig.cmake
