/usr/lib/python3/dist-packages/setuptools/dist.py:723: UserWarning: Usage of dash-separated 'script-dir' will not be supported in future versions. Please use the underscore name 'script_dir' instead
  warnings.warn(
running develop
/usr/lib/python3/dist-packages/setuptools/command/easy_install.py:158: EasyInstallDeprecationWarning: easy_install command is deprecated. Use build and pip and other standards-based tools.
  warnings.warn(
running egg_info
creating localization_pkg.egg-info
writing localization_pkg.egg-info/PKG-INFO
writing dependency_links to localization_pkg.egg-info/dependency_links.txt
writing entry points to localization_pkg.egg-info/entry_points.txt
writing requirements to localization_pkg.egg-info/requires.txt
writing top-level names to localization_pkg.egg-info/top_level.txt
writing manifest file 'localization_pkg.egg-info/SOURCES.txt'
reading manifest file 'localization_pkg.egg-info/SOURCES.txt'
writing manifest file 'localization_pkg.egg-info/SOURCES.txt'
running build_ext
Creating /home/robo/RoboFEI-HT_2023_SOFTWARE/install/localization_pkg/lib/python3.10/site-packages/localization-pkg.egg-link (link to .)
Installing localization_node script to /home/robo/RoboFEI-HT_2023_SOFTWARE/install/localization_pkg/lib/localization_pkg

Installed /home/robo/RoboFEI-HT_2023_SOFTWARE/build/localization_pkg
running symlink_data
creating /home/robo/RoboFEI-HT_2023_SOFTWARE/install/localization_pkg/share/ament_index
creating /home/robo/RoboFEI-HT_2023_SOFTWARE/install/localization_pkg/share/ament_index/resource_index
creating /home/robo/RoboFEI-HT_2023_SOFTWARE/install/localization_pkg/share/ament_index/resource_index/packages
symbolically linking /home/robo/RoboFEI-HT_2023_SOFTWARE/build/localization_pkg/resource/localization_pkg -> /home/robo/RoboFEI-HT_2023_SOFTWARE/install/localization_pkg/share/ament_index/resource_index/packages
symbolically linking /home/robo/RoboFEI-HT_2023_SOFTWARE/build/localization_pkg/package.xml -> /home/robo/RoboFEI-HT_2023_SOFTWARE/install/localization_pkg/share/localization_pkg
