[1.258s] Invoking command in '/home/robo/RoboFEI-HT_2023_SOFTWARE/build/localization_pkg': PYTHONPATH=/home/robo/RoboFEI-HT_2023_SOFTWARE/build/localization_pkg/prefix_override:/usr/lib/python3/dist-packages/colcon_core/task/python/colcon_distutils_commands:/home/robo/RoboFEI-HT_2023_SOFTWARE/install/localization_pkg/lib/python3.10/site-packages:${PYTHONPATH} /usr/bin/python3 -W ignore:setup.py install is deprecated setup.py develop --editable --build-directory /home/robo/RoboFEI-HT_2023_SOFTWARE/build/localization_pkg/build --no-deps symlink_data
[1.546s] /usr/lib/python3/dist-packages/setuptools/dist.py:723: UserWarning: Usage of dash-separated 'script-dir' will not be supported in future versions. Please use the underscore name 'script_dir' instead
[1.547s]   warnings.warn(
[1.584s] running develop
[1.584s] /usr/lib/python3/dist-packages/setuptools/command/easy_install.py:158: EasyInstallDeprecationWarning: easy_install command is deprecated. Use build and pip and other standards-based tools.
[1.584s]   warnings.warn(
[1.791s] running egg_info
[1.791s] creating localization_pkg.egg-info
[1.791s] writing localization_pkg.egg-info/PKG-INFO
[1.791s] writing dependency_links to localization_pkg.egg-info/dependency_links.txt
[1.791s] writing entry points to localization_pkg.egg-info/entry_points.txt
[1.791s] writing requirements to localization_pkg.egg-info/requires.txt
[1.791s] writing top-level names to localization_pkg.egg-info/top_level.txt
[1.791s] writing manifest file 'localization_pkg.egg-info/SOURCES.txt'
[1.793s] reading manifest file 'localization_pkg.egg-info/SOURCES.txt'
[1.794s] writing manifest file 'localization_pkg.egg-info/SOURCES.txt'
[1.795s] running build_ext
[1.795s] Creating /home/robo/RoboFEI-HT_2023_SOFTWARE/install/localization_pkg/lib/python3.10/site-packages/localization-pkg.egg-link (link to .)
[1.796s] Installing localization_node script to /home/robo/RoboFEI-HT_2023_SOFTWARE/install/localization_pkg/lib/localization_pkg
[1.797s] 
[1.797s] Installed /home/robo/RoboFEI-HT_2023_SOFTWARE/build/localization_pkg
[1.797s] running symlink_data
[1.797s] creating /home/robo/RoboFEI-HT_2023_SOFTWARE/install/localization_pkg/share/ament_index
[1.797s] creating /home/robo/RoboFEI-HT_2023_SOFTWARE/install/localization_pkg/share/ament_index/resource_index
[1.797s] creating /home/robo/RoboFEI-HT_2023_SOFTWARE/install/localization_pkg/share/ament_index/resource_index/packages
[1.797s] symbolically linking /home/robo/RoboFEI-HT_2023_SOFTWARE/build/localization_pkg/resource/localization_pkg -> /home/robo/RoboFEI-HT_2023_SOFTWARE/install/localization_pkg/share/ament_index/resource_index/packages
[1.798s] symbolically linking /home/robo/RoboFEI-HT_2023_SOFTWARE/build/localization_pkg/package.xml -> /home/robo/RoboFEI-HT_2023_SOFTWARE/install/localization_pkg/share/localization_pkg
[1.848s] Invoked command in '/home/robo/RoboFEI-HT_2023_SOFTWARE/build/localization_pkg' returned '0': PYTHONPATH=/home/robo/RoboFEI-HT_2023_SOFTWARE/build/localization_pkg/prefix_override:/usr/lib/python3/dist-packages/colcon_core/task/python/colcon_distutils_commands:/home/robo/RoboFEI-HT_2023_SOFTWARE/install/localization_pkg/lib/python3.10/site-packages:${PYTHONPATH} /usr/bin/python3 -W ignore:setup.py install is deprecated setup.py develop --editable --build-directory /home/robo/RoboFEI-HT_2023_SOFTWARE/build/localization_pkg/build --no-deps symlink_data
