[  1%] Built target custom_interfaces__cpp
[ 12%] Built target custom_interfaces__rosidl_generator_c
[ 12%] Built target ament_cmake_python_symlink_custom_interfaces
[ 24%] Built target custom_interfaces__rosidl_typesupport_c
[ 36%] Built target custom_interfaces__rosidl_typesupport_introspection_c
[ 48%] Built target custom_interfaces__rosidl_typesupport_fastrtps_c
[ 60%] Built target custom_interfaces__rosidl_typesupport_introspection_cpp
[ 72%] Built target custom_interfaces__rosidl_typesupport_cpp
[ 84%] Built target custom_interfaces__rosidl_typesupport_fastrtps_cpp
[ 84%] Built target custom_interfaces
[ 85%] Built target custom_interfaces__py
[ 96%] Built target custom_interfaces__rosidl_generator_py
[ 99%] Built target custom_interfaces__rosidl_typesupport_c__pyext
[ 99%] Built target custom_interfaces__rosidl_typesupport_introspection_c__pyext
[100%] Built target custom_interfaces__rosidl_typesupport_fastrtps_c__pyext
running egg_info
writing custom_interfaces.egg-info/PKG-INFO
writing dependency_links to custom_interfaces.egg-info/dependency_links.txt
writing top-level names to custom_interfaces.egg-info/top_level.txt
reading manifest file 'custom_interfaces.egg-info/SOURCES.txt'
writing manifest file 'custom_interfaces.egg-info/SOURCES.txt'
[100%] Built target ament_cmake_python_build_custom_interfaces_egg
-- Install configuration: ""
-- Up-to-date: /home/robo/RoboFEI-HT_2023_SOFTWARE/install/custom_interfaces/lib/libcustom_interfaces__rosidl_generator_c.so
-- Up-to-date: /home/robo/RoboFEI-HT_2023_SOFTWARE/install/custom_interfaces/lib/libcustom_interfaces__rosidl_typesupport_fastrtps_c.so
-- Up-to-date: /home/robo/RoboFEI-HT_2023_SOFTWARE/install/custom_interfaces/lib/libcustom_interfaces__rosidl_typesupport_fastrtps_cpp.so
-- Up-to-date: /home/robo/RoboFEI-HT_2023_SOFTWARE/install/custom_interfaces/lib/libcustom_interfaces__rosidl_typesupport_introspection_c.so
-- Up-to-date: /home/robo/RoboFEI-HT_2023_SOFTWARE/install/custom_interfaces/lib/libcustom_interfaces__rosidl_typesupport_c.so
-- Up-to-date: /home/robo/RoboFEI-HT_2023_SOFTWARE/install/custom_interfaces/lib/libcustom_interfaces__rosidl_typesupport_introspection_cpp.so
-- Up-to-date: /home/robo/RoboFEI-HT_2023_SOFTWARE/install/custom_interfaces/lib/libcustom_interfaces__rosidl_typesupport_cpp.so
Listing '/home/robo/RoboFEI-HT_2023_SOFTWARE/install/custom_interfaces/local/lib/python3.10/dist-packages/custom_interfaces'...
Listing '/home/robo/RoboFEI-HT_2023_SOFTWARE/install/custom_interfaces/local/lib/python3.10/dist-packages/custom_interfaces/action'...
Listing '/home/robo/RoboFEI-HT_2023_SOFTWARE/install/custom_interfaces/local/lib/python3.10/dist-packages/custom_interfaces/msg'...
Listing '/home/robo/RoboFEI-HT_2023_SOFTWARE/install/custom_interfaces/local/lib/python3.10/dist-packages/custom_interfaces/srv'...
-- Up-to-date: /home/robo/RoboFEI-HT_2023_SOFTWARE/install/custom_interfaces/lib/libcustom_interfaces__rosidl_generator_py.so
-- Up-to-date: /home/robo/RoboFEI-HT_2023_SOFTWARE/install/custom_interfaces/share/custom_interfaces/cmake/export_custom_interfaces__rosidl_generator_cExport.cmake
-- Up-to-date: /home/robo/RoboFEI-HT_2023_SOFTWARE/install/custom_interfaces/share/custom_interfaces/cmake/export_custom_interfaces__rosidl_generator_cExport-noconfig.cmake
-- Up-to-date: /home/robo/RoboFEI-HT_2023_SOFTWARE/install/custom_interfaces/share/custom_interfaces/cmake/export_custom_interfaces__rosidl_typesupport_fastrtps_cExport.cmake
-- Up-to-date: /home/robo/RoboFEI-HT_2023_SOFTWARE/install/custom_interfaces/share/custom_interfaces/cmake/export_custom_interfaces__rosidl_typesupport_fastrtps_cExport-noconfig.cmake
-- Up-to-date: /home/robo/RoboFEI-HT_2023_SOFTWARE/install/custom_interfaces/share/custom_interfaces/cmake/export_custom_interfaces__rosidl_generator_cppExport.cmake
-- Up-to-date: /home/robo/RoboFEI-HT_2023_SOFTWARE/install/custom_interfaces/share/custom_interfaces/cmake/export_custom_interfaces__rosidl_typesupport_fastrtps_cppExport.cmake
-- Up-to-date: /home/robo/RoboFEI-HT_2023_SOFTWARE/install/custom_interfaces/share/custom_interfaces/cmake/export_custom_interfaces__rosidl_typesupport_fastrtps_cppExport-noconfig.cmake
-- Up-to-date: /home/robo/RoboFEI-HT_2023_SOFTWARE/install/custom_interfaces/share/custom_interfaces/cmake/custom_interfaces__rosidl_typesupport_introspection_cExport.cmake
-- Up-to-date: /home/robo/RoboFEI-HT_2023_SOFTWARE/install/custom_interfaces/share/custom_interfaces/cmake/custom_interfaces__rosidl_typesupport_introspection_cExport-noconfig.cmake
-- Up-to-date: /home/robo/RoboFEI-HT_2023_SOFTWARE/install/custom_interfaces/share/custom_interfaces/cmake/custom_interfaces__rosidl_typesupport_cExport.cmake
-- Up-to-date: /home/robo/RoboFEI-HT_2023_SOFTWARE/install/custom_interfaces/share/custom_interfaces/cmake/custom_interfaces__rosidl_typesupport_cExport-noconfig.cmake
-- Up-to-date: /home/robo/RoboFEI-HT_2023_SOFTWARE/install/custom_interfaces/share/custom_interfaces/cmake/custom_interfaces__rosidl_typesupport_introspection_cppExport.cmake
-- Up-to-date: /home/robo/RoboFEI-HT_2023_SOFTWARE/install/custom_interfaces/share/custom_interfaces/cmake/custom_interfaces__rosidl_typesupport_introspection_cppExport-noconfig.cmake
-- Up-to-date: /home/robo/RoboFEI-HT_2023_SOFTWARE/install/custom_interfaces/share/custom_interfaces/cmake/custom_interfaces__rosidl_typesupport_cppExport.cmake
-- Up-to-date: /home/robo/RoboFEI-HT_2023_SOFTWARE/install/custom_interfaces/share/custom_interfaces/cmake/custom_interfaces__rosidl_typesupport_cppExport-noconfig.cmake
-- Up-to-date: /home/robo/RoboFEI-HT_2023_SOFTWARE/install/custom_interfaces/share/custom_interfaces/cmake/export_custom_interfaces__rosidl_generator_pyExport.cmake
-- Up-to-date: /home/robo/RoboFEI-HT_2023_SOFTWARE/install/custom_interfaces/share/custom_interfaces/cmake/export_custom_interfaces__rosidl_generator_pyExport-noconfig.cmake
