[0.585s] Invoking command in '/home/robo/RoboFEI-HT_2023_SOFTWARE/build/decision_pkg': CMAKE_PREFIX_PATH=/home/robo/RoboFEI-HT_2023_SOFTWARE/install/custom_interfaces:/home/robo/RoboFEI-HT_2023_SOFTWARE/install/um7:/home/robo/RoboFEI-HT_2023_SOFTWARE/install/robot_bringup:/home/robo/RoboFEI-HT_2023_SOFTWARE/install/control:/home/robo/RoboFEI-HT_2023_SOFTWARE/install/serial:/home/robo/RoboFEI-HT_2023_SOFTWARE/install/motors_pkg:/home/robo/RoboFEI-HT_2023_SOFTWARE/install/gui:/home/robo/RoboFEI-HT_2023_SOFTWARE/install/decision_pkg_cpp LD_LIBRARY_PATH=/home/robo/RoboFEI-HT_2023_SOFTWARE/install/custom_interfaces/lib:/home/robo/RoboFEI-HT_2023_SOFTWARE/install/um7/lib:/home/robo/RoboFEI-HT_2023_SOFTWARE/install/control/lib:/home/robo/RoboFEI-HT_2023_SOFTWARE/install/serial/lib:/opt/ros/humble/opt/rviz_ogre_vendor/lib:/opt/ros/humble/lib/x86_64-linux-gnu:/opt/ros/humble/lib PYTHONPATH=/home/robo/RoboFEI-HT_2023_SOFTWARE/build/decision_pkg/prefix_override:/usr/lib/python3/dist-packages/colcon_core/task/python/colcon_distutils_commands:/home/robo/RoboFEI-HT_2023_SOFTWARE/install/decision_pkg/lib/python3.10/site-packages:${PYTHONPATH} /usr/bin/python3 -W ignore:setup.py install is deprecated setup.py develop --editable --build-directory /home/robo/RoboFEI-HT_2023_SOFTWARE/build/decision_pkg/build --no-deps symlink_data
[0.746s] /usr/lib/python3/dist-packages/setuptools/dist.py:723: UserWarning: Usage of dash-separated 'script-dir' will not be supported in future versions. Please use the underscore name 'script_dir' instead
[0.746s]   warnings.warn(
[0.767s] running develop
[0.767s] /usr/lib/python3/dist-packages/setuptools/command/easy_install.py:158: EasyInstallDeprecationWarning: easy_install command is deprecated. Use build and pip and other standards-based tools.
[0.767s]   warnings.warn(
[0.875s] running egg_info
[0.875s] writing decision_pkg.egg-info/PKG-INFO
[0.875s] writing dependency_links to decision_pkg.egg-info/dependency_links.txt
[0.876s] writing entry points to decision_pkg.egg-info/entry_points.txt
[0.876s] writing requirements to decision_pkg.egg-info/requires.txt
[0.876s] writing top-level names to decision_pkg.egg-info/top_level.txt
[0.877s] reading manifest file 'decision_pkg.egg-info/SOURCES.txt'
[0.877s] writing manifest file 'decision_pkg.egg-info/SOURCES.txt'
[0.879s] running build_ext
[0.879s] Creating /home/robo/RoboFEI-HT_2023_SOFTWARE/install/decision_pkg/lib/python3.10/site-packages/decision-pkg.egg-link (link to .)
[0.879s] Installing decision_action script to /home/robo/RoboFEI-HT_2023_SOFTWARE/install/decision_pkg/lib/decision_pkg
[0.879s] Installing decision_node script to /home/robo/RoboFEI-HT_2023_SOFTWARE/install/decision_pkg/lib/decision_pkg
[0.879s] 
[0.879s] Installed /home/robo/RoboFEI-HT_2023_SOFTWARE/build/decision_pkg
[0.879s] running symlink_data
[0.906s] Invoked command in '/home/robo/RoboFEI-HT_2023_SOFTWARE/build/decision_pkg' returned '0': CMAKE_PREFIX_PATH=/home/robo/RoboFEI-HT_2023_SOFTWARE/install/custom_interfaces:/home/robo/RoboFEI-HT_2023_SOFTWARE/install/um7:/home/robo/RoboFEI-HT_2023_SOFTWARE/install/robot_bringup:/home/robo/RoboFEI-HT_2023_SOFTWARE/install/control:/home/robo/RoboFEI-HT_2023_SOFTWARE/install/serial:/home/robo/RoboFEI-HT_2023_SOFTWARE/install/motors_pkg:/home/robo/RoboFEI-HT_2023_SOFTWARE/install/gui:/home/robo/RoboFEI-HT_2023_SOFTWARE/install/decision_pkg_cpp LD_LIBRARY_PATH=/home/robo/RoboFEI-HT_2023_SOFTWARE/install/custom_interfaces/lib:/home/robo/RoboFEI-HT_2023_SOFTWARE/install/um7/lib:/home/robo/RoboFEI-HT_2023_SOFTWARE/install/control/lib:/home/robo/RoboFEI-HT_2023_SOFTWARE/install/serial/lib:/opt/ros/humble/opt/rviz_ogre_vendor/lib:/opt/ros/humble/lib/x86_64-linux-gnu:/opt/ros/humble/lib PYTHONPATH=/home/robo/RoboFEI-HT_2023_SOFTWARE/build/decision_pkg/prefix_override:/usr/lib/python3/dist-packages/colcon_core/task/python/colcon_distutils_commands:/home/robo/RoboFEI-HT_2023_SOFTWARE/install/decision_pkg/lib/python3.10/site-packages:${PYTHONPATH} /usr/bin/python3 -W ignore:setup.py install is deprecated setup.py develop --editable --build-directory /home/robo/RoboFEI-HT_2023_SOFTWARE/build/decision_pkg/build --no-deps symlink_data
