[2.610s] Invoking command in '/home/robo/RoboFEI-HT_2023_SOFTWARE/build/localization_pkg': PYTHONPATH=/home/robo/RoboFEI-HT_2023_SOFTWARE/build/localization_pkg/prefix_override:/usr/lib/python3/dist-packages/colcon_core/task/python/colcon_distutils_commands:/home/robo/RoboFEI-HT_2023_SOFTWARE/install/localization_pkg/lib/python3.10/site-packages:${PYTHONPATH} /usr/bin/python3 -W ignore:setup.py install is deprecated setup.py develop --editable --build-directory /home/robo/RoboFEI-HT_2023_SOFTWARE/build/localization_pkg/build --no-deps symlink_data
[3.107s] /usr/lib/python3/dist-packages/setuptools/dist.py:723: UserWarning: Usage of dash-separated 'script-dir' will not be supported in future versions. Please use the underscore name 'script_dir' instead
[3.107s]   warnings.warn(
[3.150s] running develop
[3.150s] /usr/lib/python3/dist-packages/setuptools/command/easy_install.py:158: EasyInstallDeprecationWarning: easy_install command is deprecated. Use build and pip and other standards-based tools.
[3.150s]   warnings.warn(
[3.439s] running egg_info
[3.440s] writing localization_pkg.egg-info/PKG-INFO
[3.442s] writing dependency_links to localization_pkg.egg-info/dependency_links.txt
[3.442s] writing entry points to localization_pkg.egg-info/entry_points.txt
[3.443s] writing requirements to localization_pkg.egg-info/requires.txt
[3.445s] writing top-level names to localization_pkg.egg-info/top_level.txt
[3.450s] reading manifest file 'localization_pkg.egg-info/SOURCES.txt'
[3.459s] writing manifest file 'localization_pkg.egg-info/SOURCES.txt'
[3.459s] running build_ext
[3.459s] Creating /home/robo/RoboFEI-HT_2023_SOFTWARE/install/localization_pkg/lib/python3.10/site-packages/localization-pkg.egg-link (link to .)
[3.462s] Installing localization_node script to /home/robo/RoboFEI-HT_2023_SOFTWARE/install/localization_pkg/lib/localization_pkg
[3.462s] 
[3.462s] Installed /home/robo/RoboFEI-HT_2023_SOFTWARE/build/localization_pkg
[3.462s] running symlink_data
[3.599s] Invoked command in '/home/robo/RoboFEI-HT_2023_SOFTWARE/build/localization_pkg' returned '0': PYTHONPATH=/home/robo/RoboFEI-HT_2023_SOFTWARE/build/localization_pkg/prefix_override:/usr/lib/python3/dist-packages/colcon_core/task/python/colcon_distutils_commands:/home/robo/RoboFEI-HT_2023_SOFTWARE/install/localization_pkg/lib/python3.10/site-packages:${PYTHONPATH} /usr/bin/python3 -W ignore:setup.py install is deprecated setup.py develop --editable --build-directory /home/robo/RoboFEI-HT_2023_SOFTWARE/build/localization_pkg/build --no-deps symlink_data
