[0.027s] Invoking command in '/home/robo/RoboFEI-HT_2023_SOFTWARE/build/custom_interfaces': CMAKE_PREFIX_PATH=${CMAKE_PREFIX_PATH}:/home/robo/RoboFEI-HT_2023_SOFTWARE/install/vision_pkg:/home/robo/RoboFEI-HT_2023_SOFTWARE/install/localization_pkg:/home/robo/RoboFEI-HT_2023_SOFTWARE/install/imu:/home/robo/RoboFEI-HT_2023_SOFTWARE/install/game_controller:/home/robo/RoboFEI-HT_2023_SOFTWARE/install/decision_pkg:/opt/ros/humble /usr/bin/cmake --build /home/robo/RoboFEI-HT_2023_SOFTWARE/build/custom_interfaces -- -j8 -l8
[0.642s] -- Found ament_cmake: 1.3.9 (/opt/ros/humble/share/ament_cmake/cmake)
[0.642s] -- Override CMake install command with custom implementation using symlinks instead of copying resources
[0.642s] -- Found builtin_interfaces: 1.2.1 (/opt/ros/humble/share/builtin_interfaces/cmake)
[0.643s] -- Found rosidl_generator_c: 3.1.5 (/opt/ros/humble/share/rosidl_generator_c/cmake)
[0.643s] -- Found rosidl_adapter: 3.1.5 (/opt/ros/humble/share/rosidl_adapter/cmake)
[0.643s] -- Found rosidl_generator_cpp: 3.1.5 (/opt/ros/humble/share/rosidl_generator_cpp/cmake)
[0.643s] -- Using all available rosidl_typesupport_c: rosidl_typesupport_fastrtps_c;rosidl_typesupport_introspection_c
[0.643s] -- Using all available rosidl_typesupport_cpp: rosidl_typesupport_fastrtps_cpp;rosidl_typesupport_introspection_cpp
[0.643s] -- Found rosidl_default_generators: 1.2.0 (/opt/ros/humble/share/rosidl_default_generators/cmake)
[0.643s] -- Found std_msgs: 4.2.4 (/opt/ros/humble/share/std_msgs/cmake)
[0.655s] -- Found ament_cmake_ros: 0.10.0 (/opt/ros/humble/share/ament_cmake_ros/cmake)
[1.010s] -- Using all available rosidl_typesupport_c: rosidl_typesupport_fastrtps_c;rosidl_typesupport_introspection_c
[1.159s] -- Using all available rosidl_typesupport_cpp: rosidl_typesupport_fastrtps_cpp;rosidl_typesupport_introspection_cpp
[1.188s] -- Found python_cmake_module: 0.10.0 (/opt/ros/humble/share/python_cmake_module/cmake)
[1.215s] -- Using PYTHON_EXECUTABLE: /usr/bin/python3
[1.215s] -- Using PYTHON_INCLUDE_DIRS: /usr/include/python3.10
[1.216s] -- Using PYTHON_LIBRARIES: /usr/lib/x86_64-linux-gnu/libpython3.10.so
[1.271s] -- Configuring done
[1.343s] -- Generating done
[1.347s] -- Build files have been written to: /home/robo/RoboFEI-HT_2023_SOFTWARE/build/custom_interfaces
[1.381s] [  1%] [34m[1mGenerating C code for ROS interfaces[0m
[1.395s] [  1%] [34m[1mGenerating C++ code for ROS interfaces[0m
[1.402s] [  1%] Built target ament_cmake_python_symlink_custom_interfaces
[1.729s] running egg_info
[1.730s] writing custom_interfaces.egg-info/PKG-INFO
[1.730s] writing dependency_links to custom_interfaces.egg-info/dependency_links.txt
[1.730s] writing top-level names to custom_interfaces.egg-info/top_level.txt
[1.735s] reading manifest file 'custom_interfaces.egg-info/SOURCES.txt'
[1.736s] writing manifest file 'custom_interfaces.egg-info/SOURCES.txt'
[1.771s] [  1%] Built target ament_cmake_python_build_custom_interfaces_egg
[2.768s] [  1%] Built target custom_interfaces__cpp
[2.779s] [  3%] [34m[1mGenerating C++ type support dispatch for ROS interfaces[0m
[2.779s] [  3%] [34m[1mGenerating C++ type support for eProsima Fast-RTPS[0m
[2.780s] [  3%] [34m[1mGenerating C++ introspection for ROS interfaces[0m
[2.926s] [35m[1mConsolidate compiler generated dependencies of target custom_interfaces__rosidl_generator_c[0m
[2.942s] [  3%] [32mBuilding C object CMakeFiles/custom_interfaces__rosidl_generator_c.dir/rosidl_generator_c/custom_interfaces/msg/detail/set_position__functions.c.o[0m
[2.943s] [  5%] [32mBuilding C object CMakeFiles/custom_interfaces__rosidl_generator_c.dir/rosidl_generator_c/custom_interfaces/msg/detail/vision_robot__functions.c.o[0m
[2.943s] [  5%] [32mBuilding C object CMakeFiles/custom_interfaces__rosidl_generator_c.dir/rosidl_generator_c/custom_interfaces/msg/detail/vision__functions.c.o[0m
[2.943s] [  6%] [32mBuilding C object CMakeFiles/custom_interfaces__rosidl_generator_c.dir/rosidl_generator_c/custom_interfaces/msg/detail/humanoid_league_msgs__functions.c.o[0m
[2.944s] [  6%] [32mBuilding C object CMakeFiles/custom_interfaces__rosidl_generator_c.dir/rosidl_generator_c/custom_interfaces/msg/detail/localization__functions.c.o[0m
[3.035s] [  7%] [32mBuilding C object CMakeFiles/custom_interfaces__rosidl_generator_c.dir/rosidl_generator_c/custom_interfaces/msg/detail/decision__functions.c.o[0m
[3.035s] [  8%] [32mBuilding C object CMakeFiles/custom_interfaces__rosidl_generator_c.dir/rosidl_generator_c/custom_interfaces/msg/detail/walk__functions.c.o[0m
[3.035s] [  9%] [32mBuilding C object CMakeFiles/custom_interfaces__rosidl_generator_c.dir/rosidl_generator_c/custom_interfaces/msg/detail/set_position_original__functions.c.o[0m
[3.035s] [  9%] [32mBuilding C object CMakeFiles/custom_interfaces__rosidl_generator_c.dir/rosidl_generator_c/custom_interfaces/msg/detail/neck_position__functions.c.o[0m
[3.042s] [ 10%] [32mBuilding C object CMakeFiles/custom_interfaces__rosidl_generator_c.dir/rosidl_generator_c/custom_interfaces/msg/detail/joint_state__functions.c.o[0m
[3.085s] [ 11%] [32mBuilding C object CMakeFiles/custom_interfaces__rosidl_generator_c.dir/rosidl_generator_c/custom_interfaces/msg/detail/robot_state__functions.c.o[0m
[3.095s] [ 11%] [32mBuilding C object CMakeFiles/custom_interfaces__rosidl_generator_c.dir/rosidl_generator_c/custom_interfaces/srv/detail/reset__functions.c.o[0m
[3.095s] [ 12%] [32mBuilding C object CMakeFiles/custom_interfaces__rosidl_generator_c.dir/rosidl_generator_c/custom_interfaces/srv/detail/get_position__functions.c.o[0m
[3.107s] [ 13%] [32mBuilding C object CMakeFiles/custom_interfaces__rosidl_generator_c.dir/rosidl_generator_c/custom_interfaces/action/detail/control__functions.c.o[0m
[3.241s] [ 14%] [32m[1mLinking C shared library libcustom_interfaces__rosidl_generator_c.so[0m
[3.278s] [ 14%] Built target custom_interfaces__rosidl_generator_c
[3.288s] [ 15%] [34m[1mGenerating C type support for eProsima Fast-RTPS[0m
[3.288s] [ 16%] [34m[1mGenerating C introspection for ROS interfaces[0m
[3.288s] [ 17%] [34m[1mGenerating C type support dispatch for ROS interfaces[0m
[4.002s] [35m[1mConsolidate compiler generated dependencies of target custom_interfaces__rosidl_typesupport_introspection_cpp[0m
[4.027s] [35m[1mConsolidate compiler generated dependencies of target custom_interfaces__rosidl_typesupport_cpp[0m
[4.027s] [ 19%] [32mBuilding CXX object CMakeFiles/custom_interfaces__rosidl_typesupport_introspection_cpp.dir/rosidl_typesupport_introspection_cpp/custom_interfaces/msg/detail/set_position__type_support.cpp.o[0m
[4.027s] [ 19%] [32mBuilding CXX object CMakeFiles/custom_interfaces__rosidl_typesupport_introspection_cpp.dir/rosidl_typesupport_introspection_cpp/custom_interfaces/msg/detail/vision_robot__type_support.cpp.o[0m
[4.027s] [ 20%] [32mBuilding CXX object CMakeFiles/custom_interfaces__rosidl_typesupport_introspection_cpp.dir/rosidl_typesupport_introspection_cpp/custom_interfaces/msg/detail/vision__type_support.cpp.o[0m
[4.047s] [ 21%] [32mBuilding CXX object CMakeFiles/custom_interfaces__rosidl_typesupport_cpp.dir/rosidl_typesupport_cpp/custom_interfaces/msg/set_position__type_support.cpp.o[0m
[4.417s] [ 22%] [32mBuilding CXX object CMakeFiles/custom_interfaces__rosidl_typesupport_cpp.dir/rosidl_typesupport_cpp/custom_interfaces/msg/vision__type_support.cpp.o[0m
[4.444s] [35m[1mConsolidate compiler generated dependencies of target custom_interfaces__rosidl_typesupport_c[0m
[4.464s] [ 22%] [32mBuilding CXX object CMakeFiles/custom_interfaces__rosidl_typesupport_c.dir/rosidl_typesupport_c/custom_interfaces/msg/set_position__type_support.cpp.o[0m
[4.497s] [ 23%] [32mBuilding CXX object CMakeFiles/custom_interfaces__rosidl_typesupport_c.dir/rosidl_typesupport_c/custom_interfaces/msg/vision__type_support.cpp.o[0m
[4.519s] [ 24%] [32mBuilding CXX object CMakeFiles/custom_interfaces__rosidl_typesupport_c.dir/rosidl_typesupport_c/custom_interfaces/msg/vision_robot__type_support.cpp.o[0m
[4.521s] [ 25%] [32mBuilding CXX object CMakeFiles/custom_interfaces__rosidl_typesupport_c.dir/rosidl_typesupport_c/custom_interfaces/msg/humanoid_league_msgs__type_support.cpp.o[0m
[4.543s] [ 25%] [32mBuilding CXX object CMakeFiles/custom_interfaces__rosidl_typesupport_cpp.dir/rosidl_typesupport_cpp/custom_interfaces/msg/vision_robot__type_support.cpp.o[0m
[4.559s] [ 25%] [32mBuilding CXX object CMakeFiles/custom_interfaces__rosidl_typesupport_c.dir/rosidl_typesupport_c/custom_interfaces/msg/localization__type_support.cpp.o[0m
[4.559s] [ 26%] [32mBuilding CXX object CMakeFiles/custom_interfaces__rosidl_typesupport_cpp.dir/rosidl_typesupport_cpp/custom_interfaces/msg/humanoid_league_msgs__type_support.cpp.o[0m
[4.596s] [ 27%] [32mBuilding CXX object CMakeFiles/custom_interfaces__rosidl_typesupport_c.dir/rosidl_typesupport_c/custom_interfaces/msg/set_position_original__type_support.cpp.o[0m
[4.622s] [ 27%] [32mBuilding CXX object CMakeFiles/custom_interfaces__rosidl_typesupport_introspection_cpp.dir/rosidl_typesupport_introspection_cpp/custom_interfaces/msg/detail/humanoid_league_msgs__type_support.cpp.o[0m
[4.629s] [ 28%] [32mBuilding CXX object CMakeFiles/custom_interfaces__rosidl_typesupport_c.dir/rosidl_typesupport_c/custom_interfaces/msg/decision__type_support.cpp.o[0m
[4.665s] [ 29%] [32mBuilding CXX object CMakeFiles/custom_interfaces__rosidl_typesupport_c.dir/rosidl_typesupport_c/custom_interfaces/msg/walk__type_support.cpp.o[0m
[4.702s] [ 29%] [32mBuilding CXX object CMakeFiles/custom_interfaces__rosidl_typesupport_c.dir/rosidl_typesupport_c/custom_interfaces/msg/neck_position__type_support.cpp.o[0m
[4.735s] [ 30%] [32mBuilding CXX object CMakeFiles/custom_interfaces__rosidl_typesupport_c.dir/rosidl_typesupport_c/custom_interfaces/msg/joint_state__type_support.cpp.o[0m
[4.772s] [ 31%] [32mBuilding CXX object CMakeFiles/custom_interfaces__rosidl_typesupport_c.dir/rosidl_typesupport_c/custom_interfaces/msg/robot_state__type_support.cpp.o[0m
[4.781s] [ 32%] [32mBuilding CXX object CMakeFiles/custom_interfaces__rosidl_typesupport_introspection_cpp.dir/rosidl_typesupport_introspection_cpp/custom_interfaces/msg/detail/localization__type_support.cpp.o[0m
[4.800s] [35m[1mConsolidate compiler generated dependencies of target custom_interfaces__rosidl_typesupport_fastrtps_cpp[0m
[4.825s] [ 33%] [32mBuilding CXX object CMakeFiles/custom_interfaces__rosidl_typesupport_c.dir/rosidl_typesupport_c/custom_interfaces/srv/get_position__type_support.cpp.o[0m
[4.847s] [ 34%] [32mBuilding CXX object CMakeFiles/custom_interfaces__rosidl_typesupport_fastrtps_cpp.dir/rosidl_typesupport_fastrtps_cpp/custom_interfaces/msg/detail/dds_fastrtps/set_position__type_support.cpp.o[0m
[4.875s] [ 34%] [32mBuilding CXX object CMakeFiles/custom_interfaces__rosidl_typesupport_c.dir/rosidl_typesupport_c/custom_interfaces/srv/reset__type_support.cpp.o[0m
[4.895s] [ 35%] [32mBuilding CXX object CMakeFiles/custom_interfaces__rosidl_typesupport_fastrtps_cpp.dir/rosidl_typesupport_fastrtps_cpp/custom_interfaces/msg/detail/dds_fastrtps/vision__type_support.cpp.o[0m
[4.911s] [ 36%] [32mBuilding CXX object CMakeFiles/custom_interfaces__rosidl_typesupport_cpp.dir/rosidl_typesupport_cpp/custom_interfaces/msg/localization__type_support.cpp.o[0m
[4.923s] [ 37%] [32mBuilding CXX object CMakeFiles/custom_interfaces__rosidl_typesupport_c.dir/rosidl_typesupport_c/custom_interfaces/action/control__type_support.cpp.o[0m
[5.017s] [ 38%] [32m[1mLinking CXX shared library libcustom_interfaces__rosidl_typesupport_c.so[0m
[5.109s] [ 38%] Built target custom_interfaces__rosidl_typesupport_c
[5.124s] [ 39%] [32mBuilding CXX object CMakeFiles/custom_interfaces__rosidl_typesupport_introspection_cpp.dir/rosidl_typesupport_introspection_cpp/custom_interfaces/msg/detail/set_position_original__type_support.cpp.o[0m
[5.205s] [ 39%] [32mBuilding CXX object CMakeFiles/custom_interfaces__rosidl_typesupport_fastrtps_cpp.dir/rosidl_typesupport_fastrtps_cpp/custom_interfaces/msg/detail/dds_fastrtps/vision_robot__type_support.cpp.o[0m
[5.240s] [ 39%] [32mBuilding CXX object CMakeFiles/custom_interfaces__rosidl_typesupport_cpp.dir/rosidl_typesupport_cpp/custom_interfaces/msg/set_position_original__type_support.cpp.o[0m
[5.271s] [ 40%] [32mBuilding CXX object CMakeFiles/custom_interfaces__rosidl_typesupport_fastrtps_cpp.dir/rosidl_typesupport_fastrtps_cpp/custom_interfaces/msg/detail/dds_fastrtps/humanoid_league_msgs__type_support.cpp.o[0m
[5.397s] [ 41%] [32mBuilding CXX object CMakeFiles/custom_interfaces__rosidl_typesupport_introspection_cpp.dir/rosidl_typesupport_introspection_cpp/custom_interfaces/msg/detail/decision__type_support.cpp.o[0m
[5.404s] [35m[1mConsolidate compiler generated dependencies of target custom_interfaces__rosidl_typesupport_introspection_c[0m
[5.434s] [ 42%] [32mBuilding C object CMakeFiles/custom_interfaces__rosidl_typesupport_introspection_c.dir/rosidl_typesupport_introspection_c/custom_interfaces/msg/detail/set_position__type_support.c.o[0m
[5.473s] [35m[1mConsolidate compiler generated dependencies of target custom_interfaces__rosidl_typesupport_fastrtps_c[0m
[5.500s] [ 43%] [32mBuilding C object CMakeFiles/custom_interfaces__rosidl_typesupport_introspection_c.dir/rosidl_typesupport_introspection_c/custom_interfaces/msg/detail/vision__type_support.c.o[0m
[5.505s] [ 44%] [32mBuilding CXX object CMakeFiles/custom_interfaces__rosidl_typesupport_fastrtps_c.dir/rosidl_typesupport_fastrtps_c/custom_interfaces/msg/detail/set_position__type_support_c.cpp.o[0m
[5.528s] [ 44%] [32mBuilding CXX object CMakeFiles/custom_interfaces__rosidl_typesupport_introspection_cpp.dir/rosidl_typesupport_introspection_cpp/custom_interfaces/msg/detail/walk__type_support.cpp.o[0m
[5.550s] [ 44%] [32mBuilding C object CMakeFiles/custom_interfaces__rosidl_typesupport_introspection_c.dir/rosidl_typesupport_introspection_c/custom_interfaces/msg/detail/vision_robot__type_support.c.o[0m
[5.559s] [ 45%] [32mBuilding CXX object CMakeFiles/custom_interfaces__rosidl_typesupport_cpp.dir/rosidl_typesupport_cpp/custom_interfaces/msg/decision__type_support.cpp.o[0m
[5.602s] [ 46%] [32mBuilding C object CMakeFiles/custom_interfaces__rosidl_typesupport_introspection_c.dir/rosidl_typesupport_introspection_c/custom_interfaces/msg/detail/humanoid_league_msgs__type_support.c.o[0m
[5.645s] [ 47%] [32mBuilding CXX object CMakeFiles/custom_interfaces__rosidl_typesupport_cpp.dir/rosidl_typesupport_cpp/custom_interfaces/msg/walk__type_support.cpp.o[0m
[5.670s] [ 48%] [32mBuilding C object CMakeFiles/custom_interfaces__rosidl_typesupport_introspection_c.dir/rosidl_typesupport_introspection_c/custom_interfaces/msg/detail/localization__type_support.c.o[0m
[5.718s] [ 49%] [32mBuilding C object CMakeFiles/custom_interfaces__rosidl_typesupport_introspection_c.dir/rosidl_typesupport_introspection_c/custom_interfaces/msg/detail/set_position_original__type_support.c.o[0m
[5.733s] [ 50%] [32mBuilding CXX object CMakeFiles/custom_interfaces__rosidl_typesupport_cpp.dir/rosidl_typesupport_cpp/custom_interfaces/msg/neck_position__type_support.cpp.o[0m
[5.769s] [ 50%] [32mBuilding C object CMakeFiles/custom_interfaces__rosidl_typesupport_introspection_c.dir/rosidl_typesupport_introspection_c/custom_interfaces/msg/detail/decision__type_support.c.o[0m
[5.813s] [ 51%] [32mBuilding C object CMakeFiles/custom_interfaces__rosidl_typesupport_introspection_c.dir/rosidl_typesupport_introspection_c/custom_interfaces/msg/detail/walk__type_support.c.o[0m
[5.819s] [ 52%] [32mBuilding CXX object CMakeFiles/custom_interfaces__rosidl_typesupport_fastrtps_cpp.dir/rosidl_typesupport_fastrtps_cpp/custom_interfaces/msg/detail/dds_fastrtps/localization__type_support.cpp.o[0m
[5.852s] [ 53%] [32mBuilding C object CMakeFiles/custom_interfaces__rosidl_typesupport_introspection_c.dir/rosidl_typesupport_introspection_c/custom_interfaces/msg/detail/neck_position__type_support.c.o[0m
[5.869s] [ 53%] [32mBuilding CXX object CMakeFiles/custom_interfaces__rosidl_typesupport_fastrtps_c.dir/rosidl_typesupport_fastrtps_c/custom_interfaces/msg/detail/vision__type_support_c.cpp.o[0m
[5.900s] [ 54%] [32mBuilding C object CMakeFiles/custom_interfaces__rosidl_typesupport_introspection_c.dir/rosidl_typesupport_introspection_c/custom_interfaces/msg/detail/robot_state__type_support.c.o[0m
[5.901s] [ 54%] [32mBuilding C object CMakeFiles/custom_interfaces__rosidl_typesupport_introspection_c.dir/rosidl_typesupport_introspection_c/custom_interfaces/msg/detail/joint_state__type_support.c.o[0m
[5.939s] [ 55%] [32mBuilding CXX object CMakeFiles/custom_interfaces__rosidl_typesupport_fastrtps_cpp.dir/rosidl_typesupport_fastrtps_cpp/custom_interfaces/msg/detail/dds_fastrtps/set_position_original__type_support.cpp.o[0m
[5.945s] [ 56%] [32mBuilding CXX object CMakeFiles/custom_interfaces__rosidl_typesupport_introspection_cpp.dir/rosidl_typesupport_introspection_cpp/custom_interfaces/msg/detail/neck_position__type_support.cpp.o[0m
[5.954s] [ 57%] [32mBuilding C object CMakeFiles/custom_interfaces__rosidl_typesupport_introspection_c.dir/rosidl_typesupport_introspection_c/custom_interfaces/srv/detail/get_position__type_support.c.o[0m
[6.004s] [ 59%] [32mBuilding C object CMakeFiles/custom_interfaces__rosidl_typesupport_introspection_c.dir/rosidl_typesupport_introspection_c/custom_interfaces/srv/detail/reset__type_support.c.o[0m
[6.006s] [ 59%] [32mBuilding CXX object CMakeFiles/custom_interfaces__rosidl_typesupport_fastrtps_c.dir/rosidl_typesupport_fastrtps_c/custom_interfaces/msg/detail/vision_robot__type_support_c.cpp.o[0m
[6.023s] [ 60%] [32mBuilding CXX object CMakeFiles/custom_interfaces__rosidl_typesupport_fastrtps_c.dir/rosidl_typesupport_fastrtps_c/custom_interfaces/msg/detail/humanoid_league_msgs__type_support_c.cpp.o[0m
[6.054s] [ 60%] [32mBuilding C object CMakeFiles/custom_interfaces__rosidl_typesupport_introspection_c.dir/rosidl_typesupport_introspection_c/custom_interfaces/action/detail/control__type_support.c.o[0m
[6.111s] [ 60%] [32mBuilding CXX object CMakeFiles/custom_interfaces__rosidl_typesupport_cpp.dir/rosidl_typesupport_cpp/custom_interfaces/msg/joint_state__type_support.cpp.o[0m
[6.112s] [ 61%] [32m[1mLinking C shared library libcustom_interfaces__rosidl_typesupport_introspection_c.so[0m
[6.175s] [ 61%] Built target custom_interfaces__rosidl_typesupport_introspection_c
[6.185s] [ 62%] [32mBuilding CXX object CMakeFiles/custom_interfaces__rosidl_typesupport_fastrtps_c.dir/rosidl_typesupport_fastrtps_c/custom_interfaces/msg/detail/localization__type_support_c.cpp.o[0m
[6.283s] [ 63%] [32mBuilding CXX object CMakeFiles/custom_interfaces__rosidl_typesupport_cpp.dir/rosidl_typesupport_cpp/custom_interfaces/msg/robot_state__type_support.cpp.o[0m
[6.320s] [ 63%] [32mBuilding CXX object CMakeFiles/custom_interfaces__rosidl_typesupport_fastrtps_c.dir/rosidl_typesupport_fastrtps_c/custom_interfaces/msg/detail/set_position_original__type_support_c.cpp.o[0m
[6.415s] [ 64%] [32mBuilding CXX object CMakeFiles/custom_interfaces__rosidl_typesupport_introspection_cpp.dir/rosidl_typesupport_introspection_cpp/custom_interfaces/msg/detail/joint_state__type_support.cpp.o[0m
[6.445s] [ 64%] [32mBuilding CXX object CMakeFiles/custom_interfaces__rosidl_typesupport_fastrtps_cpp.dir/rosidl_typesupport_fastrtps_cpp/custom_interfaces/msg/detail/dds_fastrtps/decision__type_support.cpp.o[0m
[6.448s] [ 66%] [32mBuilding CXX object CMakeFiles/custom_interfaces__rosidl_typesupport_fastrtps_cpp.dir/rosidl_typesupport_fastrtps_cpp/custom_interfaces/msg/detail/dds_fastrtps/walk__type_support.cpp.o[0m
[6.448s] [ 66%] [32mBuilding CXX object CMakeFiles/custom_interfaces__rosidl_typesupport_cpp.dir/rosidl_typesupport_cpp/custom_interfaces/srv/get_position__type_support.cpp.o[0m
[6.508s] [ 67%] [32mBuilding CXX object CMakeFiles/custom_interfaces__rosidl_typesupport_introspection_cpp.dir/rosidl_typesupport_introspection_cpp/custom_interfaces/msg/detail/robot_state__type_support.cpp.o[0m
[6.611s] [ 68%] [32mBuilding CXX object CMakeFiles/custom_interfaces__rosidl_typesupport_fastrtps_c.dir/rosidl_typesupport_fastrtps_c/custom_interfaces/msg/detail/decision__type_support_c.cpp.o[0m
[6.691s] [ 69%] [32mBuilding CXX object CMakeFiles/custom_interfaces__rosidl_typesupport_cpp.dir/rosidl_typesupport_cpp/custom_interfaces/srv/reset__type_support.cpp.o[0m
[6.731s] [ 70%] [32mBuilding CXX object CMakeFiles/custom_interfaces__rosidl_typesupport_fastrtps_cpp.dir/rosidl_typesupport_fastrtps_cpp/custom_interfaces/msg/detail/dds_fastrtps/neck_position__type_support.cpp.o[0m
[6.857s] [ 71%] [32mBuilding CXX object CMakeFiles/custom_interfaces__rosidl_typesupport_fastrtps_c.dir/rosidl_typesupport_fastrtps_c/custom_interfaces/msg/detail/walk__type_support_c.cpp.o[0m
[6.945s] [ 71%] [32mBuilding CXX object CMakeFiles/custom_interfaces__rosidl_typesupport_cpp.dir/rosidl_typesupport_cpp/custom_interfaces/action/control__type_support.cpp.o[0m
[6.956s] [ 71%] [32mBuilding CXX object CMakeFiles/custom_interfaces__rosidl_typesupport_introspection_cpp.dir/rosidl_typesupport_introspection_cpp/custom_interfaces/srv/detail/get_position__type_support.cpp.o[0m
[7.017s] [ 72%] [32mBuilding CXX object CMakeFiles/custom_interfaces__rosidl_typesupport_introspection_cpp.dir/rosidl_typesupport_introspection_cpp/custom_interfaces/srv/detail/reset__type_support.cpp.o[0m
[7.017s] [ 73%] [32mBuilding CXX object CMakeFiles/custom_interfaces__rosidl_typesupport_fastrtps_c.dir/rosidl_typesupport_fastrtps_c/custom_interfaces/msg/detail/neck_position__type_support_c.cpp.o[0m
[7.028s] [ 74%] [32mBuilding CXX object CMakeFiles/custom_interfaces__rosidl_typesupport_introspection_cpp.dir/rosidl_typesupport_introspection_cpp/custom_interfaces/action/detail/control__type_support.cpp.o[0m
[7.062s] [ 75%] [32mBuilding CXX object CMakeFiles/custom_interfaces__rosidl_typesupport_fastrtps_cpp.dir/rosidl_typesupport_fastrtps_cpp/custom_interfaces/msg/detail/dds_fastrtps/joint_state__type_support.cpp.o[0m
[7.235s] [ 75%] [32mBuilding CXX object CMakeFiles/custom_interfaces__rosidl_typesupport_fastrtps_cpp.dir/rosidl_typesupport_fastrtps_cpp/custom_interfaces/msg/detail/dds_fastrtps/robot_state__type_support.cpp.o[0m
[7.277s] [ 76%] [32mBuilding CXX object CMakeFiles/custom_interfaces__rosidl_typesupport_fastrtps_cpp.dir/rosidl_typesupport_fastrtps_cpp/custom_interfaces/srv/detail/dds_fastrtps/get_position__type_support.cpp.o[0m
[7.432s] [ 76%] [32mBuilding CXX object CMakeFiles/custom_interfaces__rosidl_typesupport_fastrtps_c.dir/rosidl_typesupport_fastrtps_c/custom_interfaces/msg/detail/joint_state__type_support_c.cpp.o[0m
[7.439s] [ 77%] [32mBuilding CXX object CMakeFiles/custom_interfaces__rosidl_typesupport_fastrtps_c.dir/rosidl_typesupport_fastrtps_c/custom_interfaces/msg/detail/robot_state__type_support_c.cpp.o[0m
[7.491s] [ 78%] [32mBuilding CXX object CMakeFiles/custom_interfaces__rosidl_typesupport_fastrtps_cpp.dir/rosidl_typesupport_fastrtps_cpp/custom_interfaces/srv/detail/dds_fastrtps/reset__type_support.cpp.o[0m
[7.623s] [ 79%] [32m[1mLinking CXX shared library libcustom_interfaces__rosidl_typesupport_cpp.so[0m
[7.686s] [ 79%] Built target custom_interfaces__rosidl_typesupport_cpp
[7.691s] [ 80%] [32mBuilding CXX object CMakeFiles/custom_interfaces__rosidl_typesupport_fastrtps_c.dir/rosidl_typesupport_fastrtps_c/custom_interfaces/srv/detail/get_position__type_support_c.cpp.o[0m
[7.700s] [ 81%] [32mBuilding CXX object CMakeFiles/custom_interfaces__rosidl_typesupport_fastrtps_cpp.dir/rosidl_typesupport_fastrtps_cpp/custom_interfaces/action/detail/dds_fastrtps/control__type_support.cpp.o[0m
[7.761s] [ 82%] [32mBuilding CXX object CMakeFiles/custom_interfaces__rosidl_typesupport_fastrtps_c.dir/rosidl_typesupport_fastrtps_c/custom_interfaces/srv/detail/reset__type_support_c.cpp.o[0m
[7.828s] [ 82%] [32mBuilding CXX object CMakeFiles/custom_interfaces__rosidl_typesupport_fastrtps_c.dir/rosidl_typesupport_fastrtps_c/custom_interfaces/action/detail/control__type_support_c.cpp.o[0m
[7.841s] [ 83%] [32m[1mLinking CXX shared library libcustom_interfaces__rosidl_typesupport_introspection_cpp.so[0m
[7.938s] [ 83%] Built target custom_interfaces__rosidl_typesupport_introspection_cpp
[8.214s] [ 84%] [32m[1mLinking CXX shared library libcustom_interfaces__rosidl_typesupport_fastrtps_c.so[0m
[8.256s] [ 84%] [32m[1mLinking CXX shared library libcustom_interfaces__rosidl_typesupport_fastrtps_cpp.so[0m
[8.280s] [ 84%] Built target custom_interfaces__rosidl_typesupport_fastrtps_c
[8.323s] [ 84%] Built target custom_interfaces__rosidl_typesupport_fastrtps_cpp
[8.338s] [ 84%] Built target custom_interfaces
[8.353s] [ 85%] [34m[1mGenerating Python code for ROS interfaces[0m
[10.360s] [ 85%] Built target custom_interfaces__py
[10.372s] [35m[1mConsolidate compiler generated dependencies of target custom_interfaces__rosidl_generator_py[0m
[10.392s] [ 87%] [32mBuilding C object CMakeFiles/custom_interfaces__rosidl_generator_py.dir/rosidl_generator_py/custom_interfaces/msg/_localization_s.c.o[0m
[10.392s] [ 87%] [32mBuilding C object CMakeFiles/custom_interfaces__rosidl_generator_py.dir/rosidl_generator_py/custom_interfaces/msg/_vision_robot_s.c.o[0m
[10.392s] [ 88%] [32mBuilding C object CMakeFiles/custom_interfaces__rosidl_generator_py.dir/rosidl_generator_py/custom_interfaces/msg/_set_position_s.c.o[0m
[10.392s] [ 89%] [32mBuilding C object CMakeFiles/custom_interfaces__rosidl_generator_py.dir/rosidl_generator_py/custom_interfaces/msg/_decision_s.c.o[0m
[10.392s] [ 89%] [32mBuilding C object CMakeFiles/custom_interfaces__rosidl_generator_py.dir/rosidl_generator_py/custom_interfaces/msg/_set_position_original_s.c.o[0m
[10.393s] [ 89%] [32mBuilding C object CMakeFiles/custom_interfaces__rosidl_generator_py.dir/rosidl_generator_py/custom_interfaces/msg/_vision_s.c.o[0m
[10.393s] [ 90%] [32mBuilding C object CMakeFiles/custom_interfaces__rosidl_generator_py.dir/rosidl_generator_py/custom_interfaces/msg/_humanoid_league_msgs_s.c.o[0m
[10.393s] [ 91%] [32mBuilding C object CMakeFiles/custom_interfaces__rosidl_generator_py.dir/rosidl_generator_py/custom_interfaces/msg/_walk_s.c.o[0m
[10.535s] [ 92%] [32mBuilding C object CMakeFiles/custom_interfaces__rosidl_generator_py.dir/rosidl_generator_py/custom_interfaces/msg/_neck_position_s.c.o[0m
[10.537s] [ 92%] [32mBuilding C object CMakeFiles/custom_interfaces__rosidl_generator_py.dir/rosidl_generator_py/custom_interfaces/msg/_joint_state_s.c.o[0m
[10.539s] [ 93%] [32mBuilding C object CMakeFiles/custom_interfaces__rosidl_generator_py.dir/rosidl_generator_py/custom_interfaces/msg/_robot_state_s.c.o[0m
[10.540s] [ 93%] [32mBuilding C object CMakeFiles/custom_interfaces__rosidl_generator_py.dir/rosidl_generator_py/custom_interfaces/srv/_reset_s.c.o[0m
[10.540s] [ 94%] [32mBuilding C object CMakeFiles/custom_interfaces__rosidl_generator_py.dir/rosidl_generator_py/custom_interfaces/srv/_get_position_s.c.o[0m
[10.550s] [ 95%] [32mBuilding C object CMakeFiles/custom_interfaces__rosidl_generator_py.dir/rosidl_generator_py/custom_interfaces/action/_control_s.c.o[0m
[10.676s] [ 96%] [32m[1mLinking C shared library rosidl_generator_py/custom_interfaces/libcustom_interfaces__rosidl_generator_py.so[0m
[10.710s] [ 96%] Built target custom_interfaces__rosidl_generator_py
[10.718s] [35m[1mConsolidate compiler generated dependencies of target custom_interfaces__rosidl_typesupport_fastrtps_c__pyext[0m
[10.718s] [35m[1mConsolidate compiler generated dependencies of target custom_interfaces__rosidl_typesupport_introspection_c__pyext[0m
[10.719s] [35m[1mConsolidate compiler generated dependencies of target custom_interfaces__rosidl_typesupport_c__pyext[0m
[10.728s] [ 99%] [32mBuilding C object CMakeFiles/custom_interfaces__rosidl_typesupport_c__pyext.dir/rosidl_generator_py/custom_interfaces/_custom_interfaces_s.ep.rosidl_typesupport_c.c.o[0m
[10.728s] [ 99%] [32mBuilding C object CMakeFiles/custom_interfaces__rosidl_typesupport_introspection_c__pyext.dir/rosidl_generator_py/custom_interfaces/_custom_interfaces_s.ep.rosidl_typesupport_introspection_c.c.o[0m
[10.728s] [ 99%] [32mBuilding C object CMakeFiles/custom_interfaces__rosidl_typesupport_fastrtps_c__pyext.dir/rosidl_generator_py/custom_interfaces/_custom_interfaces_s.ep.rosidl_typesupport_fastrtps_c.c.o[0m
[10.853s] [100%] [32m[1mLinking C shared library rosidl_generator_py/custom_interfaces/custom_interfaces_s__rosidl_typesupport_c.cpython-310-x86_64-linux-gnu.so[0m
[10.854s] [100%] [32m[1mLinking C shared library rosidl_generator_py/custom_interfaces/custom_interfaces_s__rosidl_typesupport_introspection_c.cpython-310-x86_64-linux-gnu.so[0m
[10.854s] [100%] [32m[1mLinking C shared library rosidl_generator_py/custom_interfaces/custom_interfaces_s__rosidl_typesupport_fastrtps_c.cpython-310-x86_64-linux-gnu.so[0m
[10.887s] [100%] Built target custom_interfaces__rosidl_typesupport_fastrtps_c__pyext
[10.888s] [100%] Built target custom_interfaces__rosidl_typesupport_c__pyext
[10.888s] [100%] Built target custom_interfaces__rosidl_typesupport_introspection_c__pyext
[10.897s] Invoked command in '/home/robo/RoboFEI-HT_2023_SOFTWARE/build/custom_interfaces' returned '0': CMAKE_PREFIX_PATH=${CMAKE_PREFIX_PATH}:/home/robo/RoboFEI-HT_2023_SOFTWARE/install/vision_pkg:/home/robo/RoboFEI-HT_2023_SOFTWARE/install/localization_pkg:/home/robo/RoboFEI-HT_2023_SOFTWARE/install/imu:/home/robo/RoboFEI-HT_2023_SOFTWARE/install/game_controller:/home/robo/RoboFEI-HT_2023_SOFTWARE/install/decision_pkg:/opt/ros/humble /usr/bin/cmake --build /home/robo/RoboFEI-HT_2023_SOFTWARE/build/custom_interfaces -- -j8 -l8
[11.105s] Invoking command in '/home/robo/RoboFEI-HT_2023_SOFTWARE/build/custom_interfaces': CMAKE_PREFIX_PATH=${CMAKE_PREFIX_PATH}:/home/robo/RoboFEI-HT_2023_SOFTWARE/install/vision_pkg:/home/robo/RoboFEI-HT_2023_SOFTWARE/install/localization_pkg:/home/robo/RoboFEI-HT_2023_SOFTWARE/install/imu:/home/robo/RoboFEI-HT_2023_SOFTWARE/install/game_controller:/home/robo/RoboFEI-HT_2023_SOFTWARE/install/decision_pkg:/opt/ros/humble /usr/bin/cmake --install /home/robo/RoboFEI-HT_2023_SOFTWARE/build/custom_interfaces
[11.111s] -- Install configuration: ""
[11.111s] -- Execute custom install script
[11.118s] -- Up-to-date symlink: /home/robo/RoboFEI-HT_2023_SOFTWARE/install/custom_interfaces/share/ament_index/resource_index/rosidl_interfaces/custom_interfaces
[11.119s] -- Up-to-date symlink: /home/robo/RoboFEI-HT_2023_SOFTWARE/install/custom_interfaces/include/custom_interfaces/custom_interfaces/action/control.h
[11.119s] -- Up-to-date symlink: /home/robo/RoboFEI-HT_2023_SOFTWARE/install/custom_interfaces/include/custom_interfaces/custom_interfaces/action/detail/control__functions.h
[11.119s] -- Up-to-date symlink: /home/robo/RoboFEI-HT_2023_SOFTWARE/install/custom_interfaces/include/custom_interfaces/custom_interfaces/action/detail/control__struct.h
[11.119s] -- Up-to-date symlink: /home/robo/RoboFEI-HT_2023_SOFTWARE/install/custom_interfaces/include/custom_interfaces/custom_interfaces/action/detail/control__type_support.h
[11.119s] -- Up-to-date symlink: /home/robo/RoboFEI-HT_2023_SOFTWARE/install/custom_interfaces/include/custom_interfaces/custom_interfaces/msg/decision.h
[11.119s] -- Up-to-date symlink: /home/robo/RoboFEI-HT_2023_SOFTWARE/install/custom_interfaces/include/custom_interfaces/custom_interfaces/msg/detail/decision__functions.h
[11.120s] -- Up-to-date symlink: /home/robo/RoboFEI-HT_2023_SOFTWARE/install/custom_interfaces/include/custom_interfaces/custom_interfaces/msg/detail/decision__struct.h
[11.120s] -- Up-to-date symlink: /home/robo/RoboFEI-HT_2023_SOFTWARE/install/custom_interfaces/include/custom_interfaces/custom_interfaces/msg/detail/decision__type_support.h
[11.120s] -- Up-to-date symlink: /home/robo/RoboFEI-HT_2023_SOFTWARE/install/custom_interfaces/include/custom_interfaces/custom_interfaces/msg/detail/humanoid_league_msgs__functions.h
[11.120s] -- Up-to-date symlink: /home/robo/RoboFEI-HT_2023_SOFTWARE/install/custom_interfaces/include/custom_interfaces/custom_interfaces/msg/detail/humanoid_league_msgs__struct.h
[11.120s] -- Up-to-date symlink: /home/robo/RoboFEI-HT_2023_SOFTWARE/install/custom_interfaces/include/custom_interfaces/custom_interfaces/msg/detail/humanoid_league_msgs__type_support.h
[11.120s] -- Up-to-date symlink: /home/robo/RoboFEI-HT_2023_SOFTWARE/install/custom_interfaces/include/custom_interfaces/custom_interfaces/msg/detail/joint_state__functions.h
[11.120s] -- Up-to-date symlink: /home/robo/RoboFEI-HT_2023_SOFTWARE/install/custom_interfaces/include/custom_interfaces/custom_interfaces/msg/detail/joint_state__struct.h
[11.121s] -- Up-to-date symlink: /home/robo/RoboFEI-HT_2023_SOFTWARE/install/custom_interfaces/include/custom_interfaces/custom_interfaces/msg/detail/joint_state__type_support.h
[11.121s] -- Up-to-date symlink: /home/robo/RoboFEI-HT_2023_SOFTWARE/install/custom_interfaces/include/custom_interfaces/custom_interfaces/msg/detail/localization__functions.h
[11.121s] -- Up-to-date symlink: /home/robo/RoboFEI-HT_2023_SOFTWARE/install/custom_interfaces/include/custom_interfaces/custom_interfaces/msg/detail/localization__struct.h
[11.121s] -- Up-to-date symlink: /home/robo/RoboFEI-HT_2023_SOFTWARE/install/custom_interfaces/include/custom_interfaces/custom_interfaces/msg/detail/localization__type_support.h
[11.121s] -- Up-to-date symlink: /home/robo/RoboFEI-HT_2023_SOFTWARE/install/custom_interfaces/include/custom_interfaces/custom_interfaces/msg/detail/neck_position__functions.h
[11.121s] -- Up-to-date symlink: /home/robo/RoboFEI-HT_2023_SOFTWARE/install/custom_interfaces/include/custom_interfaces/custom_interfaces/msg/detail/neck_position__struct.h
[11.121s] -- Up-to-date symlink: /home/robo/RoboFEI-HT_2023_SOFTWARE/install/custom_interfaces/include/custom_interfaces/custom_interfaces/msg/detail/neck_position__type_support.h
[11.121s] -- Up-to-date symlink: /home/robo/RoboFEI-HT_2023_SOFTWARE/install/custom_interfaces/include/custom_interfaces/custom_interfaces/msg/detail/robot_state__functions.h
[11.121s] -- Up-to-date symlink: /home/robo/RoboFEI-HT_2023_SOFTWARE/install/custom_interfaces/include/custom_interfaces/custom_interfaces/msg/detail/robot_state__struct.h
[11.121s] -- Up-to-date symlink: /home/robo/RoboFEI-HT_2023_SOFTWARE/install/custom_interfaces/include/custom_interfaces/custom_interfaces/msg/detail/robot_state__type_support.h
[11.122s] -- Up-to-date symlink: /home/robo/RoboFEI-HT_2023_SOFTWARE/install/custom_interfaces/include/custom_interfaces/custom_interfaces/msg/detail/set_position__functions.h
[11.122s] -- Up-to-date symlink: /home/robo/RoboFEI-HT_2023_SOFTWARE/install/custom_interfaces/include/custom_interfaces/custom_interfaces/msg/detail/set_position__struct.h
[11.122s] -- Up-to-date symlink: /home/robo/RoboFEI-HT_2023_SOFTWARE/install/custom_interfaces/include/custom_interfaces/custom_interfaces/msg/detail/set_position__type_support.h
[11.122s] -- Up-to-date symlink: /home/robo/RoboFEI-HT_2023_SOFTWARE/install/custom_interfaces/include/custom_interfaces/custom_interfaces/msg/detail/set_position_original__functions.h
[11.122s] -- Up-to-date symlink: /home/robo/RoboFEI-HT_2023_SOFTWARE/install/custom_interfaces/include/custom_interfaces/custom_interfaces/msg/detail/set_position_original__struct.h
[11.122s] -- Up-to-date symlink: /home/robo/RoboFEI-HT_2023_SOFTWARE/install/custom_interfaces/include/custom_interfaces/custom_interfaces/msg/detail/set_position_original__type_support.h
[11.122s] -- Up-to-date symlink: /home/robo/RoboFEI-HT_2023_SOFTWARE/install/custom_interfaces/include/custom_interfaces/custom_interfaces/msg/detail/vision__functions.h
[11.122s] -- Up-to-date symlink: /home/robo/RoboFEI-HT_2023_SOFTWARE/install/custom_interfaces/include/custom_interfaces/custom_interfaces/msg/detail/vision__struct.h
[11.122s] -- Up-to-date symlink: /home/robo/RoboFEI-HT_2023_SOFTWARE/install/custom_interfaces/include/custom_interfaces/custom_interfaces/msg/detail/vision__type_support.h
[11.122s] -- Up-to-date symlink: /home/robo/RoboFEI-HT_2023_SOFTWARE/install/custom_interfaces/include/custom_interfaces/custom_interfaces/msg/detail/vision_robot__functions.h
[11.122s] -- Up-to-date symlink: /home/robo/RoboFEI-HT_2023_SOFTWARE/install/custom_interfaces/include/custom_interfaces/custom_interfaces/msg/detail/vision_robot__struct.h
[11.122s] -- Up-to-date symlink: /home/robo/RoboFEI-HT_2023_SOFTWARE/install/custom_interfaces/include/custom_interfaces/custom_interfaces/msg/detail/vision_robot__type_support.h
[11.123s] -- Up-to-date symlink: /home/robo/RoboFEI-HT_2023_SOFTWARE/install/custom_interfaces/include/custom_interfaces/custom_interfaces/msg/detail/walk__functions.h
[11.123s] -- Up-to-date symlink: /home/robo/RoboFEI-HT_2023_SOFTWARE/install/custom_interfaces/include/custom_interfaces/custom_interfaces/msg/detail/walk__struct.h
[11.123s] -- Up-to-date symlink: /home/robo/RoboFEI-HT_2023_SOFTWARE/install/custom_interfaces/include/custom_interfaces/custom_interfaces/msg/detail/walk__type_support.h
[11.123s] -- Up-to-date symlink: /home/robo/RoboFEI-HT_2023_SOFTWARE/install/custom_interfaces/include/custom_interfaces/custom_interfaces/msg/humanoid_league_msgs.h
[11.123s] -- Up-to-date symlink: /home/robo/RoboFEI-HT_2023_SOFTWARE/install/custom_interfaces/include/custom_interfaces/custom_interfaces/msg/joint_state.h
[11.123s] -- Up-to-date symlink: /home/robo/RoboFEI-HT_2023_SOFTWARE/install/custom_interfaces/include/custom_interfaces/custom_interfaces/msg/localization.h
[11.123s] -- Up-to-date symlink: /home/robo/RoboFEI-HT_2023_SOFTWARE/install/custom_interfaces/include/custom_interfaces/custom_interfaces/msg/neck_position.h
[11.123s] -- Up-to-date symlink: /home/robo/RoboFEI-HT_2023_SOFTWARE/install/custom_interfaces/include/custom_interfaces/custom_interfaces/msg/robot_state.h
[11.123s] -- Up-to-date symlink: /home/robo/RoboFEI-HT_2023_SOFTWARE/install/custom_interfaces/include/custom_interfaces/custom_interfaces/msg/rosidl_generator_c__visibility_control.h
[11.123s] -- Up-to-date symlink: /home/robo/RoboFEI-HT_2023_SOFTWARE/install/custom_interfaces/include/custom_interfaces/custom_interfaces/msg/set_position.h
[11.123s] -- Up-to-date symlink: /home/robo/RoboFEI-HT_2023_SOFTWARE/install/custom_interfaces/include/custom_interfaces/custom_interfaces/msg/set_position_original.h
[11.123s] -- Up-to-date symlink: /home/robo/RoboFEI-HT_2023_SOFTWARE/install/custom_interfaces/include/custom_interfaces/custom_interfaces/msg/vision.h
[11.123s] -- Up-to-date symlink: /home/robo/RoboFEI-HT_2023_SOFTWARE/install/custom_interfaces/include/custom_interfaces/custom_interfaces/msg/vision_robot.h
[11.124s] -- Up-to-date symlink: /home/robo/RoboFEI-HT_2023_SOFTWARE/install/custom_interfaces/include/custom_interfaces/custom_interfaces/msg/walk.h
[11.124s] -- Up-to-date symlink: /home/robo/RoboFEI-HT_2023_SOFTWARE/install/custom_interfaces/include/custom_interfaces/custom_interfaces/srv/detail/get_position__functions.h
[11.124s] -- Up-to-date symlink: /home/robo/RoboFEI-HT_2023_SOFTWARE/install/custom_interfaces/include/custom_interfaces/custom_interfaces/srv/detail/get_position__struct.h
[11.124s] -- Up-to-date symlink: /home/robo/RoboFEI-HT_2023_SOFTWARE/install/custom_interfaces/include/custom_interfaces/custom_interfaces/srv/detail/get_position__type_support.h
[11.124s] -- Up-to-date symlink: /home/robo/RoboFEI-HT_2023_SOFTWARE/install/custom_interfaces/include/custom_interfaces/custom_interfaces/srv/detail/reset__functions.h
[11.124s] -- Up-to-date symlink: /home/robo/RoboFEI-HT_2023_SOFTWARE/install/custom_interfaces/include/custom_interfaces/custom_interfaces/srv/detail/reset__struct.h
[11.124s] -- Up-to-date symlink: /home/robo/RoboFEI-HT_2023_SOFTWARE/install/custom_interfaces/include/custom_interfaces/custom_interfaces/srv/detail/reset__type_support.h
[11.124s] -- Up-to-date symlink: /home/robo/RoboFEI-HT_2023_SOFTWARE/install/custom_interfaces/include/custom_interfaces/custom_interfaces/srv/get_position.h
[11.124s] -- Up-to-date symlink: /home/robo/RoboFEI-HT_2023_SOFTWARE/install/custom_interfaces/include/custom_interfaces/custom_interfaces/srv/reset.h
[11.125s] -- Up-to-date symlink: /home/robo/RoboFEI-HT_2023_SOFTWARE/install/custom_interfaces/share/custom_interfaces/environment/library_path.sh
[11.125s] -- Up-to-date symlink: /home/robo/RoboFEI-HT_2023_SOFTWARE/install/custom_interfaces/share/custom_interfaces/environment/library_path.dsv
[11.125s] -- Up-to-date symlink: /home/robo/RoboFEI-HT_2023_SOFTWARE/install/custom_interfaces/include/custom_interfaces/custom_interfaces/action/detail/control__rosidl_typesupport_fastrtps_c.h
[11.125s] -- Up-to-date symlink: /home/robo/RoboFEI-HT_2023_SOFTWARE/install/custom_interfaces/include/custom_interfaces/custom_interfaces/msg/detail/decision__rosidl_typesupport_fastrtps_c.h
[11.126s] -- Up-to-date symlink: /home/robo/RoboFEI-HT_2023_SOFTWARE/install/custom_interfaces/include/custom_interfaces/custom_interfaces/msg/detail/humanoid_league_msgs__rosidl_typesupport_fastrtps_c.h
[11.126s] -- Up-to-date symlink: /home/robo/RoboFEI-HT_2023_SOFTWARE/install/custom_interfaces/include/custom_interfaces/custom_interfaces/msg/detail/joint_state__rosidl_typesupport_fastrtps_c.h
[11.126s] -- Up-to-date symlink: /home/robo/RoboFEI-HT_2023_SOFTWARE/install/custom_interfaces/include/custom_interfaces/custom_interfaces/msg/detail/localization__rosidl_typesupport_fastrtps_c.h
[11.126s] -- Up-to-date symlink: /home/robo/RoboFEI-HT_2023_SOFTWARE/install/custom_interfaces/include/custom_interfaces/custom_interfaces/msg/detail/neck_position__rosidl_typesupport_fastrtps_c.h
[11.126s] -- Up-to-date symlink: /home/robo/RoboFEI-HT_2023_SOFTWARE/install/custom_interfaces/include/custom_interfaces/custom_interfaces/msg/detail/robot_state__rosidl_typesupport_fastrtps_c.h
[11.126s] -- Up-to-date symlink: /home/robo/RoboFEI-HT_2023_SOFTWARE/install/custom_interfaces/include/custom_interfaces/custom_interfaces/msg/detail/set_position__rosidl_typesupport_fastrtps_c.h
[11.126s] -- Up-to-date symlink: /home/robo/RoboFEI-HT_2023_SOFTWARE/install/custom_interfaces/include/custom_interfaces/custom_interfaces/msg/detail/set_position_original__rosidl_typesupport_fastrtps_c.h
[11.126s] -- Up-to-date symlink: /home/robo/RoboFEI-HT_2023_SOFTWARE/install/custom_interfaces/include/custom_interfaces/custom_interfaces/msg/detail/vision__rosidl_typesupport_fastrtps_c.h
[11.126s] -- Up-to-date symlink: /home/robo/RoboFEI-HT_2023_SOFTWARE/install/custom_interfaces/include/custom_interfaces/custom_interfaces/msg/detail/vision_robot__rosidl_typesupport_fastrtps_c.h
[11.126s] -- Up-to-date symlink: /home/robo/RoboFEI-HT_2023_SOFTWARE/install/custom_interfaces/include/custom_interfaces/custom_interfaces/msg/detail/walk__rosidl_typesupport_fastrtps_c.h
[11.126s] -- Up-to-date symlink: /home/robo/RoboFEI-HT_2023_SOFTWARE/install/custom_interfaces/include/custom_interfaces/custom_interfaces/msg/rosidl_typesupport_fastrtps_c__visibility_control.h
[11.127s] -- Up-to-date symlink: /home/robo/RoboFEI-HT_2023_SOFTWARE/install/custom_interfaces/include/custom_interfaces/custom_interfaces/srv/detail/get_position__rosidl_typesupport_fastrtps_c.h
[11.127s] -- Up-to-date symlink: /home/robo/RoboFEI-HT_2023_SOFTWARE/install/custom_interfaces/include/custom_interfaces/custom_interfaces/srv/detail/reset__rosidl_typesupport_fastrtps_c.h
[11.127s] -- Up-to-date symlink: /home/robo/RoboFEI-HT_2023_SOFTWARE/install/custom_interfaces/include/custom_interfaces/custom_interfaces/action/control.hpp
[11.127s] -- Up-to-date symlink: /home/robo/RoboFEI-HT_2023_SOFTWARE/install/custom_interfaces/include/custom_interfaces/custom_interfaces/action/detail/control__builder.hpp
[11.127s] -- Up-to-date symlink: /home/robo/RoboFEI-HT_2023_SOFTWARE/install/custom_interfaces/include/custom_interfaces/custom_interfaces/action/detail/control__struct.hpp
[11.127s] -- Up-to-date symlink: /home/robo/RoboFEI-HT_2023_SOFTWARE/install/custom_interfaces/include/custom_interfaces/custom_interfaces/action/detail/control__traits.hpp
[11.127s] -- Up-to-date symlink: /home/robo/RoboFEI-HT_2023_SOFTWARE/install/custom_interfaces/include/custom_interfaces/custom_interfaces/msg/decision.hpp
[11.128s] -- Up-to-date symlink: /home/robo/RoboFEI-HT_2023_SOFTWARE/install/custom_interfaces/include/custom_interfaces/custom_interfaces/msg/detail/decision__builder.hpp
[11.128s] -- Up-to-date symlink: /home/robo/RoboFEI-HT_2023_SOFTWARE/install/custom_interfaces/include/custom_interfaces/custom_interfaces/msg/detail/decision__struct.hpp
[11.128s] -- Up-to-date symlink: /home/robo/RoboFEI-HT_2023_SOFTWARE/install/custom_interfaces/include/custom_interfaces/custom_interfaces/msg/detail/decision__traits.hpp
[11.128s] -- Up-to-date symlink: /home/robo/RoboFEI-HT_2023_SOFTWARE/install/custom_interfaces/include/custom_interfaces/custom_interfaces/msg/detail/humanoid_league_msgs__builder.hpp
[11.128s] -- Up-to-date symlink: /home/robo/RoboFEI-HT_2023_SOFTWARE/install/custom_interfaces/include/custom_interfaces/custom_interfaces/msg/detail/humanoid_league_msgs__struct.hpp
[11.128s] -- Up-to-date symlink: /home/robo/RoboFEI-HT_2023_SOFTWARE/install/custom_interfaces/include/custom_interfaces/custom_interfaces/msg/detail/humanoid_league_msgs__traits.hpp
[11.128s] -- Up-to-date symlink: /home/robo/RoboFEI-HT_2023_SOFTWARE/install/custom_interfaces/include/custom_interfaces/custom_interfaces/msg/detail/joint_state__builder.hpp
[11.128s] -- Up-to-date symlink: /home/robo/RoboFEI-HT_2023_SOFTWARE/install/custom_interfaces/include/custom_interfaces/custom_interfaces/msg/detail/joint_state__struct.hpp
[11.128s] -- Up-to-date symlink: /home/robo/RoboFEI-HT_2023_SOFTWARE/install/custom_interfaces/include/custom_interfaces/custom_interfaces/msg/detail/joint_state__traits.hpp
[11.128s] -- Up-to-date symlink: /home/robo/RoboFEI-HT_2023_SOFTWARE/install/custom_interfaces/include/custom_interfaces/custom_interfaces/msg/detail/localization__builder.hpp
[11.128s] -- Up-to-date symlink: /home/robo/RoboFEI-HT_2023_SOFTWARE/install/custom_interfaces/include/custom_interfaces/custom_interfaces/msg/detail/localization__struct.hpp
[11.128s] -- Up-to-date symlink: /home/robo/RoboFEI-HT_2023_SOFTWARE/install/custom_interfaces/include/custom_interfaces/custom_interfaces/msg/detail/localization__traits.hpp
[11.129s] -- Up-to-date symlink: /home/robo/RoboFEI-HT_2023_SOFTWARE/install/custom_interfaces/include/custom_interfaces/custom_interfaces/msg/detail/neck_position__builder.hpp
[11.129s] -- Up-to-date symlink: /home/robo/RoboFEI-HT_2023_SOFTWARE/install/custom_interfaces/include/custom_interfaces/custom_interfaces/msg/detail/neck_position__struct.hpp
[11.129s] -- Up-to-date symlink: /home/robo/RoboFEI-HT_2023_SOFTWARE/install/custom_interfaces/include/custom_interfaces/custom_interfaces/msg/detail/neck_position__traits.hpp
[11.129s] -- Up-to-date symlink: /home/robo/RoboFEI-HT_2023_SOFTWARE/install/custom_interfaces/include/custom_interfaces/custom_interfaces/msg/detail/robot_state__builder.hpp
[11.129s] -- Up-to-date symlink: /home/robo/RoboFEI-HT_2023_SOFTWARE/install/custom_interfaces/include/custom_interfaces/custom_interfaces/msg/detail/robot_state__struct.hpp
[11.129s] -- Up-to-date symlink: /home/robo/RoboFEI-HT_2023_SOFTWARE/install/custom_interfaces/include/custom_interfaces/custom_interfaces/msg/detail/robot_state__traits.hpp
[11.129s] -- Up-to-date symlink: /home/robo/RoboFEI-HT_2023_SOFTWARE/install/custom_interfaces/include/custom_interfaces/custom_interfaces/msg/detail/set_position__builder.hpp
[11.129s] -- Up-to-date symlink: /home/robo/RoboFEI-HT_2023_SOFTWARE/install/custom_interfaces/include/custom_interfaces/custom_interfaces/msg/detail/set_position__struct.hpp
[11.129s] -- Up-to-date symlink: /home/robo/RoboFEI-HT_2023_SOFTWARE/install/custom_interfaces/include/custom_interfaces/custom_interfaces/msg/detail/set_position__traits.hpp
[11.129s] -- Up-to-date symlink: /home/robo/RoboFEI-HT_2023_SOFTWARE/install/custom_interfaces/include/custom_interfaces/custom_interfaces/msg/detail/set_position_original__builder.hpp
[11.129s] -- Up-to-date symlink: /home/robo/RoboFEI-HT_2023_SOFTWARE/install/custom_interfaces/include/custom_interfaces/custom_interfaces/msg/detail/set_position_original__struct.hpp
[11.129s] -- Up-to-date symlink: /home/robo/RoboFEI-HT_2023_SOFTWARE/install/custom_interfaces/include/custom_interfaces/custom_interfaces/msg/detail/set_position_original__traits.hpp
[11.130s] -- Up-to-date symlink: /home/robo/RoboFEI-HT_2023_SOFTWARE/install/custom_interfaces/include/custom_interfaces/custom_interfaces/msg/detail/vision__builder.hpp
[11.130s] -- Up-to-date symlink: /home/robo/RoboFEI-HT_2023_SOFTWARE/install/custom_interfaces/include/custom_interfaces/custom_interfaces/msg/detail/vision__struct.hpp
[11.130s] -- Up-to-date symlink: /home/robo/RoboFEI-HT_2023_SOFTWARE/install/custom_interfaces/include/custom_interfaces/custom_interfaces/msg/detail/vision__traits.hpp
[11.130s] -- Up-to-date symlink: /home/robo/RoboFEI-HT_2023_SOFTWARE/install/custom_interfaces/include/custom_interfaces/custom_interfaces/msg/detail/vision_robot__builder.hpp
[11.130s] -- Up-to-date symlink: /home/robo/RoboFEI-HT_2023_SOFTWARE/install/custom_interfaces/include/custom_interfaces/custom_interfaces/msg/detail/vision_robot__struct.hpp
[11.130s] -- Up-to-date symlink: /home/robo/RoboFEI-HT_2023_SOFTWARE/install/custom_interfaces/include/custom_interfaces/custom_interfaces/msg/detail/vision_robot__traits.hpp
[11.130s] -- Up-to-date symlink: /home/robo/RoboFEI-HT_2023_SOFTWARE/install/custom_interfaces/include/custom_interfaces/custom_interfaces/msg/detail/walk__builder.hpp
[11.130s] -- Up-to-date symlink: /home/robo/RoboFEI-HT_2023_SOFTWARE/install/custom_interfaces/include/custom_interfaces/custom_interfaces/msg/detail/walk__struct.hpp
[11.130s] -- Up-to-date symlink: /home/robo/RoboFEI-HT_2023_SOFTWARE/install/custom_interfaces/include/custom_interfaces/custom_interfaces/msg/detail/walk__traits.hpp
[11.130s] -- Up-to-date symlink: /home/robo/RoboFEI-HT_2023_SOFTWARE/install/custom_interfaces/include/custom_interfaces/custom_interfaces/msg/humanoid_league_msgs.hpp
[11.130s] -- Up-to-date symlink: /home/robo/RoboFEI-HT_2023_SOFTWARE/install/custom_interfaces/include/custom_interfaces/custom_interfaces/msg/joint_state.hpp
[11.130s] -- Up-to-date symlink: /home/robo/RoboFEI-HT_2023_SOFTWARE/install/custom_interfaces/include/custom_interfaces/custom_interfaces/msg/localization.hpp
[11.130s] -- Up-to-date symlink: /home/robo/RoboFEI-HT_2023_SOFTWARE/install/custom_interfaces/include/custom_interfaces/custom_interfaces/msg/neck_position.hpp
[11.131s] -- Up-to-date symlink: /home/robo/RoboFEI-HT_2023_SOFTWARE/install/custom_interfaces/include/custom_interfaces/custom_interfaces/msg/robot_state.hpp
[11.131s] -- Up-to-date symlink: /home/robo/RoboFEI-HT_2023_SOFTWARE/install/custom_interfaces/include/custom_interfaces/custom_interfaces/msg/set_position.hpp
[11.131s] -- Up-to-date symlink: /home/robo/RoboFEI-HT_2023_SOFTWARE/install/custom_interfaces/include/custom_interfaces/custom_interfaces/msg/set_position_original.hpp
[11.131s] -- Up-to-date symlink: /home/robo/RoboFEI-HT_2023_SOFTWARE/install/custom_interfaces/include/custom_interfaces/custom_interfaces/msg/vision.hpp
[11.131s] -- Up-to-date symlink: /home/robo/RoboFEI-HT_2023_SOFTWARE/install/custom_interfaces/include/custom_interfaces/custom_interfaces/msg/vision_robot.hpp
[11.131s] -- Up-to-date symlink: /home/robo/RoboFEI-HT_2023_SOFTWARE/install/custom_interfaces/include/custom_interfaces/custom_interfaces/msg/walk.hpp
[11.131s] -- Up-to-date symlink: /home/robo/RoboFEI-HT_2023_SOFTWARE/install/custom_interfaces/include/custom_interfaces/custom_interfaces/srv/detail/get_position__builder.hpp
[11.131s] -- Up-to-date symlink: /home/robo/RoboFEI-HT_2023_SOFTWARE/install/custom_interfaces/include/custom_interfaces/custom_interfaces/srv/detail/get_position__struct.hpp
[11.131s] -- Up-to-date symlink: /home/robo/RoboFEI-HT_2023_SOFTWARE/install/custom_interfaces/include/custom_interfaces/custom_interfaces/srv/detail/get_position__traits.hpp
[11.131s] -- Up-to-date symlink: /home/robo/RoboFEI-HT_2023_SOFTWARE/install/custom_interfaces/include/custom_interfaces/custom_interfaces/srv/detail/reset__builder.hpp
[11.131s] -- Up-to-date symlink: /home/robo/RoboFEI-HT_2023_SOFTWARE/install/custom_interfaces/include/custom_interfaces/custom_interfaces/srv/detail/reset__struct.hpp
[11.132s] -- Up-to-date symlink: /home/robo/RoboFEI-HT_2023_SOFTWARE/install/custom_interfaces/include/custom_interfaces/custom_interfaces/srv/detail/reset__traits.hpp
[11.132s] -- Up-to-date symlink: /home/robo/RoboFEI-HT_2023_SOFTWARE/install/custom_interfaces/include/custom_interfaces/custom_interfaces/srv/get_position.hpp
[11.132s] -- Up-to-date symlink: /home/robo/RoboFEI-HT_2023_SOFTWARE/install/custom_interfaces/include/custom_interfaces/custom_interfaces/srv/reset.hpp
[11.133s] -- Up-to-date symlink: /home/robo/RoboFEI-HT_2023_SOFTWARE/install/custom_interfaces/include/custom_interfaces/custom_interfaces/action/detail/control__rosidl_typesupport_fastrtps_cpp.hpp
[11.133s] -- Up-to-date symlink: /home/robo/RoboFEI-HT_2023_SOFTWARE/install/custom_interfaces/include/custom_interfaces/custom_interfaces/msg/detail/decision__rosidl_typesupport_fastrtps_cpp.hpp
[11.133s] -- Up-to-date symlink: /home/robo/RoboFEI-HT_2023_SOFTWARE/install/custom_interfaces/include/custom_interfaces/custom_interfaces/msg/detail/humanoid_league_msgs__rosidl_typesupport_fastrtps_cpp.hpp
[11.133s] -- Up-to-date symlink: /home/robo/RoboFEI-HT_2023_SOFTWARE/install/custom_interfaces/include/custom_interfaces/custom_interfaces/msg/detail/joint_state__rosidl_typesupport_fastrtps_cpp.hpp
[11.133s] -- Up-to-date symlink: /home/robo/RoboFEI-HT_2023_SOFTWARE/install/custom_interfaces/include/custom_interfaces/custom_interfaces/msg/detail/localization__rosidl_typesupport_fastrtps_cpp.hpp
[11.133s] -- Up-to-date symlink: /home/robo/RoboFEI-HT_2023_SOFTWARE/install/custom_interfaces/include/custom_interfaces/custom_interfaces/msg/detail/neck_position__rosidl_typesupport_fastrtps_cpp.hpp
[11.133s] -- Up-to-date symlink: /home/robo/RoboFEI-HT_2023_SOFTWARE/install/custom_interfaces/include/custom_interfaces/custom_interfaces/msg/detail/robot_state__rosidl_typesupport_fastrtps_cpp.hpp
[11.133s] -- Up-to-date symlink: /home/robo/RoboFEI-HT_2023_SOFTWARE/install/custom_interfaces/include/custom_interfaces/custom_interfaces/msg/detail/set_position__rosidl_typesupport_fastrtps_cpp.hpp
[11.133s] -- Up-to-date symlink: /home/robo/RoboFEI-HT_2023_SOFTWARE/install/custom_interfaces/include/custom_interfaces/custom_interfaces/msg/detail/set_position_original__rosidl_typesupport_fastrtps_cpp.hpp
[11.133s] -- Up-to-date symlink: /home/robo/RoboFEI-HT_2023_SOFTWARE/install/custom_interfaces/include/custom_interfaces/custom_interfaces/msg/detail/vision__rosidl_typesupport_fastrtps_cpp.hpp
[11.134s] -- Up-to-date symlink: /home/robo/RoboFEI-HT_2023_SOFTWARE/install/custom_interfaces/include/custom_interfaces/custom_interfaces/msg/detail/vision_robot__rosidl_typesupport_fastrtps_cpp.hpp
[11.134s] -- Up-to-date symlink: /home/robo/RoboFEI-HT_2023_SOFTWARE/install/custom_interfaces/include/custom_interfaces/custom_interfaces/msg/detail/walk__rosidl_typesupport_fastrtps_cpp.hpp
[11.134s] -- Up-to-date symlink: /home/robo/RoboFEI-HT_2023_SOFTWARE/install/custom_interfaces/include/custom_interfaces/custom_interfaces/msg/rosidl_typesupport_fastrtps_cpp__visibility_control.h
[11.134s] -- Up-to-date symlink: /home/robo/RoboFEI-HT_2023_SOFTWARE/install/custom_interfaces/include/custom_interfaces/custom_interfaces/srv/detail/get_position__rosidl_typesupport_fastrtps_cpp.hpp
[11.134s] -- Up-to-date symlink: /home/robo/RoboFEI-HT_2023_SOFTWARE/install/custom_interfaces/include/custom_interfaces/custom_interfaces/srv/detail/reset__rosidl_typesupport_fastrtps_cpp.hpp
[11.134s] -- Up-to-date symlink: /home/robo/RoboFEI-HT_2023_SOFTWARE/install/custom_interfaces/include/custom_interfaces/custom_interfaces/action/detail/control__rosidl_typesupport_introspection_c.h
[11.134s] -- Up-to-date symlink: /home/robo/RoboFEI-HT_2023_SOFTWARE/install/custom_interfaces/include/custom_interfaces/custom_interfaces/msg/detail/decision__rosidl_typesupport_introspection_c.h
[11.134s] -- Up-to-date symlink: /home/robo/RoboFEI-HT_2023_SOFTWARE/install/custom_interfaces/include/custom_interfaces/custom_interfaces/msg/detail/humanoid_league_msgs__rosidl_typesupport_introspection_c.h
[11.135s] -- Up-to-date symlink: /home/robo/RoboFEI-HT_2023_SOFTWARE/install/custom_interfaces/include/custom_interfaces/custom_interfaces/msg/detail/joint_state__rosidl_typesupport_introspection_c.h
[11.135s] -- Up-to-date symlink: /home/robo/RoboFEI-HT_2023_SOFTWARE/install/custom_interfaces/include/custom_interfaces/custom_interfaces/msg/detail/localization__rosidl_typesupport_introspection_c.h
[11.135s] -- Up-to-date symlink: /home/robo/RoboFEI-HT_2023_SOFTWARE/install/custom_interfaces/include/custom_interfaces/custom_interfaces/msg/detail/neck_position__rosidl_typesupport_introspection_c.h
[11.135s] -- Up-to-date symlink: /home/robo/RoboFEI-HT_2023_SOFTWARE/install/custom_interfaces/include/custom_interfaces/custom_interfaces/msg/detail/robot_state__rosidl_typesupport_introspection_c.h
[11.135s] -- Up-to-date symlink: /home/robo/RoboFEI-HT_2023_SOFTWARE/install/custom_interfaces/include/custom_interfaces/custom_interfaces/msg/detail/set_position__rosidl_typesupport_introspection_c.h
[11.135s] -- Up-to-date symlink: /home/robo/RoboFEI-HT_2023_SOFTWARE/install/custom_interfaces/include/custom_interfaces/custom_interfaces/msg/detail/set_position_original__rosidl_typesupport_introspection_c.h
[11.135s] -- Up-to-date symlink: /home/robo/RoboFEI-HT_2023_SOFTWARE/install/custom_interfaces/include/custom_interfaces/custom_interfaces/msg/detail/vision__rosidl_typesupport_introspection_c.h
[11.135s] -- Up-to-date symlink: /home/robo/RoboFEI-HT_2023_SOFTWARE/install/custom_interfaces/include/custom_interfaces/custom_interfaces/msg/detail/vision_robot__rosidl_typesupport_introspection_c.h
[11.135s] -- Up-to-date symlink: /home/robo/RoboFEI-HT_2023_SOFTWARE/install/custom_interfaces/include/custom_interfaces/custom_interfaces/msg/detail/walk__rosidl_typesupport_introspection_c.h
[11.135s] -- Up-to-date symlink: /home/robo/RoboFEI-HT_2023_SOFTWARE/install/custom_interfaces/include/custom_interfaces/custom_interfaces/msg/rosidl_typesupport_introspection_c__visibility_control.h
[11.135s] -- Up-to-date symlink: /home/robo/RoboFEI-HT_2023_SOFTWARE/install/custom_interfaces/include/custom_interfaces/custom_interfaces/srv/detail/get_position__rosidl_typesupport_introspection_c.h
[11.135s] -- Up-to-date symlink: /home/robo/RoboFEI-HT_2023_SOFTWARE/install/custom_interfaces/include/custom_interfaces/custom_interfaces/srv/detail/reset__rosidl_typesupport_introspection_c.h
[11.136s] -- Up-to-date symlink: /home/robo/RoboFEI-HT_2023_SOFTWARE/install/custom_interfaces/include/custom_interfaces/custom_interfaces/action/detail/control__rosidl_typesupport_introspection_cpp.hpp
[11.136s] -- Up-to-date symlink: /home/robo/RoboFEI-HT_2023_SOFTWARE/install/custom_interfaces/include/custom_interfaces/custom_interfaces/msg/detail/decision__rosidl_typesupport_introspection_cpp.hpp
[11.136s] -- Up-to-date symlink: /home/robo/RoboFEI-HT_2023_SOFTWARE/install/custom_interfaces/include/custom_interfaces/custom_interfaces/msg/detail/humanoid_league_msgs__rosidl_typesupport_introspection_cpp.hpp
[11.136s] -- Up-to-date symlink: /home/robo/RoboFEI-HT_2023_SOFTWARE/install/custom_interfaces/include/custom_interfaces/custom_interfaces/msg/detail/joint_state__rosidl_typesupport_introspection_cpp.hpp
[11.136s] -- Up-to-date symlink: /home/robo/RoboFEI-HT_2023_SOFTWARE/install/custom_interfaces/include/custom_interfaces/custom_interfaces/msg/detail/localization__rosidl_typesupport_introspection_cpp.hpp
[11.136s] -- Up-to-date symlink: /home/robo/RoboFEI-HT_2023_SOFTWARE/install/custom_interfaces/include/custom_interfaces/custom_interfaces/msg/detail/neck_position__rosidl_typesupport_introspection_cpp.hpp
[11.136s] -- Up-to-date symlink: /home/robo/RoboFEI-HT_2023_SOFTWARE/install/custom_interfaces/include/custom_interfaces/custom_interfaces/msg/detail/robot_state__rosidl_typesupport_introspection_cpp.hpp
[11.136s] -- Up-to-date symlink: /home/robo/RoboFEI-HT_2023_SOFTWARE/install/custom_interfaces/include/custom_interfaces/custom_interfaces/msg/detail/set_position__rosidl_typesupport_introspection_cpp.hpp
[11.136s] -- Up-to-date symlink: /home/robo/RoboFEI-HT_2023_SOFTWARE/install/custom_interfaces/include/custom_interfaces/custom_interfaces/msg/detail/set_position_original__rosidl_typesupport_introspection_cpp.hpp
[11.136s] -- Up-to-date symlink: /home/robo/RoboFEI-HT_2023_SOFTWARE/install/custom_interfaces/include/custom_interfaces/custom_interfaces/msg/detail/vision__rosidl_typesupport_introspection_cpp.hpp
[11.137s] -- Up-to-date symlink: /home/robo/RoboFEI-HT_2023_SOFTWARE/install/custom_interfaces/include/custom_interfaces/custom_interfaces/msg/detail/vision_robot__rosidl_typesupport_introspection_cpp.hpp
[11.137s] -- Up-to-date symlink: /home/robo/RoboFEI-HT_2023_SOFTWARE/install/custom_interfaces/include/custom_interfaces/custom_interfaces/msg/detail/walk__rosidl_typesupport_introspection_cpp.hpp
[11.137s] -- Up-to-date symlink: /home/robo/RoboFEI-HT_2023_SOFTWARE/install/custom_interfaces/include/custom_interfaces/custom_interfaces/srv/detail/get_position__rosidl_typesupport_introspection_cpp.hpp
[11.137s] -- Up-to-date symlink: /home/robo/RoboFEI-HT_2023_SOFTWARE/install/custom_interfaces/include/custom_interfaces/custom_interfaces/srv/detail/reset__rosidl_typesupport_introspection_cpp.hpp
[11.137s] -- Up-to-date symlink: /home/robo/RoboFEI-HT_2023_SOFTWARE/install/custom_interfaces/share/custom_interfaces/environment/pythonpath.sh
[11.137s] -- Up-to-date symlink: /home/robo/RoboFEI-HT_2023_SOFTWARE/install/custom_interfaces/share/custom_interfaces/environment/pythonpath.dsv
[11.137s] -- Up-to-date symlink: /home/robo/RoboFEI-HT_2023_SOFTWARE/install/custom_interfaces/local/lib/python3.10/dist-packages/custom_interfaces-3.7.40-py3.10.egg-info/PKG-INFO
[11.137s] -- Up-to-date symlink: /home/robo/RoboFEI-HT_2023_SOFTWARE/install/custom_interfaces/local/lib/python3.10/dist-packages/custom_interfaces-3.7.40-py3.10.egg-info/SOURCES.txt
[11.137s] -- Up-to-date symlink: /home/robo/RoboFEI-HT_2023_SOFTWARE/install/custom_interfaces/local/lib/python3.10/dist-packages/custom_interfaces-3.7.40-py3.10.egg-info/dependency_links.txt
[11.137s] -- Up-to-date symlink: /home/robo/RoboFEI-HT_2023_SOFTWARE/install/custom_interfaces/local/lib/python3.10/dist-packages/custom_interfaces-3.7.40-py3.10.egg-info/top_level.txt
[11.138s] -- Up-to-date symlink: /home/robo/RoboFEI-HT_2023_SOFTWARE/install/custom_interfaces/local/lib/python3.10/dist-packages/custom_interfaces/__init__.py
[11.138s] -- Up-to-date symlink: /home/robo/RoboFEI-HT_2023_SOFTWARE/install/custom_interfaces/local/lib/python3.10/dist-packages/custom_interfaces/_custom_interfaces_s.ep.rosidl_typesupport_c.c
[11.138s] -- Up-to-date symlink: /home/robo/RoboFEI-HT_2023_SOFTWARE/install/custom_interfaces/local/lib/python3.10/dist-packages/custom_interfaces/_custom_interfaces_s.ep.rosidl_typesupport_fastrtps_c.c
[11.138s] -- Up-to-date symlink: /home/robo/RoboFEI-HT_2023_SOFTWARE/install/custom_interfaces/local/lib/python3.10/dist-packages/custom_interfaces/_custom_interfaces_s.ep.rosidl_typesupport_introspection_c.c
[11.138s] -- Up-to-date symlink: /home/robo/RoboFEI-HT_2023_SOFTWARE/install/custom_interfaces/local/lib/python3.10/dist-packages/custom_interfaces/action/__init__.py
[11.138s] -- Up-to-date symlink: /home/robo/RoboFEI-HT_2023_SOFTWARE/install/custom_interfaces/local/lib/python3.10/dist-packages/custom_interfaces/action/_control.py
[11.139s] -- Up-to-date symlink: /home/robo/RoboFEI-HT_2023_SOFTWARE/install/custom_interfaces/local/lib/python3.10/dist-packages/custom_interfaces/action/_control_s.c
[11.139s] -- Up-to-date symlink: /home/robo/RoboFEI-HT_2023_SOFTWARE/install/custom_interfaces/local/lib/python3.10/dist-packages/custom_interfaces/custom_interfaces_s__rosidl_typesupport_c.cpython-310-x86_64-linux-gnu.so
[11.139s] -- Up-to-date symlink: /home/robo/RoboFEI-HT_2023_SOFTWARE/install/custom_interfaces/local/lib/python3.10/dist-packages/custom_interfaces/custom_interfaces_s__rosidl_typesupport_fastrtps_c.cpython-310-x86_64-linux-gnu.so
[11.139s] -- Up-to-date symlink: /home/robo/RoboFEI-HT_2023_SOFTWARE/install/custom_interfaces/local/lib/python3.10/dist-packages/custom_interfaces/custom_interfaces_s__rosidl_typesupport_introspection_c.cpython-310-x86_64-linux-gnu.so
[11.139s] -- Up-to-date symlink: /home/robo/RoboFEI-HT_2023_SOFTWARE/install/custom_interfaces/local/lib/python3.10/dist-packages/custom_interfaces/libcustom_interfaces__rosidl_generator_py.so
[11.139s] -- Up-to-date symlink: /home/robo/RoboFEI-HT_2023_SOFTWARE/install/custom_interfaces/local/lib/python3.10/dist-packages/custom_interfaces/msg/__init__.py
[11.139s] -- Up-to-date symlink: /home/robo/RoboFEI-HT_2023_SOFTWARE/install/custom_interfaces/local/lib/python3.10/dist-packages/custom_interfaces/msg/_decision.py
[11.139s] -- Up-to-date symlink: /home/robo/RoboFEI-HT_2023_SOFTWARE/install/custom_interfaces/local/lib/python3.10/dist-packages/custom_interfaces/msg/_decision_s.c
[11.139s] -- Up-to-date symlink: /home/robo/RoboFEI-HT_2023_SOFTWARE/install/custom_interfaces/local/lib/python3.10/dist-packages/custom_interfaces/msg/_humanoid_league_msgs.py
[11.139s] -- Up-to-date symlink: /home/robo/RoboFEI-HT_2023_SOFTWARE/install/custom_interfaces/local/lib/python3.10/dist-packages/custom_interfaces/msg/_humanoid_league_msgs_s.c
[11.139s] -- Up-to-date symlink: /home/robo/RoboFEI-HT_2023_SOFTWARE/install/custom_interfaces/local/lib/python3.10/dist-packages/custom_interfaces/msg/_joint_state.py
[11.139s] -- Up-to-date symlink: /home/robo/RoboFEI-HT_2023_SOFTWARE/install/custom_interfaces/local/lib/python3.10/dist-packages/custom_interfaces/msg/_joint_state_s.c
[11.140s] -- Up-to-date symlink: /home/robo/RoboFEI-HT_2023_SOFTWARE/install/custom_interfaces/local/lib/python3.10/dist-packages/custom_interfaces/msg/_localization.py
[11.140s] -- Up-to-date symlink: /home/robo/RoboFEI-HT_2023_SOFTWARE/install/custom_interfaces/local/lib/python3.10/dist-packages/custom_interfaces/msg/_localization_s.c
[11.140s] -- Up-to-date symlink: /home/robo/RoboFEI-HT_2023_SOFTWARE/install/custom_interfaces/local/lib/python3.10/dist-packages/custom_interfaces/msg/_neck_position.py
[11.140s] -- Up-to-date symlink: /home/robo/RoboFEI-HT_2023_SOFTWARE/install/custom_interfaces/local/lib/python3.10/dist-packages/custom_interfaces/msg/_neck_position_s.c
[11.140s] -- Up-to-date symlink: /home/robo/RoboFEI-HT_2023_SOFTWARE/install/custom_interfaces/local/lib/python3.10/dist-packages/custom_interfaces/msg/_robot_state.py
[11.140s] -- Up-to-date symlink: /home/robo/RoboFEI-HT_2023_SOFTWARE/install/custom_interfaces/local/lib/python3.10/dist-packages/custom_interfaces/msg/_robot_state_s.c
[11.140s] -- Up-to-date symlink: /home/robo/RoboFEI-HT_2023_SOFTWARE/install/custom_interfaces/local/lib/python3.10/dist-packages/custom_interfaces/msg/_set_position.py
[11.140s] -- Up-to-date symlink: /home/robo/RoboFEI-HT_2023_SOFTWARE/install/custom_interfaces/local/lib/python3.10/dist-packages/custom_interfaces/msg/_set_position_original.py
[11.140s] -- Up-to-date symlink: /home/robo/RoboFEI-HT_2023_SOFTWARE/install/custom_interfaces/local/lib/python3.10/dist-packages/custom_interfaces/msg/_set_position_original_s.c
[11.140s] -- Up-to-date symlink: /home/robo/RoboFEI-HT_2023_SOFTWARE/install/custom_interfaces/local/lib/python3.10/dist-packages/custom_interfaces/msg/_set_position_s.c
[11.141s] -- Up-to-date symlink: /home/robo/RoboFEI-HT_2023_SOFTWARE/install/custom_interfaces/local/lib/python3.10/dist-packages/custom_interfaces/msg/_vision.py
[11.141s] -- Up-to-date symlink: /home/robo/RoboFEI-HT_2023_SOFTWARE/install/custom_interfaces/local/lib/python3.10/dist-packages/custom_interfaces/msg/_vision_robot.py
[11.141s] -- Up-to-date symlink: /home/robo/RoboFEI-HT_2023_SOFTWARE/install/custom_interfaces/local/lib/python3.10/dist-packages/custom_interfaces/msg/_vision_robot_s.c
[11.141s] -- Up-to-date symlink: /home/robo/RoboFEI-HT_2023_SOFTWARE/install/custom_interfaces/local/lib/python3.10/dist-packages/custom_interfaces/msg/_vision_s.c
[11.141s] -- Up-to-date symlink: /home/robo/RoboFEI-HT_2023_SOFTWARE/install/custom_interfaces/local/lib/python3.10/dist-packages/custom_interfaces/msg/_walk.py
[11.141s] -- Up-to-date symlink: /home/robo/RoboFEI-HT_2023_SOFTWARE/install/custom_interfaces/local/lib/python3.10/dist-packages/custom_interfaces/msg/_walk_s.c
[11.141s] -- Up-to-date symlink: /home/robo/RoboFEI-HT_2023_SOFTWARE/install/custom_interfaces/local/lib/python3.10/dist-packages/custom_interfaces/srv/__init__.py
[11.141s] -- Up-to-date symlink: /home/robo/RoboFEI-HT_2023_SOFTWARE/install/custom_interfaces/local/lib/python3.10/dist-packages/custom_interfaces/srv/_get_position.py
[11.141s] -- Up-to-date symlink: /home/robo/RoboFEI-HT_2023_SOFTWARE/install/custom_interfaces/local/lib/python3.10/dist-packages/custom_interfaces/srv/_get_position_s.c
[11.142s] -- Up-to-date symlink: /home/robo/RoboFEI-HT_2023_SOFTWARE/install/custom_interfaces/local/lib/python3.10/dist-packages/custom_interfaces/srv/_reset.py
[11.142s] -- Up-to-date symlink: /home/robo/RoboFEI-HT_2023_SOFTWARE/install/custom_interfaces/local/lib/python3.10/dist-packages/custom_interfaces/srv/_reset_s.c
[11.142s] -- Up-to-date symlink: /home/robo/RoboFEI-HT_2023_SOFTWARE/install/custom_interfaces/local/lib/python3.10/dist-packages/custom_interfaces/custom_interfaces_s__rosidl_typesupport_fastrtps_c.cpython-310-x86_64-linux-gnu.so
[11.142s] -- Up-to-date symlink: /home/robo/RoboFEI-HT_2023_SOFTWARE/install/custom_interfaces/local/lib/python3.10/dist-packages/custom_interfaces/custom_interfaces_s__rosidl_typesupport_introspection_c.cpython-310-x86_64-linux-gnu.so
[11.142s] -- Up-to-date symlink: /home/robo/RoboFEI-HT_2023_SOFTWARE/install/custom_interfaces/local/lib/python3.10/dist-packages/custom_interfaces/custom_interfaces_s__rosidl_typesupport_c.cpython-310-x86_64-linux-gnu.so
[11.142s] -- Up-to-date symlink: /home/robo/RoboFEI-HT_2023_SOFTWARE/install/custom_interfaces/share/custom_interfaces/msg/SetPosition.idl
[11.142s] -- Up-to-date symlink: /home/robo/RoboFEI-HT_2023_SOFTWARE/install/custom_interfaces/share/custom_interfaces/msg/Vision.idl
[11.142s] -- Up-to-date symlink: /home/robo/RoboFEI-HT_2023_SOFTWARE/install/custom_interfaces/share/custom_interfaces/msg/VisionRobot.idl
[11.143s] -- Up-to-date symlink: /home/robo/RoboFEI-HT_2023_SOFTWARE/install/custom_interfaces/share/custom_interfaces/msg/HumanoidLeagueMsgs.idl
[11.143s] -- Up-to-date symlink: /home/robo/RoboFEI-HT_2023_SOFTWARE/install/custom_interfaces/share/custom_interfaces/msg/Localization.idl
[11.143s] -- Up-to-date symlink: /home/robo/RoboFEI-HT_2023_SOFTWARE/install/custom_interfaces/share/custom_interfaces/msg/SetPositionOriginal.idl
[11.143s] -- Up-to-date symlink: /home/robo/RoboFEI-HT_2023_SOFTWARE/install/custom_interfaces/share/custom_interfaces/msg/Decision.idl
[11.143s] -- Up-to-date symlink: /home/robo/RoboFEI-HT_2023_SOFTWARE/install/custom_interfaces/share/custom_interfaces/msg/Walk.idl
[11.143s] -- Up-to-date symlink: /home/robo/RoboFEI-HT_2023_SOFTWARE/install/custom_interfaces/share/custom_interfaces/msg/NeckPosition.idl
[11.143s] -- Up-to-date symlink: /home/robo/RoboFEI-HT_2023_SOFTWARE/install/custom_interfaces/share/custom_interfaces/msg/JointState.idl
[11.143s] -- Up-to-date symlink: /home/robo/RoboFEI-HT_2023_SOFTWARE/install/custom_interfaces/share/custom_interfaces/msg/RobotState.idl
[11.143s] -- Up-to-date symlink: /home/robo/RoboFEI-HT_2023_SOFTWARE/install/custom_interfaces/share/custom_interfaces/srv/GetPosition.idl
[11.144s] -- Up-to-date symlink: /home/robo/RoboFEI-HT_2023_SOFTWARE/install/custom_interfaces/share/custom_interfaces/srv/Reset.idl
[11.144s] -- Up-to-date symlink: /home/robo/RoboFEI-HT_2023_SOFTWARE/install/custom_interfaces/share/custom_interfaces/action/Control.idl
[11.144s] -- Up-to-date symlink: /home/robo/RoboFEI-HT_2023_SOFTWARE/install/custom_interfaces/share/custom_interfaces/msg/SetPosition.msg
[11.144s] -- Up-to-date symlink: /home/robo/RoboFEI-HT_2023_SOFTWARE/install/custom_interfaces/share/custom_interfaces/msg/Vision.msg
[11.144s] -- Up-to-date symlink: /home/robo/RoboFEI-HT_2023_SOFTWARE/install/custom_interfaces/share/custom_interfaces/msg/VisionRobot.msg
[11.144s] -- Up-to-date symlink: /home/robo/RoboFEI-HT_2023_SOFTWARE/install/custom_interfaces/share/custom_interfaces/msg/HumanoidLeagueMsgs.msg
[11.144s] -- Up-to-date symlink: /home/robo/RoboFEI-HT_2023_SOFTWARE/install/custom_interfaces/share/custom_interfaces/msg/Localization.msg
[11.144s] -- Up-to-date symlink: /home/robo/RoboFEI-HT_2023_SOFTWARE/install/custom_interfaces/share/custom_interfaces/msg/SetPositionOriginal.msg
[11.144s] -- Up-to-date symlink: /home/robo/RoboFEI-HT_2023_SOFTWARE/install/custom_interfaces/share/custom_interfaces/msg/Decision.msg
[11.144s] -- Up-to-date symlink: /home/robo/RoboFEI-HT_2023_SOFTWARE/install/custom_interfaces/share/custom_interfaces/msg/Walk.msg
[11.145s] -- Up-to-date symlink: /home/robo/RoboFEI-HT_2023_SOFTWARE/install/custom_interfaces/share/custom_interfaces/msg/NeckPosition.msg
[11.145s] -- Up-to-date symlink: /home/robo/RoboFEI-HT_2023_SOFTWARE/install/custom_interfaces/share/custom_interfaces/msg/JointState.msg
[11.145s] -- Up-to-date symlink: /home/robo/RoboFEI-HT_2023_SOFTWARE/install/custom_interfaces/share/custom_interfaces/msg/RobotState.msg
[11.145s] -- Up-to-date symlink: /home/robo/RoboFEI-HT_2023_SOFTWARE/install/custom_interfaces/share/custom_interfaces/srv/GetPosition.srv
[11.145s] -- Up-to-date symlink: /home/robo/RoboFEI-HT_2023_SOFTWARE/install/custom_interfaces/share/custom_interfaces/srv/GetPosition_Request.msg
[11.145s] -- Up-to-date symlink: /home/robo/RoboFEI-HT_2023_SOFTWARE/install/custom_interfaces/share/custom_interfaces/srv/GetPosition_Response.msg
[11.145s] -- Up-to-date symlink: /home/robo/RoboFEI-HT_2023_SOFTWARE/install/custom_interfaces/share/custom_interfaces/srv/Reset.srv
[11.145s] -- Up-to-date symlink: /home/robo/RoboFEI-HT_2023_SOFTWARE/install/custom_interfaces/share/custom_interfaces/srv/Reset_Request.msg
[11.145s] -- Up-to-date symlink: /home/robo/RoboFEI-HT_2023_SOFTWARE/install/custom_interfaces/share/custom_interfaces/srv/Reset_Response.msg
[11.145s] -- Up-to-date symlink: /home/robo/RoboFEI-HT_2023_SOFTWARE/install/custom_interfaces/share/custom_interfaces/action/Control.action
[11.146s] -- Up-to-date symlink: /home/robo/RoboFEI-HT_2023_SOFTWARE/install/custom_interfaces/share/ament_index/resource_index/package_run_dependencies/custom_interfaces
[11.146s] -- Up-to-date symlink: /home/robo/RoboFEI-HT_2023_SOFTWARE/install/custom_interfaces/share/ament_index/resource_index/parent_prefix_path/custom_interfaces
[11.146s] -- Up-to-date symlink: /home/robo/RoboFEI-HT_2023_SOFTWARE/install/custom_interfaces/share/custom_interfaces/environment/ament_prefix_path.sh
[11.146s] -- Up-to-date symlink: /home/robo/RoboFEI-HT_2023_SOFTWARE/install/custom_interfaces/share/custom_interfaces/environment/ament_prefix_path.dsv
[11.146s] -- Up-to-date symlink: /home/robo/RoboFEI-HT_2023_SOFTWARE/install/custom_interfaces/share/custom_interfaces/environment/path.sh
[11.146s] -- Up-to-date symlink: /home/robo/RoboFEI-HT_2023_SOFTWARE/install/custom_interfaces/share/custom_interfaces/environment/path.dsv
[11.146s] -- Up-to-date symlink: /home/robo/RoboFEI-HT_2023_SOFTWARE/install/custom_interfaces/share/custom_interfaces/local_setup.bash
[11.146s] -- Up-to-date symlink: /home/robo/RoboFEI-HT_2023_SOFTWARE/install/custom_interfaces/share/custom_interfaces/local_setup.sh
[11.146s] -- Up-to-date symlink: /home/robo/RoboFEI-HT_2023_SOFTWARE/install/custom_interfaces/share/custom_interfaces/local_setup.zsh
[11.146s] -- Up-to-date symlink: /home/robo/RoboFEI-HT_2023_SOFTWARE/install/custom_interfaces/share/custom_interfaces/local_setup.dsv
[11.147s] -- Symlinking: /home/robo/RoboFEI-HT_2023_SOFTWARE/install/custom_interfaces/share/custom_interfaces/package.dsv
[11.153s] -- Up-to-date symlink: /home/robo/RoboFEI-HT_2023_SOFTWARE/install/custom_interfaces/share/ament_index/resource_index/packages/custom_interfaces
[11.153s] -- Up-to-date symlink: /home/robo/RoboFEI-HT_2023_SOFTWARE/install/custom_interfaces/share/custom_interfaces/cmake/rosidl_cmake-extras.cmake
[11.153s] -- Up-to-date symlink: /home/robo/RoboFEI-HT_2023_SOFTWARE/install/custom_interfaces/share/custom_interfaces/cmake/ament_cmake_export_dependencies-extras.cmake
[11.153s] -- Up-to-date symlink: /home/robo/RoboFEI-HT_2023_SOFTWARE/install/custom_interfaces/share/custom_interfaces/cmake/ament_cmake_export_include_directories-extras.cmake
[11.154s] -- Up-to-date symlink: /home/robo/RoboFEI-HT_2023_SOFTWARE/install/custom_interfaces/share/custom_interfaces/cmake/ament_cmake_export_libraries-extras.cmake
[11.154s] -- Up-to-date symlink: /home/robo/RoboFEI-HT_2023_SOFTWARE/install/custom_interfaces/share/custom_interfaces/cmake/ament_cmake_export_targets-extras.cmake
[11.154s] -- Up-to-date symlink: /home/robo/RoboFEI-HT_2023_SOFTWARE/install/custom_interfaces/share/custom_interfaces/cmake/rosidl_cmake_export_typesupport_targets-extras.cmake
[11.154s] -- Up-to-date symlink: /home/robo/RoboFEI-HT_2023_SOFTWARE/install/custom_interfaces/share/custom_interfaces/cmake/rosidl_cmake_export_typesupport_libraries-extras.cmake
[11.154s] -- Up-to-date symlink: /home/robo/RoboFEI-HT_2023_SOFTWARE/install/custom_interfaces/share/custom_interfaces/cmake/custom_interfacesConfig.cmake
[11.154s] -- Up-to-date symlink: /home/robo/RoboFEI-HT_2023_SOFTWARE/install/custom_interfaces/share/custom_interfaces/cmake/custom_interfacesConfig-version.cmake
[11.154s] -- Up-to-date symlink: /home/robo/RoboFEI-HT_2023_SOFTWARE/install/custom_interfaces/share/custom_interfaces/package.xml
[11.154s] -- Installing: /home/robo/RoboFEI-HT_2023_SOFTWARE/install/custom_interfaces/lib/libcustom_interfaces__rosidl_generator_c.so
[11.155s] -- Set runtime path of "/home/robo/RoboFEI-HT_2023_SOFTWARE/install/custom_interfaces/lib/libcustom_interfaces__rosidl_generator_c.so" to ""
[11.155s] -- Installing: /home/robo/RoboFEI-HT_2023_SOFTWARE/install/custom_interfaces/lib/libcustom_interfaces__rosidl_typesupport_fastrtps_c.so
[11.155s] -- Set runtime path of "/home/robo/RoboFEI-HT_2023_SOFTWARE/install/custom_interfaces/lib/libcustom_interfaces__rosidl_typesupport_fastrtps_c.so" to ""
[11.155s] -- Installing: /home/robo/RoboFEI-HT_2023_SOFTWARE/install/custom_interfaces/lib/libcustom_interfaces__rosidl_typesupport_fastrtps_cpp.so
[11.155s] -- Set runtime path of "/home/robo/RoboFEI-HT_2023_SOFTWARE/install/custom_interfaces/lib/libcustom_interfaces__rosidl_typesupport_fastrtps_cpp.so" to ""
[11.156s] -- Installing: /home/robo/RoboFEI-HT_2023_SOFTWARE/install/custom_interfaces/lib/libcustom_interfaces__rosidl_typesupport_introspection_c.so
[11.156s] -- Set runtime path of "/home/robo/RoboFEI-HT_2023_SOFTWARE/install/custom_interfaces/lib/libcustom_interfaces__rosidl_typesupport_introspection_c.so" to ""
[11.156s] -- Installing: /home/robo/RoboFEI-HT_2023_SOFTWARE/install/custom_interfaces/lib/libcustom_interfaces__rosidl_typesupport_c.so
[11.156s] -- Set runtime path of "/home/robo/RoboFEI-HT_2023_SOFTWARE/install/custom_interfaces/lib/libcustom_interfaces__rosidl_typesupport_c.so" to ""
[11.156s] -- Installing: /home/robo/RoboFEI-HT_2023_SOFTWARE/install/custom_interfaces/lib/libcustom_interfaces__rosidl_typesupport_introspection_cpp.so
[11.157s] -- Set runtime path of "/home/robo/RoboFEI-HT_2023_SOFTWARE/install/custom_interfaces/lib/libcustom_interfaces__rosidl_typesupport_introspection_cpp.so" to ""
[11.157s] -- Installing: /home/robo/RoboFEI-HT_2023_SOFTWARE/install/custom_interfaces/lib/libcustom_interfaces__rosidl_typesupport_cpp.so
[11.157s] -- Set runtime path of "/home/robo/RoboFEI-HT_2023_SOFTWARE/install/custom_interfaces/lib/libcustom_interfaces__rosidl_typesupport_cpp.so" to ""
[11.203s] Listing '/home/robo/RoboFEI-HT_2023_SOFTWARE/install/custom_interfaces/local/lib/python3.10/dist-packages/custom_interfaces'...
[11.203s] Compiling '/home/robo/RoboFEI-HT_2023_SOFTWARE/install/custom_interfaces/local/lib/python3.10/dist-packages/custom_interfaces/__init__.py'...
[11.203s] Listing '/home/robo/RoboFEI-HT_2023_SOFTWARE/install/custom_interfaces/local/lib/python3.10/dist-packages/custom_interfaces/action'...
[11.203s] Compiling '/home/robo/RoboFEI-HT_2023_SOFTWARE/install/custom_interfaces/local/lib/python3.10/dist-packages/custom_interfaces/action/__init__.py'...
[11.203s] Compiling '/home/robo/RoboFEI-HT_2023_SOFTWARE/install/custom_interfaces/local/lib/python3.10/dist-packages/custom_interfaces/action/_control.py'...
[11.203s] Listing '/home/robo/RoboFEI-HT_2023_SOFTWARE/install/custom_interfaces/local/lib/python3.10/dist-packages/custom_interfaces/msg'...
[11.204s] Compiling '/home/robo/RoboFEI-HT_2023_SOFTWARE/install/custom_interfaces/local/lib/python3.10/dist-packages/custom_interfaces/msg/__init__.py'...
[11.204s] Compiling '/home/robo/RoboFEI-HT_2023_SOFTWARE/install/custom_interfaces/local/lib/python3.10/dist-packages/custom_interfaces/msg/_decision.py'...
[11.204s] Compiling '/home/robo/RoboFEI-HT_2023_SOFTWARE/install/custom_interfaces/local/lib/python3.10/dist-packages/custom_interfaces/msg/_humanoid_league_msgs.py'...
[11.204s] Compiling '/home/robo/RoboFEI-HT_2023_SOFTWARE/install/custom_interfaces/local/lib/python3.10/dist-packages/custom_interfaces/msg/_joint_state.py'...
[11.204s] Compiling '/home/robo/RoboFEI-HT_2023_SOFTWARE/install/custom_interfaces/local/lib/python3.10/dist-packages/custom_interfaces/msg/_localization.py'...
[11.204s] Compiling '/home/robo/RoboFEI-HT_2023_SOFTWARE/install/custom_interfaces/local/lib/python3.10/dist-packages/custom_interfaces/msg/_neck_position.py'...
[11.204s] Compiling '/home/robo/RoboFEI-HT_2023_SOFTWARE/install/custom_interfaces/local/lib/python3.10/dist-packages/custom_interfaces/msg/_robot_state.py'...
[11.204s] Compiling '/home/robo/RoboFEI-HT_2023_SOFTWARE/install/custom_interfaces/local/lib/python3.10/dist-packages/custom_interfaces/msg/_set_position.py'...
[11.204s] Compiling '/home/robo/RoboFEI-HT_2023_SOFTWARE/install/custom_interfaces/local/lib/python3.10/dist-packages/custom_interfaces/msg/_set_position_original.py'...
[11.204s] Compiling '/home/robo/RoboFEI-HT_2023_SOFTWARE/install/custom_interfaces/local/lib/python3.10/dist-packages/custom_interfaces/msg/_vision.py'...
[11.204s] Compiling '/home/robo/RoboFEI-HT_2023_SOFTWARE/install/custom_interfaces/local/lib/python3.10/dist-packages/custom_interfaces/msg/_vision_robot.py'...
[11.204s] Compiling '/home/robo/RoboFEI-HT_2023_SOFTWARE/install/custom_interfaces/local/lib/python3.10/dist-packages/custom_interfaces/msg/_walk.py'...
[11.204s] Listing '/home/robo/RoboFEI-HT_2023_SOFTWARE/install/custom_interfaces/local/lib/python3.10/dist-packages/custom_interfaces/srv'...
[11.204s] Compiling '/home/robo/RoboFEI-HT_2023_SOFTWARE/install/custom_interfaces/local/lib/python3.10/dist-packages/custom_interfaces/srv/__init__.py'...
[11.204s] Compiling '/home/robo/RoboFEI-HT_2023_SOFTWARE/install/custom_interfaces/local/lib/python3.10/dist-packages/custom_interfaces/srv/_get_position.py'...
[11.205s] Compiling '/home/robo/RoboFEI-HT_2023_SOFTWARE/install/custom_interfaces/local/lib/python3.10/dist-packages/custom_interfaces/srv/_reset.py'...
[11.207s] -- Installing: /home/robo/RoboFEI-HT_2023_SOFTWARE/install/custom_interfaces/lib/libcustom_interfaces__rosidl_generator_py.so
[11.208s] -- Set runtime path of "/home/robo/RoboFEI-HT_2023_SOFTWARE/install/custom_interfaces/lib/libcustom_interfaces__rosidl_generator_py.so" to ""
[11.208s] -- Up-to-date: /home/robo/RoboFEI-HT_2023_SOFTWARE/install/custom_interfaces/share/custom_interfaces/cmake/export_custom_interfaces__rosidl_generator_cExport.cmake
[11.208s] -- Up-to-date: /home/robo/RoboFEI-HT_2023_SOFTWARE/install/custom_interfaces/share/custom_interfaces/cmake/export_custom_interfaces__rosidl_generator_cExport-noconfig.cmake
[11.208s] -- Up-to-date: /home/robo/RoboFEI-HT_2023_SOFTWARE/install/custom_interfaces/share/custom_interfaces/cmake/export_custom_interfaces__rosidl_typesupport_fastrtps_cExport.cmake
[11.208s] -- Up-to-date: /home/robo/RoboFEI-HT_2023_SOFTWARE/install/custom_interfaces/share/custom_interfaces/cmake/export_custom_interfaces__rosidl_typesupport_fastrtps_cExport-noconfig.cmake
[11.208s] -- Up-to-date: /home/robo/RoboFEI-HT_2023_SOFTWARE/install/custom_interfaces/share/custom_interfaces/cmake/export_custom_interfaces__rosidl_generator_cppExport.cmake
[11.208s] -- Up-to-date: /home/robo/RoboFEI-HT_2023_SOFTWARE/install/custom_interfaces/share/custom_interfaces/cmake/export_custom_interfaces__rosidl_typesupport_fastrtps_cppExport.cmake
[11.208s] -- Up-to-date: /home/robo/RoboFEI-HT_2023_SOFTWARE/install/custom_interfaces/share/custom_interfaces/cmake/export_custom_interfaces__rosidl_typesupport_fastrtps_cppExport-noconfig.cmake
[11.208s] -- Up-to-date: /home/robo/RoboFEI-HT_2023_SOFTWARE/install/custom_interfaces/share/custom_interfaces/cmake/custom_interfaces__rosidl_typesupport_introspection_cExport.cmake
[11.208s] -- Up-to-date: /home/robo/RoboFEI-HT_2023_SOFTWARE/install/custom_interfaces/share/custom_interfaces/cmake/custom_interfaces__rosidl_typesupport_introspection_cExport-noconfig.cmake
[11.209s] -- Up-to-date: /home/robo/RoboFEI-HT_2023_SOFTWARE/install/custom_interfaces/share/custom_interfaces/cmake/custom_interfaces__rosidl_typesupport_cExport.cmake
[11.209s] -- Up-to-date: /home/robo/RoboFEI-HT_2023_SOFTWARE/install/custom_interfaces/share/custom_interfaces/cmake/custom_interfaces__rosidl_typesupport_cExport-noconfig.cmake
[11.209s] -- Up-to-date: /home/robo/RoboFEI-HT_2023_SOFTWARE/install/custom_interfaces/share/custom_interfaces/cmake/custom_interfaces__rosidl_typesupport_introspection_cppExport.cmake
[11.209s] -- Up-to-date: /home/robo/RoboFEI-HT_2023_SOFTWARE/install/custom_interfaces/share/custom_interfaces/cmake/custom_interfaces__rosidl_typesupport_introspection_cppExport-noconfig.cmake
[11.209s] -- Up-to-date: /home/robo/RoboFEI-HT_2023_SOFTWARE/install/custom_interfaces/share/custom_interfaces/cmake/custom_interfaces__rosidl_typesupport_cppExport.cmake
[11.209s] -- Up-to-date: /home/robo/RoboFEI-HT_2023_SOFTWARE/install/custom_interfaces/share/custom_interfaces/cmake/custom_interfaces__rosidl_typesupport_cppExport-noconfig.cmake
[11.209s] -- Up-to-date: /home/robo/RoboFEI-HT_2023_SOFTWARE/install/custom_interfaces/share/custom_interfaces/cmake/export_custom_interfaces__rosidl_generator_pyExport.cmake
[11.209s] -- Up-to-date: /home/robo/RoboFEI-HT_2023_SOFTWARE/install/custom_interfaces/share/custom_interfaces/cmake/export_custom_interfaces__rosidl_generator_pyExport-noconfig.cmake
[11.211s] Invoked command in '/home/robo/RoboFEI-HT_2023_SOFTWARE/build/custom_interfaces' returned '0': CMAKE_PREFIX_PATH=${CMAKE_PREFIX_PATH}:/home/robo/RoboFEI-HT_2023_SOFTWARE/install/vision_pkg:/home/robo/RoboFEI-HT_2023_SOFTWARE/install/localization_pkg:/home/robo/RoboFEI-HT_2023_SOFTWARE/install/imu:/home/robo/RoboFEI-HT_2023_SOFTWARE/install/game_controller:/home/robo/RoboFEI-HT_2023_SOFTWARE/install/decision_pkg:/opt/ros/humble /usr/bin/cmake --install /home/robo/RoboFEI-HT_2023_SOFTWARE/build/custom_interfaces
