running develop
running egg_info
creating imu.egg-info
writing imu.egg-info/PKG-INFO
writing dependency_links to imu.egg-info/dependency_links.txt
writing entry points to imu.egg-info/entry_points.txt
writing requirements to imu.egg-info/requires.txt
writing top-level names to imu.egg-info/top_level.txt
writing manifest file 'imu.egg-info/SOURCES.txt'
reading manifest file 'imu.egg-info/SOURCES.txt'
writing manifest file 'imu.egg-info/SOURCES.txt'
running build_ext
Creating /home/robo/RoboFEI-HT_2023_SOFTWARE/install/imu/lib/python3.10/site-packages/imu.egg-link (link to .)
Installing imu script to /home/robo/RoboFEI-HT_2023_SOFTWARE/install/imu/lib/imu

Installed /home/robo/RoboFEI-HT_2023_SOFTWARE/build/imu
running symlink_data
creating /home/robo/RoboFEI-HT_2023_SOFTWARE/install/imu/share/ament_index
creating /home/robo/RoboFEI-HT_2023_SOFTWARE/install/imu/share/ament_index/resource_index
creating /home/robo/RoboFEI-HT_2023_SOFTWARE/install/imu/share/ament_index/resource_index/packages
symbolically linking /home/robo/RoboFEI-HT_2023_SOFTWARE/build/imu/resource/imu -> /home/robo/RoboFEI-HT_2023_SOFTWARE/install/imu/share/ament_index/resource_index/packages
symbolically linking /home/robo/RoboFEI-HT_2023_SOFTWARE/build/imu/package.xml -> /home/robo/RoboFEI-HT_2023_SOFTWARE/install/imu/share/imu
