[1.256s] Invoking command in '/home/robo/RoboFEI-HT_2023_SOFTWARE/build/imu': PYTHONPATH=/home/robo/RoboFEI-HT_2023_SOFTWARE/build/imu/prefix_override:/usr/lib/python3/dist-packages/colcon_core/task/python/colcon_distutils_commands:/home/robo/RoboFEI-HT_2023_SOFTWARE/install/imu/lib/python3.10/site-packages:${PYTHONPATH} /usr/bin/python3 -W ignore:setup.py install is deprecated setup.py develop --editable --build-directory /home/robo/RoboFEI-HT_2023_SOFTWARE/build/imu/build --no-deps symlink_data
[1.558s] running develop
[1.558s] /usr/lib/python3/dist-packages/setuptools/command/easy_install.py:158: EasyInstallDeprecationWarning: easy_install command is deprecated. Use build and pip and other standards-based tools.
[1.558s]   warnings.warn(
[1.707s] running egg_info
[1.707s] creating imu.egg-info
[1.707s] writing imu.egg-info/PKG-INFO
[1.707s] writing dependency_links to imu.egg-info/dependency_links.txt
[1.707s] writing entry points to imu.egg-info/entry_points.txt
[1.707s] writing requirements to imu.egg-info/requires.txt
[1.707s] writing top-level names to imu.egg-info/top_level.txt
[1.707s] writing manifest file 'imu.egg-info/SOURCES.txt'
[1.709s] reading manifest file 'imu.egg-info/SOURCES.txt'
[1.709s] writing manifest file 'imu.egg-info/SOURCES.txt'
[1.710s] running build_ext
[1.711s] Creating /home/robo/RoboFEI-HT_2023_SOFTWARE/install/imu/lib/python3.10/site-packages/imu.egg-link (link to .)
[1.711s] Installing imu script to /home/robo/RoboFEI-HT_2023_SOFTWARE/install/imu/lib/imu
[1.712s] 
[1.712s] Installed /home/robo/RoboFEI-HT_2023_SOFTWARE/build/imu
[1.712s] running symlink_data
[1.712s] creating /home/robo/RoboFEI-HT_2023_SOFTWARE/install/imu/share/ament_index
[1.712s] creating /home/robo/RoboFEI-HT_2023_SOFTWARE/install/imu/share/ament_index/resource_index
[1.712s] creating /home/robo/RoboFEI-HT_2023_SOFTWARE/install/imu/share/ament_index/resource_index/packages
[1.712s] symbolically linking /home/robo/RoboFEI-HT_2023_SOFTWARE/build/imu/resource/imu -> /home/robo/RoboFEI-HT_2023_SOFTWARE/install/imu/share/ament_index/resource_index/packages
[1.712s] symbolically linking /home/robo/RoboFEI-HT_2023_SOFTWARE/build/imu/package.xml -> /home/robo/RoboFEI-HT_2023_SOFTWARE/install/imu/share/imu
[1.744s] Invoked command in '/home/robo/RoboFEI-HT_2023_SOFTWARE/build/imu' returned '0': PYTHONPATH=/home/robo/RoboFEI-HT_2023_SOFTWARE/build/imu/prefix_override:/usr/lib/python3/dist-packages/colcon_core/task/python/colcon_distutils_commands:/home/robo/RoboFEI-HT_2023_SOFTWARE/install/imu/lib/python3.10/site-packages:${PYTHONPATH} /usr/bin/python3 -W ignore:setup.py install is deprecated setup.py develop --editable --build-directory /home/robo/RoboFEI-HT_2023_SOFTWARE/build/imu/build --no-deps symlink_data
