[0.349s] Invoking command in '/home/robo/RoboFEI-HT_2023_SOFTWARE/build/motors_pkg': CMAKE_PREFIX_PATH=/home/robo/RoboFEI-HT_2023_SOFTWARE/install/custom_interfaces:/home/robo/RoboFEI-HT_2023_SOFTWARE/install/um7:/home/robo/RoboFEI-HT_2023_SOFTWARE/install/robot_bringup:/home/robo/RoboFEI-HT_2023_SOFTWARE/install/control:/home/robo/RoboFEI-HT_2023_SOFTWARE/install/serial:/home/robo/RoboFEI-HT_2023_SOFTWARE/install/motors_pkg:/home/robo/RoboFEI-HT_2023_SOFTWARE/install/gui:/home/robo/RoboFEI-HT_2023_SOFTWARE/install/decision_pkg_cpp:/home/robo/RoboFEI-HT_2023_SOFTWARE/install/vision_pkg:/home/robo/RoboFEI-HT_2023_SOFTWARE/install/localization_pkg:/home/robo/RoboFEI-HT_2023_SOFTWARE/install/imu:/home/robo/RoboFEI-HT_2023_SOFTWARE/install/game_controller:/home/robo/RoboFEI-HT_2023_SOFTWARE/install/decision_pkg:/opt/ros/humble LD_LIBRARY_PATH=/home/robo/RoboFEI-HT_2023_SOFTWARE/install/custom_interfaces/lib:/home/robo/RoboFEI-HT_2023_SOFTWARE/install/um7/lib:/home/robo/RoboFEI-HT_2023_SOFTWARE/install/control/lib:/home/robo/RoboFEI-HT_2023_SOFTWARE/install/serial/lib:/opt/ros/humble/opt/rviz_ogre_vendor/lib:/opt/ros/humble/lib/x86_64-linux-gnu:/opt/ros/humble/lib /usr/bin/cmake --build /home/robo/RoboFEI-HT_2023_SOFTWARE/build/motors_pkg -- -j8 -l8
[0.446s] [35m[1mConsolidate compiler generated dependencies of target motors_communication[0m
[0.483s] [ 50%] [32mBuilding CXX object CMakeFiles/motors_communication.dir/src/motors_communication.cpp.o[0m
[19.559s] [100%] [32m[1mLinking CXX executable motors_communication[0m
[20.477s] [100%] Built target motors_communication
[20.518s] Invoked command in '/home/robo/RoboFEI-HT_2023_SOFTWARE/build/motors_pkg' returned '0': CMAKE_PREFIX_PATH=/home/robo/RoboFEI-HT_2023_SOFTWARE/install/custom_interfaces:/home/robo/RoboFEI-HT_2023_SOFTWARE/install/um7:/home/robo/RoboFEI-HT_2023_SOFTWARE/install/robot_bringup:/home/robo/RoboFEI-HT_2023_SOFTWARE/install/control:/home/robo/RoboFEI-HT_2023_SOFTWARE/install/serial:/home/robo/RoboFEI-HT_2023_SOFTWARE/install/motors_pkg:/home/robo/RoboFEI-HT_2023_SOFTWARE/install/gui:/home/robo/RoboFEI-HT_2023_SOFTWARE/install/decision_pkg_cpp:/home/robo/RoboFEI-HT_2023_SOFTWARE/install/vision_pkg:/home/robo/RoboFEI-HT_2023_SOFTWARE/install/localization_pkg:/home/robo/RoboFEI-HT_2023_SOFTWARE/install/imu:/home/robo/RoboFEI-HT_2023_SOFTWARE/install/game_controller:/home/robo/RoboFEI-HT_2023_SOFTWARE/install/decision_pkg:/opt/ros/humble LD_LIBRARY_PATH=/home/robo/RoboFEI-HT_2023_SOFTWARE/install/custom_interfaces/lib:/home/robo/RoboFEI-HT_2023_SOFTWARE/install/um7/lib:/home/robo/RoboFEI-HT_2023_SOFTWARE/install/control/lib:/home/robo/RoboFEI-HT_2023_SOFTWARE/install/serial/lib:/opt/ros/humble/opt/rviz_ogre_vendor/lib:/opt/ros/humble/lib/x86_64-linux-gnu:/opt/ros/humble/lib /usr/bin/cmake --build /home/robo/RoboFEI-HT_2023_SOFTWARE/build/motors_pkg -- -j8 -l8
[20.580s] Invoking command in '/home/robo/RoboFEI-HT_2023_SOFTWARE/build/motors_pkg': CMAKE_PREFIX_PATH=/home/robo/RoboFEI-HT_2023_SOFTWARE/install/custom_interfaces:/home/robo/RoboFEI-HT_2023_SOFTWARE/install/um7:/home/robo/RoboFEI-HT_2023_SOFTWARE/install/robot_bringup:/home/robo/RoboFEI-HT_2023_SOFTWARE/install/control:/home/robo/RoboFEI-HT_2023_SOFTWARE/install/serial:/home/robo/RoboFEI-HT_2023_SOFTWARE/install/motors_pkg:/home/robo/RoboFEI-HT_2023_SOFTWARE/install/gui:/home/robo/RoboFEI-HT_2023_SOFTWARE/install/decision_pkg_cpp:/home/robo/RoboFEI-HT_2023_SOFTWARE/install/vision_pkg:/home/robo/RoboFEI-HT_2023_SOFTWARE/install/localization_pkg:/home/robo/RoboFEI-HT_2023_SOFTWARE/install/imu:/home/robo/RoboFEI-HT_2023_SOFTWARE/install/game_controller:/home/robo/RoboFEI-HT_2023_SOFTWARE/install/decision_pkg:/opt/ros/humble LD_LIBRARY_PATH=/home/robo/RoboFEI-HT_2023_SOFTWARE/install/custom_interfaces/lib:/home/robo/RoboFEI-HT_2023_SOFTWARE/install/um7/lib:/home/robo/RoboFEI-HT_2023_SOFTWARE/install/control/lib:/home/robo/RoboFEI-HT_2023_SOFTWARE/install/serial/lib:/opt/ros/humble/opt/rviz_ogre_vendor/lib:/opt/ros/humble/lib/x86_64-linux-gnu:/opt/ros/humble/lib /usr/bin/cmake --install /home/robo/RoboFEI-HT_2023_SOFTWARE/build/motors_pkg
[20.590s] -- Install configuration: ""
[20.592s] -- Execute custom install script
[20.594s] -- Up-to-date symlink: /home/robo/RoboFEI-HT_2023_SOFTWARE/install/motors_pkg/lib/motors_pkg/motors_communication
[20.597s] -- Up-to-date symlink: /home/robo/RoboFEI-HT_2023_SOFTWARE/install/motors_pkg/share/ament_index/resource_index/package_run_dependencies/motors_pkg
[20.598s] -- Up-to-date symlink: /home/robo/RoboFEI-HT_2023_SOFTWARE/install/motors_pkg/share/ament_index/resource_index/parent_prefix_path/motors_pkg
[20.599s] -- Up-to-date symlink: /home/robo/RoboFEI-HT_2023_SOFTWARE/install/motors_pkg/share/motors_pkg/environment/ament_prefix_path.sh
[20.607s] -- Up-to-date symlink: /home/robo/RoboFEI-HT_2023_SOFTWARE/install/motors_pkg/share/motors_pkg/environment/ament_prefix_path.dsv
[20.607s] -- Up-to-date symlink: /home/robo/RoboFEI-HT_2023_SOFTWARE/install/motors_pkg/share/motors_pkg/environment/path.sh
[20.608s] -- Up-to-date symlink: /home/robo/RoboFEI-HT_2023_SOFTWARE/install/motors_pkg/share/motors_pkg/environment/path.dsv
[20.608s] -- Up-to-date symlink: /home/robo/RoboFEI-HT_2023_SOFTWARE/install/motors_pkg/share/motors_pkg/local_setup.bash
[20.608s] -- Up-to-date symlink: /home/robo/RoboFEI-HT_2023_SOFTWARE/install/motors_pkg/share/motors_pkg/local_setup.sh
[20.608s] -- Up-to-date symlink: /home/robo/RoboFEI-HT_2023_SOFTWARE/install/motors_pkg/share/motors_pkg/local_setup.zsh
[20.608s] -- Up-to-date symlink: /home/robo/RoboFEI-HT_2023_SOFTWARE/install/motors_pkg/share/motors_pkg/local_setup.dsv
[20.608s] -- Symlinking: /home/robo/RoboFEI-HT_2023_SOFTWARE/install/motors_pkg/share/motors_pkg/package.dsv
[20.618s] -- Up-to-date symlink: /home/robo/RoboFEI-HT_2023_SOFTWARE/install/motors_pkg/share/ament_index/resource_index/packages/motors_pkg
[20.618s] -- Up-to-date symlink: /home/robo/RoboFEI-HT_2023_SOFTWARE/install/motors_pkg/share/motors_pkg/cmake/motors_pkgConfig.cmake
[20.619s] -- Up-to-date symlink: /home/robo/RoboFEI-HT_2023_SOFTWARE/install/motors_pkg/share/motors_pkg/cmake/motors_pkgConfig-version.cmake
[20.619s] -- Up-to-date symlink: /home/robo/RoboFEI-HT_2023_SOFTWARE/install/motors_pkg/share/motors_pkg/package.xml
[20.624s] Invoked command in '/home/robo/RoboFEI-HT_2023_SOFTWARE/build/motors_pkg' returned '0': CMAKE_PREFIX_PATH=/home/robo/RoboFEI-HT_2023_SOFTWARE/install/custom_interfaces:/home/robo/RoboFEI-HT_2023_SOFTWARE/install/um7:/home/robo/RoboFEI-HT_2023_SOFTWARE/install/robot_bringup:/home/robo/RoboFEI-HT_2023_SOFTWARE/install/control:/home/robo/RoboFEI-HT_2023_SOFTWARE/install/serial:/home/robo/RoboFEI-HT_2023_SOFTWARE/install/motors_pkg:/home/robo/RoboFEI-HT_2023_SOFTWARE/install/gui:/home/robo/RoboFEI-HT_2023_SOFTWARE/install/decision_pkg_cpp:/home/robo/RoboFEI-HT_2023_SOFTWARE/install/vision_pkg:/home/robo/RoboFEI-HT_2023_SOFTWARE/install/localization_pkg:/home/robo/RoboFEI-HT_2023_SOFTWARE/install/imu:/home/robo/RoboFEI-HT_2023_SOFTWARE/install/game_controller:/home/robo/RoboFEI-HT_2023_SOFTWARE/install/decision_pkg:/opt/ros/humble LD_LIBRARY_PATH=/home/robo/RoboFEI-HT_2023_SOFTWARE/install/custom_interfaces/lib:/home/robo/RoboFEI-HT_2023_SOFTWARE/install/um7/lib:/home/robo/RoboFEI-HT_2023_SOFTWARE/install/control/lib:/home/robo/RoboFEI-HT_2023_SOFTWARE/install/serial/lib:/opt/ros/humble/opt/rviz_ogre_vendor/lib:/opt/ros/humble/lib/x86_64-linux-gnu:/opt/ros/humble/lib /usr/bin/cmake --install /home/robo/RoboFEI-HT_2023_SOFTWARE/build/motors_pkg
